mode: set
air-cover/internal/ui/admin_templ.go:13.60,14.131 1 1
air-cover/internal/ui/admin_templ.go:14.131,16.71 2 1
air-cover/internal/ui/admin_templ.go:16.71,18.4 1 0
air-cover/internal/ui/admin_templ.go:19.3,20.31 2 1
air-cover/internal/ui/admin_templ.go:20.31,21.17 1 1
air-cover/internal/ui/admin_templ.go:21.17,23.34 2 1
air-cover/internal/ui/admin_templ.go:23.34,25.6 1 1
air-cover/internal/ui/admin_templ.go:28.3,30.33 3 1
air-cover/internal/ui/admin_templ.go:30.33,32.4 1 0
air-cover/internal/ui/admin_templ.go:33.3,34.148 2 1
air-cover/internal/ui/admin_templ.go:34.148,37.32 3 1
air-cover/internal/ui/admin_templ.go:37.32,38.18 1 0
air-cover/internal/ui/admin_templ.go:38.18,40.35 2 0
air-cover/internal/ui/admin_templ.go:40.35,42.7 1 0
air-cover/internal/ui/admin_templ.go:45.4,47.33 3 1
air-cover/internal/ui/admin_templ.go:47.33,49.5 1 0
air-cover/internal/ui/admin_templ.go:50.4,51.33 2 1
air-cover/internal/ui/admin_templ.go:51.33,53.5 1 0
air-cover/internal/ui/admin_templ.go:54.4,55.33 2 1
air-cover/internal/ui/admin_templ.go:55.33,57.5 1 0
air-cover/internal/ui/admin_templ.go:58.4,59.33 2 1
air-cover/internal/ui/admin_templ.go:59.33,61.5 1 0
air-cover/internal/ui/admin_templ.go:62.4,62.149 1 1
air-cover/internal/ui/admin_templ.go:62.149,65.33 3 1
air-cover/internal/ui/admin_templ.go:65.33,66.19 1 0
air-cover/internal/ui/admin_templ.go:66.19,68.36 2 0
air-cover/internal/ui/admin_templ.go:68.36,70.8 1 0
air-cover/internal/ui/admin_templ.go:73.5,75.34 3 1
air-cover/internal/ui/admin_templ.go:75.34,77.6 1 0
air-cover/internal/ui/admin_templ.go:78.5,78.15 1 1
air-cover/internal/ui/admin_templ.go:80.4,81.33 2 1
air-cover/internal/ui/admin_templ.go:81.33,83.5 1 0
air-cover/internal/ui/admin_templ.go:84.4,85.33 2 1
air-cover/internal/ui/admin_templ.go:85.33,87.5 1 0
air-cover/internal/ui/admin_templ.go:88.4,88.23 1 1
air-cover/internal/ui/admin_templ.go:88.23,90.34 2 0
air-cover/internal/ui/admin_templ.go:90.34,92.6 1 0
air-cover/internal/ui/admin_templ.go:93.10,95.34 2 1
air-cover/internal/ui/admin_templ.go:95.34,97.6 1 0
air-cover/internal/ui/admin_templ.go:98.5,98.32 1 1
air-cover/internal/ui/admin_templ.go:98.32,100.35 2 1
air-cover/internal/ui/admin_templ.go:100.35,102.7 1 0
air-cover/internal/ui/admin_templ.go:103.6,105.35 3 1
air-cover/internal/ui/admin_templ.go:105.35,107.7 1 0
air-cover/internal/ui/admin_templ.go:108.6,109.35 2 1
air-cover/internal/ui/admin_templ.go:109.35,111.7 1 0
air-cover/internal/ui/admin_templ.go:112.6,113.35 2 1
air-cover/internal/ui/admin_templ.go:113.35,115.7 1 0
air-cover/internal/ui/admin_templ.go:116.6,118.35 3 1
air-cover/internal/ui/admin_templ.go:118.35,120.7 1 0
air-cover/internal/ui/admin_templ.go:121.6,122.35 2 1
air-cover/internal/ui/admin_templ.go:122.35,124.7 1 0
air-cover/internal/ui/admin_templ.go:125.6,126.35 2 1
air-cover/internal/ui/admin_templ.go:126.35,128.7 1 0
air-cover/internal/ui/admin_templ.go:129.6,129.24 1 1
air-cover/internal/ui/admin_templ.go:129.24,132.36 3 1
air-cover/internal/ui/admin_templ.go:132.36,134.8 1 0
air-cover/internal/ui/admin_templ.go:135.7,136.36 2 1
air-cover/internal/ui/admin_templ.go:136.36,138.8 1 0
air-cover/internal/ui/admin_templ.go:139.7,141.36 3 1
air-cover/internal/ui/admin_templ.go:141.36,143.8 1 0
air-cover/internal/ui/admin_templ.go:144.7,145.36 2 1
air-cover/internal/ui/admin_templ.go:145.36,147.8 1 0
air-cover/internal/ui/admin_templ.go:148.7,149.36 2 1
air-cover/internal/ui/admin_templ.go:149.36,151.8 1 0
air-cover/internal/ui/admin_templ.go:152.7,154.36 3 1
air-cover/internal/ui/admin_templ.go:154.36,156.8 1 0
air-cover/internal/ui/admin_templ.go:157.7,158.36 2 1
air-cover/internal/ui/admin_templ.go:158.36,160.8 1 0
air-cover/internal/ui/admin_templ.go:161.7,162.36 2 1
air-cover/internal/ui/admin_templ.go:162.36,164.8 1 0
air-cover/internal/ui/admin_templ.go:166.6,167.35 2 1
air-cover/internal/ui/admin_templ.go:167.35,169.7 1 0
air-cover/internal/ui/admin_templ.go:170.6,170.28 1 1
air-cover/internal/ui/admin_templ.go:170.28,172.36 2 0
air-cover/internal/ui/admin_templ.go:172.36,174.8 1 0
air-cover/internal/ui/admin_templ.go:175.7,177.36 3 0
air-cover/internal/ui/admin_templ.go:177.36,179.8 1 0
air-cover/internal/ui/admin_templ.go:180.7,181.36 2 0
air-cover/internal/ui/admin_templ.go:181.36,183.8 1 0
air-cover/internal/ui/admin_templ.go:184.7,185.36 2 0
air-cover/internal/ui/admin_templ.go:185.36,187.8 1 0
air-cover/internal/ui/admin_templ.go:188.7,190.36 3 0
air-cover/internal/ui/admin_templ.go:190.36,192.8 1 0
air-cover/internal/ui/admin_templ.go:193.7,194.36 2 0
air-cover/internal/ui/admin_templ.go:194.36,196.8 1 0
air-cover/internal/ui/admin_templ.go:197.7,198.36 2 0
air-cover/internal/ui/admin_templ.go:198.36,200.8 1 0
air-cover/internal/ui/admin_templ.go:201.7,203.36 3 0
air-cover/internal/ui/admin_templ.go:203.36,205.8 1 0
air-cover/internal/ui/admin_templ.go:206.7,207.36 2 0
air-cover/internal/ui/admin_templ.go:207.36,209.8 1 0
air-cover/internal/ui/admin_templ.go:210.7,212.36 3 0
air-cover/internal/ui/admin_templ.go:212.36,214.8 1 0
air-cover/internal/ui/admin_templ.go:215.7,216.36 2 0
air-cover/internal/ui/admin_templ.go:216.36,218.8 1 0
air-cover/internal/ui/admin_templ.go:219.7,220.36 2 0
air-cover/internal/ui/admin_templ.go:220.36,222.8 1 0
air-cover/internal/ui/admin_templ.go:223.7,223.25 1 0
air-cover/internal/ui/admin_templ.go:223.25,225.37 2 0
air-cover/internal/ui/admin_templ.go:225.37,227.9 1 0
air-cover/internal/ui/admin_templ.go:228.13,230.37 2 0
air-cover/internal/ui/admin_templ.go:230.37,232.9 1 0
air-cover/internal/ui/admin_templ.go:234.7,235.36 2 0
air-cover/internal/ui/admin_templ.go:235.36,237.8 1 0
air-cover/internal/ui/admin_templ.go:238.7,238.25 1 0
air-cover/internal/ui/admin_templ.go:238.25,240.37 2 0
air-cover/internal/ui/admin_templ.go:240.37,242.9 1 0
air-cover/internal/ui/admin_templ.go:243.8,245.37 3 0
air-cover/internal/ui/admin_templ.go:245.37,247.9 1 0
air-cover/internal/ui/admin_templ.go:248.8,249.37 2 0
air-cover/internal/ui/admin_templ.go:249.37,251.9 1 0
air-cover/internal/ui/admin_templ.go:252.8,253.37 2 0
air-cover/internal/ui/admin_templ.go:253.37,255.9 1 0
air-cover/internal/ui/admin_templ.go:256.8,256.32 1 0
air-cover/internal/ui/admin_templ.go:256.32,258.38 2 0
air-cover/internal/ui/admin_templ.go:258.38,260.10 1 0
air-cover/internal/ui/admin_templ.go:261.14,263.38 2 0
air-cover/internal/ui/admin_templ.go:263.38,265.10 1 0
air-cover/internal/ui/admin_templ.go:267.8,268.37 2 0
air-cover/internal/ui/admin_templ.go:268.37,270.9 1 0
air-cover/internal/ui/admin_templ.go:271.8,271.32 1 0
air-cover/internal/ui/admin_templ.go:271.32,274.38 3 0
air-cover/internal/ui/admin_templ.go:274.38,276.10 1 0
air-cover/internal/ui/admin_templ.go:277.9,278.38 2 0
air-cover/internal/ui/admin_templ.go:278.38,280.10 1 0
air-cover/internal/ui/admin_templ.go:281.14,284.38 3 0
air-cover/internal/ui/admin_templ.go:284.38,286.10 1 0
air-cover/internal/ui/admin_templ.go:287.9,288.38 2 0
air-cover/internal/ui/admin_templ.go:288.38,290.10 1 0
air-cover/internal/ui/admin_templ.go:292.8,293.37 2 0
air-cover/internal/ui/admin_templ.go:293.37,295.9 1 0
air-cover/internal/ui/admin_templ.go:298.6,299.35 2 1
air-cover/internal/ui/admin_templ.go:299.35,301.7 1 0
air-cover/internal/ui/admin_templ.go:303.5,304.34 2 1
air-cover/internal/ui/admin_templ.go:304.34,306.6 1 0
air-cover/internal/ui/admin_templ.go:308.4,309.33 2 1
air-cover/internal/ui/admin_templ.go:309.33,311.5 1 0
air-cover/internal/ui/admin_templ.go:312.4,312.14 1 1
air-cover/internal/ui/admin_templ.go:314.3,315.32 2 1
air-cover/internal/ui/admin_templ.go:315.32,317.4 1 0
air-cover/internal/ui/admin_templ.go:318.3,318.13 1 1
air-cover/internal/ui/authenticated_templ.go:16.118,17.131 1 1
air-cover/internal/ui/authenticated_templ.go:17.131,19.71 2 1
air-cover/internal/ui/authenticated_templ.go:19.71,21.4 1 0
air-cover/internal/ui/authenticated_templ.go:22.3,23.31 2 1
air-cover/internal/ui/authenticated_templ.go:23.31,24.17 1 1
air-cover/internal/ui/authenticated_templ.go:24.17,26.34 2 1
air-cover/internal/ui/authenticated_templ.go:26.34,28.6 1 1
air-cover/internal/ui/authenticated_templ.go:31.3,33.33 3 1
air-cover/internal/ui/authenticated_templ.go:33.33,35.4 1 0
air-cover/internal/ui/authenticated_templ.go:36.3,37.148 2 1
air-cover/internal/ui/authenticated_templ.go:37.148,40.32 3 1
air-cover/internal/ui/authenticated_templ.go:40.32,41.18 1 0
air-cover/internal/ui/authenticated_templ.go:41.18,43.35 2 0
air-cover/internal/ui/authenticated_templ.go:43.35,45.7 1 0
air-cover/internal/ui/authenticated_templ.go:48.4,50.33 3 1
air-cover/internal/ui/authenticated_templ.go:50.33,52.5 1 0
air-cover/internal/ui/authenticated_templ.go:53.4,54.33 2 1
air-cover/internal/ui/authenticated_templ.go:54.33,56.5 1 0
air-cover/internal/ui/authenticated_templ.go:57.4,58.33 2 1
air-cover/internal/ui/authenticated_templ.go:58.33,60.5 1 0
air-cover/internal/ui/authenticated_templ.go:61.4,62.33 2 1
air-cover/internal/ui/authenticated_templ.go:62.33,64.5 1 0
air-cover/internal/ui/authenticated_templ.go:65.4,65.149 1 1
air-cover/internal/ui/authenticated_templ.go:65.149,68.33 3 1
air-cover/internal/ui/authenticated_templ.go:68.33,69.19 1 0
air-cover/internal/ui/authenticated_templ.go:69.19,71.36 2 0
air-cover/internal/ui/authenticated_templ.go:71.36,73.8 1 0
air-cover/internal/ui/authenticated_templ.go:76.5,77.16 2 1
air-cover/internal/ui/authenticated_templ.go:77.16,79.35 2 0
air-cover/internal/ui/authenticated_templ.go:79.35,81.7 1 0
air-cover/internal/ui/authenticated_templ.go:83.5,84.34 2 1
air-cover/internal/ui/authenticated_templ.go:84.34,86.6 1 0
air-cover/internal/ui/authenticated_templ.go:87.5,88.34 2 1
air-cover/internal/ui/authenticated_templ.go:88.34,90.6 1 0
air-cover/internal/ui/authenticated_templ.go:91.5,91.15 1 1
air-cover/internal/ui/authenticated_templ.go:93.4,94.33 2 1
air-cover/internal/ui/authenticated_templ.go:94.33,96.5 1 0
air-cover/internal/ui/authenticated_templ.go:97.4,98.33 2 1
air-cover/internal/ui/authenticated_templ.go:98.33,100.5 1 0
air-cover/internal/ui/authenticated_templ.go:101.4,101.23 1 1
air-cover/internal/ui/authenticated_templ.go:101.23,103.34 2 0
air-cover/internal/ui/authenticated_templ.go:103.34,105.6 1 0
air-cover/internal/ui/authenticated_templ.go:106.10,108.34 2 1
air-cover/internal/ui/authenticated_templ.go:108.34,110.6 1 0
air-cover/internal/ui/authenticated_templ.go:111.5,111.32 1 1
air-cover/internal/ui/authenticated_templ.go:111.32,113.35 2 1
air-cover/internal/ui/authenticated_templ.go:113.35,115.7 1 0
air-cover/internal/ui/authenticated_templ.go:116.6,118.35 3 1
air-cover/internal/ui/authenticated_templ.go:118.35,120.7 1 0
air-cover/internal/ui/authenticated_templ.go:121.6,122.35 2 1
air-cover/internal/ui/authenticated_templ.go:122.35,124.7 1 0
air-cover/internal/ui/authenticated_templ.go:125.6,126.35 2 1
air-cover/internal/ui/authenticated_templ.go:126.35,128.7 1 0
air-cover/internal/ui/authenticated_templ.go:129.6,129.26 1 1
air-cover/internal/ui/authenticated_templ.go:129.26,132.36 3 1
air-cover/internal/ui/authenticated_templ.go:132.36,134.8 1 0
air-cover/internal/ui/authenticated_templ.go:135.7,136.36 2 1
air-cover/internal/ui/authenticated_templ.go:136.36,138.8 1 0
air-cover/internal/ui/authenticated_templ.go:139.12,142.36 3 0
air-cover/internal/ui/authenticated_templ.go:142.36,144.8 1 0
air-cover/internal/ui/authenticated_templ.go:145.7,146.36 2 0
air-cover/internal/ui/authenticated_templ.go:146.36,148.8 1 0
air-cover/internal/ui/authenticated_templ.go:150.6,151.35 2 1
air-cover/internal/ui/authenticated_templ.go:151.35,153.7 1 0
air-cover/internal/ui/authenticated_templ.go:156.4,157.33 2 1
air-cover/internal/ui/authenticated_templ.go:157.33,159.5 1 0
air-cover/internal/ui/authenticated_templ.go:160.4,162.33 3 1
air-cover/internal/ui/authenticated_templ.go:162.33,164.5 1 0
air-cover/internal/ui/authenticated_templ.go:165.4,166.33 2 1
air-cover/internal/ui/authenticated_templ.go:166.33,168.5 1 0
air-cover/internal/ui/authenticated_templ.go:169.4,170.33 2 1
air-cover/internal/ui/authenticated_templ.go:170.33,172.5 1 0
air-cover/internal/ui/authenticated_templ.go:173.4,173.29 1 1
air-cover/internal/ui/authenticated_templ.go:173.29,175.34 2 0
air-cover/internal/ui/authenticated_templ.go:175.34,177.6 1 0
air-cover/internal/ui/authenticated_templ.go:178.10,180.34 2 1
air-cover/internal/ui/authenticated_templ.go:180.34,182.6 1 0
air-cover/internal/ui/authenticated_templ.go:183.5,183.37 1 1
air-cover/internal/ui/authenticated_templ.go:183.37,185.35 2 1
air-cover/internal/ui/authenticated_templ.go:185.35,187.7 1 0
air-cover/internal/ui/authenticated_templ.go:188.6,190.35 3 1
air-cover/internal/ui/authenticated_templ.go:190.35,192.7 1 0
air-cover/internal/ui/authenticated_templ.go:193.6,194.35 2 1
air-cover/internal/ui/authenticated_templ.go:194.35,196.7 1 0
air-cover/internal/ui/authenticated_templ.go:197.6,198.35 2 1
air-cover/internal/ui/authenticated_templ.go:198.35,200.7 1 0
air-cover/internal/ui/authenticated_templ.go:201.6,203.35 3 1
air-cover/internal/ui/authenticated_templ.go:203.35,205.7 1 0
air-cover/internal/ui/authenticated_templ.go:206.6,207.35 2 1
air-cover/internal/ui/authenticated_templ.go:207.35,209.7 1 0
air-cover/internal/ui/authenticated_templ.go:210.6,211.35 2 1
air-cover/internal/ui/authenticated_templ.go:211.35,213.7 1 0
air-cover/internal/ui/authenticated_templ.go:214.6,216.35 3 1
air-cover/internal/ui/authenticated_templ.go:216.35,218.7 1 0
air-cover/internal/ui/authenticated_templ.go:219.6,220.35 2 1
air-cover/internal/ui/authenticated_templ.go:220.35,222.7 1 0
air-cover/internal/ui/authenticated_templ.go:223.6,224.35 2 1
air-cover/internal/ui/authenticated_templ.go:224.35,226.7 1 0
air-cover/internal/ui/authenticated_templ.go:227.6,229.35 3 1
air-cover/internal/ui/authenticated_templ.go:229.35,231.7 1 0
air-cover/internal/ui/authenticated_templ.go:232.6,233.35 2 1
air-cover/internal/ui/authenticated_templ.go:233.35,235.7 1 0
air-cover/internal/ui/authenticated_templ.go:236.6,237.35 2 1
air-cover/internal/ui/authenticated_templ.go:237.35,239.7 1 0
air-cover/internal/ui/authenticated_templ.go:240.6,240.30 1 1
air-cover/internal/ui/authenticated_templ.go:240.30,243.36 3 1
air-cover/internal/ui/authenticated_templ.go:243.36,245.8 1 0
air-cover/internal/ui/authenticated_templ.go:246.7,247.36 2 1
air-cover/internal/ui/authenticated_templ.go:247.36,249.8 1 0
air-cover/internal/ui/authenticated_templ.go:250.12,252.36 2 1
air-cover/internal/ui/authenticated_templ.go:252.36,254.8 1 0
air-cover/internal/ui/authenticated_templ.go:256.6,257.35 2 1
air-cover/internal/ui/authenticated_templ.go:257.35,259.7 1 0
air-cover/internal/ui/authenticated_templ.go:260.6,260.21 1 1
air-cover/internal/ui/authenticated_templ.go:260.21,264.36 2 1
air-cover/internal/ui/authenticated_templ.go:264.36,266.8 1 0
air-cover/internal/ui/authenticated_templ.go:267.7,268.36 2 1
air-cover/internal/ui/authenticated_templ.go:268.36,270.8 1 0
air-cover/internal/ui/authenticated_templ.go:271.7,275.36 3 1
air-cover/internal/ui/authenticated_templ.go:275.36,277.8 1 0
air-cover/internal/ui/authenticated_templ.go:278.7,279.36 2 1
air-cover/internal/ui/authenticated_templ.go:279.36,281.8 1 0
air-cover/internal/ui/authenticated_templ.go:283.6,283.23 1 1
air-cover/internal/ui/authenticated_templ.go:283.23,287.36 2 1
air-cover/internal/ui/authenticated_templ.go:287.36,289.8 1 0
air-cover/internal/ui/authenticated_templ.go:290.7,291.36 2 1
air-cover/internal/ui/authenticated_templ.go:291.36,293.8 1 0
air-cover/internal/ui/authenticated_templ.go:294.7,298.36 3 1
air-cover/internal/ui/authenticated_templ.go:298.36,300.8 1 0
air-cover/internal/ui/authenticated_templ.go:301.7,302.36 2 1
air-cover/internal/ui/authenticated_templ.go:302.36,304.8 1 0
air-cover/internal/ui/authenticated_templ.go:306.6,306.23 1 1
air-cover/internal/ui/authenticated_templ.go:306.23,310.36 2 1
air-cover/internal/ui/authenticated_templ.go:310.36,312.8 1 0
air-cover/internal/ui/authenticated_templ.go:313.7,314.36 2 1
air-cover/internal/ui/authenticated_templ.go:314.36,316.8 1 0
air-cover/internal/ui/authenticated_templ.go:317.7,321.36 3 1
air-cover/internal/ui/authenticated_templ.go:321.36,323.8 1 0
air-cover/internal/ui/authenticated_templ.go:324.7,325.36 2 1
air-cover/internal/ui/authenticated_templ.go:325.36,327.8 1 0
air-cover/internal/ui/authenticated_templ.go:329.6,330.35 2 1
air-cover/internal/ui/authenticated_templ.go:330.35,332.7 1 0
air-cover/internal/ui/authenticated_templ.go:334.5,335.34 2 1
air-cover/internal/ui/authenticated_templ.go:335.34,337.6 1 0
air-cover/internal/ui/authenticated_templ.go:339.4,340.33 2 1
air-cover/internal/ui/authenticated_templ.go:340.33,342.5 1 0
air-cover/internal/ui/authenticated_templ.go:343.4,343.14 1 1
air-cover/internal/ui/authenticated_templ.go:345.3,346.32 2 1
air-cover/internal/ui/authenticated_templ.go:346.32,348.4 1 0
air-cover/internal/ui/authenticated_templ.go:349.3,349.13 1 1
air-cover/internal/ui/layout_templ.go:11.43,12.131 1 1
air-cover/internal/ui/layout_templ.go:12.131,14.71 2 1
air-cover/internal/ui/layout_templ.go:14.71,16.4 1 0
air-cover/internal/ui/layout_templ.go:17.3,18.31 2 1
air-cover/internal/ui/layout_templ.go:18.31,19.17 1 1
air-cover/internal/ui/layout_templ.go:19.17,21.34 2 1
air-cover/internal/ui/layout_templ.go:21.34,23.6 1 1
air-cover/internal/ui/layout_templ.go:26.3,28.33 3 1
air-cover/internal/ui/layout_templ.go:28.33,30.4 1 0
air-cover/internal/ui/layout_templ.go:31.3,33.32 3 1
air-cover/internal/ui/layout_templ.go:33.32,35.4 1 0
air-cover/internal/ui/layout_templ.go:36.3,38.32 3 1
air-cover/internal/ui/layout_templ.go:38.32,40.4 1 0
air-cover/internal/ui/layout_templ.go:41.3,42.32 2 1
air-cover/internal/ui/layout_templ.go:42.32,44.4 1 0
air-cover/internal/ui/layout_templ.go:45.3,46.32 2 1
air-cover/internal/ui/layout_templ.go:46.32,48.4 1 0
air-cover/internal/ui/layout_templ.go:49.3,50.32 2 1
air-cover/internal/ui/layout_templ.go:50.32,52.4 1 0
air-cover/internal/ui/layout_templ.go:53.3,54.32 2 1
air-cover/internal/ui/layout_templ.go:54.32,56.4 1 0
air-cover/internal/ui/layout_templ.go:57.3,57.13 1 1
air-cover/internal/ui/layout_templ.go:61.47,62.131 1 1
air-cover/internal/ui/layout_templ.go:62.131,64.71 2 1
air-cover/internal/ui/layout_templ.go:64.71,66.4 1 0
air-cover/internal/ui/layout_templ.go:67.3,68.31 2 1
air-cover/internal/ui/layout_templ.go:68.31,69.17 1 1
air-cover/internal/ui/layout_templ.go:69.17,71.34 2 1
air-cover/internal/ui/layout_templ.go:71.34,73.6 1 1
air-cover/internal/ui/layout_templ.go:76.3,78.33 3 1
air-cover/internal/ui/layout_templ.go:78.33,80.4 1 0
air-cover/internal/ui/layout_templ.go:81.3,83.32 3 1
air-cover/internal/ui/layout_templ.go:83.32,85.4 1 0
air-cover/internal/ui/layout_templ.go:86.3,88.32 3 1
air-cover/internal/ui/layout_templ.go:88.32,90.4 1 0
air-cover/internal/ui/layout_templ.go:91.3,92.32 2 1
air-cover/internal/ui/layout_templ.go:92.32,94.4 1 0
air-cover/internal/ui/layout_templ.go:95.3,96.32 2 1
air-cover/internal/ui/layout_templ.go:96.32,98.4 1 0
air-cover/internal/ui/layout_templ.go:99.3,100.32 2 1
air-cover/internal/ui/layout_templ.go:100.32,102.4 1 0
air-cover/internal/ui/layout_templ.go:103.3,104.32 2 1
air-cover/internal/ui/layout_templ.go:104.32,106.4 1 0
air-cover/internal/ui/layout_templ.go:107.3,107.13 1 1
air-cover/internal/ui/layout_templ.go:111.45,112.131 1 1
air-cover/internal/ui/layout_templ.go:112.131,114.71 2 1
air-cover/internal/ui/layout_templ.go:114.71,116.4 1 0
air-cover/internal/ui/layout_templ.go:117.3,118.31 2 1
air-cover/internal/ui/layout_templ.go:118.31,119.17 1 1
air-cover/internal/ui/layout_templ.go:119.17,121.34 2 1
air-cover/internal/ui/layout_templ.go:121.34,123.6 1 1
air-cover/internal/ui/layout_templ.go:126.3,128.33 3 1
air-cover/internal/ui/layout_templ.go:128.33,130.4 1 0
air-cover/internal/ui/layout_templ.go:131.3,133.32 3 1
air-cover/internal/ui/layout_templ.go:133.32,135.4 1 0
air-cover/internal/ui/layout_templ.go:136.3,138.32 3 1
air-cover/internal/ui/layout_templ.go:138.32,140.4 1 0
air-cover/internal/ui/layout_templ.go:141.3,142.32 2 1
air-cover/internal/ui/layout_templ.go:142.32,144.4 1 0
air-cover/internal/ui/layout_templ.go:145.3,146.32 2 1
air-cover/internal/ui/layout_templ.go:146.32,148.4 1 0
air-cover/internal/ui/layout_templ.go:149.3,149.13 1 1
air-cover/internal/ui/layout_templ.go:153.35,154.131 1 1
air-cover/internal/ui/layout_templ.go:154.131,156.71 2 1
air-cover/internal/ui/layout_templ.go:156.71,158.4 1 0
air-cover/internal/ui/layout_templ.go:159.3,160.31 2 1
air-cover/internal/ui/layout_templ.go:160.31,161.17 1 1
air-cover/internal/ui/layout_templ.go:161.17,163.34 2 1
air-cover/internal/ui/layout_templ.go:163.34,165.6 1 1
air-cover/internal/ui/layout_templ.go:168.3,170.33 3 1
air-cover/internal/ui/layout_templ.go:170.33,172.4 1 0
air-cover/internal/ui/layout_templ.go:173.3,175.32 3 1
air-cover/internal/ui/layout_templ.go:175.32,177.4 1 0
air-cover/internal/ui/layout_templ.go:178.3,178.13 1 1
air-cover/internal/ui/layout_templ.go:182.36,183.131 1 1
air-cover/internal/ui/layout_templ.go:183.131,185.71 2 1
air-cover/internal/ui/layout_templ.go:185.71,187.4 1 0
air-cover/internal/ui/layout_templ.go:188.3,189.31 2 1
air-cover/internal/ui/layout_templ.go:189.31,190.17 1 1
air-cover/internal/ui/layout_templ.go:190.17,192.34 2 1
air-cover/internal/ui/layout_templ.go:192.34,194.6 1 1
air-cover/internal/ui/layout_templ.go:197.3,199.33 3 1
air-cover/internal/ui/layout_templ.go:199.33,201.4 1 0
air-cover/internal/ui/layout_templ.go:202.3,204.32 3 1
air-cover/internal/ui/layout_templ.go:204.32,206.4 1 0
air-cover/internal/ui/layout_templ.go:207.3,207.13 1 1
air-cover/internal/ui/unauthenticated_templ.go:11.54,12.131 1 1
air-cover/internal/ui/unauthenticated_templ.go:12.131,14.71 2 1
air-cover/internal/ui/unauthenticated_templ.go:14.71,16.4 1 0
air-cover/internal/ui/unauthenticated_templ.go:17.3,18.31 2 1
air-cover/internal/ui/unauthenticated_templ.go:18.31,19.17 1 1
air-cover/internal/ui/unauthenticated_templ.go:19.17,21.34 2 1
air-cover/internal/ui/unauthenticated_templ.go:21.34,23.6 1 1
air-cover/internal/ui/unauthenticated_templ.go:26.3,28.33 3 1
air-cover/internal/ui/unauthenticated_templ.go:28.33,30.4 1 0
air-cover/internal/ui/unauthenticated_templ.go:31.3,32.148 2 1
air-cover/internal/ui/unauthenticated_templ.go:32.148,35.32 3 1
air-cover/internal/ui/unauthenticated_templ.go:35.32,36.18 1 0
air-cover/internal/ui/unauthenticated_templ.go:36.18,38.35 2 0
air-cover/internal/ui/unauthenticated_templ.go:38.35,40.7 1 0
air-cover/internal/ui/unauthenticated_templ.go:43.4,45.33 3 1
air-cover/internal/ui/unauthenticated_templ.go:45.33,47.5 1 0
air-cover/internal/ui/unauthenticated_templ.go:48.4,48.17 1 1
air-cover/internal/ui/unauthenticated_templ.go:48.17,50.34 2 1
air-cover/internal/ui/unauthenticated_templ.go:50.34,52.6 1 0
air-cover/internal/ui/unauthenticated_templ.go:54.4,55.33 2 1
air-cover/internal/ui/unauthenticated_templ.go:55.33,57.5 1 0
air-cover/internal/ui/unauthenticated_templ.go:58.4,58.14 1 1
air-cover/internal/ui/unauthenticated_templ.go:60.3,61.32 2 1
air-cover/internal/ui/unauthenticated_templ.go:61.32,63.4 1 0
air-cover/internal/ui/unauthenticated_templ.go:64.3,64.13 1 1
air-cover/cmd/aircover/main.go:5.13,7.2 1 1
air-cover/internal/api/api.gen.go:29.56,30.11 1 1
air-cover/internal/api/api.gen.go:31.12,32.14 1 1
air-cover/internal/api/api.gen.go:33.14,34.14 1 1
air-cover/internal/api/api.gen.go:35.10,36.15 1 1
air-cover/internal/api/api.gen.go:47.49,48.11 1 0
air-cover/internal/api/api.gen.go:49.38,50.14 1 0
air-cover/internal/api/api.gen.go:51.39,52.14 1 0
air-cover/internal/api/api.gen.go:53.10,54.15 1 0
air-cover/internal/api/api.gen.go:65.47,66.11 1 0
air-cover/internal/api/api.gen.go:67.36,68.14 1 0
air-cover/internal/api/api.gen.go:69.37,70.14 1 0
air-cover/internal/api/api.gen.go:71.10,72.15 1 0
air-cover/internal/api/api.gen.go:83.56,84.11 1 0
air-cover/internal/api/api.gen.go:85.13,86.14 1 0
air-cover/internal/api/api.gen.go:87.12,88.14 1 0
air-cover/internal/api/api.gen.go:89.10,90.15 1 0
air-cover/internal/api/api.gen.go:101.51,102.11 1 0
air-cover/internal/api/api.gen.go:103.13,104.14 1 0
air-cover/internal/api/api.gen.go:105.14,106.14 1 0
air-cover/internal/api/api.gen.go:107.10,108.15 1 0
air-cover/internal/api/api.gen.go:243.68,245.2 1 1
air-cover/internal/api/api.gen.go:249.73,251.2 1 1
air-cover/internal/api/api.gen.go:255.71,257.2 1 1
air-cover/internal/api/api.gen.go:261.78,263.2 1 1
air-cover/internal/api/api.gen.go:267.79,269.2 1 1
air-cover/internal/api/api.gen.go:273.106,275.2 1 1
air-cover/internal/api/api.gen.go:279.74,281.2 1 1
air-cover/internal/api/api.gen.go:285.80,287.2 1 1
air-cover/internal/api/api.gen.go:291.92,293.2 1 1
air-cover/internal/api/api.gen.go:297.91,299.2 1 1
air-cover/internal/api/api.gen.go:303.74,305.2 1 1
air-cover/internal/api/api.gen.go:309.89,311.2 1 1
air-cover/internal/api/api.gen.go:315.84,317.2 1 1
air-cover/internal/api/api.gen.go:329.80,331.88 1 1
air-cover/internal/api/api.gen.go:331.88,333.3 1 1
air-cover/internal/api/api.gen.go:335.2,335.52 1 1
air-cover/internal/api/api.gen.go:335.52,337.3 1 1
air-cover/internal/api/api.gen.go:339.2,339.25 1 1
air-cover/internal/api/api.gen.go:343.85,345.88 1 1
air-cover/internal/api/api.gen.go:345.88,347.3 1 1
air-cover/internal/api/api.gen.go:349.2,349.52 1 1
air-cover/internal/api/api.gen.go:349.52,351.3 1 0
air-cover/internal/api/api.gen.go:353.2,353.25 1 1
air-cover/internal/api/api.gen.go:357.83,359.88 1 1
air-cover/internal/api/api.gen.go:359.88,361.3 1 1
air-cover/internal/api/api.gen.go:363.2,363.52 1 1
air-cover/internal/api/api.gen.go:363.52,365.3 1 1
air-cover/internal/api/api.gen.go:367.2,367.25 1 1
air-cover/internal/api/api.gen.go:371.90,373.88 1 1
air-cover/internal/api/api.gen.go:373.88,375.3 1 1
air-cover/internal/api/api.gen.go:377.2,377.52 1 1
air-cover/internal/api/api.gen.go:377.52,379.3 1 1
air-cover/internal/api/api.gen.go:381.2,381.25 1 1
air-cover/internal/api/api.gen.go:385.91,387.88 1 1
air-cover/internal/api/api.gen.go:387.88,389.3 1 1
air-cover/internal/api/api.gen.go:391.2,391.52 1 1
air-cover/internal/api/api.gen.go:391.52,393.3 1 1
air-cover/internal/api/api.gen.go:395.2,395.25 1 1
air-cover/internal/api/api.gen.go:399.90,408.64 3 1
air-cover/internal/api/api.gen.go:408.65,410.3 0 1
air-cover/internal/api/api.gen.go:410.8,413.3 2 1
air-cover/internal/api/api.gen.go:415.2,416.16 2 1
air-cover/internal/api/api.gen.go:416.16,419.3 2 0
air-cover/internal/api/api.gen.go:421.2,421.88 1 1
air-cover/internal/api/api.gen.go:421.88,423.3 1 1
air-cover/internal/api/api.gen.go:425.2,425.52 1 1
air-cover/internal/api/api.gen.go:425.52,427.3 1 0
air-cover/internal/api/api.gen.go:429.2,429.25 1 1
air-cover/internal/api/api.gen.go:433.86,435.88 1 1
air-cover/internal/api/api.gen.go:435.88,437.3 1 1
air-cover/internal/api/api.gen.go:439.2,439.52 1 1
air-cover/internal/api/api.gen.go:439.52,441.3 1 1
air-cover/internal/api/api.gen.go:443.2,443.25 1 1
air-cover/internal/api/api.gen.go:447.92,449.88 1 1
air-cover/internal/api/api.gen.go:449.88,451.3 1 1
air-cover/internal/api/api.gen.go:453.2,453.52 1 1
air-cover/internal/api/api.gen.go:453.52,455.3 1 1
air-cover/internal/api/api.gen.go:457.2,457.25 1 1
air-cover/internal/api/api.gen.go:461.96,469.16 4 1
air-cover/internal/api/api.gen.go:469.16,472.3 2 0
air-cover/internal/api/api.gen.go:474.2,474.88 1 1
air-cover/internal/api/api.gen.go:474.88,476.3 1 1
air-cover/internal/api/api.gen.go:478.2,478.52 1 1
air-cover/internal/api/api.gen.go:478.52,480.3 1 1
air-cover/internal/api/api.gen.go:482.2,482.25 1 1
air-cover/internal/api/api.gen.go:486.95,494.16 4 1
air-cover/internal/api/api.gen.go:494.16,497.3 2 0
air-cover/internal/api/api.gen.go:499.2,499.88 1 1
air-cover/internal/api/api.gen.go:499.88,501.3 1 1
air-cover/internal/api/api.gen.go:503.2,503.52 1 1
air-cover/internal/api/api.gen.go:503.52,505.3 1 1
air-cover/internal/api/api.gen.go:507.2,507.25 1 1
air-cover/internal/api/api.gen.go:511.86,513.88 1 1
air-cover/internal/api/api.gen.go:513.88,515.3 1 1
air-cover/internal/api/api.gen.go:517.2,517.52 1 1
air-cover/internal/api/api.gen.go:517.52,519.3 1 0
air-cover/internal/api/api.gen.go:521.2,521.25 1 1
air-cover/internal/api/api.gen.go:525.101,527.88 1 0
air-cover/internal/api/api.gen.go:527.88,529.3 1 0
air-cover/internal/api/api.gen.go:531.2,531.52 1 0
air-cover/internal/api/api.gen.go:531.52,533.3 1 0
air-cover/internal/api/api.gen.go:535.2,535.25 1 0
air-cover/internal/api/api.gen.go:539.88,547.16 4 1
air-cover/internal/api/api.gen.go:547.16,550.3 2 0
air-cover/internal/api/api.gen.go:552.2,552.88 1 1
air-cover/internal/api/api.gen.go:552.88,554.3 1 1
air-cover/internal/api/api.gen.go:556.2,556.52 1 1
air-cover/internal/api/api.gen.go:556.52,558.3 1 1
air-cover/internal/api/api.gen.go:560.2,560.25 1 1
air-cover/internal/api/api.gen.go:568.52,570.2 1 1
air-cover/internal/api/api.gen.go:572.52,574.2 1 1
air-cover/internal/api/api.gen.go:581.49,583.2 1 1
air-cover/internal/api/api.gen.go:585.49,587.2 1 1
air-cover/internal/api/api.gen.go:593.45,595.2 1 1
air-cover/internal/api/api.gen.go:602.46,604.2 1 1
air-cover/internal/api/api.gen.go:606.46,608.2 1 1
air-cover/internal/api/api.gen.go:615.50,617.2 1 1
air-cover/internal/api/api.gen.go:619.50,621.2 1 1
air-cover/internal/api/api.gen.go:628.53,630.2 1 1
air-cover/internal/api/api.gen.go:633.47,635.2 1 1
air-cover/internal/api/api.gen.go:645.68,649.2 1 1
air-cover/internal/api/api.gen.go:651.95,656.2 1 1
air-cover/internal/api/api.gen.go:659.84,662.14 2 1
air-cover/internal/api/api.gen.go:662.14,664.3 1 1
air-cover/internal/api/api.gen.go:665.2,665.37 1 1
air-cover/internal/api/api.gen.go:665.37,666.86 1 1
air-cover/internal/api/api.gen.go:666.86,668.4 1 1
air-cover/internal/api/api.gen.go:670.2,676.29 2 1
air-cover/internal/api/api.gen.go:676.29,678.3 1 1
air-cover/internal/api/api.gen.go:679.2,679.29 1 1
air-cover/internal/api/api.gen.go:679.29,681.3 1 1
air-cover/internal/api/api.gen.go:682.2,682.29 1 1
air-cover/internal/api/api.gen.go:682.29,684.3 1 1
air-cover/internal/api/api.gen.go:685.2,685.29 1 1
air-cover/internal/api/api.gen.go:685.29,687.3 1 1
air-cover/internal/api/api.gen.go:688.2,688.29 1 1
air-cover/internal/api/api.gen.go:688.29,690.3 1 1
air-cover/internal/api/api.gen.go:691.2,691.29 1 1
air-cover/internal/api/api.gen.go:691.29,693.3 1 1
air-cover/internal/api/api.gen.go:694.2,694.29 1 1
air-cover/internal/api/api.gen.go:694.29,696.3 1 1
air-cover/internal/api/api.gen.go:697.2,697.29 1 1
air-cover/internal/api/api.gen.go:697.29,699.3 1 1
air-cover/internal/api/api.gen.go:700.2,700.29 1 1
air-cover/internal/api/api.gen.go:700.29,702.3 1 1
air-cover/internal/api/api.gen.go:703.2,703.29 1 1
air-cover/internal/api/api.gen.go:703.29,705.3 1 1
air-cover/internal/api/api.gen.go:706.2,706.29 1 1
air-cover/internal/api/api.gen.go:706.29,708.3 1 1
air-cover/internal/api/api.gen.go:709.2,709.29 1 1
air-cover/internal/api/api.gen.go:709.29,711.3 1 1
air-cover/internal/api/api.gen.go:712.2,712.29 1 1
air-cover/internal/api/api.gen.go:712.29,714.3 1 1
air-cover/internal/api/api.gen.go:716.2,716.10 1 1
air-cover/internal/api/api.gen.go:746.35,748.16 2 1
air-cover/internal/api/api.gen.go:748.16,750.3 1 1
air-cover/internal/api/api.gen.go:751.2,752.16 2 1
air-cover/internal/api/api.gen.go:752.16,754.3 1 1
air-cover/internal/api/api.gen.go:755.2,757.16 3 1
air-cover/internal/api/api.gen.go:757.16,759.3 1 0
air-cover/internal/api/api.gen.go:761.2,761.25 1 1
air-cover/internal/api/api.gen.go:767.48,769.32 2 1
air-cover/internal/api/api.gen.go:769.32,771.3 1 1
air-cover/internal/api/api.gen.go:775.73,777.25 2 1
air-cover/internal/api/api.gen.go:777.25,779.3 1 1
air-cover/internal/api/api.gen.go:781.2,781.12 1 1
air-cover/internal/api/api.gen.go:789.52,794.87 4 1
air-cover/internal/api/api.gen.go:794.87,798.10 4 0
air-cover/internal/api/api.gen.go:798.10,801.4 2 0
air-cover/internal/api/api.gen.go:802.3,802.19 1 0
air-cover/internal/api/api.gen.go:804.2,806.16 3 1
air-cover/internal/api/api.gen.go:806.16,808.3 1 1
air-cover/internal/api/api.gen.go:809.2,810.16 2 1
air-cover/internal/api/api.gen.go:810.16,812.3 1 0
air-cover/internal/api/api.gen.go:813.2,813.8 1 1
air-cover/internal/api/auth.go:27.76,32.2 1 1
air-cover/internal/api/auth.go:34.49,36.40 2 1
air-cover/internal/api/auth.go:36.40,38.3 1 0
air-cover/internal/api/auth.go:39.2,39.50 1 1
air-cover/internal/api/auth.go:42.37,46.2 3 1
air-cover/internal/api/auth.go:48.75,55.56 4 1
air-cover/internal/api/auth.go:55.56,57.62 2 1
air-cover/internal/api/auth.go:57.62,60.4 2 1
air-cover/internal/api/auth.go:61.3,61.31 1 1
air-cover/internal/api/auth.go:62.8,63.39 1 1
air-cover/internal/api/auth.go:63.39,66.4 2 1
air-cover/internal/api/auth.go:67.3,67.34 1 1
air-cover/internal/api/auth.go:70.2,70.20 1 1
air-cover/internal/api/auth.go:70.20,73.3 2 1
air-cover/internal/api/auth.go:75.2,77.16 3 1
air-cover/internal/api/auth.go:77.16,78.37 1 1
air-cover/internal/api/auth.go:78.37,82.4 3 1
air-cover/internal/api/auth.go:83.3,85.9 3 1
air-cover/internal/api/auth.go:87.2,87.21 1 1
air-cover/internal/api/auth.go:87.21,91.3 3 1
air-cover/internal/api/auth.go:93.2,94.16 2 1
air-cover/internal/api/auth.go:94.16,98.3 3 0
air-cover/internal/api/auth.go:100.2,103.83 3 1
air-cover/internal/api/auth.go:103.83,107.3 3 1
air-cover/internal/api/auth.go:109.2,110.66 2 1
air-cover/internal/api/auth.go:110.66,112.3 1 1
air-cover/internal/api/auth.go:113.2,116.70 3 1
air-cover/internal/api/auth.go:116.70,120.3 3 1
air-cover/internal/api/auth.go:122.2,122.76 1 1
air-cover/internal/api/auth.go:125.97,127.56 2 1
air-cover/internal/api/auth.go:127.56,132.3 4 1
air-cover/internal/api/auth.go:134.2,134.62 1 1
air-cover/internal/api/auth.go:137.93,138.20 1 1
air-cover/internal/api/auth.go:138.20,141.3 2 1
air-cover/internal/api/auth.go:143.2,147.16 4 1
air-cover/internal/api/auth.go:147.16,151.3 3 1
air-cover/internal/api/auth.go:153.2,154.16 2 1
air-cover/internal/api/auth.go:154.16,158.3 3 0
air-cover/internal/api/auth.go:160.2,161.16 2 1
air-cover/internal/api/auth.go:161.16,165.3 3 0
air-cover/internal/api/auth.go:167.2,168.97 2 1
air-cover/internal/api/auth.go:168.97,172.3 3 1
air-cover/internal/api/auth.go:174.2,184.44 2 1
air-cover/internal/api/auth.go:187.76,189.9 2 1
air-cover/internal/api/auth.go:189.9,192.3 2 1
air-cover/internal/api/auth.go:194.2,195.67 2 1
air-cover/internal/api/auth.go:195.67,199.3 3 1
air-cover/internal/api/auth.go:201.2,211.44 2 1
air-cover/internal/api/auth.go:222.70,223.71 1 1
air-cover/internal/api/auth.go:223.71,225.17 2 1
air-cover/internal/api/auth.go:225.17,228.4 2 1
air-cover/internal/api/auth.go:230.3,232.17 3 1
air-cover/internal/api/auth.go:232.17,235.4 2 1
air-cover/internal/api/auth.go:237.3,238.36 2 1
air-cover/internal/api/auth.go:238.36,241.4 2 1
air-cover/internal/api/auth.go:243.3,246.40 4 1
air-cover/internal/api/auth.go:250.68,251.71 1 1
air-cover/internal/api/auth.go:251.71,253.29 2 1
air-cover/internal/api/auth.go:253.29,256.4 2 1
air-cover/internal/api/auth.go:257.3,257.23 1 1
air-cover/internal/api/auth.go:261.105,262.66 1 1
air-cover/internal/api/auth.go:262.66,265.3 2 1
air-cover/internal/api/auth.go:266.2,266.44 1 1
air-cover/internal/api/handler.go:31.94,37.2 1 1
air-cover/internal/api/handler.go:41.62,42.77 1 1
air-cover/internal/api/handler.go:42.77,43.80 1 1
air-cover/internal/api/handler.go:43.80,46.4 2 1
air-cover/internal/api/handler.go:49.3,56.5 1 1
air-cover/internal/api/handler.go:59.2,59.108 1 1
air-cover/internal/api/handler.go:59.108,61.3 1 1
air-cover/internal/api/handler.go:66.65,70.15 3 1
air-cover/internal/api/handler.go:70.15,72.17 2 1
air-cover/internal/api/handler.go:72.17,76.4 3 1
air-cover/internal/api/handler.go:78.3,80.32 2 1
air-cover/internal/api/handler.go:80.32,82.4 1 1
air-cover/internal/api/handler.go:82.9,83.9 1 1
air-cover/internal/api/handler.go:87.2,87.43 1 1
air-cover/internal/api/handler.go:87.43,89.3 1 1
air-cover/internal/api/handler.go:91.2,94.16 3 1
air-cover/internal/api/handler.go:94.16,98.3 3 1
air-cover/internal/api/handler.go:100.2,101.32 2 1
air-cover/internal/api/handler.go:101.32,103.17 2 1
air-cover/internal/api/handler.go:103.17,105.12 2 1
air-cover/internal/api/handler.go:107.3,107.27 1 1
air-cover/internal/api/handler.go:110.2,115.33 5 1
air-cover/internal/api/handler.go:115.33,117.18 2 1
air-cover/internal/api/handler.go:117.18,119.4 1 1
air-cover/internal/api/handler.go:120.3,133.5 2 1
air-cover/internal/api/handler.go:136.2,136.97 1 1
air-cover/internal/api/handler.go:136.97,138.3 1 1
air-cover/internal/api/handler.go:143.67,145.16 2 1
air-cover/internal/api/handler.go:145.16,149.3 3 1
air-cover/internal/api/handler.go:151.2,153.26 3 1
air-cover/internal/api/handler.go:153.26,162.3 1 1
air-cover/internal/api/handler.go:164.2,164.40 1 1
air-cover/internal/api/handler.go:164.40,165.47 1 1
air-cover/internal/api/handler.go:165.47,167.4 1 0
air-cover/internal/api/handler.go:168.3,168.37 1 1
air-cover/internal/api/handler.go:168.37,170.4 1 1
air-cover/internal/api/handler.go:171.3,171.75 1 0
air-cover/internal/api/handler.go:174.2,176.70 2 1
air-cover/internal/api/handler.go:176.70,178.3 1 1
air-cover/internal/api/handler.go:183.68,187.38 2 1
air-cover/internal/api/handler.go:187.38,191.3 3 1
air-cover/internal/api/handler.go:193.2,194.17 2 1
air-cover/internal/api/handler.go:194.17,197.3 2 1
air-cover/internal/api/handler.go:199.2,200.16 2 1
air-cover/internal/api/handler.go:200.16,202.3 1 1
air-cover/internal/api/handler.go:204.2,204.41 1 1
air-cover/internal/api/handler.go:204.41,207.3 2 1
air-cover/internal/api/handler.go:209.2,210.16 2 1
air-cover/internal/api/handler.go:210.16,214.3 3 1
air-cover/internal/api/handler.go:216.2,216.52 1 1
air-cover/internal/api/handler.go:221.72,223.2 1 1
air-cover/internal/api/handler.go:227.73,229.2 1 1
air-cover/internal/api/handler.go:233.100,235.2 1 1
air-cover/internal/api/handler.go:239.74,243.38 2 1
air-cover/internal/api/handler.go:243.38,247.3 3 1
air-cover/internal/api/handler.go:249.2,251.16 3 1
air-cover/internal/api/handler.go:251.16,255.3 3 1
air-cover/internal/api/handler.go:257.2,259.16 3 1
air-cover/internal/api/handler.go:259.16,263.3 3 1
air-cover/internal/api/handler.go:265.2,267.16 3 1
air-cover/internal/api/handler.go:267.16,271.3 3 1
air-cover/internal/api/handler.go:273.2,276.9 3 1
air-cover/internal/api/handler.go:276.9,280.3 3 1
air-cover/internal/api/handler.go:282.2,292.65 2 1
air-cover/internal/api/handler.go:292.65,296.3 3 1
air-cover/internal/api/handler.go:298.2,298.50 1 1
air-cover/internal/api/handler.go:303.86,305.16 2 1
air-cover/internal/api/handler.go:305.16,306.37 1 1
air-cover/internal/api/handler.go:306.37,309.4 2 1
air-cover/internal/api/handler.go:310.3,312.9 3 1
air-cover/internal/api/handler.go:315.2,316.9 2 1
air-cover/internal/api/handler.go:316.9,319.3 2 1
air-cover/internal/api/handler.go:321.2,322.52 2 1
air-cover/internal/api/handler.go:322.52,325.3 2 1
air-cover/internal/api/handler.go:327.2,327.65 1 1
air-cover/internal/api/handler.go:327.65,331.3 3 0
air-cover/internal/api/handler.go:333.2,333.37 1 1
air-cover/internal/api/handler.go:338.85,343.61 2 1
air-cover/internal/api/handler.go:343.61,346.3 2 1
air-cover/internal/api/handler.go:348.2,349.9 2 1
air-cover/internal/api/handler.go:349.9,352.3 2 1
air-cover/internal/api/handler.go:354.2,355.16 2 1
air-cover/internal/api/handler.go:355.16,356.37 1 1
air-cover/internal/api/handler.go:356.37,359.4 2 1
air-cover/internal/api/handler.go:360.3,362.9 3 1
air-cover/internal/api/handler.go:365.2,365.20 1 1
air-cover/internal/api/handler.go:366.14,367.30 1 1
air-cover/internal/api/handler.go:367.30,370.4 2 1
air-cover/internal/api/handler.go:371.3,371.72 1 1
air-cover/internal/api/handler.go:371.72,375.4 3 0
air-cover/internal/api/handler.go:376.16,377.61 1 1
air-cover/internal/api/handler.go:377.61,380.4 2 1
air-cover/internal/api/handler.go:381.3,381.66 1 1
air-cover/internal/api/handler.go:381.66,385.4 3 0
air-cover/internal/api/handler.go:386.10,388.9 2 1
air-cover/internal/api/handler.go:391.2,391.37 1 1
air-cover/internal/api/handler.go:396.78,406.12 6 1
air-cover/internal/api/handler.go:406.12,407.39 1 1
air-cover/internal/api/handler.go:407.39,411.4 3 1
air-cover/internal/api/handler.go:412.3,412.50 1 1
air-cover/internal/api/handler.go:412.50,415.4 2 1
air-cover/internal/api/handler.go:416.3,416.44 1 1
air-cover/internal/api/handler.go:416.44,418.4 1 1
air-cover/internal/api/handler.go:419.8,424.62 2 1
air-cover/internal/api/handler.go:424.62,427.4 2 1
air-cover/internal/api/handler.go:428.3,429.18 2 1
air-cover/internal/api/handler.go:432.2,432.17 1 1
air-cover/internal/api/handler.go:432.17,433.44 1 1
air-cover/internal/api/handler.go:433.44,436.4 2 1
air-cover/internal/api/handler.go:439.2,440.9 2 1
air-cover/internal/api/handler.go:440.9,443.3 2 1
air-cover/internal/api/handler.go:446.2,446.60 1 1
air-cover/internal/api/handler.go:446.60,449.3 2 1
air-cover/internal/api/handler.go:451.2,451.76 1 1
air-cover/internal/api/handler.go:451.76,452.37 1 1
air-cover/internal/api/handler.go:452.37,455.4 2 1
air-cover/internal/api/handler.go:456.3,458.9 3 1
air-cover/internal/api/handler.go:461.2,461.12 1 1
air-cover/internal/api/handler.go:461.12,464.3 2 1
air-cover/internal/api/handler.go:466.2,466.37 1 1
air-cover/internal/api/handler.go:471.68,474.16 3 1
air-cover/internal/api/handler.go:474.16,476.3 1 1
air-cover/internal/api/handler.go:481.83,485.15 3 1
air-cover/internal/api/handler.go:485.15,487.17 2 1
air-cover/internal/api/handler.go:487.17,489.9 2 1
air-cover/internal/api/handler.go:492.3,492.40 1 1
air-cover/internal/api/handler.go:492.40,493.40 1 1
air-cover/internal/api/handler.go:493.40,495.5 1 1
air-cover/internal/api/handler.go:498.3,498.35 1 1
air-cover/internal/api/handler.go:498.35,500.4 1 1
air-cover/internal/api/handler.go:500.9,501.9 1 1
air-cover/internal/api/handler.go:505.2,505.21 1 1
air-cover/internal/api/handler.go:505.21,506.65 1 1
air-cover/internal/api/handler.go:506.65,510.4 3 1
air-cover/internal/api/handler.go:513.2,513.52 1 1
air-cover/internal/api/wrapper.go:9.61,12.77 1 1
air-cover/internal/api/wrapper.go:12.77,14.4 1 1
air-cover/internal/db/db.go:16.42,18.16 2 1
air-cover/internal/db/db.go:18.16,20.3 1 0
air-cover/internal/db/db.go:22.2,22.34 1 1
air-cover/internal/db/db.go:22.34,24.3 1 1
air-cover/internal/db/db.go:26.2,26.47 1 1
air-cover/internal/db/db.go:26.47,28.3 1 0
air-cover/internal/db/db.go:30.2,30.16 1 1
air-cover/internal/db/db.go:33.53,35.52 2 1
air-cover/internal/db/db.go:35.52,37.3 1 0
air-cover/internal/db/db.go:39.2,40.17 2 1
air-cover/internal/db/db.go:41.12,42.35 1 1
air-cover/internal/db/db.go:43.14,44.37 1 1
air-cover/internal/db/db.go:45.15,46.38 1 1
air-cover/internal/db/db.go:47.16,48.39 1 1
air-cover/internal/db/db.go:49.10,50.62 1 1
air-cover/internal/db/db.go:53.2,53.16 1 1
air-cover/internal/db/db.go:53.16,55.3 1 1
air-cover/internal/db/db.go:57.2,57.12 1 1
air-cover/internal/db/repository.go:18.44,20.2 1 1
air-cover/internal/db/repository.go:22.35,24.2 1 1
air-cover/internal/db/repository.go:26.94,30.16 3 1
air-cover/internal/db/repository.go:30.16,31.36 1 1
air-cover/internal/db/repository.go:31.36,33.4 1 1
air-cover/internal/db/repository.go:34.3,34.18 1 1
air-cover/internal/db/repository.go:36.2,36.19 1 1
air-cover/internal/db/repository.go:39.85,43.16 3 1
air-cover/internal/db/repository.go:43.16,44.36 1 1
air-cover/internal/db/repository.go:44.36,46.4 1 1
air-cover/internal/db/repository.go:47.3,47.18 1 1
air-cover/internal/db/repository.go:49.2,49.19 1 1
air-cover/internal/db/repository.go:52.103,54.16 2 1
air-cover/internal/db/repository.go:54.16,56.3 1 1
air-cover/internal/db/repository.go:57.2,58.16 2 1
air-cover/internal/db/repository.go:58.16,60.3 1 0
air-cover/internal/db/repository.go:61.2,61.36 1 1
air-cover/internal/db/repository.go:64.116,68.2 2 1
air-cover/internal/db/repository.go:70.101,75.16 4 1
air-cover/internal/db/repository.go:75.16,76.36 1 1
air-cover/internal/db/repository.go:76.36,78.4 1 1
air-cover/internal/db/repository.go:79.3,79.18 1 1
air-cover/internal/db/repository.go:82.2,82.18 1 1
air-cover/internal/db/repository.go:82.18,84.3 1 1
air-cover/internal/db/repository.go:86.2,86.57 1 1
air-cover/internal/db/repository.go:86.57,88.3 1 1
air-cover/internal/db/repository.go:90.2,91.16 2 1
air-cover/internal/db/repository.go:91.16,93.3 1 0
air-cover/internal/db/repository.go:95.2,95.17 1 1
air-cover/internal/db/repository.go:98.128,102.2 2 1
air-cover/internal/db/repository.go:104.107,108.16 3 1
air-cover/internal/db/repository.go:108.16,109.36 1 1
air-cover/internal/db/repository.go:109.36,111.4 1 1
air-cover/internal/db/repository.go:112.3,112.18 1 1
air-cover/internal/db/repository.go:114.2,114.36 1 1
air-cover/internal/db/repository.go:114.36,116.3 1 1
air-cover/internal/db/repository.go:117.2,117.16 1 1
air-cover/internal/db/repository.go:120.84,123.2 2 1
air-cover/internal/db/repository.go:125.89,130.16 2 1
air-cover/internal/db/repository.go:130.16,132.3 1 1
air-cover/internal/db/repository.go:133.2,134.16 2 1
air-cover/internal/db/repository.go:134.16,136.3 1 0
air-cover/internal/db/repository.go:137.2,138.12 2 1
air-cover/internal/db/repository.go:140.89,148.16 2 1
air-cover/internal/db/repository.go:148.16,150.3 1 1
air-cover/internal/db/repository.go:151.2,154.18 3 1
air-cover/internal/db/repository.go:154.18,160.17 3 1
air-cover/internal/db/repository.go:160.17,162.4 1 1
air-cover/internal/db/repository.go:163.3,163.41 1 1
air-cover/internal/db/repository.go:165.2,165.34 1 1
air-cover/internal/db/repository.go:165.34,167.3 1 0
air-cover/internal/db/repository.go:168.2,168.25 1 1
air-cover/internal/db/repository.go:171.97,180.16 3 1
air-cover/internal/db/repository.go:180.16,181.36 1 1
air-cover/internal/db/repository.go:181.36,183.4 1 1
air-cover/internal/db/repository.go:184.3,184.18 1 1
air-cover/internal/db/repository.go:186.2,186.17 1 1
air-cover/internal/db/repository.go:189.74,191.16 2 1
air-cover/internal/db/repository.go:191.16,193.3 1 1
air-cover/internal/db/repository.go:194.2,195.16 2 1
air-cover/internal/db/repository.go:195.16,197.3 1 0
air-cover/internal/db/repository.go:198.2,198.15 1 1
air-cover/internal/db/repository.go:198.15,200.3 1 1
air-cover/internal/db/repository.go:201.2,201.12 1 1
air-cover/internal/db/repository.go:204.84,208.16 2 1
air-cover/internal/db/repository.go:208.16,210.3 1 1
air-cover/internal/db/repository.go:211.2,212.16 2 1
air-cover/internal/db/repository.go:212.16,214.3 1 0
air-cover/internal/db/repository.go:215.2,215.15 1 1
air-cover/internal/db/repository.go:215.15,217.3 1 1
air-cover/internal/db/repository.go:218.2,218.12 1 1
air-cover/internal/db/repository.go:221.74,225.16 2 1
air-cover/internal/db/repository.go:225.16,227.3 1 1
air-cover/internal/db/repository.go:228.2,229.16 2 1
air-cover/internal/db/repository.go:229.16,231.3 1 0
air-cover/internal/db/repository.go:232.2,232.15 1 1
air-cover/internal/db/repository.go:232.15,234.3 1 1
air-cover/internal/db/repository.go:235.2,235.12 1 1
air-cover/internal/db/repository.go:238.77,240.16 2 1
air-cover/internal/db/repository.go:240.16,242.3 1 1
air-cover/internal/db/repository.go:243.2,246.18 3 1
air-cover/internal/db/repository.go:246.18,248.104 2 1
air-cover/internal/db/repository.go:248.104,250.4 1 1
air-cover/internal/db/repository.go:251.3,251.31 1 1
air-cover/internal/db/repository.go:253.2,253.34 1 1
air-cover/internal/db/repository.go:253.34,255.3 1 0
air-cover/internal/db/repository.go:256.2,256.19 1 1
air-cover/internal/db/repository.go:259.99,262.17 3 1
air-cover/internal/db/repository.go:262.17,265.3 2 1
air-cover/internal/db/repository.go:266.2,266.22 1 1
air-cover/internal/db/repository.go:266.22,269.3 2 1
air-cover/internal/db/repository.go:271.2,271.20 1 1
air-cover/internal/db/repository.go:271.20,273.3 1 1
air-cover/internal/db/repository.go:276.2,281.16 5 1
air-cover/internal/db/repository.go:281.16,283.3 1 1
air-cover/internal/db/repository.go:284.2,285.16 2 1
air-cover/internal/db/repository.go:285.16,287.3 1 0
air-cover/internal/db/repository.go:288.2,288.15 1 1
air-cover/internal/db/repository.go:288.15,290.3 1 1
air-cover/internal/db/repository.go:291.2,291.12 1 1
air-cover/internal/db/repository.go:294.78,295.22 1 1
air-cover/internal/db/repository.go:295.22,297.3 1 1
air-cover/internal/db/repository.go:299.2,300.16 2 1
air-cover/internal/db/repository.go:300.16,302.3 1 1
air-cover/internal/db/repository.go:303.2,303.15 1 1
air-cover/internal/db/repository.go:303.15,305.3 1 1
air-cover/internal/db/repository.go:307.2,308.16 2 1
air-cover/internal/db/repository.go:308.16,310.3 1 1
air-cover/internal/db/repository.go:311.2,313.31 2 1
air-cover/internal/db/repository.go:313.31,315.17 2 1
air-cover/internal/db/repository.go:315.17,317.4 1 1
air-cover/internal/db/repository.go:320.2,320.20 1 1
air-cover/internal/spinitron/client.go:50.48,52.19 2 1
air-cover/internal/spinitron/client.go:52.19,54.3 1 1
air-cover/internal/spinitron/client.go:56.2,61.3 1 1
air-cover/internal/spinitron/client.go:64.81,65.14 1 1
air-cover/internal/spinitron/client.go:65.14,67.3 1 1
air-cover/internal/spinitron/client.go:69.2,73.22 5 1
air-cover/internal/spinitron/client.go:73.22,75.3 1 1
air-cover/internal/spinitron/client.go:76.2,79.16 3 1
air-cover/internal/spinitron/client.go:79.16,81.3 1 1
air-cover/internal/spinitron/client.go:83.2,83.38 1 1
air-cover/internal/spinitron/client.go:86.87,87.14 1 1
air-cover/internal/spinitron/client.go:87.14,89.3 1 1
air-cover/internal/spinitron/client.go:91.2,96.16 5 1
air-cover/internal/spinitron/client.go:96.16,98.3 1 1
air-cover/internal/spinitron/client.go:100.2,100.41 1 1
air-cover/internal/spinitron/client.go:103.104,106.16 3 1
air-cover/internal/spinitron/client.go:106.16,108.3 1 1
air-cover/internal/spinitron/client.go:109.2,112.16 3 1
air-cover/internal/spinitron/client.go:112.16,114.3 1 0
air-cover/internal/spinitron/client.go:116.2,116.20 1 1
air-cover/internal/spinitron/client.go:116.20,118.3 1 1
air-cover/internal/spinitron/client.go:120.2,121.16 2 1
air-cover/internal/spinitron/client.go:121.16,123.3 1 1
air-cover/internal/spinitron/client.go:124.2,127.16 3 1
air-cover/internal/spinitron/client.go:127.16,129.3 1 1
air-cover/internal/spinitron/client.go:131.2,131.86 1 1
air-cover/internal/spinitron/client.go:131.86,133.3 1 1
air-cover/internal/spinitron/client.go:135.2,135.31 1 1
air-cover/internal/spinitron/client.go:138.74,140.55 2 1
air-cover/internal/spinitron/client.go:140.55,142.3 1 1
air-cover/internal/spinitron/client.go:144.2,145.9 2 1
air-cover/internal/spinitron/client.go:145.9,147.3 1 1
air-cover/internal/spinitron/client.go:148.2,148.24 1 1
air-cover/internal/spinitron/client.go:148.24,150.3 1 1
air-cover/internal/spinitron/client.go:152.2,153.60 2 1
air-cover/internal/spinitron/client.go:153.60,155.3 1 1
air-cover/internal/spinitron/client.go:157.2,158.32 2 1
air-cover/internal/spinitron/client.go:158.32,160.15 2 1
air-cover/internal/spinitron/client.go:160.15,161.12 1 1
air-cover/internal/spinitron/client.go:164.3,168.5 2 1
air-cover/internal/spinitron/client.go:171.2,174.8 1 1
air-cover/internal/spinitron/client.go:177.80,179.55 2 1
air-cover/internal/spinitron/client.go:179.55,181.3 1 1
air-cover/internal/spinitron/client.go:183.2,184.9 2 1
air-cover/internal/spinitron/client.go:184.9,186.3 1 1
air-cover/internal/spinitron/client.go:187.2,187.24 1 1
air-cover/internal/spinitron/client.go:187.24,189.3 1 1
air-cover/internal/spinitron/client.go:191.2,192.60 2 1
air-cover/internal/spinitron/client.go:192.60,194.3 1 1
air-cover/internal/spinitron/client.go:196.2,197.32 2 1
air-cover/internal/spinitron/client.go:197.32,199.18 2 1
air-cover/internal/spinitron/client.go:199.18,200.12 1 1
air-cover/internal/spinitron/client.go:202.3,203.17 2 1
air-cover/internal/spinitron/client.go:203.17,204.12 1 1
air-cover/internal/spinitron/client.go:207.3,210.40 3 1
air-cover/internal/spinitron/client.go:210.40,211.38 1 1
air-cover/internal/spinitron/client.go:211.38,213.5 1 1
air-cover/internal/spinitron/client.go:216.3,220.5 1 1
air-cover/internal/spinitron/client.go:223.2,226.8 1 1
air-cover/internal/spinitron/client.go:229.42,230.29 1 1
air-cover/internal/spinitron/client.go:231.14,232.15 1 1
air-cover/internal/spinitron/client.go:233.15,234.34 1 1
air-cover/internal/spinitron/client.go:235.19,236.24 1 1
air-cover/internal/spinitron/client.go:237.10,238.12 1 1
air-cover/internal/spinitron/client.go:242.57,243.64 1 1
air-cover/internal/spinitron/client.go:243.64,244.31 1 1
air-cover/internal/spinitron/client.go:244.31,245.52 1 1
air-cover/internal/spinitron/client.go:245.52,247.5 1 1
air-cover/internal/spinitron/client.go:251.2,251.45 1 1
air-cover/internal/spinitron/client.go:251.45,253.3 1 1
air-cover/internal/spinitron/client.go:254.2,254.23 1 1
air-cover/internal/spinitron/client.go:257.81,258.52 1 1
air-cover/internal/spinitron/client.go:258.52,259.34 1 1
air-cover/internal/spinitron/client.go:259.34,260.52 1 1
air-cover/internal/spinitron/client.go:260.52,262.5 1 1
air-cover/internal/spinitron/client.go:266.2,266.50 1 1
air-cover/internal/spinitron/client.go:266.50,267.34 1 1
air-cover/internal/spinitron/client.go:267.34,268.52 1 1
air-cover/internal/spinitron/client.go:268.52,270.5 1 1
air-cover/internal/spinitron/client.go:274.2,274.40 1 1
air-cover/internal/spinitron/client.go:274.40,275.58 1 1
air-cover/internal/spinitron/client.go:275.58,277.4 1 1
air-cover/internal/spinitron/client.go:280.2,280.57 1 1
air-cover/internal/spinitron/client.go:283.54,285.51 2 1
air-cover/internal/spinitron/client.go:285.51,287.3 1 1
air-cover/internal/spinitron/client.go:289.2,289.52 1 1
air-cover/internal/spinitron/client.go:289.52,290.33 1 1
air-cover/internal/spinitron/client.go:290.33,291.54 1 1
air-cover/internal/spinitron/client.go:291.54,293.5 1 1
air-cover/internal/spinitron/client.go:297.2,297.12 1 1
air-cover/internal/spinitron/client.go:300.51,302.54 2 1
air-cover/internal/spinitron/client.go:302.54,304.3 1 1
air-cover/internal/spinitron/client.go:305.2,305.33 1 1
air-cover/internal/spinitron/client.go:308.46,309.27 1 1
air-cover/internal/spinitron/client.go:310.11,311.13 1 1
air-cover/internal/spinitron/client.go:312.15,314.15 2 1
air-cover/internal/spinitron/client.go:314.15,316.4 1 1
air-cover/internal/spinitron/client.go:317.14,318.41 1 1
air-cover/internal/spinitron/client.go:318.41,320.4 1 1
air-cover/internal/spinitron/client.go:321.30,322.32 1 1
air-cover/internal/spinitron/client.go:322.32,323.50 1 1
air-cover/internal/spinitron/client.go:323.50,325.5 1 1
air-cover/internal/spinitron/client.go:327.3,327.68 1 1
air-cover/internal/spinitron/client.go:327.68,328.31 1 1
air-cover/internal/spinitron/client.go:328.31,329.52 1 1
air-cover/internal/spinitron/client.go:329.52,331.6 1 1
air-cover/internal/spinitron/client.go:334.21,335.26 1 1
air-cover/internal/spinitron/client.go:335.26,336.50 1 1
air-cover/internal/spinitron/client.go:336.50,338.5 1 1
air-cover/internal/spinitron/client.go:342.2,342.12 1 1
air-cover/internal/spinitron/client.go:345.46,347.15 2 1
air-cover/internal/spinitron/client.go:347.15,349.3 1 1
air-cover/internal/spinitron/client.go:351.2,351.60 1 1
air-cover/internal/spinitron/client.go:351.60,353.3 1 1
air-cover/internal/spinitron/client.go:355.2,356.16 2 1
air-cover/internal/spinitron/client.go:356.16,358.3 1 1
air-cover/internal/spinitron/client.go:359.2,360.19 2 1
air-cover/internal/spinitron/client.go:360.19,362.3 1 1
air-cover/internal/spinitron/client.go:363.2,364.29 2 1
air-cover/internal/spinitron/client.go:364.29,366.3 1 1
air-cover/internal/spinitron/client.go:367.2,367.19 1 1
air-cover/internal/spinitron/client.go:370.58,371.22 1 1
air-cover/internal/spinitron/client.go:371.22,373.3 1 1
air-cover/internal/spinitron/client.go:375.2,376.29 2 1
air-cover/internal/spinitron/client.go:376.29,378.47 2 1
air-cover/internal/spinitron/client.go:378.47,379.12 1 1
air-cover/internal/spinitron/client.go:381.3,383.34 3 1
air-cover/internal/spinitron/client.go:383.34,384.12 1 1
air-cover/internal/spinitron/client.go:387.3,387.62 1 1
air-cover/internal/spinitron/client.go:387.62,389.4 1 1
air-cover/internal/spinitron/client.go:392.2,392.12 1 1
air-cover/internal/models/models.go:30.41,31.28 1 1
air-cover/internal/models/models.go:31.28,33.3 1 1
air-cover/internal/models/models.go:34.2,34.17 1 1
air-cover/internal/config/config.go:29.48,31.40 1 1
air-cover/internal/config/config.go:31.40,34.3 1 1
air-cover/internal/config/config.go:36.2,45.21 9 1
air-cover/internal/config/config.go:45.21,46.52 1 1
air-cover/internal/config/config.go:46.52,48.4 1 1
air-cover/internal/config/config.go:52.2,52.19 1 1
air-cover/internal/config/config.go:52.19,54.3 1 1
air-cover/internal/config/config.go:56.2,56.19 1 1
air-cover/internal/config/config.go:56.19,58.3 1 1
air-cover/internal/config/config.go:60.2,60.16 1 1
air-cover/internal/config/config.go:60.16,62.54 1 1
air-cover/internal/config/config.go:62.54,64.4 1 1
air-cover/internal/config/config.go:67.3,67.34 1 1
air-cover/internal/config/config.go:67.34,69.4 1 1
air-cover/internal/config/config.go:70.3,70.36 1 1
air-cover/internal/config/config.go:70.36,72.4 1 1
air-cover/internal/config/config.go:75.2,76.45 2 1
air-cover/internal/config/config.go:76.45,78.3 1 1
air-cover/internal/config/config.go:80.2,80.17 1 1
air-cover/internal/email/sender.go:18.72,21.2 2 1
air-cover/internal/email/sender.go:29.73,30.20 1 1
air-cover/internal/email/sender.go:30.20,33.3 2 1
air-cover/internal/email/sender.go:36.2,58.16 3 1
air-cover/internal/email/sender.go:58.16,60.3 1 0
air-cover/internal/email/sender.go:62.2,63.16 2 1
air-cover/internal/email/sender.go:63.16,65.3 1 0
air-cover/internal/email/sender.go:66.2,70.16 4 1
air-cover/internal/email/sender.go:70.16,72.3 1 1
air-cover/internal/email/sender.go:73.2,75.28 2 1
air-cover/internal/email/sender.go:75.28,77.3 1 1
air-cover/internal/email/sender.go:79.2,80.12 2 1
air-cover/internal/email/sender.go:83.54,84.41 1 1
air-cover/internal/email/sender.go:84.41,92.3 1 1
air-cover/internal/email/sender.go:93.2,93.25 1 1
air-cover/internal/cmd/doc.go:17.47,25.3 4 1
air-cover/internal/cmd/doc.go:28.13,30.2 1 1
air-cover/internal/cmd/migrate.go:23.47,25.3 1 1
air-cover/internal/cmd/migrate.go:31.47,33.3 1 1
air-cover/internal/cmd/migrate.go:39.47,41.3 1 1
air-cover/internal/cmd/migrate.go:47.47,49.3 1 1
air-cover/internal/cmd/migrate.go:52.52,54.16 2 1
air-cover/internal/cmd/migrate.go:54.16,57.3 2 1
air-cover/internal/cmd/migrate.go:59.2,62.16 3 1
air-cover/internal/cmd/migrate.go:62.16,65.3 2 0
air-cover/internal/cmd/migrate.go:66.2,68.58 2 1
air-cover/internal/cmd/migrate.go:68.58,71.3 2 1
air-cover/internal/cmd/migrate.go:73.2,73.65 1 1
air-cover/internal/cmd/migrate.go:76.13,82.2 5 1
air-cover/internal/cmd/root.go:22.16,23.42 1 1
air-cover/internal/cmd/root.go:23.42,26.3 2 1
air-cover/internal/cmd/root.go:29.13,33.2 2 1
air-cover/internal/cmd/root.go:35.19,36.19 1 1
air-cover/internal/cmd/root.go:36.19,38.3 1 1
air-cover/internal/cmd/root.go:38.8,45.3 5 1
air-cover/internal/cmd/root.go:47.2,49.45 2 1
air-cover/internal/cmd/root.go:49.45,51.3 1 1
air-cover/internal/cmd/server.go:30.51,32.3 1 1
air-cover/internal/cmd/server.go:35.80,37.16 2 1
air-cover/internal/cmd/server.go:37.16,40.3 2 0
air-cover/internal/cmd/server.go:44.2,58.29 9 1
air-cover/internal/cmd/server.go:58.29,62.3 3 1
air-cover/internal/cmd/server.go:65.2,65.29 1 1
air-cover/internal/cmd/server.go:65.29,72.3 6 1
air-cover/internal/cmd/server.go:75.2,75.29 1 1
air-cover/internal/cmd/server.go:75.29,82.3 6 1
air-cover/internal/cmd/server.go:84.2,84.10 1 1
air-cover/internal/cmd/server.go:91.47,93.17 2 1
air-cover/internal/cmd/server.go:93.17,96.4 2 1
air-cover/internal/cmd/server.go:98.3,101.17 3 1
air-cover/internal/cmd/server.go:101.17,104.4 2 1
air-cover/internal/cmd/server.go:105.3,107.28 2 1
air-cover/internal/cmd/server.go:107.28,109.38 2 1
air-cover/internal/cmd/server.go:109.38,112.19 3 1
air-cover/internal/cmd/server.go:112.19,115.6 2 0
air-cover/internal/cmd/server.go:116.10,116.25 1 1
air-cover/internal/cmd/server.go:116.25,119.5 2 0
air-cover/internal/cmd/server.go:122.3,137.89 9 1
air-cover/internal/cmd/server.go:137.89,140.4 2 1
air-cover/internal/cmd/server.go:144.13,151.2 4 1
air-cover/internal/logger/logger.go:13.49,16.16 3 1
air-cover/internal/logger/logger.go:16.16,24.3 6 1
air-cover/internal/logger/logger.go:24.8,26.3 1 1
air-cover/internal/logger/logger.go:29.2,30.16 2 1
air-cover/internal/logger/logger.go:30.16,33.3 1 0
air-cover/internal/logger/logger.go:36.2,38.26 2 1
