mode: set
air-cover/cmd/aircover/main.go:5.13,7.2 1 1
air-cover/internal/adapters/email/email.go:101.2,101.25 1 1
air-cover/internal/adapters/email/email.go:19.72,22.2 2 1
air-cover/internal/adapters/email/email.go:32.83,34.3 1 1
air-cover/internal/adapters/email/email.go:37.73,38.20 1 1
air-cover/internal/adapters/email/email.go:38.20,41.3 2 1
air-cover/internal/adapters/email/email.go:44.2,66.16 3 1
air-cover/internal/adapters/email/email.go:66.16,68.3 1 1
air-cover/internal/adapters/email/email.go:70.2,71.16 2 1
air-cover/internal/adapters/email/email.go:71.16,73.3 1 1
air-cover/internal/adapters/email/email.go:74.2,78.16 4 1
air-cover/internal/adapters/email/email.go:78.16,80.3 1 1
air-cover/internal/adapters/email/email.go:81.2,83.28 2 1
air-cover/internal/adapters/email/email.go:83.28,85.3 1 1
air-cover/internal/adapters/email/email.go:87.2,88.12 2 1
air-cover/internal/adapters/email/email.go:91.54,92.41 1 1
air-cover/internal/adapters/email/email.go:92.41,100.3 1 1
air-cover/internal/adapters/http/admin_handlers.go:100.83,101.64 1 1
air-cover/internal/adapters/http/admin_handlers.go:101.64,105.3 3 1
air-cover/internal/adapters/http/admin_handlers.go:107.2,107.52 1 1
air-cover/internal/adapters/http/admin_handlers.go:110.114,119.12 6 1
air-cover/internal/adapters/http/admin_handlers.go:119.12,120.39 1 1
air-cover/internal/adapters/http/admin_handlers.go:120.39,124.4 3 1
air-cover/internal/adapters/http/admin_handlers.go:125.3,125.50 1 1
air-cover/internal/adapters/http/admin_handlers.go:125.50,128.4 2 1
air-cover/internal/adapters/http/admin_handlers.go:129.3,129.44 1 1
air-cover/internal/adapters/http/admin_handlers.go:129.44,131.4 1 1
air-cover/internal/adapters/http/admin_handlers.go:132.3,132.29 1 1
air-cover/internal/adapters/http/admin_handlers.go:135.2,139.61 2 1
air-cover/internal/adapters/http/admin_handlers.go:139.61,142.3 2 1
air-cover/internal/adapters/http/admin_handlers.go:143.2,145.28 3 1
air-cover/internal/adapters/http/admin_handlers.go:20.67,22.16 2 1
air-cover/internal/adapters/http/admin_handlers.go:22.16,26.3 3 1
air-cover/internal/adapters/http/admin_handlers.go:28.2,31.77 3 1
air-cover/internal/adapters/http/admin_handlers.go:31.77,33.3 1 1
air-cover/internal/adapters/http/admin_handlers.go:38.68,41.38 2 1
air-cover/internal/adapters/http/admin_handlers.go:41.38,45.3 3 1
air-cover/internal/adapters/http/admin_handlers.go:47.2,51.81 2 1
air-cover/internal/adapters/http/admin_handlers.go:51.81,54.3 2 1
air-cover/internal/adapters/http/admin_handlers.go:55.2,55.63 1 1
air-cover/internal/adapters/http/admin_handlers.go:55.63,56.43 1 1
air-cover/internal/adapters/http/admin_handlers.go:56.43,59.4 2 1
air-cover/internal/adapters/http/admin_handlers.go:60.3,62.9 3 1
air-cover/internal/adapters/http/admin_handlers.go:65.2,65.52 1 1
air-cover/internal/adapters/http/admin_handlers.go:70.78,72.9 2 1
air-cover/internal/adapters/http/admin_handlers.go:72.9,74.3 1 1
air-cover/internal/adapters/http/admin_handlers.go:76.2,77.9 2 1
air-cover/internal/adapters/http/admin_handlers.go:77.9,79.3 1 1
air-cover/internal/adapters/http/admin_handlers.go:81.2,81.71 1 1
air-cover/internal/adapters/http/admin_handlers.go:81.71,82.28 1 1
air-cover/internal/adapters/http/admin_handlers.go:82.28,84.4 1 1
air-cover/internal/adapters/http/admin_handlers.go:85.3,87.9 3 1
air-cover/internal/adapters/http/admin_handlers.go:90.12,93.3 2 1
air-cover/internal/adapters/http/admin_handlers.go:90.2,90.12 1 1
air-cover/internal/adapters/http/admin_handlers.go:95.2,95.37 1 1
air-cover/internal/adapters/http/api.gen.go:101.51,102.11 1 0
air-cover/internal/adapters/http/api.gen.go:103.13,104.14 1 0
air-cover/internal/adapters/http/api.gen.go:105.14,106.14 1 0
air-cover/internal/adapters/http/api.gen.go:107.10,108.15 1 0
air-cover/internal/adapters/http/api.gen.go:243.68,245.2 1 1
air-cover/internal/adapters/http/api.gen.go:249.73,251.2 1 1
air-cover/internal/adapters/http/api.gen.go:255.71,257.2 1 1
air-cover/internal/adapters/http/api.gen.go:261.78,263.2 1 1
air-cover/internal/adapters/http/api.gen.go:267.79,269.2 1 1
air-cover/internal/adapters/http/api.gen.go:273.106,275.2 1 1
air-cover/internal/adapters/http/api.gen.go:279.74,281.2 1 1
air-cover/internal/adapters/http/api.gen.go:285.80,287.2 1 1
air-cover/internal/adapters/http/api.gen.go:29.56,30.11 1 1
air-cover/internal/adapters/http/api.gen.go:291.92,293.2 1 1
air-cover/internal/adapters/http/api.gen.go:297.91,299.2 1 1
air-cover/internal/adapters/http/api.gen.go:303.74,305.2 1 1
air-cover/internal/adapters/http/api.gen.go:309.89,311.2 1 1
air-cover/internal/adapters/http/api.gen.go:31.12,32.14 1 1
air-cover/internal/adapters/http/api.gen.go:315.84,317.2 1 1
air-cover/internal/adapters/http/api.gen.go:329.80,331.88 1 1
air-cover/internal/adapters/http/api.gen.go:33.14,34.14 1 1
air-cover/internal/adapters/http/api.gen.go:331.88,333.3 1 1
air-cover/internal/adapters/http/api.gen.go:335.2,335.52 1 1
air-cover/internal/adapters/http/api.gen.go:335.52,337.3 1 1
air-cover/internal/adapters/http/api.gen.go:339.2,339.25 1 1
air-cover/internal/adapters/http/api.gen.go:343.85,345.88 1 1
air-cover/internal/adapters/http/api.gen.go:345.88,347.3 1 1
air-cover/internal/adapters/http/api.gen.go:349.2,349.52 1 1
air-cover/internal/adapters/http/api.gen.go:349.52,351.3 1 0
air-cover/internal/adapters/http/api.gen.go:35.10,36.15 1 1
air-cover/internal/adapters/http/api.gen.go:353.2,353.25 1 1
air-cover/internal/adapters/http/api.gen.go:357.83,359.88 1 1
air-cover/internal/adapters/http/api.gen.go:359.88,361.3 1 1
air-cover/internal/adapters/http/api.gen.go:363.2,363.52 1 1
air-cover/internal/adapters/http/api.gen.go:363.52,365.3 1 1
air-cover/internal/adapters/http/api.gen.go:367.2,367.25 1 1
air-cover/internal/adapters/http/api.gen.go:371.90,373.88 1 1
air-cover/internal/adapters/http/api.gen.go:373.88,375.3 1 1
air-cover/internal/adapters/http/api.gen.go:377.2,377.52 1 1
air-cover/internal/adapters/http/api.gen.go:377.52,379.3 1 1
air-cover/internal/adapters/http/api.gen.go:381.2,381.25 1 1
air-cover/internal/adapters/http/api.gen.go:385.91,387.88 1 1
air-cover/internal/adapters/http/api.gen.go:387.88,389.3 1 1
air-cover/internal/adapters/http/api.gen.go:391.2,391.52 1 1
air-cover/internal/adapters/http/api.gen.go:391.52,393.3 1 1
air-cover/internal/adapters/http/api.gen.go:395.2,395.25 1 1
air-cover/internal/adapters/http/api.gen.go:399.90,408.64 3 1
air-cover/internal/adapters/http/api.gen.go:408.65,410.3 0 1
air-cover/internal/adapters/http/api.gen.go:410.8,413.3 2 1
air-cover/internal/adapters/http/api.gen.go:415.2,416.16 2 1
air-cover/internal/adapters/http/api.gen.go:416.16,419.3 2 0
air-cover/internal/adapters/http/api.gen.go:421.2,421.88 1 1
air-cover/internal/adapters/http/api.gen.go:421.88,423.3 1 1
air-cover/internal/adapters/http/api.gen.go:425.2,425.52 1 1
air-cover/internal/adapters/http/api.gen.go:425.52,427.3 1 0
air-cover/internal/adapters/http/api.gen.go:429.2,429.25 1 1
air-cover/internal/adapters/http/api.gen.go:433.86,435.88 1 1
air-cover/internal/adapters/http/api.gen.go:435.88,437.3 1 1
air-cover/internal/adapters/http/api.gen.go:439.2,439.52 1 1
air-cover/internal/adapters/http/api.gen.go:439.52,441.3 1 1
air-cover/internal/adapters/http/api.gen.go:443.2,443.25 1 1
air-cover/internal/adapters/http/api.gen.go:447.92,449.88 1 1
air-cover/internal/adapters/http/api.gen.go:449.88,451.3 1 1
air-cover/internal/adapters/http/api.gen.go:453.2,453.52 1 1
air-cover/internal/adapters/http/api.gen.go:453.52,455.3 1 1
air-cover/internal/adapters/http/api.gen.go:457.2,457.25 1 1
air-cover/internal/adapters/http/api.gen.go:461.96,469.16 4 1
air-cover/internal/adapters/http/api.gen.go:469.16,472.3 2 0
air-cover/internal/adapters/http/api.gen.go:47.49,48.11 1 0
air-cover/internal/adapters/http/api.gen.go:474.2,474.88 1 1
air-cover/internal/adapters/http/api.gen.go:474.88,476.3 1 1
air-cover/internal/adapters/http/api.gen.go:478.2,478.52 1 1
air-cover/internal/adapters/http/api.gen.go:478.52,480.3 1 1
air-cover/internal/adapters/http/api.gen.go:482.2,482.25 1 1
air-cover/internal/adapters/http/api.gen.go:486.95,494.16 4 1
air-cover/internal/adapters/http/api.gen.go:49.38,50.14 1 0
air-cover/internal/adapters/http/api.gen.go:494.16,497.3 2 0
air-cover/internal/adapters/http/api.gen.go:499.2,499.88 1 1
air-cover/internal/adapters/http/api.gen.go:499.88,501.3 1 1
air-cover/internal/adapters/http/api.gen.go:503.2,503.52 1 1
air-cover/internal/adapters/http/api.gen.go:503.52,505.3 1 1
air-cover/internal/adapters/http/api.gen.go:507.2,507.25 1 1
air-cover/internal/adapters/http/api.gen.go:51.39,52.14 1 0
air-cover/internal/adapters/http/api.gen.go:511.86,513.88 1 1
air-cover/internal/adapters/http/api.gen.go:513.88,515.3 1 1
air-cover/internal/adapters/http/api.gen.go:517.2,517.52 1 1
air-cover/internal/adapters/http/api.gen.go:517.52,519.3 1 0
air-cover/internal/adapters/http/api.gen.go:521.2,521.25 1 1
air-cover/internal/adapters/http/api.gen.go:525.101,527.88 1 0
air-cover/internal/adapters/http/api.gen.go:527.88,529.3 1 0
air-cover/internal/adapters/http/api.gen.go:53.10,54.15 1 0
air-cover/internal/adapters/http/api.gen.go:531.2,531.52 1 0
air-cover/internal/adapters/http/api.gen.go:531.52,533.3 1 0
air-cover/internal/adapters/http/api.gen.go:535.2,535.25 1 0
air-cover/internal/adapters/http/api.gen.go:539.88,547.16 4 1
air-cover/internal/adapters/http/api.gen.go:547.16,550.3 2 0
air-cover/internal/adapters/http/api.gen.go:552.2,552.88 1 1
air-cover/internal/adapters/http/api.gen.go:552.88,554.3 1 1
air-cover/internal/adapters/http/api.gen.go:556.2,556.52 1 1
air-cover/internal/adapters/http/api.gen.go:556.52,558.3 1 1
air-cover/internal/adapters/http/api.gen.go:560.2,560.25 1 1
air-cover/internal/adapters/http/api.gen.go:568.52,570.2 1 1
air-cover/internal/adapters/http/api.gen.go:572.52,574.2 1 1
air-cover/internal/adapters/http/api.gen.go:581.49,583.2 1 1
air-cover/internal/adapters/http/api.gen.go:585.49,587.2 1 1
air-cover/internal/adapters/http/api.gen.go:593.45,595.2 1 1
air-cover/internal/adapters/http/api.gen.go:602.46,604.2 1 1
air-cover/internal/adapters/http/api.gen.go:606.46,608.2 1 1
air-cover/internal/adapters/http/api.gen.go:615.50,617.2 1 1
air-cover/internal/adapters/http/api.gen.go:619.50,621.2 1 1
air-cover/internal/adapters/http/api.gen.go:628.53,630.2 1 1
air-cover/internal/adapters/http/api.gen.go:633.47,635.2 1 1
air-cover/internal/adapters/http/api.gen.go:645.68,649.2 1 1
air-cover/internal/adapters/http/api.gen.go:65.47,66.11 1 0
air-cover/internal/adapters/http/api.gen.go:651.95,656.2 1 1
air-cover/internal/adapters/http/api.gen.go:659.84,662.14 2 1
air-cover/internal/adapters/http/api.gen.go:662.14,664.3 1 1
air-cover/internal/adapters/http/api.gen.go:665.2,665.37 1 1
air-cover/internal/adapters/http/api.gen.go:665.37,666.86 1 1
air-cover/internal/adapters/http/api.gen.go:666.86,668.4 1 1
air-cover/internal/adapters/http/api.gen.go:67.36,68.14 1 0
air-cover/internal/adapters/http/api.gen.go:670.2,676.29 2 1
air-cover/internal/adapters/http/api.gen.go:676.29,678.3 1 1
air-cover/internal/adapters/http/api.gen.go:679.2,679.29 1 1
air-cover/internal/adapters/http/api.gen.go:679.29,681.3 1 1
air-cover/internal/adapters/http/api.gen.go:682.2,682.29 1 1
air-cover/internal/adapters/http/api.gen.go:682.29,684.3 1 1
air-cover/internal/adapters/http/api.gen.go:685.2,685.29 1 1
air-cover/internal/adapters/http/api.gen.go:685.29,687.3 1 1
air-cover/internal/adapters/http/api.gen.go:688.2,688.29 1 1
air-cover/internal/adapters/http/api.gen.go:688.29,690.3 1 1
air-cover/internal/adapters/http/api.gen.go:69.37,70.14 1 0
air-cover/internal/adapters/http/api.gen.go:691.2,691.29 1 1
air-cover/internal/adapters/http/api.gen.go:691.29,693.3 1 1
air-cover/internal/adapters/http/api.gen.go:694.2,694.29 1 1
air-cover/internal/adapters/http/api.gen.go:694.29,696.3 1 1
air-cover/internal/adapters/http/api.gen.go:697.2,697.29 1 1
air-cover/internal/adapters/http/api.gen.go:697.29,699.3 1 1
air-cover/internal/adapters/http/api.gen.go:700.2,700.29 1 1
air-cover/internal/adapters/http/api.gen.go:700.29,702.3 1 1
air-cover/internal/adapters/http/api.gen.go:703.2,703.29 1 1
air-cover/internal/adapters/http/api.gen.go:703.29,705.3 1 1
air-cover/internal/adapters/http/api.gen.go:706.2,706.29 1 1
air-cover/internal/adapters/http/api.gen.go:706.29,708.3 1 1
air-cover/internal/adapters/http/api.gen.go:709.2,709.29 1 1
air-cover/internal/adapters/http/api.gen.go:709.29,711.3 1 1
air-cover/internal/adapters/http/api.gen.go:71.10,72.15 1 0
air-cover/internal/adapters/http/api.gen.go:712.2,712.29 1 1
air-cover/internal/adapters/http/api.gen.go:712.29,714.3 1 1
air-cover/internal/adapters/http/api.gen.go:716.2,716.10 1 1
air-cover/internal/adapters/http/api.gen.go:746.35,748.16 2 1
air-cover/internal/adapters/http/api.gen.go:748.16,750.3 1 1
air-cover/internal/adapters/http/api.gen.go:751.2,752.16 2 1
air-cover/internal/adapters/http/api.gen.go:752.16,754.3 1 1
air-cover/internal/adapters/http/api.gen.go:755.2,757.16 3 1
air-cover/internal/adapters/http/api.gen.go:757.16,759.3 1 0
air-cover/internal/adapters/http/api.gen.go:761.2,761.25 1 1
air-cover/internal/adapters/http/api.gen.go:767.48,769.32 2 1
air-cover/internal/adapters/http/api.gen.go:769.32,771.3 1 1
air-cover/internal/adapters/http/api.gen.go:775.73,777.25 2 1
air-cover/internal/adapters/http/api.gen.go:777.25,779.3 1 1
air-cover/internal/adapters/http/api.gen.go:781.2,781.12 1 1
air-cover/internal/adapters/http/api.gen.go:789.52,794.87 4 1
air-cover/internal/adapters/http/api.gen.go:794.87,798.10 4 0
air-cover/internal/adapters/http/api.gen.go:798.10,801.4 2 0
air-cover/internal/adapters/http/api.gen.go:802.3,802.19 1 0
air-cover/internal/adapters/http/api.gen.go:804.2,806.16 3 1
air-cover/internal/adapters/http/api.gen.go:806.16,808.3 1 1
air-cover/internal/adapters/http/api.gen.go:809.2,810.16 2 1
air-cover/internal/adapters/http/api.gen.go:810.16,812.3 1 0
air-cover/internal/adapters/http/api.gen.go:813.2,813.8 1 1
air-cover/internal/adapters/http/api.gen.go:83.56,84.11 1 0
air-cover/internal/adapters/http/api.gen.go:85.13,86.14 1 0
air-cover/internal/adapters/http/api.gen.go:87.12,88.14 1 0
air-cover/internal/adapters/http/api.gen.go:89.10,90.15 1 0
air-cover/internal/adapters/http/auth.go:101.93,102.20 1 1
air-cover/internal/adapters/http/auth.go:102.20,105.3 2 1
air-cover/internal/adapters/http/auth.go:107.2,111.16 4 1
air-cover/internal/adapters/http/auth.go:111.16,113.50 2 1
air-cover/internal/adapters/http/auth.go:113.50,115.4 1 1
air-cover/internal/adapters/http/auth.go:115.9,117.4 1 1
air-cover/internal/adapters/http/auth.go:118.3,118.9 1 1
air-cover/internal/adapters/http/auth.go:121.2,123.44 2 1
air-cover/internal/adapters/http/auth.go:126.76,128.9 2 1
air-cover/internal/adapters/http/auth.go:128.9,131.3 2 1
air-cover/internal/adapters/http/auth.go:133.2,134.51 2 1
air-cover/internal/adapters/http/auth.go:134.51,138.3 3 1
air-cover/internal/adapters/http/auth.go:140.2,142.44 2 1
air-cover/internal/adapters/http/auth.go:153.70,154.71 1 1
air-cover/internal/adapters/http/auth.go:154.71,156.17 2 1
air-cover/internal/adapters/http/auth.go:156.17,159.4 2 1
air-cover/internal/adapters/http/auth.go:161.3,163.17 3 1
air-cover/internal/adapters/http/auth.go:163.17,166.4 2 1
air-cover/internal/adapters/http/auth.go:168.3,171.40 4 1
air-cover/internal/adapters/http/auth.go:175.90,176.31 1 1
air-cover/internal/adapters/http/auth.go:176.31,178.3 1 1
air-cover/internal/adapters/http/auth.go:179.2,180.19 2 1
air-cover/internal/adapters/http/auth.go:183.44,184.31 1 1
air-cover/internal/adapters/http/auth.go:184.31,186.3 1 1
air-cover/internal/adapters/http/auth.go:187.2,188.9 2 1
air-cover/internal/adapters/http/auth.go:188.9,190.3 1 1
air-cover/internal/adapters/http/auth.go:191.2,191.46 1 1
air-cover/internal/adapters/http/auth.go:194.44,195.66 1 1
air-cover/internal/adapters/http/auth.go:195.66,197.3 1 1
air-cover/internal/adapters/http/auth.go:198.2,198.15 1 1
air-cover/internal/adapters/http/auth.go:201.98,211.2 1 1
air-cover/internal/adapters/http/auth.go:213.65,223.2 1 1
air-cover/internal/adapters/http/auth.go:225.44,227.2 1 1
air-cover/internal/adapters/http/auth.go:229.68,230.71 1 1
air-cover/internal/adapters/http/auth.go:230.71,232.38 2 1
air-cover/internal/adapters/http/auth.go:232.38,235.4 2 1
air-cover/internal/adapters/http/auth.go:236.3,236.23 1 1
air-cover/internal/adapters/http/auth.go:240.105,241.66 1 1
air-cover/internal/adapters/http/auth.go:241.66,244.3 2 1
air-cover/internal/adapters/http/auth.go:245.2,245.44 1 1
air-cover/internal/adapters/http/auth.go:35.55,39.2 3 1
air-cover/internal/adapters/http/auth.go:41.75,47.56 4 1
air-cover/internal/adapters/http/auth.go:47.56,49.62 2 1
air-cover/internal/adapters/http/auth.go:49.62,52.4 2 1
air-cover/internal/adapters/http/auth.go:53.3,53.31 1 1
air-cover/internal/adapters/http/auth.go:54.8,55.39 1 1
air-cover/internal/adapters/http/auth.go:55.39,58.4 2 1
air-cover/internal/adapters/http/auth.go:59.3,59.34 1 1
air-cover/internal/adapters/http/auth.go:62.2,62.20 1 1
air-cover/internal/adapters/http/auth.go:62.20,65.3 2 1
air-cover/internal/adapters/http/auth.go:67.2,71.46 3 1
air-cover/internal/adapters/http/auth.go:71.46,73.4 1 1
air-cover/internal/adapters/http/auth.go:75.16,76.44 1 1
air-cover/internal/adapters/http/auth.go:75.2,75.16 1 1
air-cover/internal/adapters/http/auth.go:76.44,80.4 3 1
air-cover/internal/adapters/http/auth.go:81.3,83.9 3 1
air-cover/internal/adapters/http/auth.go:86.2,86.76 1 1
air-cover/internal/adapters/http/auth.go:89.97,91.56 2 1
air-cover/internal/adapters/http/auth.go:91.56,96.3 4 1
air-cover/internal/adapters/http/auth.go:98.2,98.62 1 1
air-cover/internal/adapters/http/errors.go:10.59,11.9 1 1
air-cover/internal/adapters/http/errors.go:12.45,13.50 1 1
air-cover/internal/adapters/http/errors.go:14.45,15.49 1 1
air-cover/internal/adapters/http/errors.go:16.46,17.51 1 1
air-cover/internal/adapters/http/errors.go:18.44,19.58 1 1
air-cover/internal/adapters/http/errors.go:20.10,21.15 1 1
air-cover/internal/adapters/http/errors.go:23.2,23.13 1 1
air-cover/internal/adapters/http/handler.go:39.94,45.2 1 1
air-cover/internal/adapters/http/handler.go:47.74,48.19 1 1
air-cover/internal/adapters/http/handler.go:48.19,50.3 1 1
air-cover/internal/adapters/http/handler.go:51.2,51.47 1 1
air-cover/internal/adapters/http/handler.go:56.62,57.82 1 1
air-cover/internal/adapters/http/handler.go:57.82,58.51 1 1
air-cover/internal/adapters/http/handler.go:58.51,61.4 2 1
air-cover/internal/adapters/http/handler.go:63.3,63.27 1 1
air-cover/internal/adapters/http/handler.go:66.108,68.3 1 1
air-cover/internal/adapters/http/handler.go:66.2,66.108 1 1
air-cover/internal/adapters/http/handler.go:73.72,75.2 1 1
air-cover/internal/adapters/http/handler.go:79.73,81.2 1 1
air-cover/internal/adapters/http/handler.go:85.100,87.2 1 1
air-cover/internal/adapters/http/handler.go:91.68,94.16 3 1
air-cover/internal/adapters/http/handler.go:94.16,96.3 1 1
air-cover/internal/adapters/http/presenter/presenter.go:13.102,15.2 1 1
air-cover/internal/adapters/http/presenter/presenter.go:17.72,19.26 2 1
air-cover/internal/adapters/http/presenter/presenter.go:19.26,28.3 1 1
air-cover/internal/adapters/http/presenter/presenter.go:29.2,29.14 1 1
air-cover/internal/adapters/http/presenter/presenter.go:32.83,34.29 2 1
air-cover/internal/adapters/http/presenter/presenter.go:34.29,51.3 2 1
air-cover/internal/adapters/http/presenter/presenter.go:52.2,52.14 1 1
air-cover/internal/adapters/http/presenter/presenter.go:55.52,56.26 1 1
air-cover/internal/adapters/http/presenter/presenter.go:56.26,58.3 1 1
air-cover/internal/adapters/http/presenter/presenter.go:59.2,64.31 6 1
air-cover/internal/adapters/http/subrequest_handlers.go:102.2,103.9 2 1
air-cover/internal/adapters/http/subrequest_handlers.go:103.9,105.3 1 1
air-cover/internal/adapters/http/subrequest_handlers.go:107.110,108.28 1 1
air-cover/internal/adapters/http/subrequest_handlers.go:107.2,107.110 1 1
air-cover/internal/adapters/http/subrequest_handlers.go:108.28,110.4 1 1
air-cover/internal/adapters/http/subrequest_handlers.go:111.3,113.9 3 1
air-cover/internal/adapters/http/subrequest_handlers.go:116.2,116.37 1 1
air-cover/internal/adapters/http/subrequest_handlers.go:119.108,122.38 2 1
air-cover/internal/adapters/http/subrequest_handlers.go:122.38,126.3 3 1
air-cover/internal/adapters/http/subrequest_handlers.go:128.2,130.16 3 1
air-cover/internal/adapters/http/subrequest_handlers.go:130.16,134.3 3 1
air-cover/internal/adapters/http/subrequest_handlers.go:136.2,138.16 3 1
air-cover/internal/adapters/http/subrequest_handlers.go:138.16,142.3 3 1
air-cover/internal/adapters/http/subrequest_handlers.go:144.2,146.16 3 1
air-cover/internal/adapters/http/subrequest_handlers.go:146.16,150.3 3 1
air-cover/internal/adapters/http/subrequest_handlers.go:152.2,157.9 1 1
air-cover/internal/adapters/http/subrequest_handlers.go:18.65,21.16 3 1
air-cover/internal/adapters/http/subrequest_handlers.go:21.16,23.28 2 1
air-cover/internal/adapters/http/subrequest_handlers.go:23.28,25.4 1 1
air-cover/internal/adapters/http/subrequest_handlers.go:26.3,26.48 1 1
air-cover/internal/adapters/http/subrequest_handlers.go:26.48,28.4 1 1
air-cover/internal/adapters/http/subrequest_handlers.go:28.9,30.4 1 1
air-cover/internal/adapters/http/subrequest_handlers.go:31.3,31.9 1 1
air-cover/internal/adapters/http/subrequest_handlers.go:34.2,35.129 2 1
air-cover/internal/adapters/http/subrequest_handlers.go:35.129,37.3 1 1
air-cover/internal/adapters/http/subrequest_handlers.go:42.74,44.9 2 1
air-cover/internal/adapters/http/subrequest_handlers.go:44.9,46.3 1 1
air-cover/internal/adapters/http/subrequest_handlers.go:48.2,49.9 2 1
air-cover/internal/adapters/http/subrequest_handlers.go:49.9,52.3 2 1
air-cover/internal/adapters/http/subrequest_handlers.go:54.2,54.73 1 1
air-cover/internal/adapters/http/subrequest_handlers.go:54.73,55.28 1 1
air-cover/internal/adapters/http/subrequest_handlers.go:55.28,57.4 1 1
air-cover/internal/adapters/http/subrequest_handlers.go:58.3,58.48 1 1
air-cover/internal/adapters/http/subrequest_handlers.go:58.48,62.4 3 1
air-cover/internal/adapters/http/subrequest_handlers.go:63.3,65.9 3 1
air-cover/internal/adapters/http/subrequest_handlers.go:68.2,68.50 1 1
air-cover/internal/adapters/http/subrequest_handlers.go:73.86,75.9 2 1
air-cover/internal/adapters/http/subrequest_handlers.go:75.9,77.3 1 1
air-cover/internal/adapters/http/subrequest_handlers.go:78.2,78.70 1 1
air-cover/internal/adapters/http/subrequest_handlers.go:78.70,79.28 1 1
air-cover/internal/adapters/http/subrequest_handlers.go:79.28,81.4 1 1
air-cover/internal/adapters/http/subrequest_handlers.go:82.3,84.9 3 1
air-cover/internal/adapters/http/subrequest_handlers.go:87.2,87.37 1 1
air-cover/internal/adapters/http/subrequest_handlers.go:92.85,97.61 2 1
air-cover/internal/adapters/http/subrequest_handlers.go:97.61,100.3 2 1
air-cover/internal/adapters/http/ui/admin_templ.go:100.35,102.7 1 0
air-cover/internal/adapters/http/ui/admin_templ.go:103.6,105.35 3 1
air-cover/internal/adapters/http/ui/admin_templ.go:105.35,107.7 1 0
air-cover/internal/adapters/http/ui/admin_templ.go:108.6,109.35 2 1
air-cover/internal/adapters/http/ui/admin_templ.go:109.35,111.7 1 0
air-cover/internal/adapters/http/ui/admin_templ.go:112.6,113.35 2 1
air-cover/internal/adapters/http/ui/admin_templ.go:113.35,115.7 1 0
air-cover/internal/adapters/http/ui/admin_templ.go:116.6,118.35 3 1
air-cover/internal/adapters/http/ui/admin_templ.go:118.35,120.7 1 0
air-cover/internal/adapters/http/ui/admin_templ.go:121.6,122.35 2 1
air-cover/internal/adapters/http/ui/admin_templ.go:122.35,124.7 1 0
air-cover/internal/adapters/http/ui/admin_templ.go:125.6,126.35 2 1
air-cover/internal/adapters/http/ui/admin_templ.go:126.35,128.7 1 0
air-cover/internal/adapters/http/ui/admin_templ.go:129.24,132.36 3 1
air-cover/internal/adapters/http/ui/admin_templ.go:129.6,129.24 1 1
air-cover/internal/adapters/http/ui/admin_templ.go:13.60,14.131 1 1
air-cover/internal/adapters/http/ui/admin_templ.go:132.36,134.8 1 0
air-cover/internal/adapters/http/ui/admin_templ.go:135.7,136.36 2 1
air-cover/internal/adapters/http/ui/admin_templ.go:136.36,138.8 1 0
air-cover/internal/adapters/http/ui/admin_templ.go:139.7,141.36 3 1
air-cover/internal/adapters/http/ui/admin_templ.go:14.131,16.71 2 1
air-cover/internal/adapters/http/ui/admin_templ.go:141.36,143.8 1 0
air-cover/internal/adapters/http/ui/admin_templ.go:144.7,145.36 2 1
air-cover/internal/adapters/http/ui/admin_templ.go:145.36,147.8 1 0
air-cover/internal/adapters/http/ui/admin_templ.go:148.7,149.36 2 1
air-cover/internal/adapters/http/ui/admin_templ.go:149.36,151.8 1 0
air-cover/internal/adapters/http/ui/admin_templ.go:152.7,154.36 3 1
air-cover/internal/adapters/http/ui/admin_templ.go:154.36,156.8 1 0
air-cover/internal/adapters/http/ui/admin_templ.go:157.7,158.36 2 1
air-cover/internal/adapters/http/ui/admin_templ.go:158.36,160.8 1 0
air-cover/internal/adapters/http/ui/admin_templ.go:16.71,18.4 1 0
air-cover/internal/adapters/http/ui/admin_templ.go:161.7,162.36 2 1
air-cover/internal/adapters/http/ui/admin_templ.go:162.36,164.8 1 0
air-cover/internal/adapters/http/ui/admin_templ.go:166.6,167.35 2 1
air-cover/internal/adapters/http/ui/admin_templ.go:167.35,169.7 1 0
air-cover/internal/adapters/http/ui/admin_templ.go:170.28,172.36 2 1
air-cover/internal/adapters/http/ui/admin_templ.go:170.6,170.28 1 1
air-cover/internal/adapters/http/ui/admin_templ.go:172.36,174.8 1 0
air-cover/internal/adapters/http/ui/admin_templ.go:175.7,177.36 3 1
air-cover/internal/adapters/http/ui/admin_templ.go:177.36,179.8 1 0
air-cover/internal/adapters/http/ui/admin_templ.go:180.7,181.36 2 1
air-cover/internal/adapters/http/ui/admin_templ.go:181.36,183.8 1 0
air-cover/internal/adapters/http/ui/admin_templ.go:184.7,185.36 2 1
air-cover/internal/adapters/http/ui/admin_templ.go:185.36,187.8 1 0
air-cover/internal/adapters/http/ui/admin_templ.go:188.7,190.36 3 1
air-cover/internal/adapters/http/ui/admin_templ.go:19.3,20.31 2 1
air-cover/internal/adapters/http/ui/admin_templ.go:190.36,192.8 1 0
air-cover/internal/adapters/http/ui/admin_templ.go:193.7,194.36 2 1
air-cover/internal/adapters/http/ui/admin_templ.go:194.36,196.8 1 0
air-cover/internal/adapters/http/ui/admin_templ.go:197.7,198.36 2 1
air-cover/internal/adapters/http/ui/admin_templ.go:198.36,200.8 1 0
air-cover/internal/adapters/http/ui/admin_templ.go:20.31,21.17 1 1
air-cover/internal/adapters/http/ui/admin_templ.go:201.7,203.36 3 1
air-cover/internal/adapters/http/ui/admin_templ.go:203.36,205.8 1 0
air-cover/internal/adapters/http/ui/admin_templ.go:206.7,207.36 2 1
air-cover/internal/adapters/http/ui/admin_templ.go:207.36,209.8 1 0
air-cover/internal/adapters/http/ui/admin_templ.go:21.17,23.34 2 1
air-cover/internal/adapters/http/ui/admin_templ.go:210.7,212.36 3 1
air-cover/internal/adapters/http/ui/admin_templ.go:212.36,214.8 1 0
air-cover/internal/adapters/http/ui/admin_templ.go:215.7,216.36 2 1
air-cover/internal/adapters/http/ui/admin_templ.go:216.36,218.8 1 0
air-cover/internal/adapters/http/ui/admin_templ.go:219.7,220.36 2 1
air-cover/internal/adapters/http/ui/admin_templ.go:220.36,222.8 1 0
air-cover/internal/adapters/http/ui/admin_templ.go:223.25,225.37 2 1
air-cover/internal/adapters/http/ui/admin_templ.go:223.7,223.25 1 1
air-cover/internal/adapters/http/ui/admin_templ.go:225.37,227.9 1 0
air-cover/internal/adapters/http/ui/admin_templ.go:228.13,230.37 2 1
air-cover/internal/adapters/http/ui/admin_templ.go:23.34,25.6 1 1
air-cover/internal/adapters/http/ui/admin_templ.go:230.37,232.9 1 0
air-cover/internal/adapters/http/ui/admin_templ.go:234.7,235.36 2 1
air-cover/internal/adapters/http/ui/admin_templ.go:235.36,237.8 1 0
air-cover/internal/adapters/http/ui/admin_templ.go:238.25,240.37 2 1
air-cover/internal/adapters/http/ui/admin_templ.go:238.7,238.25 1 1
air-cover/internal/adapters/http/ui/admin_templ.go:240.37,242.9 1 0
air-cover/internal/adapters/http/ui/admin_templ.go:243.8,245.37 3 1
air-cover/internal/adapters/http/ui/admin_templ.go:245.37,247.9 1 0
air-cover/internal/adapters/http/ui/admin_templ.go:248.8,249.37 2 1
air-cover/internal/adapters/http/ui/admin_templ.go:249.37,251.9 1 0
air-cover/internal/adapters/http/ui/admin_templ.go:252.8,253.37 2 1
air-cover/internal/adapters/http/ui/admin_templ.go:253.37,255.9 1 0
air-cover/internal/adapters/http/ui/admin_templ.go:256.32,258.38 2 0
air-cover/internal/adapters/http/ui/admin_templ.go:256.8,256.32 1 1
air-cover/internal/adapters/http/ui/admin_templ.go:258.38,260.10 1 0
air-cover/internal/adapters/http/ui/admin_templ.go:261.14,263.38 2 1
air-cover/internal/adapters/http/ui/admin_templ.go:263.38,265.10 1 0
air-cover/internal/adapters/http/ui/admin_templ.go:267.8,268.37 2 1
air-cover/internal/adapters/http/ui/admin_templ.go:268.37,270.9 1 0
air-cover/internal/adapters/http/ui/admin_templ.go:271.32,274.38 3 0
air-cover/internal/adapters/http/ui/admin_templ.go:271.8,271.32 1 1
air-cover/internal/adapters/http/ui/admin_templ.go:274.38,276.10 1 0
air-cover/internal/adapters/http/ui/admin_templ.go:277.9,278.38 2 0
air-cover/internal/adapters/http/ui/admin_templ.go:278.38,280.10 1 0
air-cover/internal/adapters/http/ui/admin_templ.go:28.3,30.33 3 1
air-cover/internal/adapters/http/ui/admin_templ.go:281.14,284.38 3 1
air-cover/internal/adapters/http/ui/admin_templ.go:284.38,286.10 1 0
air-cover/internal/adapters/http/ui/admin_templ.go:287.9,288.38 2 1
air-cover/internal/adapters/http/ui/admin_templ.go:288.38,290.10 1 0
air-cover/internal/adapters/http/ui/admin_templ.go:292.8,293.37 2 1
air-cover/internal/adapters/http/ui/admin_templ.go:293.37,295.9 1 0
air-cover/internal/adapters/http/ui/admin_templ.go:298.6,299.35 2 1
air-cover/internal/adapters/http/ui/admin_templ.go:299.35,301.7 1 0
air-cover/internal/adapters/http/ui/admin_templ.go:30.33,32.4 1 0
air-cover/internal/adapters/http/ui/admin_templ.go:303.5,304.34 2 1
air-cover/internal/adapters/http/ui/admin_templ.go:304.34,306.6 1 0
air-cover/internal/adapters/http/ui/admin_templ.go:308.4,309.33 2 1
air-cover/internal/adapters/http/ui/admin_templ.go:309.33,311.5 1 0
air-cover/internal/adapters/http/ui/admin_templ.go:312.4,312.14 1 1
air-cover/internal/adapters/http/ui/admin_templ.go:314.3,315.32 2 1
air-cover/internal/adapters/http/ui/admin_templ.go:315.32,317.4 1 0
air-cover/internal/adapters/http/ui/admin_templ.go:318.3,318.13 1 1
air-cover/internal/adapters/http/ui/admin_templ.go:33.3,34.148 2 1
air-cover/internal/adapters/http/ui/admin_templ.go:34.148,37.32 3 1
air-cover/internal/adapters/http/ui/admin_templ.go:37.32,38.18 1 0
air-cover/internal/adapters/http/ui/admin_templ.go:38.18,40.35 2 0
air-cover/internal/adapters/http/ui/admin_templ.go:40.35,42.7 1 0
air-cover/internal/adapters/http/ui/admin_templ.go:45.4,47.33 3 1
air-cover/internal/adapters/http/ui/admin_templ.go:47.33,49.5 1 0
air-cover/internal/adapters/http/ui/admin_templ.go:50.4,51.33 2 1
air-cover/internal/adapters/http/ui/admin_templ.go:51.33,53.5 1 0
air-cover/internal/adapters/http/ui/admin_templ.go:54.4,55.33 2 1
air-cover/internal/adapters/http/ui/admin_templ.go:55.33,57.5 1 0
air-cover/internal/adapters/http/ui/admin_templ.go:58.4,59.33 2 1
air-cover/internal/adapters/http/ui/admin_templ.go:59.33,61.5 1 0
air-cover/internal/adapters/http/ui/admin_templ.go:62.149,65.33 3 1
air-cover/internal/adapters/http/ui/admin_templ.go:62.4,62.149 1 1
air-cover/internal/adapters/http/ui/admin_templ.go:65.33,66.19 1 0
air-cover/internal/adapters/http/ui/admin_templ.go:66.19,68.36 2 0
air-cover/internal/adapters/http/ui/admin_templ.go:68.36,70.8 1 0
air-cover/internal/adapters/http/ui/admin_templ.go:73.5,75.34 3 1
air-cover/internal/adapters/http/ui/admin_templ.go:75.34,77.6 1 0
air-cover/internal/adapters/http/ui/admin_templ.go:78.5,78.15 1 1
air-cover/internal/adapters/http/ui/admin_templ.go:80.4,81.33 2 1
air-cover/internal/adapters/http/ui/admin_templ.go:81.33,83.5 1 0
air-cover/internal/adapters/http/ui/admin_templ.go:84.4,85.33 2 1
air-cover/internal/adapters/http/ui/admin_templ.go:85.33,87.5 1 0
air-cover/internal/adapters/http/ui/admin_templ.go:88.23,90.34 2 1
air-cover/internal/adapters/http/ui/admin_templ.go:88.4,88.23 1 1
air-cover/internal/adapters/http/ui/admin_templ.go:90.34,92.6 1 0
air-cover/internal/adapters/http/ui/admin_templ.go:93.10,95.34 2 1
air-cover/internal/adapters/http/ui/admin_templ.go:95.34,97.6 1 0
air-cover/internal/adapters/http/ui/admin_templ.go:98.32,100.35 2 1
air-cover/internal/adapters/http/ui/admin_templ.go:98.5,98.32 1 1
air-cover/internal/adapters/http/ui/authenticated_templ.go:101.23,103.34 2 1
air-cover/internal/adapters/http/ui/authenticated_templ.go:101.4,101.23 1 1
air-cover/internal/adapters/http/ui/authenticated_templ.go:103.34,105.6 1 0
air-cover/internal/adapters/http/ui/authenticated_templ.go:106.10,108.34 2 1
air-cover/internal/adapters/http/ui/authenticated_templ.go:108.34,110.6 1 0
air-cover/internal/adapters/http/ui/authenticated_templ.go:111.32,113.35 2 1
air-cover/internal/adapters/http/ui/authenticated_templ.go:111.5,111.32 1 1
air-cover/internal/adapters/http/ui/authenticated_templ.go:113.35,115.7 1 0
air-cover/internal/adapters/http/ui/authenticated_templ.go:116.6,118.35 3 1
air-cover/internal/adapters/http/ui/authenticated_templ.go:118.35,120.7 1 0
air-cover/internal/adapters/http/ui/authenticated_templ.go:121.6,122.35 2 1
air-cover/internal/adapters/http/ui/authenticated_templ.go:122.35,124.7 1 0
air-cover/internal/adapters/http/ui/authenticated_templ.go:125.6,126.35 2 1
air-cover/internal/adapters/http/ui/authenticated_templ.go:126.35,128.7 1 0
air-cover/internal/adapters/http/ui/authenticated_templ.go:129.26,132.36 3 1
air-cover/internal/adapters/http/ui/authenticated_templ.go:129.6,129.26 1 1
air-cover/internal/adapters/http/ui/authenticated_templ.go:132.36,134.8 1 0
air-cover/internal/adapters/http/ui/authenticated_templ.go:135.7,136.36 2 1
air-cover/internal/adapters/http/ui/authenticated_templ.go:136.36,138.8 1 0
air-cover/internal/adapters/http/ui/authenticated_templ.go:139.12,142.36 3 1
air-cover/internal/adapters/http/ui/authenticated_templ.go:142.36,144.8 1 0
air-cover/internal/adapters/http/ui/authenticated_templ.go:145.7,146.36 2 1
air-cover/internal/adapters/http/ui/authenticated_templ.go:146.36,148.8 1 0
air-cover/internal/adapters/http/ui/authenticated_templ.go:150.6,151.35 2 1
air-cover/internal/adapters/http/ui/authenticated_templ.go:151.35,153.7 1 0
air-cover/internal/adapters/http/ui/authenticated_templ.go:156.4,157.33 2 1
air-cover/internal/adapters/http/ui/authenticated_templ.go:157.33,159.5 1 0
air-cover/internal/adapters/http/ui/authenticated_templ.go:16.139,17.131 1 1
air-cover/internal/adapters/http/ui/authenticated_templ.go:160.4,162.33 3 1
air-cover/internal/adapters/http/ui/authenticated_templ.go:162.33,164.5 1 0
air-cover/internal/adapters/http/ui/authenticated_templ.go:165.4,166.33 2 1
air-cover/internal/adapters/http/ui/authenticated_templ.go:166.33,168.5 1 0
air-cover/internal/adapters/http/ui/authenticated_templ.go:169.4,170.33 2 1
air-cover/internal/adapters/http/ui/authenticated_templ.go:17.131,19.71 2 1
air-cover/internal/adapters/http/ui/authenticated_templ.go:170.33,172.5 1 0
air-cover/internal/adapters/http/ui/authenticated_templ.go:173.26,175.34 2 1
air-cover/internal/adapters/http/ui/authenticated_templ.go:173.4,173.26 1 1
air-cover/internal/adapters/http/ui/authenticated_templ.go:175.34,177.6 1 0
air-cover/internal/adapters/http/ui/authenticated_templ.go:178.10,180.34 2 1
air-cover/internal/adapters/http/ui/authenticated_templ.go:180.34,182.6 1 0
air-cover/internal/adapters/http/ui/authenticated_templ.go:184.4,185.33 2 1
air-cover/internal/adapters/http/ui/authenticated_templ.go:185.33,187.5 1 0
air-cover/internal/adapters/http/ui/authenticated_templ.go:188.21,190.34 2 1
air-cover/internal/adapters/http/ui/authenticated_templ.go:188.4,188.21 1 1
air-cover/internal/adapters/http/ui/authenticated_templ.go:19.71,21.4 1 0
air-cover/internal/adapters/http/ui/authenticated_templ.go:190.34,192.6 1 0
air-cover/internal/adapters/http/ui/authenticated_templ.go:193.5,194.34 2 1
air-cover/internal/adapters/http/ui/authenticated_templ.go:194.34,196.6 1 0
air-cover/internal/adapters/http/ui/authenticated_templ.go:197.5,198.34 2 1
air-cover/internal/adapters/http/ui/authenticated_templ.go:198.34,200.6 1 0
air-cover/internal/adapters/http/ui/authenticated_templ.go:202.4,203.33 2 1
air-cover/internal/adapters/http/ui/authenticated_templ.go:203.33,205.5 1 0
air-cover/internal/adapters/http/ui/authenticated_templ.go:206.4,206.14 1 1
air-cover/internal/adapters/http/ui/authenticated_templ.go:208.3,209.32 2 1
air-cover/internal/adapters/http/ui/authenticated_templ.go:209.32,211.4 1 0
air-cover/internal/adapters/http/ui/authenticated_templ.go:212.3,212.13 1 1
air-cover/internal/adapters/http/ui/authenticated_templ.go:216.68,217.131 1 1
air-cover/internal/adapters/http/ui/authenticated_templ.go:217.131,219.71 2 1
air-cover/internal/adapters/http/ui/authenticated_templ.go:219.71,221.4 1 0
air-cover/internal/adapters/http/ui/authenticated_templ.go:22.3,23.31 2 1
air-cover/internal/adapters/http/ui/authenticated_templ.go:222.3,223.31 2 1
air-cover/internal/adapters/http/ui/authenticated_templ.go:223.31,224.17 1 1
air-cover/internal/adapters/http/ui/authenticated_templ.go:224.17,226.34 2 1
air-cover/internal/adapters/http/ui/authenticated_templ.go:226.34,228.6 1 1
air-cover/internal/adapters/http/ui/authenticated_templ.go:23.31,24.17 1 1
air-cover/internal/adapters/http/ui/authenticated_templ.go:231.3,233.33 3 1
air-cover/internal/adapters/http/ui/authenticated_templ.go:233.33,235.4 1 0
air-cover/internal/adapters/http/ui/authenticated_templ.go:236.3,238.32 3 1
air-cover/internal/adapters/http/ui/authenticated_templ.go:238.32,240.4 1 0
air-cover/internal/adapters/http/ui/authenticated_templ.go:24.17,26.34 2 1
air-cover/internal/adapters/http/ui/authenticated_templ.go:241.3,241.35 1 1
air-cover/internal/adapters/http/ui/authenticated_templ.go:241.35,243.33 2 1
air-cover/internal/adapters/http/ui/authenticated_templ.go:243.33,245.5 1 0
air-cover/internal/adapters/http/ui/authenticated_templ.go:246.4,248.33 3 1
air-cover/internal/adapters/http/ui/authenticated_templ.go:248.33,250.5 1 0
air-cover/internal/adapters/http/ui/authenticated_templ.go:251.4,252.33 2 1
air-cover/internal/adapters/http/ui/authenticated_templ.go:252.33,254.5 1 0
air-cover/internal/adapters/http/ui/authenticated_templ.go:255.4,257.33 3 1
air-cover/internal/adapters/http/ui/authenticated_templ.go:257.33,259.5 1 0
air-cover/internal/adapters/http/ui/authenticated_templ.go:26.34,28.6 1 1
air-cover/internal/adapters/http/ui/authenticated_templ.go:260.4,261.33 2 1
air-cover/internal/adapters/http/ui/authenticated_templ.go:261.33,263.5 1 0
air-cover/internal/adapters/http/ui/authenticated_templ.go:264.4,265.33 2 1
air-cover/internal/adapters/http/ui/authenticated_templ.go:265.33,267.5 1 0
air-cover/internal/adapters/http/ui/authenticated_templ.go:268.4,270.33 3 1
air-cover/internal/adapters/http/ui/authenticated_templ.go:270.33,272.5 1 0
air-cover/internal/adapters/http/ui/authenticated_templ.go:273.4,274.33 2 1
air-cover/internal/adapters/http/ui/authenticated_templ.go:274.33,276.5 1 0
air-cover/internal/adapters/http/ui/authenticated_templ.go:277.4,278.33 2 1
air-cover/internal/adapters/http/ui/authenticated_templ.go:278.33,280.5 1 0
air-cover/internal/adapters/http/ui/authenticated_templ.go:281.4,283.33 3 1
air-cover/internal/adapters/http/ui/authenticated_templ.go:283.33,285.5 1 0
air-cover/internal/adapters/http/ui/authenticated_templ.go:286.4,287.33 2 1
air-cover/internal/adapters/http/ui/authenticated_templ.go:287.33,289.5 1 0
air-cover/internal/adapters/http/ui/authenticated_templ.go:290.4,291.33 2 1
air-cover/internal/adapters/http/ui/authenticated_templ.go:291.33,293.5 1 0
air-cover/internal/adapters/http/ui/authenticated_templ.go:294.4,296.33 3 1
air-cover/internal/adapters/http/ui/authenticated_templ.go:296.33,298.5 1 0
air-cover/internal/adapters/http/ui/authenticated_templ.go:299.4,300.33 2 1
air-cover/internal/adapters/http/ui/authenticated_templ.go:300.33,302.5 1 0
air-cover/internal/adapters/http/ui/authenticated_templ.go:303.4,304.33 2 1
air-cover/internal/adapters/http/ui/authenticated_templ.go:304.33,306.5 1 0
air-cover/internal/adapters/http/ui/authenticated_templ.go:307.4,309.33 3 1
air-cover/internal/adapters/http/ui/authenticated_templ.go:309.33,311.5 1 0
air-cover/internal/adapters/http/ui/authenticated_templ.go:31.3,33.33 3 1
air-cover/internal/adapters/http/ui/authenticated_templ.go:312.4,313.33 2 1
air-cover/internal/adapters/http/ui/authenticated_templ.go:313.33,315.5 1 0
air-cover/internal/adapters/http/ui/authenticated_templ.go:316.4,317.33 2 1
air-cover/internal/adapters/http/ui/authenticated_templ.go:317.33,319.5 1 0
air-cover/internal/adapters/http/ui/authenticated_templ.go:320.21,323.34 2 1
air-cover/internal/adapters/http/ui/authenticated_templ.go:320.4,320.21 1 1
air-cover/internal/adapters/http/ui/authenticated_templ.go:323.34,325.6 1 0
air-cover/internal/adapters/http/ui/authenticated_templ.go:326.5,327.34 2 1
air-cover/internal/adapters/http/ui/authenticated_templ.go:327.34,329.6 1 0
air-cover/internal/adapters/http/ui/authenticated_templ.go:33.33,35.4 1 0
air-cover/internal/adapters/http/ui/authenticated_templ.go:330.5,333.34 3 1
air-cover/internal/adapters/http/ui/authenticated_templ.go:333.34,335.6 1 0
air-cover/internal/adapters/http/ui/authenticated_templ.go:336.5,337.34 2 1
air-cover/internal/adapters/http/ui/authenticated_templ.go:337.34,339.6 1 0
air-cover/internal/adapters/http/ui/authenticated_templ.go:341.19,345.34 2 1
air-cover/internal/adapters/http/ui/authenticated_templ.go:341.4,341.19 1 1
air-cover/internal/adapters/http/ui/authenticated_templ.go:345.34,347.6 1 0
air-cover/internal/adapters/http/ui/authenticated_templ.go:348.5,349.34 2 1
air-cover/internal/adapters/http/ui/authenticated_templ.go:349.34,351.6 1 0
air-cover/internal/adapters/http/ui/authenticated_templ.go:352.5,356.34 3 1
air-cover/internal/adapters/http/ui/authenticated_templ.go:356.34,358.6 1 0
air-cover/internal/adapters/http/ui/authenticated_templ.go:359.5,360.34 2 1
air-cover/internal/adapters/http/ui/authenticated_templ.go:36.3,37.148 2 1
air-cover/internal/adapters/http/ui/authenticated_templ.go:360.34,362.6 1 0
air-cover/internal/adapters/http/ui/authenticated_templ.go:364.21,368.34 2 1
air-cover/internal/adapters/http/ui/authenticated_templ.go:364.4,364.21 1 1
air-cover/internal/adapters/http/ui/authenticated_templ.go:368.34,370.6 1 0
air-cover/internal/adapters/http/ui/authenticated_templ.go:37.148,40.32 3 1
air-cover/internal/adapters/http/ui/authenticated_templ.go:371.5,372.34 2 1
air-cover/internal/adapters/http/ui/authenticated_templ.go:372.34,374.6 1 0
air-cover/internal/adapters/http/ui/authenticated_templ.go:375.5,379.34 3 1
air-cover/internal/adapters/http/ui/authenticated_templ.go:379.34,381.6 1 0
air-cover/internal/adapters/http/ui/authenticated_templ.go:382.5,383.34 2 1
air-cover/internal/adapters/http/ui/authenticated_templ.go:383.34,385.6 1 0
air-cover/internal/adapters/http/ui/authenticated_templ.go:387.4,388.33 2 1
air-cover/internal/adapters/http/ui/authenticated_templ.go:388.33,390.5 1 0
air-cover/internal/adapters/http/ui/authenticated_templ.go:391.4,393.33 3 1
air-cover/internal/adapters/http/ui/authenticated_templ.go:393.33,395.5 1 0
air-cover/internal/adapters/http/ui/authenticated_templ.go:396.4,397.33 2 1
air-cover/internal/adapters/http/ui/authenticated_templ.go:397.33,399.5 1 0
air-cover/internal/adapters/http/ui/authenticated_templ.go:40.32,41.18 1 0
air-cover/internal/adapters/http/ui/authenticated_templ.go:400.4,402.33 3 1
air-cover/internal/adapters/http/ui/authenticated_templ.go:402.33,404.5 1 0
air-cover/internal/adapters/http/ui/authenticated_templ.go:405.4,406.33 2 1
air-cover/internal/adapters/http/ui/authenticated_templ.go:406.33,408.5 1 0
air-cover/internal/adapters/http/ui/authenticated_templ.go:409.4,410.33 2 1
air-cover/internal/adapters/http/ui/authenticated_templ.go:41.18,43.35 2 0
air-cover/internal/adapters/http/ui/authenticated_templ.go:410.33,412.5 1 0
air-cover/internal/adapters/http/ui/authenticated_templ.go:413.4,415.33 3 1
air-cover/internal/adapters/http/ui/authenticated_templ.go:415.33,417.5 1 0
air-cover/internal/adapters/http/ui/authenticated_templ.go:418.4,419.33 2 1
air-cover/internal/adapters/http/ui/authenticated_templ.go:419.33,421.5 1 0
air-cover/internal/adapters/http/ui/authenticated_templ.go:422.4,423.33 2 1
air-cover/internal/adapters/http/ui/authenticated_templ.go:423.33,425.5 1 0
air-cover/internal/adapters/http/ui/authenticated_templ.go:426.28,429.34 3 1
air-cover/internal/adapters/http/ui/authenticated_templ.go:426.4,426.28 1 1
air-cover/internal/adapters/http/ui/authenticated_templ.go:429.34,431.6 1 0
air-cover/internal/adapters/http/ui/authenticated_templ.go:43.35,45.7 1 0
air-cover/internal/adapters/http/ui/authenticated_templ.go:432.5,433.34 2 1
air-cover/internal/adapters/http/ui/authenticated_templ.go:433.34,435.6 1 0
air-cover/internal/adapters/http/ui/authenticated_templ.go:436.10,438.34 2 1
air-cover/internal/adapters/http/ui/authenticated_templ.go:438.34,440.6 1 0
air-cover/internal/adapters/http/ui/authenticated_templ.go:442.4,443.33 2 1
air-cover/internal/adapters/http/ui/authenticated_templ.go:443.33,445.5 1 0
air-cover/internal/adapters/http/ui/authenticated_templ.go:447.3,448.32 2 1
air-cover/internal/adapters/http/ui/authenticated_templ.go:448.32,450.4 1 0
air-cover/internal/adapters/http/ui/authenticated_templ.go:451.3,451.13 1 1
air-cover/internal/adapters/http/ui/authenticated_templ.go:48.4,50.33 3 1
air-cover/internal/adapters/http/ui/authenticated_templ.go:50.33,52.5 1 0
air-cover/internal/adapters/http/ui/authenticated_templ.go:53.4,54.33 2 1
air-cover/internal/adapters/http/ui/authenticated_templ.go:54.33,56.5 1 0
air-cover/internal/adapters/http/ui/authenticated_templ.go:57.4,58.33 2 1
air-cover/internal/adapters/http/ui/authenticated_templ.go:58.33,60.5 1 0
air-cover/internal/adapters/http/ui/authenticated_templ.go:61.4,62.33 2 1
air-cover/internal/adapters/http/ui/authenticated_templ.go:62.33,64.5 1 0
air-cover/internal/adapters/http/ui/authenticated_templ.go:65.149,68.33 3 1
air-cover/internal/adapters/http/ui/authenticated_templ.go:65.4,65.149 1 1
air-cover/internal/adapters/http/ui/authenticated_templ.go:68.33,69.19 1 0
air-cover/internal/adapters/http/ui/authenticated_templ.go:69.19,71.36 2 0
air-cover/internal/adapters/http/ui/authenticated_templ.go:71.36,73.8 1 0
air-cover/internal/adapters/http/ui/authenticated_templ.go:76.5,77.16 2 1
air-cover/internal/adapters/http/ui/authenticated_templ.go:77.16,79.35 2 1
air-cover/internal/adapters/http/ui/authenticated_templ.go:79.35,81.7 1 0
air-cover/internal/adapters/http/ui/authenticated_templ.go:83.5,84.34 2 1
air-cover/internal/adapters/http/ui/authenticated_templ.go:84.34,86.6 1 0
air-cover/internal/adapters/http/ui/authenticated_templ.go:87.5,88.34 2 1
air-cover/internal/adapters/http/ui/authenticated_templ.go:88.34,90.6 1 0
air-cover/internal/adapters/http/ui/authenticated_templ.go:91.5,91.15 1 1
air-cover/internal/adapters/http/ui/authenticated_templ.go:93.4,94.33 2 1
air-cover/internal/adapters/http/ui/authenticated_templ.go:94.33,96.5 1 0
air-cover/internal/adapters/http/ui/authenticated_templ.go:97.4,98.33 2 1
air-cover/internal/adapters/http/ui/authenticated_templ.go:98.33,100.5 1 0
air-cover/internal/adapters/http/ui/layout_templ.go:100.32,102.4 1 0
air-cover/internal/adapters/http/ui/layout_templ.go:103.3,104.32 2 1
air-cover/internal/adapters/http/ui/layout_templ.go:104.32,106.4 1 0
air-cover/internal/adapters/http/ui/layout_templ.go:107.3,107.13 1 1
air-cover/internal/adapters/http/ui/layout_templ.go:11.43,12.131 1 1
air-cover/internal/adapters/http/ui/layout_templ.go:111.45,112.131 1 1
air-cover/internal/adapters/http/ui/layout_templ.go:112.131,114.71 2 1
air-cover/internal/adapters/http/ui/layout_templ.go:114.71,116.4 1 0
air-cover/internal/adapters/http/ui/layout_templ.go:117.3,118.31 2 1
air-cover/internal/adapters/http/ui/layout_templ.go:118.31,119.17 1 1
air-cover/internal/adapters/http/ui/layout_templ.go:119.17,121.34 2 1
air-cover/internal/adapters/http/ui/layout_templ.go:12.131,14.71 2 1
air-cover/internal/adapters/http/ui/layout_templ.go:121.34,123.6 1 1
air-cover/internal/adapters/http/ui/layout_templ.go:126.3,128.33 3 1
air-cover/internal/adapters/http/ui/layout_templ.go:128.33,130.4 1 0
air-cover/internal/adapters/http/ui/layout_templ.go:131.3,133.32 3 1
air-cover/internal/adapters/http/ui/layout_templ.go:133.32,135.4 1 0
air-cover/internal/adapters/http/ui/layout_templ.go:136.3,138.32 3 1
air-cover/internal/adapters/http/ui/layout_templ.go:138.32,140.4 1 0
air-cover/internal/adapters/http/ui/layout_templ.go:14.71,16.4 1 0
air-cover/internal/adapters/http/ui/layout_templ.go:141.3,142.32 2 1
air-cover/internal/adapters/http/ui/layout_templ.go:142.32,144.4 1 0
air-cover/internal/adapters/http/ui/layout_templ.go:145.3,146.32 2 1
air-cover/internal/adapters/http/ui/layout_templ.go:146.32,148.4 1 0
air-cover/internal/adapters/http/ui/layout_templ.go:149.3,149.13 1 1
air-cover/internal/adapters/http/ui/layout_templ.go:153.35,154.131 1 1
air-cover/internal/adapters/http/ui/layout_templ.go:154.131,156.71 2 1
air-cover/internal/adapters/http/ui/layout_templ.go:156.71,158.4 1 0
air-cover/internal/adapters/http/ui/layout_templ.go:159.3,160.31 2 1
air-cover/internal/adapters/http/ui/layout_templ.go:160.31,161.17 1 1
air-cover/internal/adapters/http/ui/layout_templ.go:161.17,163.34 2 1
air-cover/internal/adapters/http/ui/layout_templ.go:163.34,165.6 1 1
air-cover/internal/adapters/http/ui/layout_templ.go:168.3,170.33 3 1
air-cover/internal/adapters/http/ui/layout_templ.go:17.3,18.31 2 1
air-cover/internal/adapters/http/ui/layout_templ.go:170.33,172.4 1 0
air-cover/internal/adapters/http/ui/layout_templ.go:173.3,175.32 3 1
air-cover/internal/adapters/http/ui/layout_templ.go:175.32,177.4 1 0
air-cover/internal/adapters/http/ui/layout_templ.go:178.3,178.13 1 1
air-cover/internal/adapters/http/ui/layout_templ.go:18.31,19.17 1 1
air-cover/internal/adapters/http/ui/layout_templ.go:182.36,183.131 1 1
air-cover/internal/adapters/http/ui/layout_templ.go:183.131,185.71 2 1
air-cover/internal/adapters/http/ui/layout_templ.go:185.71,187.4 1 0
air-cover/internal/adapters/http/ui/layout_templ.go:188.3,189.31 2 1
air-cover/internal/adapters/http/ui/layout_templ.go:189.31,190.17 1 1
air-cover/internal/adapters/http/ui/layout_templ.go:19.17,21.34 2 1
air-cover/internal/adapters/http/ui/layout_templ.go:190.17,192.34 2 1
air-cover/internal/adapters/http/ui/layout_templ.go:192.34,194.6 1 1
air-cover/internal/adapters/http/ui/layout_templ.go:197.3,199.33 3 1
air-cover/internal/adapters/http/ui/layout_templ.go:199.33,201.4 1 0
air-cover/internal/adapters/http/ui/layout_templ.go:202.3,204.32 3 1
air-cover/internal/adapters/http/ui/layout_templ.go:204.32,206.4 1 0
air-cover/internal/adapters/http/ui/layout_templ.go:207.3,207.13 1 1
air-cover/internal/adapters/http/ui/layout_templ.go:21.34,23.6 1 1
air-cover/internal/adapters/http/ui/layout_templ.go:26.3,28.33 3 1
air-cover/internal/adapters/http/ui/layout_templ.go:28.33,30.4 1 0
air-cover/internal/adapters/http/ui/layout_templ.go:31.3,33.32 3 1
air-cover/internal/adapters/http/ui/layout_templ.go:33.32,35.4 1 0
air-cover/internal/adapters/http/ui/layout_templ.go:36.3,38.32 3 1
air-cover/internal/adapters/http/ui/layout_templ.go:38.32,40.4 1 0
air-cover/internal/adapters/http/ui/layout_templ.go:41.3,42.32 2 1
air-cover/internal/adapters/http/ui/layout_templ.go:42.32,44.4 1 0
air-cover/internal/adapters/http/ui/layout_templ.go:45.3,46.32 2 1
air-cover/internal/adapters/http/ui/layout_templ.go:46.32,48.4 1 0
air-cover/internal/adapters/http/ui/layout_templ.go:49.3,50.32 2 1
air-cover/internal/adapters/http/ui/layout_templ.go:50.32,52.4 1 0
air-cover/internal/adapters/http/ui/layout_templ.go:53.3,54.32 2 1
air-cover/internal/adapters/http/ui/layout_templ.go:54.32,56.4 1 0
air-cover/internal/adapters/http/ui/layout_templ.go:57.3,57.13 1 1
air-cover/internal/adapters/http/ui/layout_templ.go:61.47,62.131 1 1
air-cover/internal/adapters/http/ui/layout_templ.go:62.131,64.71 2 1
air-cover/internal/adapters/http/ui/layout_templ.go:64.71,66.4 1 0
air-cover/internal/adapters/http/ui/layout_templ.go:67.3,68.31 2 1
air-cover/internal/adapters/http/ui/layout_templ.go:68.31,69.17 1 1
air-cover/internal/adapters/http/ui/layout_templ.go:69.17,71.34 2 1
air-cover/internal/adapters/http/ui/layout_templ.go:71.34,73.6 1 1
air-cover/internal/adapters/http/ui/layout_templ.go:76.3,78.33 3 1
air-cover/internal/adapters/http/ui/layout_templ.go:78.33,80.4 1 0
air-cover/internal/adapters/http/ui/layout_templ.go:81.3,83.32 3 1
air-cover/internal/adapters/http/ui/layout_templ.go:83.32,85.4 1 0
air-cover/internal/adapters/http/ui/layout_templ.go:86.3,88.32 3 1
air-cover/internal/adapters/http/ui/layout_templ.go:88.32,90.4 1 0
air-cover/internal/adapters/http/ui/layout_templ.go:91.3,92.32 2 1
air-cover/internal/adapters/http/ui/layout_templ.go:92.32,94.4 1 0
air-cover/internal/adapters/http/ui/layout_templ.go:95.3,96.32 2 1
air-cover/internal/adapters/http/ui/layout_templ.go:96.32,98.4 1 0
air-cover/internal/adapters/http/ui/layout_templ.go:99.3,100.32 2 1
air-cover/internal/adapters/http/ui/unauthenticated_templ.go:11.54,12.131 1 1
air-cover/internal/adapters/http/ui/unauthenticated_templ.go:12.131,14.71 2 1
air-cover/internal/adapters/http/ui/unauthenticated_templ.go:14.71,16.4 1 0
air-cover/internal/adapters/http/ui/unauthenticated_templ.go:17.3,18.31 2 1
air-cover/internal/adapters/http/ui/unauthenticated_templ.go:18.31,19.17 1 1
air-cover/internal/adapters/http/ui/unauthenticated_templ.go:19.17,21.34 2 1
air-cover/internal/adapters/http/ui/unauthenticated_templ.go:21.34,23.6 1 1
air-cover/internal/adapters/http/ui/unauthenticated_templ.go:26.3,28.33 3 1
air-cover/internal/adapters/http/ui/unauthenticated_templ.go:28.33,30.4 1 0
air-cover/internal/adapters/http/ui/unauthenticated_templ.go:31.3,32.148 2 1
air-cover/internal/adapters/http/ui/unauthenticated_templ.go:32.148,35.32 3 1
air-cover/internal/adapters/http/ui/unauthenticated_templ.go:35.32,36.18 1 0
air-cover/internal/adapters/http/ui/unauthenticated_templ.go:36.18,38.35 2 0
air-cover/internal/adapters/http/ui/unauthenticated_templ.go:38.35,40.7 1 0
air-cover/internal/adapters/http/ui/unauthenticated_templ.go:43.4,45.33 3 1
air-cover/internal/adapters/http/ui/unauthenticated_templ.go:45.33,47.5 1 0
air-cover/internal/adapters/http/ui/unauthenticated_templ.go:48.17,50.34 2 1
air-cover/internal/adapters/http/ui/unauthenticated_templ.go:48.4,48.17 1 1
air-cover/internal/adapters/http/ui/unauthenticated_templ.go:50.34,52.6 1 0
air-cover/internal/adapters/http/ui/unauthenticated_templ.go:54.4,55.33 2 1
air-cover/internal/adapters/http/ui/unauthenticated_templ.go:55.33,57.5 1 0
air-cover/internal/adapters/http/ui/unauthenticated_templ.go:58.4,58.14 1 1
air-cover/internal/adapters/http/ui/unauthenticated_templ.go:60.3,61.32 2 1
air-cover/internal/adapters/http/ui/unauthenticated_templ.go:61.32,63.4 1 0
air-cover/internal/adapters/http/ui/unauthenticated_templ.go:64.3,64.13 1 1
air-cover/internal/adapters/http/user_context.go:14.92,16.9 2 1
air-cover/internal/adapters/http/user_context.go:16.9,19.3 2 1
air-cover/internal/adapters/http/user_context.go:20.2,20.21 1 1
air-cover/internal/adapters/http/user_context.go:23.66,25.9 2 1
air-cover/internal/adapters/http/user_context.go:25.9,27.3 1 1
air-cover/internal/adapters/http/user_context.go:28.2,34.9 3 1
air-cover/internal/adapters/http/user_context.go:9.54,12.2 2 1
air-cover/internal/adapters/http/wrapper.go:12.77,14.4 1 1
air-cover/internal/adapters/http/wrapper.go:9.61,12.77 1 1
air-cover/internal/adapters/spinitron/catalog.go:100.2,100.12 1 1
air-cover/internal/adapters/spinitron/catalog.go:103.59,107.20 3 1
air-cover/internal/adapters/spinitron/catalog.go:107.20,109.3 1 1
air-cover/internal/adapters/spinitron/catalog.go:111.2,112.61 2 1
air-cover/internal/adapters/spinitron/catalog.go:112.61,115.3 2 1
air-cover/internal/adapters/spinitron/catalog.go:116.2,116.20 1 1
air-cover/internal/adapters/spinitron/catalog.go:119.65,123.23 3 1
air-cover/internal/adapters/spinitron/catalog.go:123.23,125.3 1 1
air-cover/internal/adapters/spinitron/catalog.go:127.2,128.67 2 1
air-cover/internal/adapters/spinitron/catalog.go:128.67,131.3 2 1
air-cover/internal/adapters/spinitron/catalog.go:132.2,132.23 1 1
air-cover/internal/adapters/spinitron/catalog.go:135.34,139.15 4 1
air-cover/internal/adapters/spinitron/catalog.go:139.15,139.44 1 1
air-cover/internal/adapters/spinitron/catalog.go:140.16,144.3 3 1
air-cover/internal/adapters/spinitron/catalog.go:140.2,140.16 1 1
air-cover/internal/adapters/spinitron/catalog.go:147.37,151.15 4 1
air-cover/internal/adapters/spinitron/catalog.go:151.15,151.47 1 1
air-cover/internal/adapters/spinitron/catalog.go:152.16,156.3 3 1
air-cover/internal/adapters/spinitron/catalog.go:152.2,152.16 1 1
air-cover/internal/adapters/spinitron/catalog.go:159.55,165.2 5 1
air-cover/internal/adapters/spinitron/catalog.go:167.64,173.2 5 1
air-cover/internal/adapters/spinitron/catalog.go:175.105,179.49 3 1
air-cover/internal/adapters/spinitron/catalog.go:179.49,180.33 1 1
air-cover/internal/adapters/spinitron/catalog.go:180.33,182.4 1 1
air-cover/internal/adapters/spinitron/catalog.go:184.3,185.17 2 1
air-cover/internal/adapters/spinitron/catalog.go:185.17,187.4 1 1
air-cover/internal/adapters/spinitron/catalog.go:188.3,190.32 2 1
air-cover/internal/adapters/spinitron/catalog.go:190.32,191.9 1 1
air-cover/internal/adapters/spinitron/catalog.go:193.3,193.29 1 1
air-cover/internal/adapters/spinitron/catalog.go:195.2,195.19 1 1
air-cover/internal/adapters/spinitron/catalog.go:198.111,202.49 3 1
air-cover/internal/adapters/spinitron/catalog.go:202.49,203.33 1 1
air-cover/internal/adapters/spinitron/catalog.go:203.33,205.4 1 1
air-cover/internal/adapters/spinitron/catalog.go:207.3,208.17 2 1
air-cover/internal/adapters/spinitron/catalog.go:208.17,210.4 1 1
air-cover/internal/adapters/spinitron/catalog.go:211.3,213.35 2 1
air-cover/internal/adapters/spinitron/catalog.go:213.35,214.9 1 1
air-cover/internal/adapters/spinitron/catalog.go:216.3,216.32 1 1
air-cover/internal/adapters/spinitron/catalog.go:218.2,218.22 1 1
air-cover/internal/adapters/spinitron/catalog.go:221.97,222.27 1 1
air-cover/internal/adapters/spinitron/catalog.go:222.27,223.22 1 1
air-cover/internal/adapters/spinitron/catalog.go:223.23,223.24 0 1
air-cover/internal/adapters/spinitron/catalog.go:225.2,225.51 1 1
air-cover/internal/adapters/spinitron/catalog.go:228.35,229.22 1 1
air-cover/internal/adapters/spinitron/catalog.go:229.22,231.3 1 1
air-cover/internal/adapters/spinitron/catalog.go:232.2,232.19 1 1
air-cover/internal/adapters/spinitron/catalog.go:235.60,236.18 1 1
air-cover/internal/adapters/spinitron/catalog.go:236.18,238.3 1 1
air-cover/internal/adapters/spinitron/catalog.go:239.2,241.15 3 1
air-cover/internal/adapters/spinitron/catalog.go:244.72,245.21 1 1
air-cover/internal/adapters/spinitron/catalog.go:245.21,247.3 1 1
air-cover/internal/adapters/spinitron/catalog.go:248.2,250.15 3 1
air-cover/internal/adapters/spinitron/catalog.go:43.45,50.2 1 1
air-cover/internal/adapters/spinitron/catalog.go:52.55,53.44 1 1
air-cover/internal/adapters/spinitron/catalog.go:53.44,55.3 1 1
air-cover/internal/adapters/spinitron/catalog.go:56.2,56.47 1 1
air-cover/internal/adapters/spinitron/catalog.go:56.47,58.3 1 1
air-cover/internal/adapters/spinitron/catalog.go:59.2,59.12 1 1
air-cover/internal/adapters/spinitron/catalog.go:62.77,63.37 1 1
air-cover/internal/adapters/spinitron/catalog.go:63.37,65.3 1 1
air-cover/internal/adapters/spinitron/catalog.go:67.2,67.38 1 1
air-cover/internal/adapters/spinitron/catalog.go:67.38,69.3 1 1
air-cover/internal/adapters/spinitron/catalog.go:71.2,72.16 2 1
air-cover/internal/adapters/spinitron/catalog.go:72.16,74.3 1 1
air-cover/internal/adapters/spinitron/catalog.go:75.2,76.31 2 1
air-cover/internal/adapters/spinitron/catalog.go:79.83,80.37 1 1
air-cover/internal/adapters/spinitron/catalog.go:80.37,82.3 1 1
air-cover/internal/adapters/spinitron/catalog.go:84.2,84.44 1 1
air-cover/internal/adapters/spinitron/catalog.go:84.44,86.3 1 1
air-cover/internal/adapters/spinitron/catalog.go:88.2,89.16 2 1
air-cover/internal/adapters/spinitron/catalog.go:89.16,91.3 1 1
air-cover/internal/adapters/spinitron/catalog.go:92.2,93.37 2 1
air-cover/internal/adapters/spinitron/catalog.go:96.36,97.33 1 1
air-cover/internal/adapters/spinitron/catalog.go:97.33,99.3 1 1
air-cover/internal/adapters/spinitron/spinitron.go:100.16,102.3 1 1
air-cover/internal/adapters/spinitron/spinitron.go:103.2,106.16 3 1
air-cover/internal/adapters/spinitron/spinitron.go:106.16,108.3 1 1
air-cover/internal/adapters/spinitron/spinitron.go:110.2,110.20 1 1
air-cover/internal/adapters/spinitron/spinitron.go:110.20,112.3 1 1
air-cover/internal/adapters/spinitron/spinitron.go:114.2,115.16 2 1
air-cover/internal/adapters/spinitron/spinitron.go:115.16,117.3 1 1
air-cover/internal/adapters/spinitron/spinitron.go:118.2,121.16 3 1
air-cover/internal/adapters/spinitron/spinitron.go:121.16,123.3 1 1
air-cover/internal/adapters/spinitron/spinitron.go:125.2,125.86 1 1
air-cover/internal/adapters/spinitron/spinitron.go:125.86,127.3 1 1
air-cover/internal/adapters/spinitron/spinitron.go:129.2,129.31 1 1
air-cover/internal/adapters/spinitron/spinitron.go:132.74,134.55 2 1
air-cover/internal/adapters/spinitron/spinitron.go:134.55,136.3 1 1
air-cover/internal/adapters/spinitron/spinitron.go:138.2,139.9 2 1
air-cover/internal/adapters/spinitron/spinitron.go:139.9,141.3 1 1
air-cover/internal/adapters/spinitron/spinitron.go:142.2,142.24 1 1
air-cover/internal/adapters/spinitron/spinitron.go:142.24,144.3 1 1
air-cover/internal/adapters/spinitron/spinitron.go:146.2,147.60 2 1
air-cover/internal/adapters/spinitron/spinitron.go:147.60,149.3 1 1
air-cover/internal/adapters/spinitron/spinitron.go:151.2,152.32 2 1
air-cover/internal/adapters/spinitron/spinitron.go:152.32,154.15 2 1
air-cover/internal/adapters/spinitron/spinitron.go:154.15,155.12 1 1
air-cover/internal/adapters/spinitron/spinitron.go:158.3,162.5 2 1
air-cover/internal/adapters/spinitron/spinitron.go:165.2,168.8 1 1
air-cover/internal/adapters/spinitron/spinitron.go:171.80,173.55 2 1
air-cover/internal/adapters/spinitron/spinitron.go:173.55,175.3 1 1
air-cover/internal/adapters/spinitron/spinitron.go:177.2,178.9 2 1
air-cover/internal/adapters/spinitron/spinitron.go:178.9,180.3 1 1
air-cover/internal/adapters/spinitron/spinitron.go:181.2,181.24 1 1
air-cover/internal/adapters/spinitron/spinitron.go:181.24,183.3 1 1
air-cover/internal/adapters/spinitron/spinitron.go:185.2,186.60 2 1
air-cover/internal/adapters/spinitron/spinitron.go:186.60,188.3 1 1
air-cover/internal/adapters/spinitron/spinitron.go:190.2,191.32 2 1
air-cover/internal/adapters/spinitron/spinitron.go:191.32,193.18 2 1
air-cover/internal/adapters/spinitron/spinitron.go:193.18,194.12 1 1
air-cover/internal/adapters/spinitron/spinitron.go:196.3,197.17 2 1
air-cover/internal/adapters/spinitron/spinitron.go:197.17,198.12 1 1
air-cover/internal/adapters/spinitron/spinitron.go:201.3,204.40 3 1
air-cover/internal/adapters/spinitron/spinitron.go:204.40,205.38 1 1
air-cover/internal/adapters/spinitron/spinitron.go:205.38,207.5 1 1
air-cover/internal/adapters/spinitron/spinitron.go:210.3,214.5 1 1
air-cover/internal/adapters/spinitron/spinitron.go:217.2,220.8 1 1
air-cover/internal/adapters/spinitron/spinitron.go:223.42,224.29 1 1
air-cover/internal/adapters/spinitron/spinitron.go:225.14,226.15 1 1
air-cover/internal/adapters/spinitron/spinitron.go:227.15,228.34 1 1
air-cover/internal/adapters/spinitron/spinitron.go:229.19,230.24 1 1
air-cover/internal/adapters/spinitron/spinitron.go:231.10,232.12 1 1
air-cover/internal/adapters/spinitron/spinitron.go:236.57,237.64 1 1
air-cover/internal/adapters/spinitron/spinitron.go:237.64,238.31 1 1
air-cover/internal/adapters/spinitron/spinitron.go:238.31,239.52 1 1
air-cover/internal/adapters/spinitron/spinitron.go:239.52,241.5 1 1
air-cover/internal/adapters/spinitron/spinitron.go:245.2,245.45 1 1
air-cover/internal/adapters/spinitron/spinitron.go:245.45,247.3 1 1
air-cover/internal/adapters/spinitron/spinitron.go:248.2,248.23 1 1
air-cover/internal/adapters/spinitron/spinitron.go:251.81,252.52 1 1
air-cover/internal/adapters/spinitron/spinitron.go:252.52,253.34 1 1
air-cover/internal/adapters/spinitron/spinitron.go:253.34,254.52 1 1
air-cover/internal/adapters/spinitron/spinitron.go:254.52,256.5 1 1
air-cover/internal/adapters/spinitron/spinitron.go:260.2,260.50 1 1
air-cover/internal/adapters/spinitron/spinitron.go:260.50,261.34 1 1
air-cover/internal/adapters/spinitron/spinitron.go:261.34,262.52 1 1
air-cover/internal/adapters/spinitron/spinitron.go:262.52,264.5 1 1
air-cover/internal/adapters/spinitron/spinitron.go:268.2,268.40 1 1
air-cover/internal/adapters/spinitron/spinitron.go:268.40,269.58 1 1
air-cover/internal/adapters/spinitron/spinitron.go:269.58,271.4 1 1
air-cover/internal/adapters/spinitron/spinitron.go:274.2,274.57 1 1
air-cover/internal/adapters/spinitron/spinitron.go:277.54,279.51 2 1
air-cover/internal/adapters/spinitron/spinitron.go:279.51,281.3 1 1
air-cover/internal/adapters/spinitron/spinitron.go:283.2,283.52 1 1
air-cover/internal/adapters/spinitron/spinitron.go:283.52,284.33 1 1
air-cover/internal/adapters/spinitron/spinitron.go:284.33,285.54 1 1
air-cover/internal/adapters/spinitron/spinitron.go:285.54,287.5 1 1
air-cover/internal/adapters/spinitron/spinitron.go:291.2,291.12 1 1
air-cover/internal/adapters/spinitron/spinitron.go:294.51,296.54 2 1
air-cover/internal/adapters/spinitron/spinitron.go:296.54,298.3 1 1
air-cover/internal/adapters/spinitron/spinitron.go:299.2,299.33 1 1
air-cover/internal/adapters/spinitron/spinitron.go:302.46,303.27 1 1
air-cover/internal/adapters/spinitron/spinitron.go:304.11,305.13 1 1
air-cover/internal/adapters/spinitron/spinitron.go:306.15,308.15 2 1
air-cover/internal/adapters/spinitron/spinitron.go:308.15,310.4 1 1
air-cover/internal/adapters/spinitron/spinitron.go:311.14,312.41 1 1
air-cover/internal/adapters/spinitron/spinitron.go:312.41,314.4 1 1
air-cover/internal/adapters/spinitron/spinitron.go:315.30,316.32 1 1
air-cover/internal/adapters/spinitron/spinitron.go:316.32,317.50 1 1
air-cover/internal/adapters/spinitron/spinitron.go:317.50,319.5 1 1
air-cover/internal/adapters/spinitron/spinitron.go:321.3,321.68 1 1
air-cover/internal/adapters/spinitron/spinitron.go:321.68,322.31 1 1
air-cover/internal/adapters/spinitron/spinitron.go:322.31,323.52 1 1
air-cover/internal/adapters/spinitron/spinitron.go:323.52,325.6 1 1
air-cover/internal/adapters/spinitron/spinitron.go:328.21,329.26 1 1
air-cover/internal/adapters/spinitron/spinitron.go:329.26,330.50 1 1
air-cover/internal/adapters/spinitron/spinitron.go:330.50,332.5 1 1
air-cover/internal/adapters/spinitron/spinitron.go:336.2,336.12 1 1
air-cover/internal/adapters/spinitron/spinitron.go:339.46,341.15 2 1
air-cover/internal/adapters/spinitron/spinitron.go:341.15,343.3 1 1
air-cover/internal/adapters/spinitron/spinitron.go:345.2,345.60 1 1
air-cover/internal/adapters/spinitron/spinitron.go:345.60,347.3 1 1
air-cover/internal/adapters/spinitron/spinitron.go:349.2,350.16 2 1
air-cover/internal/adapters/spinitron/spinitron.go:350.16,352.3 1 1
air-cover/internal/adapters/spinitron/spinitron.go:353.2,354.19 2 1
air-cover/internal/adapters/spinitron/spinitron.go:354.19,356.3 1 1
air-cover/internal/adapters/spinitron/spinitron.go:357.2,358.29 2 1
air-cover/internal/adapters/spinitron/spinitron.go:358.29,360.3 1 1
air-cover/internal/adapters/spinitron/spinitron.go:361.2,361.19 1 1
air-cover/internal/adapters/spinitron/spinitron.go:364.58,365.22 1 1
air-cover/internal/adapters/spinitron/spinitron.go:365.22,367.3 1 1
air-cover/internal/adapters/spinitron/spinitron.go:369.2,370.29 2 1
air-cover/internal/adapters/spinitron/spinitron.go:370.29,372.47 2 1
air-cover/internal/adapters/spinitron/spinitron.go:372.47,373.12 1 1
air-cover/internal/adapters/spinitron/spinitron.go:375.3,377.34 3 1
air-cover/internal/adapters/spinitron/spinitron.go:377.34,378.12 1 1
air-cover/internal/adapters/spinitron/spinitron.go:381.3,381.62 1 1
air-cover/internal/adapters/spinitron/spinitron.go:381.62,383.4 1 1
air-cover/internal/adapters/spinitron/spinitron.go:386.2,386.12 1 1
air-cover/internal/adapters/spinitron/spinitron.go:44.48,46.19 2 1
air-cover/internal/adapters/spinitron/spinitron.go:46.19,48.3 1 1
air-cover/internal/adapters/spinitron/spinitron.go:50.2,55.3 1 1
air-cover/internal/adapters/spinitron/spinitron.go:58.81,59.14 1 1
air-cover/internal/adapters/spinitron/spinitron.go:59.14,61.3 1 1
air-cover/internal/adapters/spinitron/spinitron.go:63.2,67.22 5 1
air-cover/internal/adapters/spinitron/spinitron.go:67.22,69.3 1 1
air-cover/internal/adapters/spinitron/spinitron.go:70.2,73.16 3 1
air-cover/internal/adapters/spinitron/spinitron.go:73.16,75.3 1 1
air-cover/internal/adapters/spinitron/spinitron.go:77.2,77.38 1 1
air-cover/internal/adapters/spinitron/spinitron.go:80.87,81.14 1 1
air-cover/internal/adapters/spinitron/spinitron.go:81.14,83.3 1 1
air-cover/internal/adapters/spinitron/spinitron.go:85.2,90.16 5 1
air-cover/internal/adapters/spinitron/spinitron.go:90.16,92.3 1 1
air-cover/internal/adapters/spinitron/spinitron.go:94.2,94.41 1 1
air-cover/internal/adapters/spinitron/spinitron.go:97.104,100.16 3 1
air-cover/internal/adapters/sqlite/admin_repository.go:11.103,16.16 2 1
air-cover/internal/adapters/sqlite/admin_repository.go:16.16,18.3 1 1
air-cover/internal/adapters/sqlite/admin_repository.go:19.2,20.16 2 1
air-cover/internal/adapters/sqlite/admin_repository.go:20.16,22.3 1 1
air-cover/internal/adapters/sqlite/admin_repository.go:23.2,23.36 1 1
air-cover/internal/adapters/sqlite/admin_repository.go:26.77,28.16 2 1
air-cover/internal/adapters/sqlite/admin_repository.go:28.16,30.3 1 1
air-cover/internal/adapters/sqlite/admin_repository.go:32.2,33.27 2 1
air-cover/internal/adapters/sqlite/admin_repository.go:33.27,35.3 1 1
air-cover/internal/adapters/sqlite/admin_repository.go:36.2,36.19 1 1
air-cover/internal/adapters/sqlite/admin_repository.go:39.99,44.9 2 1
air-cover/internal/adapters/sqlite/admin_repository.go:45.39,50.5 1 1
air-cover/internal/adapters/sqlite/admin_repository.go:51.19,55.5 1 1
air-cover/internal/adapters/sqlite/admin_repository.go:56.24,60.5 1 1
air-cover/internal/adapters/sqlite/admin_repository.go:61.10,62.13 1 1
air-cover/internal/adapters/sqlite/admin_repository.go:64.16,66.3 1 1
air-cover/internal/adapters/sqlite/admin_repository.go:64.2,64.16 1 1
air-cover/internal/adapters/sqlite/admin_repository.go:67.2,68.16 2 1
air-cover/internal/adapters/sqlite/admin_repository.go:68.16,70.3 1 1
air-cover/internal/adapters/sqlite/admin_repository.go:71.15,73.3 1 1
air-cover/internal/adapters/sqlite/admin_repository.go:71.2,71.15 1 1
air-cover/internal/adapters/sqlite/admin_repository.go:74.2,74.12 1 1
air-cover/internal/adapters/sqlite/admin_repository.go:77.78,78.22 1 1
air-cover/internal/adapters/sqlite/admin_repository.go:78.22,80.3 1 1
air-cover/internal/adapters/sqlite/admin_repository.go:82.2,83.16 2 1
air-cover/internal/adapters/sqlite/admin_repository.go:83.16,85.3 1 1
air-cover/internal/adapters/sqlite/admin_repository.go:86.15,88.3 1 1
air-cover/internal/adapters/sqlite/admin_repository.go:86.2,86.15 1 1
air-cover/internal/adapters/sqlite/admin_repository.go:90.2,92.31 2 1
air-cover/internal/adapters/sqlite/admin_repository.go:92.31,93.56 1 1
air-cover/internal/adapters/sqlite/admin_repository.go:93.56,95.4 1 1
air-cover/internal/adapters/sqlite/admin_repository.go:98.2,98.20 1 1
air-cover/internal/adapters/sqlite/auth_repository.go:13.94,15.16 2 1
air-cover/internal/adapters/sqlite/auth_repository.go:15.16,16.36 1 1
air-cover/internal/adapters/sqlite/auth_repository.go:16.36,18.4 1 1
air-cover/internal/adapters/sqlite/auth_repository.go:19.3,19.18 1 1
air-cover/internal/adapters/sqlite/auth_repository.go:21.2,21.31 1 1
air-cover/internal/adapters/sqlite/auth_repository.go:24.85,26.16 2 1
air-cover/internal/adapters/sqlite/auth_repository.go:26.16,27.36 1 1
air-cover/internal/adapters/sqlite/auth_repository.go:27.36,29.4 1 1
air-cover/internal/adapters/sqlite/auth_repository.go:30.3,30.18 1 1
air-cover/internal/adapters/sqlite/auth_repository.go:32.2,32.31 1 1
air-cover/internal/adapters/sqlite/auth_repository.go:35.116,41.2 1 1
air-cover/internal/adapters/sqlite/auth_repository.go:43.116,48.16 2 1
air-cover/internal/adapters/sqlite/auth_repository.go:48.16,49.36 1 1
air-cover/internal/adapters/sqlite/auth_repository.go:49.36,51.4 1 1
air-cover/internal/adapters/sqlite/auth_repository.go:52.3,52.18 1 1
air-cover/internal/adapters/sqlite/auth_repository.go:55.2,55.34 1 1
air-cover/internal/adapters/sqlite/auth_repository.go:58.132,65.2 1 1
air-cover/internal/adapters/sqlite/auth_repository.go:67.126,69.16 2 1
air-cover/internal/adapters/sqlite/auth_repository.go:69.16,70.36 1 1
air-cover/internal/adapters/sqlite/auth_repository.go:70.36,72.4 1 1
air-cover/internal/adapters/sqlite/auth_repository.go:73.3,73.18 1 1
air-cover/internal/adapters/sqlite/auth_repository.go:75.2,76.29 2 1
air-cover/internal/adapters/sqlite/auth_repository.go:76.29,78.3 1 1
air-cover/internal/adapters/sqlite/auth_repository.go:79.2,79.15 1 1
air-cover/internal/adapters/sqlite/auth_repository.go:82.84,84.2 1 1
air-cover/internal/adapters/sqlite/dbgen/auth.sql.gen.go:23.89,26.2 2 0
air-cover/internal/adapters/sqlite/dbgen/auth.sql.gen.go:39.85,47.2 2 0
air-cover/internal/adapters/sqlite/dbgen/auth.sql.gen.go:53.83,56.2 2 0
air-cover/internal/adapters/sqlite/dbgen/auth.sql.gen.go:62.93,72.2 4 0
air-cover/internal/adapters/sqlite/dbgen/auth.sql.gen.go:85.96,96.2 4 0
air-cover/internal/adapters/sqlite/dbgen/db.gen.go:19.28,21.2 1 0
air-cover/internal/adapters/sqlite/dbgen/db.gen.go:27.47,31.2 1 0
air-cover/internal/adapters/sqlite/dbgen/subrequests.sql.gen.go:101.2,103.18 3 0
air-cover/internal/adapters/sqlite/dbgen/subrequests.sql.gen.go:103.18,117.17 2 0
air-cover/internal/adapters/sqlite/dbgen/subrequests.sql.gen.go:117.17,119.4 1 0
air-cover/internal/adapters/sqlite/dbgen/subrequests.sql.gen.go:120.3,120.27 1 0
air-cover/internal/adapters/sqlite/dbgen/subrequests.sql.gen.go:122.2,122.37 1 0
air-cover/internal/adapters/sqlite/dbgen/subrequests.sql.gen.go:122.37,124.3 1 0
air-cover/internal/adapters/sqlite/dbgen/subrequests.sql.gen.go:125.2,125.35 1 0
air-cover/internal/adapters/sqlite/dbgen/subrequests.sql.gen.go:125.35,127.3 1 0
air-cover/internal/adapters/sqlite/dbgen/subrequests.sql.gen.go:128.2,128.19 1 0
air-cover/internal/adapters/sqlite/dbgen/subrequests.sql.gen.go:141.101,143.2 1 0
air-cover/internal/adapters/sqlite/dbgen/subrequests.sql.gen.go:154.105,156.2 1 0
air-cover/internal/adapters/sqlite/dbgen/subrequests.sql.gen.go:30.105,41.2 1 0
air-cover/internal/adapters/sqlite/dbgen/subrequests.sql.gen.go:47.87,49.2 1 0
air-cover/internal/adapters/sqlite/dbgen/subrequests.sql.gen.go:57.88,72.2 4 0
air-cover/internal/adapters/sqlite/dbgen/subrequests.sql.gen.go:96.86,98.16 2 0
air-cover/internal/adapters/sqlite/dbgen/subrequests.sql.gen.go:98.16,100.3 1 0
air-cover/internal/adapters/sqlite/dbgen/users.sql.gen.go:111.107,113.2 1 0
air-cover/internal/adapters/sqlite/dbgen/users.sql.gen.go:124.101,126.2 1 0
air-cover/internal/adapters/sqlite/dbgen/users.sql.gen.go:138.121,140.2 1 0
air-cover/internal/adapters/sqlite/dbgen/users.sql.gen.go:22.93,24.2 1 0
air-cover/internal/adapters/sqlite/dbgen/users.sql.gen.go:30.83,41.2 4 0
air-cover/internal/adapters/sqlite/dbgen/users.sql.gen.go:47.76,58.2 4 0
air-cover/internal/adapters/sqlite/dbgen/users.sql.gen.go:64.71,67.2 2 0
air-cover/internal/adapters/sqlite/dbgen/users.sql.gen.go:73.66,75.16 2 0
air-cover/internal/adapters/sqlite/dbgen/users.sql.gen.go:75.16,77.3 1 0
air-cover/internal/adapters/sqlite/dbgen/users.sql.gen.go:78.2,80.18 3 0
air-cover/internal/adapters/sqlite/dbgen/users.sql.gen.go:80.18,88.17 2 0
air-cover/internal/adapters/sqlite/dbgen/users.sql.gen.go:88.17,90.4 1 0
air-cover/internal/adapters/sqlite/dbgen/users.sql.gen.go:91.3,91.27 1 0
air-cover/internal/adapters/sqlite/dbgen/users.sql.gen.go:93.2,93.37 1 0
air-cover/internal/adapters/sqlite/dbgen/users.sql.gen.go:93.37,95.3 1 0
air-cover/internal/adapters/sqlite/dbgen/users.sql.gen.go:96.2,96.35 1 0
air-cover/internal/adapters/sqlite/dbgen/users.sql.gen.go:96.35,98.3 1 0
air-cover/internal/adapters/sqlite/dbgen/users.sql.gen.go:99.2,99.19 1 0
air-cover/internal/adapters/sqlite/repository.go:107.65,119.2 1 1
air-cover/internal/adapters/sqlite/repository.go:121.95,137.2 1 1
air-cover/internal/adapters/sqlite/repository.go:23.44,28.2 1 1
air-cover/internal/adapters/sqlite/repository.go:30.35,32.2 1 1
air-cover/internal/adapters/sqlite/repository.go:34.49,36.2 1 1
air-cover/internal/adapters/sqlite/repository.go:38.48,40.2 1 1
air-cover/internal/adapters/sqlite/repository.go:42.50,43.18 1 1
air-cover/internal/adapters/sqlite/repository.go:43.18,45.3 1 1
air-cover/internal/adapters/sqlite/repository.go:46.2,46.57 1 1
air-cover/internal/adapters/sqlite/repository.go:49.50,50.18 1 1
air-cover/internal/adapters/sqlite/repository.go:50.18,52.3 1 1
air-cover/internal/adapters/sqlite/repository.go:53.2,54.12 2 1
air-cover/internal/adapters/sqlite/repository.go:57.56,58.18 1 1
air-cover/internal/adapters/sqlite/repository.go:58.18,60.3 1 1
air-cover/internal/adapters/sqlite/repository.go:61.2,61.20 1 1
air-cover/internal/adapters/sqlite/repository.go:64.53,65.18 1 1
air-cover/internal/adapters/sqlite/repository.go:65.18,67.3 1 1
air-cover/internal/adapters/sqlite/repository.go:68.2,68.21 1 1
air-cover/internal/adapters/sqlite/repository.go:71.52,72.18 1 1
air-cover/internal/adapters/sqlite/repository.go:72.18,74.3 1 1
air-cover/internal/adapters/sqlite/repository.go:75.2,75.19 1 1
air-cover/internal/adapters/sqlite/repository.go:78.47,86.2 1 1
air-cover/internal/adapters/sqlite/repository.go:88.62,96.2 1 1
air-cover/internal/adapters/sqlite/repository.go:98.56,105.2 1 1
air-cover/internal/adapters/sqlite/sqlite.go:24.42,26.16 2 1
air-cover/internal/adapters/sqlite/sqlite.go:26.16,28.3 1 1
air-cover/internal/adapters/sqlite/sqlite.go:30.2,30.34 1 1
air-cover/internal/adapters/sqlite/sqlite.go:30.34,32.3 1 1
air-cover/internal/adapters/sqlite/sqlite.go:34.2,34.49 1 1
air-cover/internal/adapters/sqlite/sqlite.go:34.49,36.3 1 1
air-cover/internal/adapters/sqlite/sqlite.go:38.2,38.16 1 1
air-cover/internal/adapters/sqlite/sqlite.go:41.53,43.51 2 1
air-cover/internal/adapters/sqlite/sqlite.go:43.51,45.3 1 1
air-cover/internal/adapters/sqlite/sqlite.go:47.2,48.17 2 1
air-cover/internal/adapters/sqlite/sqlite.go:49.12,50.35 1 1
air-cover/internal/adapters/sqlite/sqlite.go:51.14,52.37 1 1
air-cover/internal/adapters/sqlite/sqlite.go:53.15,54.38 1 1
air-cover/internal/adapters/sqlite/sqlite.go:55.16,56.39 1 1
air-cover/internal/adapters/sqlite/sqlite.go:57.10,58.62 1 1
air-cover/internal/adapters/sqlite/sqlite.go:61.16,63.3 1 1
air-cover/internal/adapters/sqlite/sqlite.go:61.2,61.16 1 1
air-cover/internal/adapters/sqlite/sqlite.go:65.2,65.12 1 1
air-cover/internal/adapters/sqlite/subrequest_repository.go:102.16,104.3 1 1
air-cover/internal/adapters/sqlite/subrequest_repository.go:105.2,106.16 2 1
air-cover/internal/adapters/sqlite/subrequest_repository.go:106.16,108.3 1 1
air-cover/internal/adapters/sqlite/subrequest_repository.go:109.15,111.3 1 1
air-cover/internal/adapters/sqlite/subrequest_repository.go:109.2,109.15 1 1
air-cover/internal/adapters/sqlite/subrequest_repository.go:112.2,112.12 1 1
air-cover/internal/adapters/sqlite/subrequest_repository.go:14.89,25.16 2 1
air-cover/internal/adapters/sqlite/subrequest_repository.go:25.16,27.3 1 1
air-cover/internal/adapters/sqlite/subrequest_repository.go:28.2,29.16 2 1
[...]
air-cover/internal/app/admin/service.go:101.37,103.4 1 1
air-cover/internal/app/admin/service.go:104.3,104.75 1 1
air-cover/internal/app/admin/service.go:108.34,110.2 1 1
air-cover/internal/app/admin/service.go:19.60,21.2 1 1
air-cover/internal/app/admin/service.go:34.74,36.16 2 1
air-cover/internal/app/admin/service.go:36.16,38.3 1 1
air-cover/internal/app/admin/service.go:39.2,40.19 2 1
air-cover/internal/app/admin/service.go:43.80,45.16 2 1
air-cover/internal/app/admin/service.go:45.16,47.3 1 1
air-cover/internal/app/admin/service.go:48.2,48.43 1 1
air-cover/internal/app/admin/service.go:48.43,50.3 1 1
air-cover/internal/app/admin/service.go:51.2,52.12 2 1
air-cover/internal/app/admin/service.go:55.107,56.60 1 1
air-cover/internal/app/admin/service.go:56.60,58.3 1 1
air-cover/internal/app/admin/service.go:59.2,59.88 1 1
air-cover/internal/app/admin/service.go:59.88,61.3 1 1
air-cover/internal/app/admin/service.go:62.2,62.86 1 1
air-cover/internal/app/admin/service.go:62.86,63.44 1 1
air-cover/internal/app/admin/service.go:63.44,65.4 1 1
air-cover/internal/app/admin/service.go:66.3,66.13 1 1
air-cover/internal/app/admin/service.go:68.2,68.12 1 1
air-cover/internal/app/admin/service.go:71.65,72.22 1 1
air-cover/internal/app/admin/service.go:72.22,74.3 1 1
air-cover/internal/app/admin/service.go:75.2,76.16 2 1
air-cover/internal/app/admin/service.go:76.16,79.3 2 1
air-cover/internal/app/admin/service.go:81.2,82.29 2 1
air-cover/internal/app/admin/service.go:82.29,83.39 1 1
air-cover/internal/app/admin/service.go:83.39,85.4 1 1
air-cover/internal/app/admin/service.go:87.2,87.22 1 1
air-cover/internal/app/admin/service.go:87.22,89.3 1 1
air-cover/internal/app/admin/service.go:90.2,90.40 1 1
air-cover/internal/app/admin/service.go:93.38,94.40 1 1
air-cover/internal/app/admin/service.go:94.40,95.47 1 1
air-cover/internal/app/admin/service.go:95.47,97.4 1 1
air-cover/internal/app/admin/service.go:98.26,100.4 1 1
air-cover/internal/app/admin/service.go:98.3,98.26 1 1
air-cover/internal/app/auth/service.go:101.2,101.21 1 1
air-cover/internal/app/auth/service.go:101.21,103.3 1 1
air-cover/internal/app/auth/service.go:104.2,104.31 1 1
air-cover/internal/app/auth/service.go:104.31,106.3 1 1
air-cover/internal/app/auth/service.go:107.2,107.89 1 1
air-cover/internal/app/auth/service.go:107.89,109.3 1 1
air-cover/internal/app/auth/service.go:110.2,110.37 1 1
air-cover/internal/app/auth/service.go:113.98,116.16 3 1
air-cover/internal/app/auth/service.go:116.16,118.3 1 1
air-cover/internal/app/auth/service.go:120.2,121.16 2 1
air-cover/internal/app/auth/service.go:121.16,123.3 1 1
air-cover/internal/app/auth/service.go:124.2,125.16 2 1
air-cover/internal/app/auth/service.go:125.16,127.3 1 1
air-cover/internal/app/auth/service.go:129.2,130.108 2 1
air-cover/internal/app/auth/service.go:130.108,132.3 1 1
air-cover/internal/app/auth/service.go:133.2,133.72 1 1
air-cover/internal/app/auth/service.go:136.65,138.2 1 1
air-cover/internal/app/auth/service.go:140.109,142.16 2 1
air-cover/internal/app/auth/service.go:142.16,144.3 1 1
air-cover/internal/app/auth/service.go:145.2,146.16 2 1
air-cover/internal/app/auth/service.go:146.16,148.3 1 1
air-cover/internal/app/auth/service.go:149.2,149.21 1 1
air-cover/internal/app/auth/service.go:149.21,151.3 1 1
air-cover/internal/app/auth/service.go:152.2,152.81 1 1
air-cover/internal/app/auth/service.go:155.35,156.22 1 1
air-cover/internal/app/auth/service.go:156.22,158.3 1 1
air-cover/internal/app/auth/service.go:159.2,159.19 1 1
air-cover/internal/app/auth/service.go:50.58,57.2 1 1
air-cover/internal/app/auth/service.go:59.73,60.22 1 1
air-cover/internal/app/auth/service.go:60.22,62.3 1 1
air-cover/internal/app/auth/service.go:63.2,63.10 1 1
air-cover/internal/app/auth/service.go:66.49,68.41 2 1
air-cover/internal/app/auth/service.go:68.41,70.3 1 1
air-cover/internal/app/auth/service.go:71.2,71.34 1 1
air-cover/internal/app/auth/service.go:74.41,76.2 1 1
air-cover/internal/app/auth/service.go:78.37,82.2 3 1
air-cover/internal/app/auth/service.go:84.92,86.16 2 1
air-cover/internal/app/auth/service.go:86.16,88.3 1 1
air-cover/internal/app/auth/service.go:89.2,89.21 1 1
air-cover/internal/app/auth/service.go:89.21,91.3 1 1
air-cover/internal/app/auth/service.go:93.2,94.16 2 1
air-cover/internal/app/auth/service.go:94.16,96.3 1 1
air-cover/internal/app/auth/service.go:98.109,100.3 1 1
air-cover/internal/app/auth/service.go:98.2,98.109 1 1
air-cover/internal/app/bootstrap/service.go:22.43,24.2 1 1
air-cover/internal/app/bootstrap/service.go:26.77,27.17 1 1
air-cover/internal/app/bootstrap/service.go:27.17,29.3 1 1
air-cover/internal/app/bootstrap/service.go:30.2,31.43 2 1
air-cover/internal/app/bootstrap/service.go:31.43,33.84 2 1
air-cover/internal/app/bootstrap/service.go:33.84,35.4 1 1
air-cover/internal/app/bootstrap/service.go:36.3,36.13 1 1
air-cover/internal/app/bootstrap/service.go:38.16,40.3 1 1
air-cover/internal/app/bootstrap/service.go:38.2,38.16 1 1
air-cover/internal/app/bootstrap/service.go:41.2,41.12 1 1
air-cover/internal/app/contracttest/repository.go:100.46,102.3 1 1
air-cover/internal/app/contracttest/repository.go:105.100,106.46 1 1
air-cover/internal/app/contracttest/repository.go:106.46,108.3 1 1
air-cover/internal/app/contracttest/repository.go:111.72,112.46 1 1
air-cover/internal/app/contracttest/repository.go:112.46,114.3 1 1
air-cover/internal/app/contracttest/repository.go:117.72,118.16 1 1
air-cover/internal/app/contracttest/repository.go:118.16,120.3 1 1
air-cover/internal/app/contracttest/repository.go:121.15,123.23 2 1
air-cover/internal/app/contracttest/repository.go:121.2,121.15 1 1
air-cover/internal/app/contracttest/repository.go:123.23,125.4 1 1
air-cover/internal/app/contracttest/repository.go:126.3,126.26 1 1
air-cover/internal/app/contracttest/repository.go:129.2,130.12 2 1
air-cover/internal/app/contracttest/repository.go:133.60,137.2 3 1
air-cover/internal/app/contracttest/repository.go:139.68,143.2 3 1
air-cover/internal/app/contracttest/repository.go:145.60,158.2 11 1
air-cover/internal/app/contracttest/repository.go:160.68,177.2 15 1
air-cover/internal/app/contracttest/repository.go:179.64,200.2 19 1
air-cover/internal/app/contracttest/repository.go:202.70,237.31 30 1
air-cover/internal/app/contracttest/repository.go:237.31,238.54 1 1
air-cover/internal/app/contracttest/repository.go:238.54,241.4 2 1
air-cover/internal/app/contracttest/repository.go:243.2,243.77 1 1
air-cover/internal/app/contracttest/repository.go:246.70,249.2 2 1
air-cover/internal/app/contracttest/repository.go:251.94,312.2 38 1
air-cover/internal/app/contracttest/repository.go:314.88,355.2 21 1
air-cover/internal/app/contracttest/repository.go:357.43,358.16 1 1
air-cover/internal/app/contracttest/repository.go:358.16,359.44 1 1
air-cover/internal/app/contracttest/repository.go:363.48,364.9 1 1
air-cover/internal/app/contracttest/repository.go:364.9,365.37 1 1
air-cover/internal/app/contracttest/repository.go:369.32,371.2 1 1
air-cover/internal/app/contracttest/repository.go:373.110,375.27 2 1
air-cover/internal/app/contracttest/repository.go:375.27,376.34 1 1
air-cover/internal/app/contracttest/repository.go:376.34,378.4 1 1
air-cover/internal/app/contracttest/repository.go:380.2,380.13 1 1
air-cover/internal/app/contracttest/repository.go:383.80,384.40 1 1
air-cover/internal/app/contracttest/repository.go:384.40,385.57 1 1
air-cover/internal/app/contracttest/repository.go:385.57,387.4 1 1
air-cover/internal/app/contracttest/repository.go:389.2,389.23 1 1
air-cover/internal/app/contracttest/repository.go:63.80,64.46 1 1
air-cover/internal/app/contracttest/repository.go:64.46,66.3 1 1
air-cover/internal/app/contracttest/repository.go:69.72,70.46 1 1
air-cover/internal/app/contracttest/repository.go:70.46,72.3 1 1
air-cover/internal/app/contracttest/repository.go:75.80,76.46 1 1
air-cover/internal/app/contracttest/repository.go:76.46,78.3 1 1
air-cover/internal/app/contracttest/repository.go:81.76,82.46 1 1
air-cover/internal/app/contracttest/repository.go:82.46,84.3 1 1
air-cover/internal/app/contracttest/repository.go:87.82,88.46 1 1
air-cover/internal/app/contracttest/repository.go:88.46,90.3 1 1
air-cover/internal/app/contracttest/repository.go:93.82,94.46 1 1
air-cover/internal/app/contracttest/repository.go:94.46,96.3 1 1
air-cover/internal/app/contracttest/repository.go:99.106,100.46 1 1
air-cover/internal/app/subrequests/service.go:111.18,113.4 1 1
air-cover/internal/app/subrequests/service.go:113.9,115.4 1 1
air-cover/internal/app/subrequests/service.go:118.2,118.53 1 1
air-cover/internal/app/subrequests/service.go:118.53,120.3 1 1
air-cover/internal/app/subrequests/service.go:122.2,126.8 1 1
air-cover/internal/app/subrequests/service.go:129.99,130.58 1 1
air-cover/internal/app/subrequests/service.go:130.58,132.3 1 1
air-cover/internal/app/subrequests/service.go:134.2,143.17 2 1
air-cover/internal/app/subrequests/service.go:143.17,145.3 1 1
air-cover/internal/app/subrequests/service.go:146.2,146.12 1 1
air-cover/internal/app/subrequests/service.go:149.85,151.9 2 1
air-cover/internal/app/subrequests/service.go:152.25,153.30 1 1
air-cover/internal/app/subrequests/service.go:154.35,155.30 1 1
air-cover/internal/app/subrequests/service.go:156.101,157.30 1 1
air-cover/internal/app/subrequests/service.go:158.47,159.30 1 1
air-cover/internal/app/subrequests/service.go:162.2,162.22 1 1
air-cover/internal/app/subrequests/service.go:162.22,164.3 1 1
air-cover/internal/app/subrequests/service.go:165.2,166.16 2 1
air-cover/internal/app/subrequests/service.go:166.16,168.3 1 1
air-cover/internal/app/subrequests/service.go:169.2,169.38 1 1
air-cover/internal/app/subrequests/service.go:169.38,171.3 1 1
air-cover/internal/app/subrequests/service.go:172.2,172.12 1 1
air-cover/internal/app/subrequests/service.go:175.88,177.16 2 1
air-cover/internal/app/subrequests/service.go:177.16,179.3 1 1
air-cover/internal/app/subrequests/service.go:180.2,180.32 1 1
air-cover/internal/app/subrequests/service.go:180.32,182.3 1 1
air-cover/internal/app/subrequests/service.go:183.2,183.57 1 1
air-cover/internal/app/subrequests/service.go:183.57,185.3 1 1
air-cover/internal/app/subrequests/service.go:186.2,186.12 1 1
air-cover/internal/app/subrequests/service.go:189.108,190.21 1 1
air-cover/internal/app/subrequests/service.go:190.21,192.3 1 1
air-cover/internal/app/subrequests/service.go:194.2,195.16 2 1
air-cover/internal/app/subrequests/service.go:195.16,197.3 1 1
air-cover/internal/app/subrequests/service.go:199.2,199.16 1 1
air-cover/internal/app/subrequests/service.go:200.18,201.76 1 1
air-cover/internal/app/subrequests/service.go:201.76,203.4 1 1
air-cover/internal/app/subrequests/service.go:204.20,205.33 1 1
air-cover/internal/app/subrequests/service.go:205.33,207.4 1 1
air-cover/internal/app/subrequests/service.go:208.3,208.67 1 1
air-cover/internal/app/subrequests/service.go:208.67,210.4 1 1
air-cover/internal/app/subrequests/service.go:212.2,212.12 1 1
air-cover/internal/app/subrequests/service.go:215.42,216.43 1 1
air-cover/internal/app/subrequests/service.go:216.43,218.3 1 1
air-cover/internal/app/subrequests/service.go:219.2,219.43 1 1
air-cover/internal/app/subrequests/service.go:219.43,221.3 1 1
air-cover/internal/app/subrequests/service.go:222.2,222.12 1 1
air-cover/internal/app/subrequests/service.go:225.61,227.29 2 1
air-cover/internal/app/subrequests/service.go:227.29,229.17 2 1
air-cover/internal/app/subrequests/service.go:229.17,230.12 1 1
air-cover/internal/app/subrequests/service.go:232.3,232.27 1 1
air-cover/internal/app/subrequests/service.go:234.2,234.16 1 1
air-cover/internal/app/subrequests/service.go:237.59,238.43 1 1
air-cover/internal/app/subrequests/service.go:238.43,240.3 1 1
air-cover/internal/app/subrequests/service.go:241.2,241.23 1 1
air-cover/internal/app/subrequests/service.go:244.59,245.29 1 1
air-cover/internal/app/subrequests/service.go:245.29,247.17 2 1
air-cover/internal/app/subrequests/service.go:247.17,248.12 1 1
air-cover/internal/app/subrequests/service.go:250.19,252.4 1 1
air-cover/internal/app/subrequests/service.go:250.3,250.19 1 1
air-cover/internal/app/subrequests/service.go:254.2,254.14 1 1
air-cover/internal/app/subrequests/service.go:257.35,258.22 1 1
air-cover/internal/app/subrequests/service.go:258.22,260.3 1 1
air-cover/internal/app/subrequests/service.go:261.2,261.19 1 1
air-cover/internal/app/subrequests/service.go:27.60,33.2 1 1
air-cover/internal/app/subrequests/service.go:72.30,74.2 1 1
air-cover/internal/app/subrequests/service.go:76.100,77.22 1 1
air-cover/internal/app/subrequests/service.go:77.22,79.3 1 1
air-cover/internal/app/subrequests/service.go:80.2,81.16 2 1
air-cover/internal/app/subrequests/service.go:81.16,83.3 1 1
air-cover/internal/app/subrequests/service.go:85.2,85.40 1 1
air-cover/internal/app/subrequests/service.go:85.40,87.3 1 1
air-cover/internal/app/subrequests/service.go:89.2,90.16 2 1
air-cover/internal/app/subrequests/service.go:90.16,92.3 1 1
air-cover/internal/app/subrequests/service.go:94.2,99.37 5 1
air-cover/internal/app/subrequests/service.go:99.37,111.18 3 1
air-cover/internal/cmd/doc.go:17.47,25.3 4 1
air-cover/internal/cmd/doc.go:28.13,30.2 1 1
air-cover/internal/cmd/migrate.go:25.47,27.3 1 1
air-cover/internal/cmd/migrate.go:33.47,35.3 1 1
air-cover/internal/cmd/migrate.go:41.47,43.3 1 1
air-cover/internal/cmd/migrate.go:49.47,51.3 1 1
air-cover/internal/cmd/migrate.go:54.52,56.16 2 1
air-cover/internal/cmd/migrate.go:56.16,59.3 2 1
air-cover/internal/cmd/migrate.go:61.2,64.16 3 1
air-cover/internal/cmd/migrate.go:64.16,67.3 2 1
air-cover/internal/cmd/migrate.go:68.2,70.62 2 1
air-cover/internal/cmd/migrate.go:70.62,73.3 2 1
air-cover/internal/cmd/migrate.go:75.2,75.65 1 1
air-cover/internal/cmd/migrate.go:78.13,84.2 5 1
air-cover/internal/cmd/root.go:22.16,23.42 1 1
air-cover/internal/cmd/root.go:23.42,26.3 2 1
air-cover/internal/cmd/root.go:29.13,33.2 2 1
air-cover/internal/cmd/root.go:35.19,36.19 1 1
air-cover/internal/cmd/root.go:36.19,38.3 1 1
air-cover/internal/cmd/root.go:38.8,45.3 5 1
air-cover/internal/cmd/root.go:47.2,49.45 2 1
air-cover/internal/cmd/root.go:49.45,51.3 1 1
air-cover/internal/cmd/router.go:101.50,103.3 1 1
air-cover/internal/cmd/router.go:104.2,104.91 1 1
air-cover/internal/cmd/router.go:107.44,108.66 1 1
air-cover/internal/cmd/router.go:108.66,110.3 1 1
air-cover/internal/cmd/router.go:111.2,111.15 1 1
air-cover/internal/cmd/router.go:17.96,19.16 2 1
air-cover/internal/cmd/router.go:19.16,22.3 2 1
air-cover/internal/cmd/router.go:26.2,38.29 9 1
air-cover/internal/cmd/router.go:38.29,42.3 3 1
air-cover/internal/cmd/router.go:44.2,44.29 1 1
air-cover/internal/cmd/router.go:44.29,52.3 7 1
air-cover/internal/cmd/router.go:54.2,54.29 1 1
air-cover/internal/cmd/router.go:54.29,62.3 7 1
air-cover/internal/cmd/router.go:64.2,64.10 1 1
air-cover/internal/cmd/router.go:67.64,68.71 1 1
air-cover/internal/cmd/router.go:68.71,69.54 1 1
air-cover/internal/cmd/router.go:69.54,72.4 2 1
air-cover/internal/cmd/router.go:74.3,74.51 1 1
air-cover/internal/cmd/router.go:78.37,80.2 1 1
air-cover/internal/cmd/router.go:82.48,83.57 1 1
air-cover/internal/cmd/router.go:84.42,85.14 1 1
air-cover/internal/cmd/router.go:86.20,87.15 1 1
air-cover/internal/cmd/router.go:90.2,90.52 1 1
air-cover/internal/cmd/router.go:90.52,92.3 1 1
air-cover/internal/cmd/router.go:93.2,93.55 1 1
air-cover/internal/cmd/router.go:93.55,95.3 1 1
air-cover/internal/cmd/router.go:96.2,96.14 1 1
air-cover/internal/cmd/router.go:99.64,101.50 2 1
air-cover/internal/cmd/server.go:102.68,102.114 1 1
air-cover/internal/cmd/server.go:106.75,108.4 1 1
air-cover/internal/cmd/server.go:109.142,111.4 1 1
air-cover/internal/cmd/server.go:112.56,120.4 2 1
air-cover/internal/cmd/server.go:121.46,123.4 1 1
air-cover/internal/cmd/server.go:124.85,126.4 1 1
air-cover/internal/cmd/server.go:127.72,129.4 1 1
air-cover/internal/cmd/server.go:138.47,139.61 1 1
air-cover/internal/cmd/server.go:139.61,142.4 2 1
air-cover/internal/cmd/server.go:146.59,148.16 2 1
air-cover/internal/cmd/server.go:148.16,150.3 1 1
air-cover/internal/cmd/server.go:152.2,155.16 3 1
air-cover/internal/cmd/server.go:155.16,157.3 1 1
air-cover/internal/cmd/server.go:158.2,158.27 1 1
air-cover/internal/cmd/server.go:158.27,160.3 1 1
air-cover/internal/cmd/server.go:162.132,164.3 1 1
air-cover/internal/cmd/server.go:162.2,162.132 1 1
air-cover/internal/cmd/server.go:166.2,170.64 4 1
air-cover/internal/cmd/server.go:170.64,172.3 1 1
air-cover/internal/cmd/server.go:173.2,173.12 1 1
air-cover/internal/cmd/server.go:176.87,178.16 2 1
air-cover/internal/cmd/server.go:178.16,180.3 1 1
air-cover/internal/cmd/server.go:181.2,188.8 3 1
air-cover/internal/cmd/server.go:191.73,197.2 1 1
air-cover/internal/cmd/server.go:199.102,214.2 6 1
air-cover/internal/cmd/server.go:216.82,218.9 2 1
air-cover/internal/cmd/server.go:218.9,220.3 1 1
air-cover/internal/cmd/server.go:221.12,224.50 3 1
air-cover/internal/cmd/server.go:221.2,221.12 1 1
air-cover/internal/cmd/server.go:224.50,226.4 1 1
air-cover/internal/cmd/server.go:230.76,235.12 4 1
air-cover/internal/cmd/server.go:235.12,237.3 1 1
air-cover/internal/cmd/server.go:239.2,239.9 1 1
air-cover/internal/cmd/server.go:240.26,241.58 1 1
air-cover/internal/cmd/server.go:241.58,243.4 1 1
air-cover/internal/cmd/server.go:244.3,244.13 1 1
air-cover/internal/cmd/server.go:245.20,246.9 1 1
air-cover/internal/cmd/server.go:249.2,252.65 3 1
air-cover/internal/cmd/server.go:252.65,254.3 1 1
air-cover/internal/cmd/server.go:256.2,256.9 1 1
air-cover/internal/cmd/server.go:257.26,258.58 1 1
air-cover/internal/cmd/server.go:258.58,260.4 1 1
air-cover/internal/cmd/server.go:261.3,261.13 1 1
air-cover/internal/cmd/server.go:262.28,263.27 1 1
air-cover/internal/cmd/server.go:267.13,274.2 4 1
air-cover/internal/cmd/server.go:35.51,37.3 1 1
air-cover/internal/cmd/server.go:92.37,96.65 1 1
air-cover/internal/cmd/server.go:96.65,98.4 1 1
air-cover/internal/cmd/server.go:99.74,101.4 1 1
air-cover/internal/config/config.go:29.48,31.40 1 1
air-cover/internal/config/config.go:31.40,34.3 1 1
air-cover/internal/config/config.go:36.2,45.21 9 1
air-cover/internal/config/config.go:45.21,47.17 2 1
air-cover/internal/config/config.go:47.17,49.4 1 1
air-cover/internal/config/config.go:50.3,50.15 1 1
air-cover/internal/config/config.go:54.19,56.3 1 1
air-cover/internal/config/config.go:54.2,54.19 1 1
air-cover/internal/config/config.go:58.19,60.3 1 1
air-cover/internal/config/config.go:58.2,58.19 1 1
air-cover/internal/config/config.go:62.16,64.54 1 1
air-cover/internal/config/config.go:62.2,62.16 1 1
air-cover/internal/config/config.go:64.54,66.4 1 1
air-cover/internal/config/config.go:69.3,69.34 1 1
air-cover/internal/config/config.go:69.34,71.4 1 1
air-cover/internal/config/config.go:72.3,72.36 1 1
air-cover/internal/config/config.go:72.36,74.4 1 1
air-cover/internal/config/config.go:77.2,78.45 2 1
air-cover/internal/config/config.go:78.45,80.3 1 1
air-cover/internal/config/config.go:82.2,82.17 1 1
air-cover/internal/domain/subrequest.go:26.41,28.2 1 1
air-cover/internal/domain/subrequest.go:30.48,31.28 1 1
air-cover/internal/domain/subrequest.go:31.28,33.3 1 1
air-cover/internal/domain/subrequest.go:34.2,34.29 1 1
air-cover/internal/domain/subrequest.go:37.47,39.2 1 1
air-cover/internal/domain/subrequest.go:41.62,43.2 1 1
air-cover/internal/domain/subrequest.go:45.60,47.2 1 1
air-cover/internal/domain/subrequest.go:49.62,51.2 1 1
air-cover/internal/domain/user.go:12.28,14.2 1 1
air-cover/internal/domain/user.go:24.30,26.2 1 1
air-cover/internal/domain/user.go:34.37,36.2 1 1
air-cover/internal/domain/user.go:38.63,40.2 1 1
air-cover/internal/logger/logger.go:16.64,18.2 1 1
air-cover/internal/logger/logger.go:21.49,24.16 3 1
air-cover/internal/logger/logger.go:24.16,32.3 6 1
air-cover/internal/logger/logger.go:32.8,34.3 1 1
air-cover/internal/logger/logger.go:37.2,38.16 2 1
air-cover/internal/logger/logger.go:38.16,41.3 1 1
air-cover/internal/logger/logger.go:44.2,46.26 2 1
