mode: set
air-cover/internal/config/config.go:29.48,31.40 1 1
air-cover/internal/config/config.go:31.40,34.3 1 1
air-cover/internal/config/config.go:36.2,45.21 9 1
air-cover/internal/config/config.go:45.21,46.52 1 1
air-cover/internal/config/config.go:46.52,48.4 1 1
air-cover/internal/config/config.go:52.2,52.19 1 1
air-cover/internal/config/config.go:52.19,54.3 1 1
air-cover/internal/config/config.go:56.2,56.19 1 1
air-cover/internal/config/config.go:56.19,58.3 1 1
air-cover/internal/config/config.go:60.2,60.16 1 1
air-cover/internal/config/config.go:60.16,62.54 1 1
air-cover/internal/config/config.go:62.54,64.4 1 1
air-cover/internal/config/config.go:67.3,67.34 1 1
air-cover/internal/config/config.go:67.34,69.4 1 1
air-cover/internal/config/config.go:70.3,70.36 1 1
air-cover/internal/config/config.go:70.36,72.4 1 1
air-cover/internal/config/config.go:75.2,76.45 2 1
air-cover/internal/config/config.go:76.45,78.3 1 1
air-cover/internal/config/config.go:80.2,80.17 1 1
air-cover/internal/spinitron/client.go:50.48,52.19 2 1
air-cover/internal/spinitron/client.go:52.19,54.3 1 1
air-cover/internal/spinitron/client.go:56.2,61.3 1 1
air-cover/internal/spinitron/client.go:64.81,65.14 1 1
air-cover/internal/spinitron/client.go:65.14,67.3 1 1
air-cover/internal/spinitron/client.go:69.2,73.22 5 1
air-cover/internal/spinitron/client.go:73.22,75.3 1 1
air-cover/internal/spinitron/client.go:76.2,79.16 3 1
air-cover/internal/spinitron/client.go:79.16,81.3 1 1
air-cover/internal/spinitron/client.go:83.2,83.38 1 1
air-cover/internal/spinitron/client.go:86.87,87.14 1 1
air-cover/internal/spinitron/client.go:87.14,89.3 1 1
air-cover/internal/spinitron/client.go:91.2,96.16 5 1
air-cover/internal/spinitron/client.go:96.16,98.3 1 1
air-cover/internal/spinitron/client.go:100.2,100.41 1 1
air-cover/internal/spinitron/client.go:103.104,106.16 3 1
air-cover/internal/spinitron/client.go:106.16,108.3 1 1
air-cover/internal/spinitron/client.go:109.2,112.16 3 1
air-cover/internal/spinitron/client.go:112.16,114.3 1 0
air-cover/internal/spinitron/client.go:116.2,116.20 1 1
air-cover/internal/spinitron/client.go:116.20,118.3 1 1
air-cover/internal/spinitron/client.go:120.2,121.16 2 1
air-cover/internal/spinitron/client.go:121.16,123.3 1 1
air-cover/internal/spinitron/client.go:124.2,127.16 3 1
air-cover/internal/spinitron/client.go:127.16,129.3 1 1
air-cover/internal/spinitron/client.go:131.2,131.86 1 1
air-cover/internal/spinitron/client.go:131.86,133.3 1 1
air-cover/internal/spinitron/client.go:135.2,135.31 1 1
air-cover/internal/spinitron/client.go:138.74,140.55 2 1
air-cover/internal/spinitron/client.go:140.55,142.3 1 1
air-cover/internal/spinitron/client.go:144.2,145.9 2 1
air-cover/internal/spinitron/client.go:145.9,147.3 1 1
air-cover/internal/spinitron/client.go:148.2,148.24 1 1
air-cover/internal/spinitron/client.go:148.24,150.3 1 1
air-cover/internal/spinitron/client.go:152.2,153.60 2 1
air-cover/internal/spinitron/client.go:153.60,155.3 1 1
air-cover/internal/spinitron/client.go:157.2,158.32 2 1
air-cover/internal/spinitron/client.go:158.32,160.15 2 1
air-cover/internal/spinitron/client.go:160.15,161.12 1 1
air-cover/internal/spinitron/client.go:164.3,168.5 2 1
air-cover/internal/spinitron/client.go:171.2,174.8 1 1
air-cover/internal/spinitron/client.go:177.80,179.55 2 1
air-cover/internal/spinitron/client.go:179.55,181.3 1 1
air-cover/internal/spinitron/client.go:183.2,184.9 2 1
air-cover/internal/spinitron/client.go:184.9,186.3 1 1
air-cover/internal/spinitron/client.go:187.2,187.24 1 1
air-cover/internal/spinitron/client.go:187.24,189.3 1 1
air-cover/internal/spinitron/client.go:191.2,192.60 2 1
air-cover/internal/spinitron/client.go:192.60,194.3 1 1
air-cover/internal/spinitron/client.go:196.2,197.32 2 1
air-cover/internal/spinitron/client.go:197.32,199.18 2 1
air-cover/internal/spinitron/client.go:199.18,200.12 1 1
air-cover/internal/spinitron/client.go:202.3,203.17 2 1
air-cover/internal/spinitron/client.go:203.17,204.12 1 1
air-cover/internal/spinitron/client.go:207.3,210.40 3 1
air-cover/internal/spinitron/client.go:210.40,211.38 1 1
air-cover/internal/spinitron/client.go:211.38,213.5 1 1
air-cover/internal/spinitron/client.go:216.3,220.5 1 1
air-cover/internal/spinitron/client.go:223.2,226.8 1 1
air-cover/internal/spinitron/client.go:229.42,230.29 1 1
air-cover/internal/spinitron/client.go:231.14,232.15 1 1
air-cover/internal/spinitron/client.go:233.15,234.34 1 1
air-cover/internal/spinitron/client.go:235.19,236.24 1 1
air-cover/internal/spinitron/client.go:237.10,238.12 1 1
air-cover/internal/spinitron/client.go:242.57,243.64 1 1
air-cover/internal/spinitron/client.go:243.64,244.31 1 1
air-cover/internal/spinitron/client.go:244.31,245.52 1 1
air-cover/internal/spinitron/client.go:245.52,247.5 1 1
air-cover/internal/spinitron/client.go:251.2,251.45 1 1
air-cover/internal/spinitron/client.go:251.45,253.3 1 1
air-cover/internal/spinitron/client.go:254.2,254.23 1 1
air-cover/internal/spinitron/client.go:257.81,258.52 1 1
air-cover/internal/spinitron/client.go:258.52,259.34 1 1
air-cover/internal/spinitron/client.go:259.34,260.52 1 1
air-cover/internal/spinitron/client.go:260.52,262.5 1 1
air-cover/internal/spinitron/client.go:266.2,266.50 1 1
air-cover/internal/spinitron/client.go:266.50,267.34 1 1
air-cover/internal/spinitron/client.go:267.34,268.52 1 1
air-cover/internal/spinitron/client.go:268.52,270.5 1 1
air-cover/internal/spinitron/client.go:274.2,274.40 1 1
air-cover/internal/spinitron/client.go:274.40,275.58 1 1
air-cover/internal/spinitron/client.go:275.58,277.4 1 1
air-cover/internal/spinitron/client.go:280.2,280.57 1 1
air-cover/internal/spinitron/client.go:283.54,285.51 2 1
air-cover/internal/spinitron/client.go:285.51,287.3 1 1
air-cover/internal/spinitron/client.go:289.2,289.52 1 1
air-cover/internal/spinitron/client.go:289.52,290.33 1 1
air-cover/internal/spinitron/client.go:290.33,291.54 1 1
air-cover/internal/spinitron/client.go:291.54,293.5 1 1
air-cover/internal/spinitron/client.go:297.2,297.12 1 1
air-cover/internal/spinitron/client.go:300.51,302.54 2 1
air-cover/internal/spinitron/client.go:302.54,304.3 1 1
air-cover/internal/spinitron/client.go:305.2,305.33 1 1
air-cover/internal/spinitron/client.go:308.46,309.27 1 1
air-cover/internal/spinitron/client.go:310.11,311.13 1 1
air-cover/internal/spinitron/client.go:312.15,314.15 2 1
air-cover/internal/spinitron/client.go:314.15,316.4 1 1
air-cover/internal/spinitron/client.go:317.14,318.41 1 1
air-cover/internal/spinitron/client.go:318.41,320.4 1 1
air-cover/internal/spinitron/client.go:321.30,322.32 1 1
air-cover/internal/spinitron/client.go:322.32,323.50 1 1
air-cover/internal/spinitron/client.go:323.50,325.5 1 1
air-cover/internal/spinitron/client.go:327.3,327.68 1 1
air-cover/internal/spinitron/client.go:327.68,328.31 1 1
air-cover/internal/spinitron/client.go:328.31,329.52 1 1
air-cover/internal/spinitron/client.go:329.52,331.6 1 1
air-cover/internal/spinitron/client.go:334.21,335.26 1 1
air-cover/internal/spinitron/client.go:335.26,336.50 1 1
air-cover/internal/spinitron/client.go:336.50,338.5 1 1
air-cover/internal/spinitron/client.go:342.2,342.12 1 1
air-cover/internal/spinitron/client.go:345.46,347.15 2 1
air-cover/internal/spinitron/client.go:347.15,349.3 1 1
air-cover/internal/spinitron/client.go:351.2,351.60 1 1
air-cover/internal/spinitron/client.go:351.60,353.3 1 1
air-cover/internal/spinitron/client.go:355.2,356.16 2 1
air-cover/internal/spinitron/client.go:356.16,358.3 1 1
air-cover/internal/spinitron/client.go:359.2,360.19 2 1
air-cover/internal/spinitron/client.go:360.19,362.3 1 1
air-cover/internal/spinitron/client.go:363.2,364.29 2 1
air-cover/internal/spinitron/client.go:364.29,366.3 1 1
air-cover/internal/spinitron/client.go:367.2,367.19 1 1
air-cover/internal/spinitron/client.go:370.58,371.22 1 1
air-cover/internal/spinitron/client.go:371.22,373.3 1 1
air-cover/internal/spinitron/client.go:375.2,376.29 2 1
air-cover/internal/spinitron/client.go:376.29,378.47 2 1
air-cover/internal/spinitron/client.go:378.47,379.12 1 1
air-cover/internal/spinitron/client.go:381.3,383.34 3 1
air-cover/internal/spinitron/client.go:383.34,384.12 1 1
air-cover/internal/spinitron/client.go:387.3,387.62 1 1
air-cover/internal/spinitron/client.go:387.62,389.4 1 1
air-cover/internal/spinitron/client.go:392.2,392.12 1 1
air-cover/internal/models/models.go:30.41,31.28 1 1
air-cover/internal/models/models.go:31.28,33.3 1 1
air-cover/internal/models/models.go:34.2,34.17 1 1
air-cover/internal/email/sender.go:18.72,21.2 2 1
air-cover/internal/email/sender.go:29.73,30.20 1 1
air-cover/internal/email/sender.go:30.20,33.3 2 1
air-cover/internal/email/sender.go:36.2,58.16 3 1
air-cover/internal/email/sender.go:58.16,60.3 1 0
air-cover/internal/email/sender.go:62.2,63.16 2 1
air-cover/internal/email/sender.go:63.16,65.3 1 0
air-cover/internal/email/sender.go:66.2,70.16 4 1
air-cover/internal/email/sender.go:70.16,72.3 1 1
air-cover/internal/email/sender.go:73.2,75.28 2 1
air-cover/internal/email/sender.go:75.28,77.3 1 1
air-cover/internal/email/sender.go:79.2,80.12 2 1
air-cover/internal/email/sender.go:83.54,84.41 1 1
air-cover/internal/email/sender.go:84.41,92.3 1 1
air-cover/internal/email/sender.go:93.2,93.25 1 1
air-cover/internal/db/db.go:16.42,18.16 2 1
air-cover/internal/db/db.go:18.16,20.3 1 0
air-cover/internal/db/db.go:22.2,22.34 1 1
air-cover/internal/db/db.go:22.34,24.3 1 1
air-cover/internal/db/db.go:26.2,26.47 1 1
air-cover/internal/db/db.go:26.47,28.3 1 0
air-cover/internal/db/db.go:30.2,30.16 1 1
air-cover/internal/db/db.go:33.53,35.52 2 1
air-cover/internal/db/db.go:35.52,37.3 1 0
air-cover/internal/db/db.go:39.2,40.17 2 1
air-cover/internal/db/db.go:41.12,42.35 1 1
air-cover/internal/db/db.go:43.14,44.37 1 1
air-cover/internal/db/db.go:45.15,46.38 1 1
air-cover/internal/db/db.go:47.16,48.39 1 1
air-cover/internal/db/db.go:49.10,50.62 1 1
air-cover/internal/db/db.go:53.2,53.16 1 1
air-cover/internal/db/db.go:53.16,55.3 1 1
air-cover/internal/db/db.go:57.2,57.12 1 1
air-cover/internal/db/repository.go:18.44,20.2 1 1
air-cover/internal/db/repository.go:22.35,24.2 1 1
air-cover/internal/db/repository.go:26.94,30.16 3 1
air-cover/internal/db/repository.go:30.16,31.36 1 1
air-cover/internal/db/repository.go:31.36,33.4 1 1
air-cover/internal/db/repository.go:34.3,34.18 1 1
air-cover/internal/db/repository.go:36.2,36.19 1 1
air-cover/internal/db/repository.go:39.85,43.16 3 1
air-cover/internal/db/repository.go:43.16,44.36 1 1
air-cover/internal/db/repository.go:44.36,46.4 1 1
air-cover/internal/db/repository.go:47.3,47.18 1 1
air-cover/internal/db/repository.go:49.2,49.19 1 1
air-cover/internal/db/repository.go:52.103,54.16 2 1
air-cover/internal/db/repository.go:54.16,56.3 1 1
air-cover/internal/db/repository.go:57.2,58.16 2 1
air-cover/internal/db/repository.go:58.16,60.3 1 0
air-cover/internal/db/repository.go:61.2,61.36 1 1
air-cover/internal/db/repository.go:64.116,68.2 2 1
air-cover/internal/db/repository.go:70.101,75.16 4 1
air-cover/internal/db/repository.go:75.16,76.36 1 1
air-cover/internal/db/repository.go:76.36,78.4 1 1
air-cover/internal/db/repository.go:79.3,79.18 1 1
air-cover/internal/db/repository.go:82.2,82.18 1 1
air-cover/internal/db/repository.go:82.18,84.3 1 1
air-cover/internal/db/repository.go:86.2,86.57 1 1
air-cover/internal/db/repository.go:86.57,88.3 1 1
air-cover/internal/db/repository.go:90.2,91.16 2 1
air-cover/internal/db/repository.go:91.16,93.3 1 0
air-cover/internal/db/repository.go:95.2,95.17 1 1
air-cover/internal/db/repository.go:98.128,102.2 2 1
air-cover/internal/db/repository.go:104.107,108.16 3 1
air-cover/internal/db/repository.go:108.16,109.36 1 1
air-cover/internal/db/repository.go:109.36,111.4 1 1
air-cover/internal/db/repository.go:112.3,112.18 1 1
air-cover/internal/db/repository.go:114.2,114.36 1 1
air-cover/internal/db/repository.go:114.36,116.3 1 1
air-cover/internal/db/repository.go:117.2,117.16 1 1
air-cover/internal/db/repository.go:120.84,123.2 2 1
air-cover/internal/db/repository.go:125.89,130.16 2 1
air-cover/internal/db/repository.go:130.16,132.3 1 1
air-cover/internal/db/repository.go:133.2,134.16 2 1
air-cover/internal/db/repository.go:134.16,136.3 1 0
air-cover/internal/db/repository.go:137.2,138.12 2 1
air-cover/internal/db/repository.go:140.89,148.16 2 1
air-cover/internal/db/repository.go:148.16,150.3 1 1
air-cover/internal/db/repository.go:151.2,154.18 3 1
air-cover/internal/db/repository.go:154.18,160.17 3 1
air-cover/internal/db/repository.go:160.17,162.4 1 1
air-cover/internal/db/repository.go:163.3,163.41 1 1
air-cover/internal/db/repository.go:165.2,165.34 1 1
air-cover/internal/db/repository.go:165.34,167.3 1 0
air-cover/internal/db/repository.go:168.2,168.25 1 1
air-cover/internal/db/repository.go:171.97,180.16 3 1
air-cover/internal/db/repository.go:180.16,181.36 1 1
air-cover/internal/db/repository.go:181.36,183.4 1 1
air-cover/internal/db/repository.go:184.3,184.18 1 1
air-cover/internal/db/repository.go:186.2,186.17 1 1
air-cover/internal/db/repository.go:189.74,191.16 2 1
air-cover/internal/db/repository.go:191.16,193.3 1 1
air-cover/internal/db/repository.go:194.2,195.16 2 1
air-cover/internal/db/repository.go:195.16,197.3 1 0
air-cover/internal/db/repository.go:198.2,198.15 1 1
air-cover/internal/db/repository.go:198.15,200.3 1 1
air-cover/internal/db/repository.go:201.2,201.12 1 1
air-cover/internal/db/repository.go:204.84,208.16 2 1
air-cover/internal/db/repository.go:208.16,210.3 1 1
air-cover/internal/db/repository.go:211.2,212.16 2 1
air-cover/internal/db/repository.go:212.16,214.3 1 0
air-cover/internal/db/repository.go:215.2,215.15 1 1
air-cover/internal/db/repository.go:215.15,217.3 1 1
air-cover/internal/db/repository.go:218.2,218.12 1 1
air-cover/internal/db/repository.go:221.74,225.16 2 1
air-cover/internal/db/repository.go:225.16,227.3 1 1
air-cover/internal/db/repository.go:228.2,229.16 2 1
air-cover/internal/db/repository.go:229.16,231.3 1 0
air-cover/internal/db/repository.go:232.2,232.15 1 1
air-cover/internal/db/repository.go:232.15,234.3 1 1
air-cover/internal/db/repository.go:235.2,235.12 1 1
air-cover/internal/db/repository.go:238.77,240.16 2 1
air-cover/internal/db/repository.go:240.16,242.3 1 1
air-cover/internal/db/repository.go:243.2,246.18 3 1
air-cover/internal/db/repository.go:246.18,248.104 2 1
air-cover/internal/db/repository.go:248.104,250.4 1 1
air-cover/internal/db/repository.go:251.3,251.31 1 1
air-cover/internal/db/repository.go:253.2,253.34 1 1
air-cover/internal/db/repository.go:253.34,255.3 1 0
air-cover/internal/db/repository.go:256.2,256.19 1 1
air-cover/internal/db/repository.go:259.99,262.17 3 1
air-cover/internal/db/repository.go:262.17,265.3 2 1
air-cover/internal/db/repository.go:266.2,266.22 1 1
air-cover/internal/db/repository.go:266.22,269.3 2 1
air-cover/internal/db/repository.go:271.2,271.20 1 1
air-cover/internal/db/repository.go:271.20,273.3 1 1
air-cover/internal/db/repository.go:276.2,281.16 5 1
air-cover/internal/db/repository.go:281.16,283.3 1 1
air-cover/internal/db/repository.go:284.2,285.16 2 1
air-cover/internal/db/repository.go:285.16,287.3 1 0
air-cover/internal/db/repository.go:288.2,288.15 1 1
air-cover/internal/db/repository.go:288.15,290.3 1 1
air-cover/internal/db/repository.go:291.2,291.12 1 1
air-cover/internal/db/repository.go:294.78,295.22 1 1
air-cover/internal/db/repository.go:295.22,297.3 1 1
air-cover/internal/db/repository.go:299.2,300.16 2 1
air-cover/internal/db/repository.go:300.16,302.3 1 1
air-cover/internal/db/repository.go:303.2,303.15 1 1
air-cover/internal/db/repository.go:303.15,305.3 1 1
air-cover/internal/db/repository.go:307.2,308.16 2 1
air-cover/internal/db/repository.go:308.16,310.3 1 1
air-cover/internal/db/repository.go:311.2,313.31 2 1
air-cover/internal/db/repository.go:313.31,315.17 2 1
air-cover/internal/db/repository.go:315.17,317.4 1 1
air-cover/internal/db/repository.go:320.2,320.20 1 1
air-cover/internal/logger/logger.go:13.49,16.16 3 1
air-cover/internal/logger/logger.go:16.16,24.3 6 1
air-cover/internal/logger/logger.go:24.8,26.3 1 1
air-cover/internal/logger/logger.go:29.2,30.16 2 1
air-cover/internal/logger/logger.go:30.16,33.3 1 0
air-cover/internal/logger/logger.go:36.2,38.26 2 1
air-cover/cmd/aircover/main.go:5.13,7.2 1 1
air-cover/internal/api/api.gen.go:29.56,30.11 1 1
air-cover/internal/api/api.gen.go:31.12,32.14 1 1
air-cover/internal/api/api.gen.go:33.14,34.14 1 1
air-cover/internal/api/api.gen.go:35.10,36.15 1 1
air-cover/internal/api/api.gen.go:47.49,48.11 1 0
air-cover/internal/api/api.gen.go:49.38,50.14 1 0
air-cover/internal/api/api.gen.go:51.39,52.14 1 0
air-cover/internal/api/api.gen.go:53.10,54.15 1 0
air-cover/internal/api/api.gen.go:65.47,66.11 1 0
air-cover/internal/api/api.gen.go:67.36,68.14 1 0
air-cover/internal/api/api.gen.go:69.37,70.14 1 0
air-cover/internal/api/api.gen.go:71.10,72.15 1 0
air-cover/internal/api/api.gen.go:83.56,84.11 1 0
air-cover/internal/api/api.gen.go:85.13,86.14 1 0
air-cover/internal/api/api.gen.go:87.12,88.14 1 0
air-cover/internal/api/api.gen.go:89.10,90.15 1 0
air-cover/internal/api/api.gen.go:101.51,102.11 1 0
air-cover/internal/api/api.gen.go:103.13,104.14 1 0
air-cover/internal/api/api.gen.go:105.14,106.14 1 0
air-cover/internal/api/api.gen.go:107.10,108.15 1 0
air-cover/internal/api/api.gen.go:243.68,245.2 1 1
air-cover/internal/api/api.gen.go:249.73,251.2 1 1
air-cover/internal/api/api.gen.go:255.71,257.2 1 1
air-cover/internal/api/api.gen.go:261.78,263.2 1 1
air-cover/internal/api/api.gen.go:267.79,269.2 1 1
air-cover/internal/api/api.gen.go:273.106,275.2 1 1
air-cover/internal/api/api.gen.go:279.74,281.2 1 1
air-cover/internal/api/api.gen.go:285.80,287.2 1 1
air-cover/internal/api/api.gen.go:291.92,293.2 1 1
air-cover/internal/api/api.gen.go:297.91,299.2 1 1
air-cover/internal/api/api.gen.go:303.74,305.2 1 1
air-cover/internal/api/api.gen.go:309.89,311.2 1 1
air-cover/internal/api/api.gen.go:315.84,317.2 1 1
air-cover/internal/api/api.gen.go:329.80,331.88 1 1
air-cover/internal/api/api.gen.go:331.88,333.3 1 1
air-cover/internal/api/api.gen.go:335.2,335.52 1 1
air-cover/internal/api/api.gen.go:335.52,337.3 1 1
air-cover/internal/api/api.gen.go:339.2,339.25 1 1
air-cover/internal/api/api.gen.go:343.85,345.88 1 1
air-cover/internal/api/api.gen.go:345.88,347.3 1 1
air-cover/internal/api/api.gen.go:349.2,349.52 1 1
air-cover/internal/api/api.gen.go:349.52,351.3 1 0
air-cover/internal/api/api.gen.go:353.2,353.25 1 1
air-cover/internal/api/api.gen.go:357.83,359.88 1 1
air-cover/internal/api/api.gen.go:359.88,361.3 1 1
air-cover/internal/api/api.gen.go:363.2,363.52 1 1
air-cover/internal/api/api.gen.go:363.52,365.3 1 1
air-cover/internal/api/api.gen.go:367.2,367.25 1 1
air-cover/internal/api/api.gen.go:371.90,373.88 1 1
air-cover/internal/api/api.gen.go:373.88,375.3 1 1
air-cover/internal/api/api.gen.go:377.2,377.52 1 1
air-cover/internal/api/api.gen.go:377.52,379.3 1 1
air-cover/internal/api/api.gen.go:381.2,381.25 1 1
air-cover/internal/api/api.gen.go:385.91,387.88 1 1
air-cover/internal/api/api.gen.go:387.88,389.3 1 1
air-cover/internal/api/api.gen.go:391.2,391.52 1 1
air-cover/internal/api/api.gen.go:391.52,393.3 1 1
air-cover/internal/api/api.gen.go:395.2,395.25 1 1
air-cover/internal/api/api.gen.go:399.90,408.64 3 1
air-cover/internal/api/api.gen.go:408.65,410.3 0 1
air-cover/internal/api/api.gen.go:410.8,413.3 2 1
air-cover/internal/api/api.gen.go:415.2,416.16 2 1
air-cover/internal/api/api.gen.go:416.16,419.3 2 0
air-cover/internal/api/api.gen.go:421.2,421.88 1 1
air-cover/internal/api/api.gen.go:421.88,423.3 1 1
air-cover/internal/api/api.gen.go:425.2,425.52 1 1
air-cover/internal/api/api.gen.go:425.52,427.3 1 0
air-cover/internal/api/api.gen.go:429.2,429.25 1 1
air-cover/internal/api/api.gen.go:433.86,435.88 1 1
air-cover/internal/api/api.gen.go:435.88,437.3 1 1
air-cover/internal/api/api.gen.go:439.2,439.52 1 1
air-cover/internal/api/api.gen.go:439.52,441.3 1 1
air-cover/internal/api/api.gen.go:443.2,443.25 1 1
air-cover/internal/api/api.gen.go:447.92,449.88 1 1
air-cover/internal/api/api.gen.go:449.88,451.3 1 1
air-cover/internal/api/api.gen.go:453.2,453.52 1 1
air-cover/internal/api/api.gen.go:453.52,455.3 1 1
air-cover/internal/api/api.gen.go:457.2,457.25 1 1
air-cover/internal/api/api.gen.go:461.96,469.16 4 1
air-cover/internal/api/api.gen.go:469.16,472.3 2 0
air-cover/internal/api/api.gen.go:474.2,474.88 1 1
air-cover/internal/api/api.gen.go:474.88,476.3 1 1
air-cover/internal/api/api.gen.go:478.2,478.52 1 1
air-cover/internal/api/api.gen.go:478.52,480.3 1 1
air-cover/internal/api/api.gen.go:482.2,482.25 1 1
air-cover/internal/api/api.gen.go:486.95,494.16 4 1
air-cover/internal/api/api.gen.go:494.16,497.3 2 0
air-cover/internal/api/api.gen.go:499.2,499.88 1 1
air-cover/internal/api/api.gen.go:499.88,501.3 1 1
air-cover/internal/api/api.gen.go:503.2,503.52 1 1
air-cover/internal/api/api.gen.go:503.52,505.3 1 1
air-cover/internal/api/api.gen.go:507.2,507.25 1 1
air-cover/internal/api/api.gen.go:511.86,513.88 1 1
air-cover/internal/api/api.gen.go:513.88,515.3 1 1
air-cover/internal/api/api.gen.go:517.2,517.52 1 1
air-cover/internal/api/api.gen.go:517.52,519.3 1 0
air-cover/internal/api/api.gen.go:521.2,521.25 1 1
air-cover/internal/api/api.gen.go:525.101,527.88 1 0
air-cover/internal/api/api.gen.go:527.88,529.3 1 0
air-cover/internal/api/api.gen.go:531.2,531.52 1 0
air-cover/internal/api/api.gen.go:531.52,533.3 1 0
air-cover/internal/api/api.gen.go:535.2,535.25 1 0
air-cover/internal/api/api.gen.go:539.88,547.16 4 1
air-cover/internal/api/api.gen.go:547.16,550.3 2 0
air-cover/internal/api/api.gen.go:552.2,552.88 1 1
air-cover/internal/api/api.gen.go:552.88,554.3 1 1
air-cover/internal/api/api.gen.go:556.2,556.52 1 1
air-cover/internal/api/api.gen.go:556.52,558.3 1 1
air-cover/internal/api/api.gen.go:560.2,560.25 1 1
air-cover/internal/api/api.gen.go:568.52,570.2 1 1
air-cover/internal/api/api.gen.go:572.52,574.2 1 1
air-cover/internal/api/api.gen.go:581.49,583.2 1 1
air-cover/internal/api/api.gen.go:585.49,587.2 1 1
air-cover/internal/api/api.gen.go:593.45,595.2 1 1
air-cover/internal/api/api.gen.go:602.46,604.2 1 1
air-cover/internal/api/api.gen.go:606.46,608.2 1 1
air-cover/internal/api/api.gen.go:615.50,617.2 1 1
air-cover/internal/api/api.gen.go:619.50,621.2 1 1
air-cover/internal/api/api.gen.go:628.53,630.2 1 1
air-cover/internal/api/api.gen.go:633.47,635.2 1 1
air-cover/internal/api/api.gen.go:645.68,649.2 1 1
air-cover/internal/api/api.gen.go:651.95,656.2 1 1
air-cover/internal/api/api.gen.go:659.84,662.14 2 1
air-cover/internal/api/api.gen.go:662.14,664.3 1 1
air-cover/internal/api/api.gen.go:665.2,665.37 1 1
air-cover/internal/api/api.gen.go:665.37,666.86 1 1
air-cover/internal/api/api.gen.go:666.86,668.4 1 1
air-cover/internal/api/api.gen.go:670.2,676.29 2 1
air-cover/internal/api/api.gen.go:676.29,678.3 1 1
air-cover/internal/api/api.gen.go:679.2,679.29 1 1
air-cover/internal/api/api.gen.go:679.29,681.3 1 1
air-cover/internal/api/api.gen.go:682.2,682.29 1 1
air-cover/internal/api/api.gen.go:682.29,684.3 1 1
air-cover/internal/api/api.gen.go:685.2,685.29 1 1
air-cover/internal/api/api.gen.go:685.29,687.3 1 1
air-cover/internal/api/api.gen.go:688.2,688.29 1 1
air-cover/internal/api/api.gen.go:688.29,690.3 1 1
air-cover/internal/api/api.gen.go:691.2,691.29 1 1
air-cover/internal/api/api.gen.go:691.29,693.3 1 1
air-cover/internal/api/api.gen.go:694.2,694.29 1 1
air-cover/internal/api/api.gen.go:694.29,696.3 1 1
air-cover/internal/api/api.gen.go:697.2,697.29 1 1
air-cover/internal/api/api.gen.go:697.29,699.3 1 1
air-cover/internal/api/api.gen.go:700.2,700.29 1 1
air-cover/internal/api/api.gen.go:700.29,702.3 1 1
air-cover/internal/api/api.gen.go:703.2,703.29 1 1
air-cover/internal/api/api.gen.go:703.29,705.3 1 1
air-cover/internal/api/api.gen.go:706.2,706.29 1 1
air-cover/internal/api/api.gen.go:706.29,708.3 1 1
air-cover/internal/api/api.gen.go:709.2,709.29 1 1
air-cover/internal/api/api.gen.go:709.29,711.3 1 1
air-cover/internal/api/api.gen.go:712.2,712.29 1 1
air-cover/internal/api/api.gen.go:712.29,714.3 1 1
air-cover/internal/api/api.gen.go:716.2,716.10 1 1
air-cover/internal/api/api.gen.go:746.35,748.16 2 1
air-cover/internal/api/api.gen.go:748.16,750.3 1 1
air-cover/internal/api/api.gen.go:751.2,752.16 2 1
air-cover/internal/api/api.gen.go:752.16,754.3 1 1
air-cover/internal/api/api.gen.go:755.2,757.16 3 1
air-cover/internal/api/api.gen.go:757.16,759.3 1 0
air-cover/internal/api/api.gen.go:761.2,761.25 1 1
air-cover/internal/api/api.gen.go:767.48,769.32 2 1
air-cover/internal/api/api.gen.go:769.32,771.3 1 1
air-cover/internal/api/api.gen.go:775.73,777.25 2 1
air-cover/internal/api/api.gen.go:777.25,779.3 1 1
air-cover/internal/api/api.gen.go:781.2,781.12 1 1
air-cover/internal/api/api.gen.go:789.52,794.87 4 1
air-cover/internal/api/api.gen.go:794.87,798.10 4 0
air-cover/internal/api/api.gen.go:798.10,801.4 2 0
air-cover/internal/api/api.gen.go:802.3,802.19 1 0
air-cover/internal/api/api.gen.go:804.2,806.16 3 1
air-cover/internal/api/api.gen.go:806.16,808.3 1 1
air-cover/internal/api/api.gen.go:809.2,810.16 2 1
air-cover/internal/api/api.gen.go:810.16,812.3 1 0
air-cover/internal/api/api.gen.go:813.2,813.8 1 1
air-cover/internal/api/auth.go:27.76,32.2 1 1
air-cover/internal/api/auth.go:34.49,36.40 2 1
air-cover/internal/api/auth.go:36.40,38.3 1 0
air-cover/internal/api/auth.go:39.2,39.50 1 1
air-cover/internal/api/auth.go:42.37,46.2 3 1
air-cover/internal/api/auth.go:48.75,55.56 4 1
air-cover/internal/api/auth.go:55.56,57.62 2 1
air-cover/internal/api/auth.go:57.62,60.4 2 1
air-cover/internal/api/auth.go:61.3,61.31 1 1
air-cover/internal/api/auth.go:62.8,63.39 1 1
air-cover/internal/api/auth.go:63.39,66.4 2 1
air-cover/internal/api/auth.go:67.3,67.34 1 1
air-cover/internal/api/auth.go:70.2,70.20 1 1
air-cover/internal/api/auth.go:70.20,73.3 2 1
air-cover/internal/api/auth.go:75.2,77.16 3 1
air-cover/internal/api/auth.go:77.16,78.37 1 1
air-cover/internal/api/auth.go:78.37,82.4 3 1
air-cover/internal/api/auth.go:83.3,85.9 3 1
air-cover/internal/api/auth.go:87.2,87.21 1 1
air-cover/internal/api/auth.go:87.21,91.3 3 1
air-cover/internal/api/auth.go:93.2,94.16 2 1
air-cover/internal/api/auth.go:94.16,98.3 3 0
air-cover/internal/api/auth.go:100.2,103.83 3 1
air-cover/internal/api/auth.go:103.83,107.3 3 1
air-cover/internal/api/auth.go:109.2,110.66 2 1
air-cover/internal/api/auth.go:110.66,112.3 1 1
air-cover/internal/api/auth.go:113.2,116.70 3 1
air-cover/internal/api/auth.go:116.70,120.3 3 1
air-cover/internal/api/auth.go:122.2,122.76 1 1
air-cover/internal/api/auth.go:125.97,127.56 2 1
air-cover/internal/api/auth.go:127.56,132.3 4 1
air-cover/internal/api/auth.go:134.2,134.62 1 1
air-cover/internal/api/auth.go:137.93,138.20 1 1
air-cover/internal/api/auth.go:138.20,141.3 2 1
air-cover/internal/api/auth.go:143.2,147.16 4 1
air-cover/internal/api/auth.go:147.16,151.3 3 1
air-cover/internal/api/auth.go:153.2,154.16 2 1
air-cover/internal/api/auth.go:154.16,158.3 3 0
air-cover/internal/api/auth.go:160.2,161.16 2 1
air-cover/internal/api/auth.go:161.16,165.3 3 0
air-cover/internal/api/auth.go:167.2,168.97 2 1
air-cover/internal/api/auth.go:168.97,172.3 3 1
air-cover/internal/api/auth.go:174.2,184.44 2 1
air-cover/internal/api/auth.go:187.76,189.9 2 1
air-cover/internal/api/auth.go:189.9,192.3 2 1
air-cover/internal/api/auth.go:194.2,195.67 2 1
air-cover/internal/api/auth.go:195.67,199.3 3 1
air-cover/internal/api/auth.go:201.2,211.44 2 1
air-cover/internal/api/auth.go:222.70,223.71 1 1
air-cover/internal/api/auth.go:223.71,225.17 2 1
air-cover/internal/api/auth.go:225.17,228.4 2 1
air-cover/internal/api/auth.go:230.3,232.17 3 1
air-cover/internal/api/auth.go:232.17,235.4 2 1
air-cover/internal/api/auth.go:237.3,238.36 2 1
air-cover/internal/api/auth.go:238.36,241.4 2 1
air-cover/internal/api/auth.go:243.3,246.40 4 1
air-cover/internal/api/auth.go:250.68,251.71 1 1
air-cover/internal/api/auth.go:251.71,253.29 2 1
air-cover/internal/api/auth.go:253.29,256.4 2 1
air-cover/internal/api/auth.go:257.3,257.23 1 1
air-cover/internal/api/auth.go:261.105,262.66 1 1
air-cover/internal/api/auth.go:262.66,265.3 2 1
air-cover/internal/api/auth.go:266.2,266.44 1 1
air-cover/internal/api/handler.go:32.94,38.2 1 1
air-cover/internal/api/handler.go:42.62,43.77 1 1
air-cover/internal/api/handler.go:43.77,44.80 1 1
air-cover/internal/api/handler.go:44.80,47.4 2 1
air-cover/internal/api/handler.go:50.3,57.5 1 1
air-cover/internal/api/handler.go:60.2,60.108 1 1
air-cover/internal/api/handler.go:60.108,62.3 1 1
air-cover/internal/api/handler.go:67.65,71.15 3 1
air-cover/internal/api/handler.go:71.15,73.17 2 1
air-cover/internal/api/handler.go:73.17,77.4 3 1
air-cover/internal/api/handler.go:79.3,81.32 2 1
air-cover/internal/api/handler.go:81.32,83.4 1 1
air-cover/internal/api/handler.go:83.9,84.9 1 1
air-cover/internal/api/handler.go:88.2,88.43 1 1
air-cover/internal/api/handler.go:88.43,90.3 1 1
air-cover/internal/api/handler.go:92.2,95.16 3 1
air-cover/internal/api/handler.go:95.16,99.3 3 1
air-cover/internal/api/handler.go:101.2,102.32 2 1
air-cover/internal/api/handler.go:102.32,104.17 2 1
air-cover/internal/api/handler.go:104.17,106.12 2 1
air-cover/internal/api/handler.go:108.3,108.27 1 1
air-cover/internal/api/handler.go:111.2,119.33 7 1
air-cover/internal/api/handler.go:119.33,121.18 2 1
air-cover/internal/api/handler.go:121.18,123.4 1 1
air-cover/internal/api/handler.go:124.3,144.13 5 1
air-cover/internal/api/handler.go:144.13,146.4 1 1
air-cover/internal/api/handler.go:146.9,148.4 1 1
air-cover/internal/api/handler.go:154.2,154.53 1 1
air-cover/internal/api/handler.go:154.53,156.3 1 0
air-cover/internal/api/handler.go:158.2,158.106 1 1
air-cover/internal/api/handler.go:158.106,160.3 1 1
air-cover/internal/api/handler.go:165.67,167.16 2 1
air-cover/internal/api/handler.go:167.16,171.3 3 1
air-cover/internal/api/handler.go:173.2,175.26 3 1
air-cover/internal/api/handler.go:175.26,184.3 1 1
air-cover/internal/api/handler.go:186.2,186.40 1 1
air-cover/internal/api/handler.go:186.40,187.47 1 1
air-cover/internal/api/handler.go:187.47,189.4 1 0
air-cover/internal/api/handler.go:190.3,190.37 1 1
air-cover/internal/api/handler.go:190.37,192.4 1 1
air-cover/internal/api/handler.go:193.3,193.75 1 0
air-cover/internal/api/handler.go:196.2,198.70 2 1
air-cover/internal/api/handler.go:198.70,200.3 1 1
air-cover/internal/api/handler.go:205.68,209.38 2 1
air-cover/internal/api/handler.go:209.38,213.3 3 1
air-cover/internal/api/handler.go:215.2,216.17 2 1
air-cover/internal/api/handler.go:216.17,219.3 2 1
air-cover/internal/api/handler.go:221.2,222.16 2 1
air-cover/internal/api/handler.go:222.16,224.3 1 1
air-cover/internal/api/handler.go:226.2,226.41 1 1
air-cover/internal/api/handler.go:226.41,229.3 2 1
air-cover/internal/api/handler.go:231.2,232.16 2 1
air-cover/internal/api/handler.go:232.16,236.3 3 1
air-cover/internal/api/handler.go:238.2,238.52 1 1
air-cover/internal/api/handler.go:243.72,245.2 1 1
air-cover/internal/api/handler.go:249.73,251.2 1 1
air-cover/internal/api/handler.go:255.100,257.2 1 1
air-cover/internal/api/handler.go:261.74,265.38 2 1
air-cover/internal/api/handler.go:265.38,269.3 3 1
air-cover/internal/api/handler.go:271.2,273.16 3 1
air-cover/internal/api/handler.go:273.16,277.3 3 1
air-cover/internal/api/handler.go:279.2,281.16 3 1
air-cover/internal/api/handler.go:281.16,285.3 3 1
air-cover/internal/api/handler.go:287.2,289.16 3 1
air-cover/internal/api/handler.go:289.16,293.3 3 1
air-cover/internal/api/handler.go:295.2,298.9 3 1
air-cover/internal/api/handler.go:298.9,302.3 3 1
air-cover/internal/api/handler.go:304.2,314.65 2 1
air-cover/internal/api/handler.go:314.65,318.3 3 1
air-cover/internal/api/handler.go:320.2,320.50 1 1
air-cover/internal/api/handler.go:325.86,327.16 2 1
air-cover/internal/api/handler.go:327.16,328.37 1 1
air-cover/internal/api/handler.go:328.37,331.4 2 1
air-cover/internal/api/handler.go:332.3,334.9 3 1
air-cover/internal/api/handler.go:337.2,338.9 2 1
air-cover/internal/api/handler.go:338.9,341.3 2 1
air-cover/internal/api/handler.go:343.2,344.52 2 1
air-cover/internal/api/handler.go:344.52,347.3 2 1
air-cover/internal/api/handler.go:349.2,349.65 1 1
air-cover/internal/api/handler.go:349.65,353.3 3 0
air-cover/internal/api/handler.go:355.2,355.37 1 1
air-cover/internal/api/handler.go:360.85,365.61 2 1
air-cover/internal/api/handler.go:365.61,368.3 2 1
air-cover/internal/api/handler.go:370.2,371.9 2 1
air-cover/internal/api/handler.go:371.9,374.3 2 1
air-cover/internal/api/handler.go:376.2,377.16 2 1
air-cover/internal/api/handler.go:377.16,378.37 1 1
air-cover/internal/api/handler.go:378.37,381.4 2 1
air-cover/internal/api/handler.go:382.3,384.9 3 1
air-cover/internal/api/handler.go:387.2,387.20 1 1
air-cover/internal/api/handler.go:388.14,389.30 1 1
air-cover/internal/api/handler.go:389.30,392.4 2 1
air-cover/internal/api/handler.go:393.3,393.72 1 1
air-cover/internal/api/handler.go:393.72,397.4 3 0
air-cover/internal/api/handler.go:398.16,399.61 1 1
air-cover/internal/api/handler.go:399.61,402.4 2 1
air-cover/internal/api/handler.go:403.3,403.66 1 1
air-cover/internal/api/handler.go:403.66,407.4 3 0
air-cover/internal/api/handler.go:408.10,410.9 2 1
air-cover/internal/api/handler.go:413.2,413.37 1 1
air-cover/internal/api/handler.go:418.78,428.12 6 1
air-cover/internal/api/handler.go:428.12,429.39 1 1
air-cover/internal/api/handler.go:429.39,433.4 3 1
air-cover/internal/api/handler.go:434.3,434.50 1 1
air-cover/internal/api/handler.go:434.50,437.4 2 1
air-cover/internal/api/handler.go:438.3,438.44 1 1
air-cover/internal/api/handler.go:438.44,440.4 1 1
air-cover/internal/api/handler.go:441.8,446.62 2 1
air-cover/internal/api/handler.go:446.62,449.4 2 1
air-cover/internal/api/handler.go:450.3,451.18 2 1
air-cover/internal/api/handler.go:454.2,454.17 1 1
air-cover/internal/api/handler.go:454.17,455.44 1 1
air-cover/internal/api/handler.go:455.44,458.4 2 1
air-cover/internal/api/handler.go:461.2,462.9 2 1
air-cover/internal/api/handler.go:462.9,465.3 2 1
air-cover/internal/api/handler.go:468.2,468.60 1 1
air-cover/internal/api/handler.go:468.60,471.3 2 1
air-cover/internal/api/handler.go:473.2,473.76 1 1
air-cover/internal/api/handler.go:473.76,474.37 1 1
air-cover/internal/api/handler.go:474.37,477.4 2 1
air-cover/internal/api/handler.go:478.3,480.9 3 1
air-cover/internal/api/handler.go:483.2,483.12 1 1
air-cover/internal/api/handler.go:483.12,486.3 2 1
air-cover/internal/api/handler.go:488.2,488.37 1 1
air-cover/internal/api/handler.go:493.68,496.16 3 1
air-cover/internal/api/handler.go:496.16,498.3 1 1
air-cover/internal/api/handler.go:503.83,507.15 3 1
air-cover/internal/api/handler.go:507.15,509.17 2 1
air-cover/internal/api/handler.go:509.17,511.9 2 1
air-cover/internal/api/handler.go:514.3,514.40 1 1
air-cover/internal/api/handler.go:514.40,515.40 1 1
air-cover/internal/api/handler.go:515.40,517.5 1 1
air-cover/internal/api/handler.go:520.3,520.35 1 1
air-cover/internal/api/handler.go:520.35,522.4 1 1
air-cover/internal/api/handler.go:522.9,523.9 1 1
air-cover/internal/api/handler.go:527.2,527.21 1 1
air-cover/internal/api/handler.go:527.21,528.65 1 1
air-cover/internal/api/handler.go:528.65,532.4 3 1
air-cover/internal/api/handler.go:535.2,535.52 1 1
air-cover/internal/api/handler.go:538.52,539.26 1 1
air-cover/internal/api/handler.go:539.26,541.3 1 1
air-cover/internal/api/handler.go:542.2,547.31 6 1
air-cover/internal/api/wrapper.go:9.61,12.77 1 1
air-cover/internal/api/wrapper.go:12.77,14.4 1 1
air-cover/internal/cmd/doc.go:17.47,25.3 4 1
air-cover/internal/cmd/doc.go:28.13,30.2 1 1
air-cover/internal/cmd/migrate.go:23.47,25.3 1 1
air-cover/internal/cmd/migrate.go:31.47,33.3 1 1
air-cover/internal/cmd/migrate.go:39.47,41.3 1 1
air-cover/internal/cmd/migrate.go:47.47,49.3 1 1
air-cover/internal/cmd/migrate.go:52.52,54.16 2 1
air-cover/internal/cmd/migrate.go:54.16,57.3 2 1
air-cover/internal/cmd/migrate.go:59.2,62.16 3 1
air-cover/internal/cmd/migrate.go:62.16,65.3 2 0
air-cover/internal/cmd/migrate.go:66.2,68.58 2 1
air-cover/internal/cmd/migrate.go:68.58,71.3 2 1
air-cover/internal/cmd/migrate.go:73.2,73.65 1 1
air-cover/internal/cmd/migrate.go:76.13,82.2 5 1
air-cover/internal/cmd/root.go:22.16,23.42 1 1
air-cover/internal/cmd/root.go:23.42,26.3 2 1
air-cover/internal/cmd/root.go:29.13,33.2 2 1
air-cover/internal/cmd/root.go:35.19,36.19 1 1
air-cover/internal/cmd/root.go:36.19,38.3 1 1
air-cover/internal/cmd/root.go:38.8,45.3 5 1
air-cover/internal/cmd/root.go:47.2,49.45 2 1
air-cover/internal/cmd/root.go:49.45,51.3 1 1
air-cover/internal/cmd/server.go:30.51,32.3 1 1
air-cover/internal/cmd/server.go:35.80,37.16 2 1
air-cover/internal/cmd/server.go:37.16,40.3 2 0
air-cover/internal/cmd/server.go:44.2,58.29 9 1
air-cover/internal/cmd/server.go:58.29,62.3 3 1
air-cover/internal/cmd/server.go:65.2,65.29 1 1
air-cover/internal/cmd/server.go:65.29,72.3 6 1
air-cover/internal/cmd/server.go:75.2,75.29 1 1
air-cover/internal/cmd/server.go:75.29,82.3 6 1
air-cover/internal/cmd/server.go:84.2,84.10 1 1
air-cover/internal/cmd/server.go:91.47,93.17 2 1
air-cover/internal/cmd/server.go:93.17,96.4 2 1
air-cover/internal/cmd/server.go:98.3,101.17 3 1
air-cover/internal/cmd/server.go:101.17,104.4 2 1
air-cover/internal/cmd/server.go:105.3,107.28 2 1
air-cover/internal/cmd/server.go:107.28,109.38 2 1
air-cover/internal/cmd/server.go:109.38,112.19 3 1
air-cover/internal/cmd/server.go:112.19,115.6 2 0
air-cover/internal/cmd/server.go:116.10,116.25 1 1
air-cover/internal/cmd/server.go:116.25,119.5 2 0
air-cover/internal/cmd/server.go:122.3,137.89 9 1
air-cover/internal/cmd/server.go:137.89,140.4 2 1
air-cover/internal/cmd/server.go:144.13,151.2 4 1
air-cover/internal/ui/admin_templ.go:13.60,14.131 1 1
air-cover/internal/ui/admin_templ.go:14.131,16.71 2 1
air-cover/internal/ui/admin_templ.go:16.71,18.4 1 0
air-cover/internal/ui/admin_templ.go:19.3,20.31 2 1
air-cover/internal/ui/admin_templ.go:20.31,21.17 1 1
air-cover/internal/ui/admin_templ.go:21.17,23.34 2 1
air-cover/internal/ui/admin_templ.go:23.34,25.6 1 1
air-cover/internal/ui/admin_templ.go:28.3,30.33 3 1
air-cover/internal/ui/admin_templ.go:30.33,32.4 1 0
air-cover/internal/ui/admin_templ.go:33.3,34.148 2 1
air-cover/internal/ui/admin_templ.go:34.148,37.32 3 1
air-cover/internal/ui/admin_templ.go:37.32,38.18 1 0
air-cover/internal/ui/admin_templ.go:38.18,40.35 2 0
air-cover/internal/ui/admin_templ.go:40.35,42.7 1 0
air-cover/internal/ui/admin_templ.go:45.4,47.33 3 1
air-cover/internal/ui/admin_templ.go:47.33,49.5 1 0
air-cover/internal/ui/admin_templ.go:50.4,51.33 2 1
air-cover/internal/ui/admin_templ.go:51.33,53.5 1 0
air-cover/internal/ui/admin_templ.go:54.4,55.33 2 1
air-cover/internal/ui/admin_templ.go:55.33,57.5 1 0
air-cover/internal/ui/admin_templ.go:58.4,59.33 2 1
air-cover/internal/ui/admin_templ.go:59.33,61.5 1 0
air-cover/internal/ui/admin_templ.go:62.4,62.149 1 1
air-cover/internal/ui/admin_templ.go:62.149,65.33 3 1
air-cover/internal/ui/admin_templ.go:65.33,66.19 1 0
air-cover/internal/ui/admin_templ.go:66.19,68.36 2 0
air-cover/internal/ui/admin_templ.go:68.36,70.8 1 0
air-cover/internal/ui/admin_templ.go:73.5,75.34 3 1
air-cover/internal/ui/admin_templ.go:75.34,77.6 1 0
air-cover/internal/ui/admin_templ.go:78.5,78.15 1 1
air-cover/internal/ui/admin_templ.go:80.4,81.33 2 1
air-cover/internal/ui/admin_templ.go:81.33,83.5 1 0
air-cover/internal/ui/admin_templ.go:84.4,85.33 2 1
air-cover/internal/ui/admin_templ.go:85.33,87.5 1 0
air-cover/internal/ui/admin_templ.go:88.4,88.23 1 1
air-cover/internal/ui/admin_templ.go:88.23,90.34 2 0
air-cover/internal/ui/admin_templ.go:90.34,92.6 1 0
air-cover/internal/ui/admin_templ.go:93.10,95.34 2 1
air-cover/internal/ui/admin_templ.go:95.34,97.6 1 0
air-cover/internal/ui/admin_templ.go:98.5,98.32 1 1
air-cover/internal/ui/admin_templ.go:98.32,100.35 2 1
air-cover/internal/ui/admin_templ.go:100.35,102.7 1 0
air-cover/internal/ui/admin_templ.go:103.6,105.35 3 1
air-cover/internal/ui/admin_templ.go:105.35,107.7 1 0
air-cover/internal/ui/admin_templ.go:108.6,109.35 2 1
air-cover/internal/ui/admin_templ.go:109.35,111.7 1 0
air-cover/internal/ui/admin_templ.go:112.6,113.35 2 1
air-cover/internal/ui/admin_templ.go:113.35,115.7 1 0
air-cover/internal/ui/admin_templ.go:116.6,118.35 3 1
air-cover/internal/ui/admin_templ.go:118.35,120.7 1 0
air-cover/internal/ui/admin_templ.go:121.6,122.35 2 1
air-cover/internal/ui/admin_templ.go:122.35,124.7 1 0
air-cover/internal/ui/admin_templ.go:125.6,126.35 2 1
air-cover/internal/ui/admin_templ.go:126.35,128.7 1 0
air-cover/internal/ui/admin_templ.go:129.6,129.24 1 1
air-cover/internal/ui/admin_templ.go:129.24,132.36 3 1
air-cover/internal/ui/admin_templ.go:132.36,134.8 1 0
air-cover/internal/ui/admin_templ.go:135.7,136.36 2 1
air-cover/internal/ui/admin_templ.go:136.36,138.8 1 0
air-cover/internal/ui/admin_templ.go:139.7,141.36 3 1
air-cover/internal/ui/admin_templ.go:141.36,143.8 1 0
air-cover/internal/ui/admin_templ.go:144.7,145.36 2 1
air-cover/internal/ui/admin_templ.go:145.36,147.8 1 0
air-cover/internal/ui/admin_templ.go:148.7,149.36 2 1
air-cover/internal/ui/admin_templ.go:149.36,151.8 1 0
air-cover/internal/ui/admin_templ.go:152.7,154.36 3 1
air-cover/internal/ui/admin_templ.go:154.36,156.8 1 0
air-cover/internal/ui/admin_templ.go:157.7,158.36 2 1
air-cover/internal/ui/admin_templ.go:158.36,160.8 1 0
air-cover/internal/ui/admin_templ.go:161.7,162.36 2 1
air-cover/internal/ui/admin_templ.go:162.36,164.8 1 0
air-cover/internal/ui/admin_templ.go:166.6,167.35 2 1
air-cover/internal/ui/admin_templ.go:167.35,169.7 1 0
air-cover/internal/ui/admin_templ.go:170.6,170.28 1 1
air-cover/internal/ui/admin_templ.go:170.28,172.36 2 0
air-cover/internal/ui/admin_templ.go:172.36,174.8 1 0
air-cover/internal/ui/admin_templ.go:175.7,177.36 3 0
air-cover/internal/ui/admin_templ.go:177.36,179.8 1 0
air-cover/internal/ui/admin_templ.go:180.7,181.36 2 0
air-cover/internal/ui/admin_templ.go:181.36,183.8 1 0
air-cover/internal/ui/admin_templ.go:184.7,185.36 2 0
air-cover/internal/ui/admin_templ.go:185.36,187.8 1 0
air-cover/internal/ui/admin_templ.go:188.7,190.36 3 0
air-cover/internal/ui/admin_templ.go:190.36,192.8 1 0
air-cover/internal/ui/admin_templ.go:193.7,194.36 2 0
air-cover/internal/ui/admin_templ.go:194.36,196.8 1 0
air-cover/internal/ui/admin_templ.go:197.7,198.36 2 0
air-cover/internal/ui/admin_templ.go:198.36,200.8 1 0
air-cover/internal/ui/admin_templ.go:201.7,203.36 3 0
air-cover/internal/ui/admin_templ.go:203.36,205.8 1 0
air-cover/internal/ui/admin_templ.go:206.7,207.36 2 0
air-cover/internal/ui/admin_templ.go:207.36,209.8 1 0
air-cover/internal/ui/admin_templ.go:210.7,212.36 3 0
air-cover/internal/ui/admin_templ.go:212.36,214.8 1 0
air-cover/internal/ui/admin_templ.go:215.7,216.36 2 0
air-cover/internal/ui/admin_templ.go:216.36,218.8 1 0
air-cover/internal/ui/admin_templ.go:219.7,220.36 2 0
air-cover/internal/ui/admin_templ.go:220.36,222.8 1 0
air-cover/internal/ui/admin_templ.go:223.7,223.25 1 0
air-cover/internal/ui/admin_templ.go:223.25,225.37 2 0
air-cover/internal/ui/admin_templ.go:225.37,227.9 1 0
air-cover/internal/ui/admin_templ.go:228.13,230.37 2 0
air-cover/internal/ui/admin_templ.go:230.37,232.9 1 0
air-cover/internal/ui/admin_templ.go:234.7,235.36 2 0
air-cover/internal/ui/admin_templ.go:235.36,237.8 1 0
air-cover/internal/ui/admin_templ.go:238.7,238.25 1 0
air-cover/internal/ui/admin_templ.go:238.25,240.37 2 0
air-cover/internal/ui/admin_templ.go:240.37,242.9 1 0
air-cover/internal/ui/admin_templ.go:243.8,245.37 3 0
air-cover/internal/ui/admin_templ.go:245.37,247.9 1 0
air-cover/internal/ui/admin_templ.go:248.8,249.37 2 0
air-cover/internal/ui/admin_templ.go:249.37,251.9 1 0
air-cover/internal/ui/admin_templ.go:252.8,253.37 2 0
air-cover/internal/ui/admin_templ.go:253.37,255.9 1 0
air-cover/internal/ui/admin_templ.go:256.8,256.32 1 0
air-cover/internal/ui/admin_templ.go:256.32,258.38 2 0
air-cover/internal/ui/admin_templ.go:258.38,260.10 1 0
air-cover/internal/ui/admin_templ.go:261.14,263.38 2 0
air-cover/internal/ui/admin_templ.go:263.38,265.10 1 0
air-cover/internal/ui/admin_templ.go:267.8,268.37 2 0
air-cover/internal/ui/admin_templ.go:268.37,270.9 1 0
air-cover/internal/ui/admin_templ.go:271.8,271.32 1 0
air-cover/internal/ui/admin_templ.go:271.32,274.38 3 0
air-cover/internal/ui/admin_templ.go:274.38,276.10 1 0
air-cover/internal/ui/admin_templ.go:277.9,278.38 2 0
air-cover/internal/ui/admin_templ.go:278.38,280.10 1 0
air-cover/internal/ui/admin_templ.go:281.14,284.38 3 0
air-cover/internal/ui/admin_templ.go:284.38,286.10 1 0
air-cover/internal/ui/admin_templ.go:287.9,288.38 2 0
air-cover/internal/ui/admin_templ.go:288.38,290.10 1 0
air-cover/internal/ui/admin_templ.go:292.8,293.37 2 0
air-cover/internal/ui/admin_templ.go:293.37,295.9 1 0
air-cover/internal/ui/admin_templ.go:298.6,299.35 2 1
air-cover/internal/ui/admin_templ.go:299.35,301.7 1 0
air-cover/internal/ui/admin_templ.go:303.5,304.34 2 1
air-cover/internal/ui/admin_templ.go:304.34,306.6 1 0
air-cover/internal/ui/admin_templ.go:308.4,309.33 2 1
air-cover/internal/ui/admin_templ.go:309.33,311.5 1 0
air-cover/internal/ui/admin_templ.go:312.4,312.14 1 1
air-cover/internal/ui/admin_templ.go:314.3,315.32 2 1
air-cover/internal/ui/admin_templ.go:315.32,317.4 1 0
air-cover/internal/ui/admin_templ.go:318.3,318.13 1 1
air-cover/internal/ui/authenticated_templ.go:16.138,17.131 1 1
air-cover/internal/ui/authenticated_templ.go:17.131,19.71 2 1
air-cover/internal/ui/authenticated_templ.go:19.71,21.4 1 0
air-cover/internal/ui/authenticated_templ.go:22.3,23.31 2 1
air-cover/internal/ui/authenticated_templ.go:23.31,24.17 1 1
air-cover/internal/ui/authenticated_templ.go:24.17,26.34 2 1
air-cover/internal/ui/authenticated_templ.go:26.34,28.6 1 1
air-cover/internal/ui/authenticated_templ.go:31.3,33.33 3 1
air-cover/internal/ui/authenticated_templ.go:33.33,35.4 1 0
air-cover/internal/ui/authenticated_templ.go:36.3,37.148 2 1
air-cover/internal/ui/authenticated_templ.go:37.148,40.32 3 1
air-cover/internal/ui/authenticated_templ.go:40.32,41.18 1 0
air-cover/internal/ui/authenticated_templ.go:41.18,43.35 2 0
air-cover/internal/ui/authenticated_templ.go:43.35,45.7 1 0
air-cover/internal/ui/authenticated_templ.go:48.4,50.33 3 1
air-cover/internal/ui/authenticated_templ.go:50.33,52.5 1 0
air-cover/internal/ui/authenticated_templ.go:53.4,54.33 2 1
air-cover/internal/ui/authenticated_templ.go:54.33,56.5 1 0
air-cover/internal/ui/authenticated_templ.go:57.4,58.33 2 1
air-cover/internal/ui/authenticated_templ.go:58.33,60.5 1 0
air-cover/internal/ui/authenticated_templ.go:61.4,62.33 2 1
air-cover/internal/ui/authenticated_templ.go:62.33,64.5 1 0
air-cover/internal/ui/authenticated_templ.go:65.4,65.149 1 1
air-cover/internal/ui/authenticated_templ.go:65.149,68.33 3 1
air-cover/internal/ui/authenticated_templ.go:68.33,69.19 1 0
air-cover/internal/ui/authenticated_templ.go:69.19,71.36 2 0
air-cover/internal/ui/authenticated_templ.go:71.36,73.8 1 0
air-cover/internal/ui/authenticated_templ.go:76.5,77.16 2 1
air-cover/internal/ui/authenticated_templ.go:77.16,79.35 2 0
air-cover/internal/ui/authenticated_templ.go:79.35,81.7 1 0
air-cover/internal/ui/authenticated_templ.go:83.5,84.34 2 1
air-cover/internal/ui/authenticated_templ.go:84.34,86.6 1 0
air-cover/internal/ui/authenticated_templ.go:87.5,88.34 2 1
air-cover/internal/ui/authenticated_templ.go:88.34,90.6 1 0
air-cover/internal/ui/authenticated_templ.go:91.5,91.15 1 1
air-cover/internal/ui/authenticated_templ.go:93.4,94.33 2 1
air-cover/internal/ui/authenticated_templ.go:94.33,96.5 1 0
air-cover/internal/ui/authenticated_templ.go:97.4,98.33 2 1
air-cover/internal/ui/authenticated_templ.go:98.33,100.5 1 0
air-cover/internal/ui/authenticated_templ.go:101.4,101.23 1 1
air-cover/internal/ui/authenticated_templ.go:101.23,103.34 2 1
air-cover/internal/ui/authenticated_templ.go:103.34,105.6 1 0
air-cover/internal/ui/authenticated_templ.go:106.10,108.34 2 1
air-cover/internal/ui/authenticated_templ.go:108.34,110.6 1 0
air-cover/internal/ui/authenticated_templ.go:111.5,111.32 1 1
air-cover/internal/ui/authenticated_templ.go:111.32,113.35 2 1
air-cover/internal/ui/authenticated_templ.go:113.35,115.7 1 0
air-cover/internal/ui/authenticated_templ.go:116.6,118.35 3 1
air-cover/internal/ui/authenticated_templ.go:118.35,120.7 1 0
air-cover/internal/ui/authenticated_templ.go:121.6,122.35 2 1
air-cover/internal/ui/authenticated_templ.go:122.35,124.7 1 0
air-cover/internal/ui/authenticated_templ.go:125.6,126.35 2 1
air-cover/internal/ui/authenticated_templ.go:126.35,128.7 1 0
air-cover/internal/ui/authenticated_templ.go:129.6,129.26 1 1
air-cover/internal/ui/authenticated_templ.go:129.26,132.36 3 1
air-cover/internal/ui/authenticated_templ.go:132.36,134.8 1 0
air-cover/internal/ui/authenticated_templ.go:135.7,136.36 2 1
air-cover/internal/ui/authenticated_templ.go:136.36,138.8 1 0
air-cover/internal/ui/authenticated_templ.go:139.12,142.36 3 0
air-cover/internal/ui/authenticated_templ.go:142.36,144.8 1 0
air-cover/internal/ui/authenticated_templ.go:145.7,146.36 2 0
air-cover/internal/ui/authenticated_templ.go:146.36,148.8 1 0
air-cover/internal/ui/authenticated_templ.go:150.6,151.35 2 1
air-cover/internal/ui/authenticated_templ.go:151.35,153.7 1 0
air-cover/internal/ui/authenticated_templ.go:156.4,157.33 2 1
air-cover/internal/ui/authenticated_templ.go:157.33,159.5 1 0
air-cover/internal/ui/authenticated_templ.go:160.4,162.33 3 1
air-cover/internal/ui/authenticated_templ.go:162.33,164.5 1 0
air-cover/internal/ui/authenticated_templ.go:165.4,166.33 2 1
air-cover/internal/ui/authenticated_templ.go:166.33,168.5 1 0
air-cover/internal/ui/authenticated_templ.go:169.4,170.33 2 1
air-cover/internal/ui/authenticated_templ.go:170.33,172.5 1 0
air-cover/internal/ui/authenticated_templ.go:173.4,173.26 1 1
air-cover/internal/ui/authenticated_templ.go:173.26,175.34 2 1
air-cover/internal/ui/authenticated_templ.go:175.34,177.6 1 0
air-cover/internal/ui/authenticated_templ.go:178.10,180.34 2 1
air-cover/internal/ui/authenticated_templ.go:180.34,182.6 1 0
air-cover/internal/ui/authenticated_templ.go:184.4,185.33 2 1
air-cover/internal/ui/authenticated_templ.go:185.33,187.5 1 0
air-cover/internal/ui/authenticated_templ.go:188.4,188.21 1 1
air-cover/internal/ui/authenticated_templ.go:188.21,190.34 2 1
air-cover/internal/ui/authenticated_templ.go:190.34,192.6 1 0
air-cover/internal/ui/authenticated_templ.go:193.5,194.34 2 1
air-cover/internal/ui/authenticated_templ.go:194.34,196.6 1 0
air-cover/internal/ui/authenticated_templ.go:197.5,198.34 2 1
air-cover/internal/ui/authenticated_templ.go:198.34,200.6 1 0
air-cover/internal/ui/authenticated_templ.go:202.4,203.33 2 1
air-cover/internal/ui/authenticated_templ.go:203.33,205.5 1 0
air-cover/internal/ui/authenticated_templ.go:206.4,206.14 1 1
air-cover/internal/ui/authenticated_templ.go:208.3,209.32 2 1
air-cover/internal/ui/authenticated_templ.go:209.32,211.4 1 0
air-cover/internal/ui/authenticated_templ.go:212.3,212.13 1 1
air-cover/internal/ui/authenticated_templ.go:216.68,217.131 1 1
air-cover/internal/ui/authenticated_templ.go:217.131,219.71 2 1
air-cover/internal/ui/authenticated_templ.go:219.71,221.4 1 0
air-cover/internal/ui/authenticated_templ.go:222.3,223.31 2 1
air-cover/internal/ui/authenticated_templ.go:223.31,224.17 1 0
air-cover/internal/ui/authenticated_templ.go:224.17,226.34 2 0
air-cover/internal/ui/authenticated_templ.go:226.34,228.6 1 0
air-cover/internal/ui/authenticated_templ.go:231.3,233.33 3 1
air-cover/internal/ui/authenticated_templ.go:233.33,235.4 1 0
air-cover/internal/ui/authenticated_templ.go:236.3,238.32 3 1
air-cover/internal/ui/authenticated_templ.go:238.32,240.4 1 0
air-cover/internal/ui/authenticated_templ.go:241.3,241.35 1 1
air-cover/internal/ui/authenticated_templ.go:241.35,244.33 3 1
air-cover/internal/ui/authenticated_templ.go:244.33,246.5 1 0
air-cover/internal/ui/authenticated_templ.go:247.4,248.33 2 1
air-cover/internal/ui/authenticated_templ.go:248.33,250.5 1 0
air-cover/internal/ui/authenticated_templ.go:251.4,253.33 3 1
air-cover/internal/ui/authenticated_templ.go:253.33,255.5 1 0
air-cover/internal/ui/authenticated_templ.go:256.4,257.33 2 1
air-cover/internal/ui/authenticated_templ.go:257.33,259.5 1 0
air-cover/internal/ui/authenticated_templ.go:260.4,261.33 2 1
air-cover/internal/ui/authenticated_templ.go:261.33,263.5 1 0
air-cover/internal/ui/authenticated_templ.go:264.4,266.33 3 1
air-cover/internal/ui/authenticated_templ.go:266.33,268.5 1 0
air-cover/internal/ui/authenticated_templ.go:269.4,270.33 2 1
air-cover/internal/ui/authenticated_templ.go:270.33,272.5 1 0
air-cover/internal/ui/authenticated_templ.go:273.4,274.33 2 1
air-cover/internal/ui/authenticated_templ.go:274.33,276.5 1 0
air-cover/internal/ui/authenticated_templ.go:277.4,279.33 3 1
air-cover/internal/ui/authenticated_templ.go:279.33,281.5 1 0
air-cover/internal/ui/authenticated_templ.go:282.4,283.33 2 1
air-cover/internal/ui/authenticated_templ.go:283.33,285.5 1 0
air-cover/internal/ui/authenticated_templ.go:286.4,287.33 2 1
air-cover/internal/ui/authenticated_templ.go:287.33,289.5 1 0
air-cover/internal/ui/authenticated_templ.go:290.4,292.33 3 1
air-cover/internal/ui/authenticated_templ.go:292.33,294.5 1 0
air-cover/internal/ui/authenticated_templ.go:295.4,296.33 2 1
air-cover/internal/ui/authenticated_templ.go:296.33,298.5 1 0
air-cover/internal/ui/authenticated_templ.go:299.4,300.33 2 1
air-cover/internal/ui/authenticated_templ.go:300.33,302.5 1 0
air-cover/internal/ui/authenticated_templ.go:303.4,305.33 3 1
air-cover/internal/ui/authenticated_templ.go:305.33,307.5 1 0
air-cover/internal/ui/authenticated_templ.go:308.4,309.33 2 1
air-cover/internal/ui/authenticated_templ.go:309.33,311.5 1 0
air-cover/internal/ui/authenticated_templ.go:312.4,313.33 2 1
air-cover/internal/ui/authenticated_templ.go:313.33,315.5 1 0
air-cover/internal/ui/authenticated_templ.go:316.4,316.19 1 1
air-cover/internal/ui/authenticated_templ.go:316.19,320.34 2 1
air-cover/internal/ui/authenticated_templ.go:320.34,322.6 1 0
air-cover/internal/ui/authenticated_templ.go:323.5,324.34 2 1
air-cover/internal/ui/authenticated_templ.go:324.34,326.6 1 0
air-cover/internal/ui/authenticated_templ.go:327.5,331.34 3 1
air-cover/internal/ui/authenticated_templ.go:331.34,333.6 1 0
air-cover/internal/ui/authenticated_templ.go:334.5,335.34 2 1
air-cover/internal/ui/authenticated_templ.go:335.34,337.6 1 0
air-cover/internal/ui/authenticated_templ.go:339.4,339.21 1 1
air-cover/internal/ui/authenticated_templ.go:339.21,343.34 2 1
air-cover/internal/ui/authenticated_templ.go:343.34,345.6 1 0
air-cover/internal/ui/authenticated_templ.go:346.5,347.34 2 1
air-cover/internal/ui/authenticated_templ.go:347.34,349.6 1 0
air-cover/internal/ui/authenticated_templ.go:350.5,354.34 3 1
air-cover/internal/ui/authenticated_templ.go:354.34,356.6 1 0
air-cover/internal/ui/authenticated_templ.go:357.5,358.34 2 1
air-cover/internal/ui/authenticated_templ.go:358.34,360.6 1 0
air-cover/internal/ui/authenticated_templ.go:362.4,362.21 1 1
air-cover/internal/ui/authenticated_templ.go:362.21,366.34 2 1
air-cover/internal/ui/authenticated_templ.go:366.34,368.6 1 0
air-cover/internal/ui/authenticated_templ.go:369.5,370.34 2 1
air-cover/internal/ui/authenticated_templ.go:370.34,372.6 1 0
air-cover/internal/ui/authenticated_templ.go:373.5,377.34 3 1
air-cover/internal/ui/authenticated_templ.go:377.34,379.6 1 0
air-cover/internal/ui/authenticated_templ.go:380.5,381.34 2 1
air-cover/internal/ui/authenticated_templ.go:381.34,383.6 1 0
air-cover/internal/ui/authenticated_templ.go:385.4,386.33 2 1
air-cover/internal/ui/authenticated_templ.go:386.33,388.5 1 0
air-cover/internal/ui/authenticated_templ.go:389.4,391.33 3 1
air-cover/internal/ui/authenticated_templ.go:391.33,393.5 1 0
air-cover/internal/ui/authenticated_templ.go:394.4,395.33 2 1
air-cover/internal/ui/authenticated_templ.go:395.33,397.5 1 0
air-cover/internal/ui/authenticated_templ.go:398.4,400.33 3 1
air-cover/internal/ui/authenticated_templ.go:400.33,402.5 1 0
air-cover/internal/ui/authenticated_templ.go:403.4,404.33 2 1
air-cover/internal/ui/authenticated_templ.go:404.33,406.5 1 0
air-cover/internal/ui/authenticated_templ.go:407.4,408.33 2 1
air-cover/internal/ui/authenticated_templ.go:408.33,410.5 1 0
air-cover/internal/ui/authenticated_templ.go:411.4,413.33 3 1
air-cover/internal/ui/authenticated_templ.go:413.33,415.5 1 0
air-cover/internal/ui/authenticated_templ.go:416.4,417.33 2 1
air-cover/internal/ui/authenticated_templ.go:417.33,419.5 1 0
air-cover/internal/ui/authenticated_templ.go:420.4,421.33 2 1
air-cover/internal/ui/authenticated_templ.go:421.33,423.5 1 0
air-cover/internal/ui/authenticated_templ.go:424.4,424.28 1 1
air-cover/internal/ui/authenticated_templ.go:424.28,427.34 3 1
air-cover/internal/ui/authenticated_templ.go:427.34,429.6 1 0
air-cover/internal/ui/authenticated_templ.go:430.5,431.34 2 1
air-cover/internal/ui/authenticated_templ.go:431.34,433.6 1 0
air-cover/internal/ui/authenticated_templ.go:434.10,436.34 2 1
air-cover/internal/ui/authenticated_templ.go:436.34,438.6 1 0
air-cover/internal/ui/authenticated_templ.go:440.4,441.33 2 1
air-cover/internal/ui/authenticated_templ.go:441.33,443.5 1 0
air-cover/internal/ui/authenticated_templ.go:445.3,446.32 2 1
air-cover/internal/ui/authenticated_templ.go:446.32,448.4 1 0
air-cover/internal/ui/authenticated_templ.go:449.3,449.13 1 1
air-cover/internal/ui/layout_templ.go:11.43,12.131 1 1
air-cover/internal/ui/layout_templ.go:12.131,14.71 2 1
air-cover/internal/ui/layout_templ.go:14.71,16.4 1 0
air-cover/internal/ui/layout_templ.go:17.3,18.31 2 1
air-cover/internal/ui/layout_templ.go:18.31,19.17 1 1
air-cover/internal/ui/layout_templ.go:19.17,21.34 2 1
air-cover/internal/ui/layout_templ.go:21.34,23.6 1 1
air-cover/internal/ui/layout_templ.go:26.3,28.33 3 1
air-cover/internal/ui/layout_templ.go:28.33,30.4 1 0
air-cover/internal/ui/layout_templ.go:31.3,33.32 3 1
air-cover/internal/ui/layout_templ.go:33.32,35.4 1 0
air-cover/internal/ui/layout_templ.go:36.3,38.32 3 1
air-cover/internal/ui/layout_templ.go:38.32,40.4 1 0
air-cover/internal/ui/layout_templ.go:41.3,42.32 2 1
air-cover/internal/ui/layout_templ.go:42.32,44.4 1 0
air-cover/internal/ui/layout_templ.go:45.3,46.32 2 1
air-cover/internal/ui/layout_templ.go:46.32,48.4 1 0
air-cover/internal/ui/layout_templ.go:49.3,50.32 2 1
air-cover/internal/ui/layout_templ.go:50.32,52.4 1 0
air-cover/internal/ui/layout_templ.go:53.3,54.32 2 1
air-cover/internal/ui/layout_templ.go:54.32,56.4 1 0
air-cover/internal/ui/layout_templ.go:57.3,57.13 1 1
air-cover/internal/ui/layout_templ.go:61.47,62.131 1 1
air-cover/internal/ui/layout_templ.go:62.131,64.71 2 1
air-cover/internal/ui/layout_templ.go:64.71,66.4 1 0
air-cover/internal/ui/layout_templ.go:67.3,68.31 2 1
air-cover/internal/ui/layout_templ.go:68.31,69.17 1 1
air-cover/internal/ui/layout_templ.go:69.17,71.34 2 1
air-cover/internal/ui/layout_templ.go:71.34,73.6 1 1
air-cover/internal/ui/layout_templ.go:76.3,78.33 3 1
air-cover/internal/ui/layout_templ.go:78.33,80.4 1 0
air-cover/internal/ui/layout_templ.go:81.3,83.32 3 1
air-cover/internal/ui/layout_templ.go:83.32,85.4 1 0
air-cover/internal/ui/layout_templ.go:86.3,88.32 3 1
air-cover/internal/ui/layout_templ.go:88.32,90.4 1 0
air-cover/internal/ui/layout_templ.go:91.3,92.32 2 1
air-cover/internal/ui/layout_templ.go:92.32,94.4 1 0
air-cover/internal/ui/layout_templ.go:95.3,96.32 2 1
air-cover/internal/ui/layout_templ.go:96.32,98.4 1 0
air-cover/internal/ui/layout_templ.go:99.3,100.32 2 1
air-cover/internal/ui/layout_templ.go:100.32,102.4 1 0
air-cover/internal/ui/layout_templ.go:103.3,104.32 2 1
air-cover/internal/ui/layout_templ.go:104.32,106.4 1 0
air-cover/internal/ui/layout_templ.go:107.3,107.13 1 1
air-cover/internal/ui/layout_templ.go:111.45,112.131 1 1
air-cover/internal/ui/layout_templ.go:112.131,114.71 2 1
air-cover/internal/ui/layout_templ.go:114.71,116.4 1 0
air-cover/internal/ui/layout_templ.go:117.3,118.31 2 1
air-cover/internal/ui/layout_templ.go:118.31,119.17 1 1
air-cover/internal/ui/layout_templ.go:119.17,121.34 2 1
air-cover/internal/ui/layout_templ.go:121.34,123.6 1 1
air-cover/internal/ui/layout_templ.go:126.3,128.33 3 1
air-cover/internal/ui/layout_templ.go:128.33,130.4 1 0
air-cover/internal/ui/layout_templ.go:131.3,133.32 3 1
air-cover/internal/ui/layout_templ.go:133.32,135.4 1 0
air-cover/internal/ui/layout_templ.go:136.3,138.32 3 1
air-cover/internal/ui/layout_templ.go:138.32,140.4 1 0
air-cover/internal/ui/layout_templ.go:141.3,142.32 2 1
air-cover/internal/ui/layout_templ.go:142.32,144.4 1 0
air-cover/internal/ui/layout_templ.go:145.3,146.32 2 1
air-cover/internal/ui/layout_templ.go:146.32,148.4 1 0
air-cover/internal/ui/layout_templ.go:149.3,149.13 1 1
air-cover/internal/ui/layout_templ.go:153.35,154.131 1 1
air-cover/internal/ui/layout_templ.go:154.131,156.71 2 1
air-cover/internal/ui/layout_templ.go:156.71,158.4 1 0
air-cover/internal/ui/layout_templ.go:159.3,160.31 2 1
air-cover/internal/ui/layout_templ.go:160.31,161.17 1 1
air-cover/internal/ui/layout_templ.go:161.17,163.34 2 1
air-cover/internal/ui/layout_templ.go:163.34,165.6 1 1
air-cover/internal/ui/layout_templ.go:168.3,170.33 3 1
air-cover/internal/ui/layout_templ.go:170.33,172.4 1 0
air-cover/internal/ui/layout_templ.go:173.3,175.32 3 1
air-cover/internal/ui/layout_templ.go:175.32,177.4 1 0
air-cover/internal/ui/layout_templ.go:178.3,178.13 1 1
air-cover/internal/ui/layout_templ.go:182.36,183.131 1 1
air-cover/internal/ui/layout_templ.go:183.131,185.71 2 1
air-cover/internal/ui/layout_templ.go:185.71,187.4 1 0
air-cover/internal/ui/layout_templ.go:188.3,189.31 2 1
air-cover/internal/ui/layout_templ.go:189.31,190.17 1 1
air-cover/internal/ui/layout_templ.go:190.17,192.34 2 1
air-cover/internal/ui/layout_templ.go:192.34,194.6 1 1
air-cover/internal/ui/layout_templ.go:197.3,199.33 3 1
air-cover/internal/ui/layout_templ.go:199.33,201.4 1 0
air-cover/internal/ui/layout_templ.go:202.3,204.32 3 1
air-cover/internal/ui/layout_templ.go:204.32,206.4 1 0
air-cover/internal/ui/layout_templ.go:207.3,207.13 1 1
air-cover/internal/ui/unauthenticated_templ.go:11.54,12.131 1 1
air-cover/internal/ui/unauthenticated_templ.go:12.131,14.71 2 1
air-cover/internal/ui/unauthenticated_templ.go:14.71,16.4 1 0
air-cover/internal/ui/unauthenticated_templ.go:17.3,18.31 2 1
air-cover/internal/ui/unauthenticated_templ.go:18.31,19.17 1 1
air-cover/internal/ui/unauthenticated_templ.go:19.17,21.34 2 1
air-cover/internal/ui/unauthenticated_templ.go:21.34,23.6 1 1
air-cover/internal/ui/unauthenticated_templ.go:26.3,28.33 3 1
air-cover/internal/ui/unauthenticated_templ.go:28.33,30.4 1 0
air-cover/internal/ui/unauthenticated_templ.go:31.3,32.148 2 1
air-cover/internal/ui/unauthenticated_templ.go:32.148,35.32 3 1
air-cover/internal/ui/unauthenticated_templ.go:35.32,36.18 1 0
air-cover/internal/ui/unauthenticated_templ.go:36.18,38.35 2 0
air-cover/internal/ui/unauthenticated_templ.go:38.35,40.7 1 0
air-cover/internal/ui/unauthenticated_templ.go:43.4,45.33 3 1
air-cover/internal/ui/unauthenticated_templ.go:45.33,47.5 1 0
air-cover/internal/ui/unauthenticated_templ.go:48.4,48.17 1 1
air-cover/internal/ui/unauthenticated_templ.go:48.17,50.34 2 1
air-cover/internal/ui/unauthenticated_templ.go:50.34,52.6 1 0
air-cover/internal/ui/unauthenticated_templ.go:54.4,55.33 2 1
air-cover/internal/ui/unauthenticated_templ.go:55.33,57.5 1 0
air-cover/internal/ui/unauthenticated_templ.go:58.4,58.14 1 1
air-cover/internal/ui/unauthenticated_templ.go:60.3,61.32 2 1
air-cover/internal/ui/unauthenticated_templ.go:61.32,63.4 1 0
air-cover/internal/ui/unauthenticated_templ.go:64.3,64.13 1 1
