mode: set
air-cover/internal/email/sender.go:19.72,22.2 2 1
air-cover/internal/email/sender.go:32.83,34.3 1 1
air-cover/internal/email/sender.go:37.73,38.20 1 1
air-cover/internal/email/sender.go:38.20,41.3 2 1
air-cover/internal/email/sender.go:44.2,66.16 3 1
air-cover/internal/email/sender.go:66.16,68.3 1 1
air-cover/internal/email/sender.go:70.2,71.16 2 1
air-cover/internal/email/sender.go:71.16,73.3 1 1
air-cover/internal/email/sender.go:74.2,78.16 4 1
air-cover/internal/email/sender.go:78.16,80.3 1 1
air-cover/internal/email/sender.go:81.2,83.28 2 1
air-cover/internal/email/sender.go:83.28,85.3 1 1
air-cover/internal/email/sender.go:87.2,88.12 2 1
air-cover/internal/email/sender.go:91.54,92.41 1 1
air-cover/internal/email/sender.go:92.41,100.3 1 1
air-cover/internal/email/sender.go:101.2,101.25 1 1
air-cover/internal/config/config.go:29.48,31.40 1 1
air-cover/internal/config/config.go:31.40,34.3 1 1
air-cover/internal/config/config.go:36.2,45.21 9 1
air-cover/internal/config/config.go:45.21,46.52 1 1
air-cover/internal/config/config.go:46.52,48.4 1 1
air-cover/internal/config/config.go:52.2,52.19 1 1
air-cover/internal/config/config.go:52.19,54.3 1 1
air-cover/internal/config/config.go:56.2,56.19 1 1
air-cover/internal/config/config.go:56.19,58.3 1 1
air-cover/internal/config/config.go:60.2,60.16 1 1
air-cover/internal/config/config.go:60.16,62.54 1 1
air-cover/internal/config/config.go:62.54,64.4 1 1
air-cover/internal/config/config.go:67.3,67.34 1 1
air-cover/internal/config/config.go:67.34,69.4 1 1
air-cover/internal/config/config.go:70.3,70.36 1 1
air-cover/internal/config/config.go:70.36,72.4 1 1
air-cover/internal/config/config.go:75.2,76.45 2 1
air-cover/internal/config/config.go:76.45,78.3 1 1
air-cover/internal/config/config.go:80.2,80.17 1 1
air-cover/internal/db/db.go:22.42,24.16 2 1
air-cover/internal/db/db.go:24.16,26.3 1 1
air-cover/internal/db/db.go:28.2,28.34 1 1
air-cover/internal/db/db.go:28.34,30.3 1 1
air-cover/internal/db/db.go:32.2,32.49 1 1
air-cover/internal/db/db.go:32.49,34.3 1 1
air-cover/internal/db/db.go:36.2,36.16 1 1
air-cover/internal/db/db.go:39.53,41.51 2 1
air-cover/internal/db/db.go:41.51,43.3 1 1
air-cover/internal/db/db.go:45.2,46.17 2 1
air-cover/internal/db/db.go:47.12,48.35 1 1
air-cover/internal/db/db.go:49.14,50.37 1 1
air-cover/internal/db/db.go:51.15,52.38 1 1
air-cover/internal/db/db.go:53.16,54.39 1 1
air-cover/internal/db/db.go:55.10,56.62 1 1
air-cover/internal/db/db.go:59.2,59.16 1 1
air-cover/internal/db/db.go:59.16,61.3 1 1
air-cover/internal/db/db.go:63.2,63.12 1 1
air-cover/internal/db/repository.go:18.44,20.2 1 1
air-cover/internal/db/repository.go:22.35,24.2 1 1
air-cover/internal/db/repository.go:26.94,30.16 3 1
air-cover/internal/db/repository.go:30.16,31.36 1 1
air-cover/internal/db/repository.go:31.36,33.4 1 1
air-cover/internal/db/repository.go:34.3,34.18 1 1
air-cover/internal/db/repository.go:36.2,36.19 1 1
air-cover/internal/db/repository.go:39.85,43.16 3 1
air-cover/internal/db/repository.go:43.16,44.36 1 1
air-cover/internal/db/repository.go:44.36,46.4 1 1
air-cover/internal/db/repository.go:47.3,47.18 1 1
air-cover/internal/db/repository.go:49.2,49.19 1 1
air-cover/internal/db/repository.go:52.103,54.16 2 1
air-cover/internal/db/repository.go:54.16,56.3 1 1
air-cover/internal/db/repository.go:57.2,58.16 2 1
air-cover/internal/db/repository.go:58.16,60.3 1 1
air-cover/internal/db/repository.go:61.2,61.36 1 1
air-cover/internal/db/repository.go:64.116,68.2 2 1
air-cover/internal/db/repository.go:70.101,75.16 4 1
air-cover/internal/db/repository.go:75.16,76.36 1 1
air-cover/internal/db/repository.go:76.36,78.4 1 1
air-cover/internal/db/repository.go:79.3,79.18 1 1
air-cover/internal/db/repository.go:82.2,82.18 1 1
air-cover/internal/db/repository.go:82.18,84.3 1 1
air-cover/internal/db/repository.go:86.2,86.57 1 1
air-cover/internal/db/repository.go:86.57,88.3 1 1
air-cover/internal/db/repository.go:90.2,91.16 2 1
air-cover/internal/db/repository.go:91.16,93.3 1 1
air-cover/internal/db/repository.go:95.2,95.17 1 1
air-cover/internal/db/repository.go:98.128,102.2 2 1
air-cover/internal/db/repository.go:104.107,108.16 3 1
air-cover/internal/db/repository.go:108.16,109.36 1 1
air-cover/internal/db/repository.go:109.36,111.4 1 1
air-cover/internal/db/repository.go:112.3,112.18 1 1
air-cover/internal/db/repository.go:114.2,114.36 1 1
air-cover/internal/db/repository.go:114.36,116.3 1 1
air-cover/internal/db/repository.go:117.2,117.16 1 1
air-cover/internal/db/repository.go:120.84,123.2 2 1
air-cover/internal/db/repository.go:125.89,130.16 2 1
air-cover/internal/db/repository.go:130.16,132.3 1 1
air-cover/internal/db/repository.go:133.2,134.16 2 1
air-cover/internal/db/repository.go:134.16,136.3 1 1
air-cover/internal/db/repository.go:137.2,138.12 2 1
air-cover/internal/db/repository.go:140.89,148.16 2 1
air-cover/internal/db/repository.go:148.16,150.3 1 1
air-cover/internal/db/repository.go:151.2,154.18 3 1
air-cover/internal/db/repository.go:154.18,160.17 3 1
air-cover/internal/db/repository.go:160.17,162.4 1 1
air-cover/internal/db/repository.go:163.3,163.41 1 1
air-cover/internal/db/repository.go:165.2,165.34 1 1
air-cover/internal/db/repository.go:165.34,167.3 1 1
air-cover/internal/db/repository.go:168.2,168.25 1 1
air-cover/internal/db/repository.go:171.97,180.16 3 1
air-cover/internal/db/repository.go:180.16,181.36 1 1
air-cover/internal/db/repository.go:181.36,183.4 1 1
air-cover/internal/db/repository.go:184.3,184.18 1 1
air-cover/internal/db/repository.go:186.2,186.17 1 1
air-cover/internal/db/repository.go:189.74,191.16 2 1
air-cover/internal/db/repository.go:191.16,193.3 1 1
air-cover/internal/db/repository.go:194.2,195.16 2 1
air-cover/internal/db/repository.go:195.16,197.3 1 1
air-cover/internal/db/repository.go:198.2,198.15 1 1
air-cover/internal/db/repository.go:198.15,200.3 1 1
air-cover/internal/db/repository.go:201.2,201.12 1 1
air-cover/internal/db/repository.go:204.84,208.16 2 1
air-cover/internal/db/repository.go:208.16,210.3 1 1
air-cover/internal/db/repository.go:211.2,212.16 2 1
air-cover/internal/db/repository.go:212.16,214.3 1 1
air-cover/internal/db/repository.go:215.2,215.15 1 1
air-cover/internal/db/repository.go:215.15,217.3 1 1
air-cover/internal/db/repository.go:218.2,218.12 1 1
air-cover/internal/db/repository.go:221.74,225.16 2 1
air-cover/internal/db/repository.go:225.16,227.3 1 1
air-cover/internal/db/repository.go:228.2,229.16 2 1
air-cover/internal/db/repository.go:229.16,231.3 1 1
air-cover/internal/db/repository.go:232.2,232.15 1 1
air-cover/internal/db/repository.go:232.15,234.3 1 1
air-cover/internal/db/repository.go:235.2,235.12 1 1
air-cover/internal/db/repository.go:238.77,240.16 2 1
air-cover/internal/db/repository.go:240.16,242.3 1 1
air-cover/internal/db/repository.go:243.2,246.18 3 1
air-cover/internal/db/repository.go:246.18,248.104 2 1
air-cover/internal/db/repository.go:248.104,250.4 1 1
air-cover/internal/db/repository.go:251.3,251.31 1 1
air-cover/internal/db/repository.go:253.2,253.34 1 1
air-cover/internal/db/repository.go:253.34,255.3 1 1
air-cover/internal/db/repository.go:256.2,256.19 1 1
air-cover/internal/db/repository.go:259.99,262.17 3 1
air-cover/internal/db/repository.go:262.17,265.3 2 1
air-cover/internal/db/repository.go:266.2,266.22 1 1
air-cover/internal/db/repository.go:266.22,269.3 2 1
air-cover/internal/db/repository.go:271.2,271.20 1 1
air-cover/internal/db/repository.go:271.20,273.3 1 1
air-cover/internal/db/repository.go:276.2,281.16 5 1
air-cover/internal/db/repository.go:281.16,283.3 1 1
air-cover/internal/db/repository.go:284.2,285.16 2 1
air-cover/internal/db/repository.go:285.16,287.3 1 1
air-cover/internal/db/repository.go:288.2,288.15 1 1
air-cover/internal/db/repository.go:288.15,290.3 1 1
air-cover/internal/db/repository.go:291.2,291.12 1 1
air-cover/internal/db/repository.go:294.78,295.22 1 1
air-cover/internal/db/repository.go:295.22,297.3 1 1
air-cover/internal/db/repository.go:299.2,300.16 2 1
air-cover/internal/db/repository.go:300.16,302.3 1 1
air-cover/internal/db/repository.go:303.2,303.15 1 1
air-cover/internal/db/repository.go:303.15,305.3 1 1
air-cover/internal/db/repository.go:307.2,308.16 2 1
air-cover/internal/db/repository.go:308.16,310.3 1 1
air-cover/internal/db/repository.go:311.2,313.31 2 1
air-cover/internal/db/repository.go:313.31,315.17 2 1
air-cover/internal/db/repository.go:315.17,317.4 1 1
air-cover/internal/db/repository.go:320.2,320.20 1 1
air-cover/internal/logger/logger.go:16.64,18.2 1 1
air-cover/internal/logger/logger.go:21.49,24.16 3 1
air-cover/internal/logger/logger.go:24.16,32.3 6 1
air-cover/internal/logger/logger.go:32.8,34.3 1 1
air-cover/internal/logger/logger.go:37.2,38.16 2 1
air-cover/internal/logger/logger.go:38.16,41.3 1 1
air-cover/internal/logger/logger.go:44.2,46.26 2 1
air-cover/internal/models/models.go:30.41,31.28 1 1
air-cover/internal/models/models.go:31.28,33.3 1 1
air-cover/internal/models/models.go:34.2,34.17 1 1
air-cover/internal/ui/admin_templ.go:13.60,14.131 1 1
air-cover/internal/ui/admin_templ.go:14.131,16.71 2 1
air-cover/internal/ui/admin_templ.go:16.71,18.4 1 0
air-cover/internal/ui/admin_templ.go:19.3,20.31 2 1
air-cover/internal/ui/admin_templ.go:20.31,21.17 1 1
air-cover/internal/ui/admin_templ.go:21.17,23.34 2 1
air-cover/internal/ui/admin_templ.go:23.34,25.6 1 1
air-cover/internal/ui/admin_templ.go:28.3,30.33 3 1
air-cover/internal/ui/admin_templ.go:30.33,32.4 1 0
air-cover/internal/ui/admin_templ.go:33.3,34.148 2 1
air-cover/internal/ui/admin_templ.go:34.148,37.32 3 1
air-cover/internal/ui/admin_templ.go:37.32,38.18 1 0
air-cover/internal/ui/admin_templ.go:38.18,40.35 2 0
air-cover/internal/ui/admin_templ.go:40.35,42.7 1 0
air-cover/internal/ui/admin_templ.go:45.4,47.33 3 1
air-cover/internal/ui/admin_templ.go:47.33,49.5 1 0
air-cover/internal/ui/admin_templ.go:50.4,51.33 2 1
air-cover/internal/ui/admin_templ.go:51.33,53.5 1 0
air-cover/internal/ui/admin_templ.go:54.4,55.33 2 1
air-cover/internal/ui/admin_templ.go:55.33,57.5 1 0
air-cover/internal/ui/admin_templ.go:58.4,59.33 2 1
air-cover/internal/ui/admin_templ.go:59.33,61.5 1 0
air-cover/internal/ui/admin_templ.go:62.4,62.149 1 1
air-cover/internal/ui/admin_templ.go:62.149,65.33 3 1
air-cover/internal/ui/admin_templ.go:65.33,66.19 1 0
air-cover/internal/ui/admin_templ.go:66.19,68.36 2 0
air-cover/internal/ui/admin_templ.go:68.36,70.8 1 0
air-cover/internal/ui/admin_templ.go:73.5,75.34 3 1
air-cover/internal/ui/admin_templ.go:75.34,77.6 1 0
air-cover/internal/ui/admin_templ.go:78.5,78.15 1 1
air-cover/internal/ui/admin_templ.go:80.4,81.33 2 1
air-cover/internal/ui/admin_templ.go:81.33,83.5 1 0
air-cover/internal/ui/admin_templ.go:84.4,85.33 2 1
air-cover/internal/ui/admin_templ.go:85.33,87.5 1 0
air-cover/internal/ui/admin_templ.go:88.4,88.23 1 1
air-cover/internal/ui/admin_templ.go:88.23,90.34 2 1
air-cover/internal/ui/admin_templ.go:90.34,92.6 1 0
air-cover/internal/ui/admin_templ.go:93.10,95.34 2 1
air-cover/internal/ui/admin_templ.go:95.34,97.6 1 0
air-cover/internal/ui/admin_templ.go:98.5,98.32 1 1
air-cover/internal/ui/admin_templ.go:98.32,100.35 2 1
air-cover/internal/ui/admin_templ.go:100.35,102.7 1 0
air-cover/internal/ui/admin_templ.go:103.6,105.35 3 1
air-cover/internal/ui/admin_templ.go:105.35,107.7 1 0
air-cover/internal/ui/admin_templ.go:108.6,109.35 2 1
air-cover/internal/ui/admin_templ.go:109.35,111.7 1 0
air-cover/internal/ui/admin_templ.go:112.6,113.35 2 1
air-cover/internal/ui/admin_templ.go:113.35,115.7 1 0
air-cover/internal/ui/admin_templ.go:116.6,118.35 3 1
air-cover/internal/ui/admin_templ.go:118.35,120.7 1 0
air-cover/internal/ui/admin_templ.go:121.6,122.35 2 1
air-cover/internal/ui/admin_templ.go:122.35,124.7 1 0
air-cover/internal/ui/admin_templ.go:125.6,126.35 2 1
air-cover/internal/ui/admin_templ.go:126.35,128.7 1 0
air-cover/internal/ui/admin_templ.go:129.6,129.24 1 1
air-cover/internal/ui/admin_templ.go:129.24,132.36 3 1
air-cover/internal/ui/admin_templ.go:132.36,134.8 1 0
air-cover/internal/ui/admin_templ.go:135.7,136.36 2 1
air-cover/internal/ui/admin_templ.go:136.36,138.8 1 0
air-cover/internal/ui/admin_templ.go:139.7,141.36 3 1
air-cover/internal/ui/admin_templ.go:141.36,143.8 1 0
air-cover/internal/ui/admin_templ.go:144.7,145.36 2 1
air-cover/internal/ui/admin_templ.go:145.36,147.8 1 0
air-cover/internal/ui/admin_templ.go:148.7,149.36 2 1
air-cover/internal/ui/admin_templ.go:149.36,151.8 1 0
air-cover/internal/ui/admin_templ.go:152.7,154.36 3 1
air-cover/internal/ui/admin_templ.go:154.36,156.8 1 0
air-cover/internal/ui/admin_templ.go:157.7,158.36 2 1
air-cover/internal/ui/admin_templ.go:158.36,160.8 1 0
air-cover/internal/ui/admin_templ.go:161.7,162.36 2 1
air-cover/internal/ui/admin_templ.go:162.36,164.8 1 0
air-cover/internal/ui/admin_templ.go:166.6,167.35 2 1
air-cover/internal/ui/admin_templ.go:167.35,169.7 1 0
air-cover/internal/ui/admin_templ.go:170.6,170.28 1 1
air-cover/internal/ui/admin_templ.go:170.28,172.36 2 1
air-cover/internal/ui/admin_templ.go:172.36,174.8 1 0
air-cover/internal/ui/admin_templ.go:175.7,177.36 3 1
air-cover/internal/ui/admin_templ.go:177.36,179.8 1 0
air-cover/internal/ui/admin_templ.go:180.7,181.36 2 1
air-cover/internal/ui/admin_templ.go:181.36,183.8 1 0
air-cover/internal/ui/admin_templ.go:184.7,185.36 2 1
air-cover/internal/ui/admin_templ.go:185.36,187.8 1 0
air-cover/internal/ui/admin_templ.go:188.7,190.36 3 1
air-cover/internal/ui/admin_templ.go:190.36,192.8 1 0
air-cover/internal/ui/admin_templ.go:193.7,194.36 2 1
air-cover/internal/ui/admin_templ.go:194.36,196.8 1 0
air-cover/internal/ui/admin_templ.go:197.7,198.36 2 1
air-cover/internal/ui/admin_templ.go:198.36,200.8 1 0
air-cover/internal/ui/admin_templ.go:201.7,203.36 3 1
air-cover/internal/ui/admin_templ.go:203.36,205.8 1 0
air-cover/internal/ui/admin_templ.go:206.7,207.36 2 1
air-cover/internal/ui/admin_templ.go:207.36,209.8 1 0
air-cover/internal/ui/admin_templ.go:210.7,212.36 3 1
air-cover/internal/ui/admin_templ.go:212.36,214.8 1 0
air-cover/internal/ui/admin_templ.go:215.7,216.36 2 1
air-cover/internal/ui/admin_templ.go:216.36,218.8 1 0
air-cover/internal/ui/admin_templ.go:219.7,220.36 2 1
air-cover/internal/ui/admin_templ.go:220.36,222.8 1 0
air-cover/internal/ui/admin_templ.go:223.7,223.25 1 1
air-cover/internal/ui/admin_templ.go:223.25,225.37 2 1
air-cover/internal/ui/admin_templ.go:225.37,227.9 1 0
air-cover/internal/ui/admin_templ.go:228.13,230.37 2 1
air-cover/internal/ui/admin_templ.go:230.37,232.9 1 0
air-cover/internal/ui/admin_templ.go:234.7,235.36 2 1
air-cover/internal/ui/admin_templ.go:235.36,237.8 1 0
air-cover/internal/ui/admin_templ.go:238.7,238.25 1 1
air-cover/internal/ui/admin_templ.go:238.25,240.37 2 1
air-cover/internal/ui/admin_templ.go:240.37,242.9 1 0
air-cover/internal/ui/admin_templ.go:243.8,245.37 3 1
air-cover/internal/ui/admin_templ.go:245.37,247.9 1 0
air-cover/internal/ui/admin_templ.go:248.8,249.37 2 1
air-cover/internal/ui/admin_templ.go:249.37,251.9 1 0
air-cover/internal/ui/admin_templ.go:252.8,253.37 2 1
air-cover/internal/ui/admin_templ.go:253.37,255.9 1 0
air-cover/internal/ui/admin_templ.go:256.8,256.32 1 1
air-cover/internal/ui/admin_templ.go:256.32,258.38 2 0
air-cover/internal/ui/admin_templ.go:258.38,260.10 1 0
air-cover/internal/ui/admin_templ.go:261.14,263.38 2 1
air-cover/internal/ui/admin_templ.go:263.38,265.10 1 0
air-cover/internal/ui/admin_templ.go:267.8,268.37 2 1
air-cover/internal/ui/admin_templ.go:268.37,270.9 1 0
air-cover/internal/ui/admin_templ.go:271.8,271.32 1 1
air-cover/internal/ui/admin_templ.go:271.32,274.38 3 0
air-cover/internal/ui/admin_templ.go:274.38,276.10 1 0
air-cover/internal/ui/admin_templ.go:277.9,278.38 2 0
air-cover/internal/ui/admin_templ.go:278.38,280.10 1 0
air-cover/internal/ui/admin_templ.go:281.14,284.38 3 1
air-cover/internal/ui/admin_templ.go:284.38,286.10 1 0
air-cover/internal/ui/admin_templ.go:287.9,288.38 2 1
air-cover/internal/ui/admin_templ.go:288.38,290.10 1 0
air-cover/internal/ui/admin_templ.go:292.8,293.37 2 1
air-cover/internal/ui/admin_templ.go:293.37,295.9 1 0
air-cover/internal/ui/admin_templ.go:298.6,299.35 2 1
air-cover/internal/ui/admin_templ.go:299.35,301.7 1 0
air-cover/internal/ui/admin_templ.go:303.5,304.34 2 1
air-cover/internal/ui/admin_templ.go:304.34,306.6 1 0
air-cover/internal/ui/admin_templ.go:308.4,309.33 2 1
air-cover/internal/ui/admin_templ.go:309.33,311.5 1 0
air-cover/internal/ui/admin_templ.go:312.4,312.14 1 1
air-cover/internal/ui/admin_templ.go:314.3,315.32 2 1
air-cover/internal/ui/admin_templ.go:315.32,317.4 1 0
air-cover/internal/ui/admin_templ.go:318.3,318.13 1 1
air-cover/internal/ui/authenticated_templ.go:16.138,17.131 1 1
air-cover/internal/ui/authenticated_templ.go:17.131,19.71 2 1
air-cover/internal/ui/authenticated_templ.go:19.71,21.4 1 0
air-cover/internal/ui/authenticated_templ.go:22.3,23.31 2 1
air-cover/internal/ui/authenticated_templ.go:23.31,24.17 1 1
air-cover/internal/ui/authenticated_templ.go:24.17,26.34 2 1
air-cover/internal/ui/authenticated_templ.go:26.34,28.6 1 1
air-cover/internal/ui/authenticated_templ.go:31.3,33.33 3 1
air-cover/internal/ui/authenticated_templ.go:33.33,35.4 1 0
air-cover/internal/ui/authenticated_templ.go:36.3,37.148 2 1
air-cover/internal/ui/authenticated_templ.go:37.148,40.32 3 1
air-cover/internal/ui/authenticated_templ.go:40.32,41.18 1 0
air-cover/internal/ui/authenticated_templ.go:41.18,43.35 2 0
air-cover/internal/ui/authenticated_templ.go:43.35,45.7 1 0
air-cover/internal/ui/authenticated_templ.go:48.4,50.33 3 1
air-cover/internal/ui/authenticated_templ.go:50.33,52.5 1 0
air-cover/internal/ui/authenticated_templ.go:53.4,54.33 2 1
air-cover/internal/ui/authenticated_templ.go:54.33,56.5 1 0
air-cover/internal/ui/authenticated_templ.go:57.4,58.33 2 1
air-cover/internal/ui/authenticated_templ.go:58.33,60.5 1 0
air-cover/internal/ui/authenticated_templ.go:61.4,62.33 2 1
air-cover/internal/ui/authenticated_templ.go:62.33,64.5 1 0
air-cover/internal/ui/authenticated_templ.go:65.4,65.149 1 1
air-cover/internal/ui/authenticated_templ.go:65.149,68.33 3 1
air-cover/internal/ui/authenticated_templ.go:68.33,69.19 1 0
air-cover/internal/ui/authenticated_templ.go:69.19,71.36 2 0
air-cover/internal/ui/authenticated_templ.go:71.36,73.8 1 0
air-cover/internal/ui/authenticated_templ.go:76.5,77.16 2 1
air-cover/internal/ui/authenticated_templ.go:77.16,79.35 2 1
air-cover/internal/ui/authenticated_templ.go:79.35,81.7 1 0
air-cover/internal/ui/authenticated_templ.go:83.5,84.34 2 1
air-cover/internal/ui/authenticated_templ.go:84.34,86.6 1 0
air-cover/internal/ui/authenticated_templ.go:87.5,88.34 2 1
air-cover/internal/ui/authenticated_templ.go:88.34,90.6 1 0
air-cover/internal/ui/authenticated_templ.go:91.5,91.15 1 1
air-cover/internal/ui/authenticated_templ.go:93.4,94.33 2 1
air-cover/internal/ui/authenticated_templ.go:94.33,96.5 1 0
air-cover/internal/ui/authenticated_templ.go:97.4,98.33 2 1
air-cover/internal/ui/authenticated_templ.go:98.33,100.5 1 0
air-cover/internal/ui/authenticated_templ.go:101.4,101.23 1 1
air-cover/internal/ui/authenticated_templ.go:101.23,103.34 2 1
air-cover/internal/ui/authenticated_templ.go:103.34,105.6 1 0
air-cover/internal/ui/authenticated_templ.go:106.10,108.34 2 1
air-cover/internal/ui/authenticated_templ.go:108.34,110.6 1 0
air-cover/internal/ui/authenticated_templ.go:111.5,111.32 1 1
air-cover/internal/ui/authenticated_templ.go:111.32,113.35 2 1
air-cover/internal/ui/authenticated_templ.go:113.35,115.7 1 0
air-cover/internal/ui/authenticated_templ.go:116.6,118.35 3 1
air-cover/internal/ui/authenticated_templ.go:118.35,120.7 1 0
air-cover/internal/ui/authenticated_templ.go:121.6,122.35 2 1
air-cover/internal/ui/authenticated_templ.go:122.35,124.7 1 0
air-cover/internal/ui/authenticated_templ.go:125.6,126.35 2 1
air-cover/internal/ui/authenticated_templ.go:126.35,128.7 1 0
air-cover/internal/ui/authenticated_templ.go:129.6,129.26 1 1
air-cover/internal/ui/authenticated_templ.go:129.26,132.36 3 1
air-cover/internal/ui/authenticated_templ.go:132.36,134.8 1 0
air-cover/internal/ui/authenticated_templ.go:135.7,136.36 2 1
air-cover/internal/ui/authenticated_templ.go:136.36,138.8 1 0
air-cover/internal/ui/authenticated_templ.go:139.12,142.36 3 1
air-cover/internal/ui/authenticated_templ.go:142.36,144.8 1 0
air-cover/internal/ui/authenticated_templ.go:145.7,146.36 2 1
air-cover/internal/ui/authenticated_templ.go:146.36,148.8 1 0
air-cover/internal/ui/authenticated_templ.go:150.6,151.35 2 1
air-cover/internal/ui/authenticated_templ.go:151.35,153.7 1 0
air-cover/internal/ui/authenticated_templ.go:156.4,157.33 2 1
air-cover/internal/ui/authenticated_templ.go:157.33,159.5 1 0
air-cover/internal/ui/authenticated_templ.go:160.4,162.33 3 1
air-cover/internal/ui/authenticated_templ.go:162.33,164.5 1 0
air-cover/internal/ui/authenticated_templ.go:165.4,166.33 2 1
air-cover/internal/ui/authenticated_templ.go:166.33,168.5 1 0
air-cover/internal/ui/authenticated_templ.go:169.4,170.33 2 1
air-cover/internal/ui/authenticated_templ.go:170.33,172.5 1 0
air-cover/internal/ui/authenticated_templ.go:173.4,173.26 1 1
air-cover/internal/ui/authenticated_templ.go:173.26,175.34 2 1
air-cover/internal/ui/authenticated_templ.go:175.34,177.6 1 0
air-cover/internal/ui/authenticated_templ.go:178.10,180.34 2 1
air-cover/internal/ui/authenticated_templ.go:180.34,182.6 1 0
air-cover/internal/ui/authenticated_templ.go:184.4,185.33 2 1
air-cover/internal/ui/authenticated_templ.go:185.33,187.5 1 0
air-cover/internal/ui/authenticated_templ.go:188.4,188.21 1 1
air-cover/internal/ui/authenticated_templ.go:188.21,190.34 2 1
air-cover/internal/ui/authenticated_templ.go:190.34,192.6 1 0
air-cover/internal/ui/authenticated_templ.go:193.5,194.34 2 1
air-cover/internal/ui/authenticated_templ.go:194.34,196.6 1 0
air-cover/internal/ui/authenticated_templ.go:197.5,198.34 2 1
air-cover/internal/ui/authenticated_templ.go:198.34,200.6 1 0
air-cover/internal/ui/authenticated_templ.go:202.4,203.33 2 1
air-cover/internal/ui/authenticated_templ.go:203.33,205.5 1 0
air-cover/internal/ui/authenticated_templ.go:206.4,206.14 1 1
air-cover/internal/ui/authenticated_templ.go:208.3,209.32 2 1
air-cover/internal/ui/authenticated_templ.go:209.32,211.4 1 0
air-cover/internal/ui/authenticated_templ.go:212.3,212.13 1 1
air-cover/internal/ui/authenticated_templ.go:216.68,217.131 1 1
air-cover/internal/ui/authenticated_templ.go:217.131,219.71 2 1
air-cover/internal/ui/authenticated_templ.go:219.71,221.4 1 0
air-cover/internal/ui/authenticated_templ.go:222.3,223.31 2 1
air-cover/internal/ui/authenticated_templ.go:223.31,224.17 1 1
air-cover/internal/ui/authenticated_templ.go:224.17,226.34 2 1
air-cover/internal/ui/authenticated_templ.go:226.34,228.6 1 1
air-cover/internal/ui/authenticated_templ.go:231.3,233.33 3 1
air-cover/internal/ui/authenticated_templ.go:233.33,235.4 1 0
air-cover/internal/ui/authenticated_templ.go:236.3,238.32 3 1
air-cover/internal/ui/authenticated_templ.go:238.32,240.4 1 0
air-cover/internal/ui/authenticated_templ.go:241.3,241.35 1 1
air-cover/internal/ui/authenticated_templ.go:241.35,243.33 2 1
air-cover/internal/ui/authenticated_templ.go:243.33,245.5 1 0
air-cover/internal/ui/authenticated_templ.go:246.4,248.33 3 1
air-cover/internal/ui/authenticated_templ.go:248.33,250.5 1 0
air-cover/internal/ui/authenticated_templ.go:251.4,252.33 2 1
air-cover/internal/ui/authenticated_templ.go:252.33,254.5 1 0
air-cover/internal/ui/authenticated_templ.go:255.4,257.33 3 1
air-cover/internal/ui/authenticated_templ.go:257.33,259.5 1 0
air-cover/internal/ui/authenticated_templ.go:260.4,261.33 2 1
air-cover/internal/ui/authenticated_templ.go:261.33,263.5 1 0
air-cover/internal/ui/authenticated_templ.go:264.4,265.33 2 1
air-cover/internal/ui/authenticated_templ.go:265.33,267.5 1 0
air-cover/internal/ui/authenticated_templ.go:268.4,270.33 3 1
air-cover/internal/ui/authenticated_templ.go:270.33,272.5 1 0
air-cover/internal/ui/authenticated_templ.go:273.4,274.33 2 1
air-cover/internal/ui/authenticated_templ.go:274.33,276.5 1 0
air-cover/internal/ui/authenticated_templ.go:277.4,278.33 2 1
air-cover/internal/ui/authenticated_templ.go:278.33,280.5 1 0
air-cover/internal/ui/authenticated_templ.go:281.4,283.33 3 1
air-cover/internal/ui/authenticated_templ.go:283.33,285.5 1 0
air-cover/internal/ui/authenticated_templ.go:286.4,287.33 2 1
air-cover/internal/ui/authenticated_templ.go:287.33,289.5 1 0
air-cover/internal/ui/authenticated_templ.go:290.4,291.33 2 1
air-cover/internal/ui/authenticated_templ.go:291.33,293.5 1 0
air-cover/internal/ui/authenticated_templ.go:294.4,296.33 3 1
air-cover/internal/ui/authenticated_templ.go:296.33,298.5 1 0
air-cover/internal/ui/authenticated_templ.go:299.4,300.33 2 1
air-cover/internal/ui/authenticated_templ.go:300.33,302.5 1 0
air-cover/internal/ui/authenticated_templ.go:303.4,304.33 2 1
air-cover/internal/ui/authenticated_templ.go:304.33,306.5 1 0
air-cover/internal/ui/authenticated_templ.go:307.4,309.33 3 1
air-cover/internal/ui/authenticated_templ.go:309.33,311.5 1 0
air-cover/internal/ui/authenticated_templ.go:312.4,313.33 2 1
air-cover/internal/ui/authenticated_templ.go:313.33,315.5 1 0
air-cover/internal/ui/authenticated_templ.go:316.4,317.33 2 1
air-cover/internal/ui/authenticated_templ.go:317.33,319.5 1 0
air-cover/internal/ui/authenticated_templ.go:320.4,320.21 1 1
air-cover/internal/ui/authenticated_templ.go:320.21,323.34 2 1
air-cover/internal/ui/authenticated_templ.go:323.34,325.6 1 0
air-cover/internal/ui/authenticated_templ.go:326.5,327.34 2 1
air-cover/internal/ui/authenticated_templ.go:327.34,329.6 1 0
air-cover/internal/ui/authenticated_templ.go:330.5,333.34 3 1
air-cover/internal/ui/authenticated_templ.go:333.34,335.6 1 0
air-cover/internal/ui/authenticated_templ.go:336.5,337.34 2 1
air-cover/internal/ui/authenticated_templ.go:337.34,339.6 1 0
air-cover/internal/ui/authenticated_templ.go:341.4,341.19 1 1
air-cover/internal/ui/authenticated_templ.go:341.19,345.34 2 1
air-cover/internal/ui/authenticated_templ.go:345.34,347.6 1 0
air-cover/internal/ui/authenticated_templ.go:348.5,349.34 2 1
air-cover/internal/ui/authenticated_templ.go:349.34,351.6 1 0
air-cover/internal/ui/authenticated_templ.go:352.5,356.34 3 1
air-cover/internal/ui/authenticated_templ.go:356.34,358.6 1 0
air-cover/internal/ui/authenticated_templ.go:359.5,360.34 2 1
air-cover/internal/ui/authenticated_templ.go:360.34,362.6 1 0
air-cover/internal/ui/authenticated_templ.go:364.4,364.21 1 1
air-cover/internal/ui/authenticated_templ.go:364.21,368.34 2 1
air-cover/internal/ui/authenticated_templ.go:368.34,370.6 1 0
air-cover/internal/ui/authenticated_templ.go:371.5,372.34 2 1
air-cover/internal/ui/authenticated_templ.go:372.34,374.6 1 0
air-cover/internal/ui/authenticated_templ.go:375.5,379.34 3 1
air-cover/internal/ui/authenticated_templ.go:379.34,381.6 1 0
air-cover/internal/ui/authenticated_templ.go:382.5,383.34 2 1
air-cover/internal/ui/authenticated_templ.go:383.34,385.6 1 0
air-cover/internal/ui/authenticated_templ.go:387.4,388.33 2 1
air-cover/internal/ui/authenticated_templ.go:388.33,390.5 1 0
air-cover/internal/ui/authenticated_templ.go:391.4,393.33 3 1
air-cover/internal/ui/authenticated_templ.go:393.33,395.5 1 0
air-cover/internal/ui/authenticated_templ.go:396.4,397.33 2 1
air-cover/internal/ui/authenticated_templ.go:397.33,399.5 1 0
air-cover/internal/ui/authenticated_templ.go:400.4,402.33 3 1
air-cover/internal/ui/authenticated_templ.go:402.33,404.5 1 0
air-cover/internal/ui/authenticated_templ.go:405.4,406.33 2 1
air-cover/internal/ui/authenticated_templ.go:406.33,408.5 1 0
air-cover/internal/ui/authenticated_templ.go:409.4,410.33 2 1
air-cover/internal/ui/authenticated_templ.go:410.33,412.5 1 0
air-cover/internal/ui/authenticated_templ.go:413.4,415.33 3 1
air-cover/internal/ui/authenticated_templ.go:415.33,417.5 1 0
air-cover/internal/ui/authenticated_templ.go:418.4,419.33 2 1
air-cover/internal/ui/authenticated_templ.go:419.33,421.5 1 0
air-cover/internal/ui/authenticated_templ.go:422.4,423.33 2 1
air-cover/internal/ui/authenticated_templ.go:423.33,425.5 1 0
air-cover/internal/ui/authenticated_templ.go:426.4,426.28 1 1
air-cover/internal/ui/authenticated_templ.go:426.28,429.34 3 1
air-cover/internal/ui/authenticated_templ.go:429.34,431.6 1 0
air-cover/internal/ui/authenticated_templ.go:432.5,433.34 2 1
air-cover/internal/ui/authenticated_templ.go:433.34,435.6 1 0
air-cover/internal/ui/authenticated_templ.go:436.10,438.34 2 1
air-cover/internal/ui/authenticated_templ.go:438.34,440.6 1 0
air-cover/internal/ui/authenticated_templ.go:442.4,443.33 2 1
air-cover/internal/ui/authenticated_templ.go:443.33,445.5 1 0
air-cover/internal/ui/authenticated_templ.go:447.3,448.32 2 1
air-cover/internal/ui/authenticated_templ.go:448.32,450.4 1 0
air-cover/internal/ui/authenticated_templ.go:451.3,451.13 1 1
air-cover/internal/ui/layout_templ.go:11.43,12.131 1 1
air-cover/internal/ui/layout_templ.go:12.131,14.71 2 1
air-cover/internal/ui/layout_templ.go:14.71,16.4 1 0
air-cover/internal/ui/layout_templ.go:17.3,18.31 2 1
air-cover/internal/ui/layout_templ.go:18.31,19.17 1 1
air-cover/internal/ui/layout_templ.go:19.17,21.34 2 1
air-cover/internal/ui/layout_templ.go:21.34,23.6 1 1
air-cover/internal/ui/layout_templ.go:26.3,28.33 3 1
air-cover/internal/ui/layout_templ.go:28.33,30.4 1 0
air-cover/internal/ui/layout_templ.go:31.3,33.32 3 1
air-cover/internal/ui/layout_templ.go:33.32,35.4 1 0
air-cover/internal/ui/layout_templ.go:36.3,38.32 3 1
air-cover/internal/ui/layout_templ.go:38.32,40.4 1 0
air-cover/internal/ui/layout_templ.go:41.3,42.32 2 1
air-cover/internal/ui/layout_templ.go:42.32,44.4 1 0
air-cover/internal/ui/layout_templ.go:45.3,46.32 2 1
air-cover/internal/ui/layout_templ.go:46.32,48.4 1 0
air-cover/internal/ui/layout_templ.go:49.3,50.32 2 1
air-cover/internal/ui/layout_templ.go:50.32,52.4 1 0
air-cover/internal/ui/layout_templ.go:53.3,54.32 2 1
air-cover/internal/ui/layout_templ.go:54.32,56.4 1 0
air-cover/internal/ui/layout_templ.go:57.3,57.13 1 1
air-cover/internal/ui/layout_templ.go:61.47,62.131 1 1
air-cover/internal/ui/layout_templ.go:62.131,64.71 2 1
air-cover/internal/ui/layout_templ.go:64.71,66.4 1 0
air-cover/internal/ui/layout_templ.go:67.3,68.31 2 1
air-cover/internal/ui/layout_templ.go:68.31,69.17 1 1
air-cover/internal/ui/layout_templ.go:69.17,71.34 2 1
air-cover/internal/ui/layout_templ.go:71.34,73.6 1 1
air-cover/internal/ui/layout_templ.go:76.3,78.33 3 1
air-cover/internal/ui/layout_templ.go:78.33,80.4 1 0
air-cover/internal/ui/layout_templ.go:81.3,83.32 3 1
air-cover/internal/ui/layout_templ.go:83.32,85.4 1 0
air-cover/internal/ui/layout_templ.go:86.3,88.32 3 1
air-cover/internal/ui/layout_templ.go:88.32,90.4 1 0
air-cover/internal/ui/layout_templ.go:91.3,92.32 2 1
air-cover/internal/ui/layout_templ.go:92.32,94.4 1 0
air-cover/internal/ui/layout_templ.go:95.3,96.32 2 1
air-cover/internal/ui/layout_templ.go:96.32,98.4 1 0
air-cover/internal/ui/layout_templ.go:99.3,100.32 2 1
air-cover/internal/ui/layout_templ.go:100.32,102.4 1 0
air-cover/internal/ui/layout_templ.go:103.3,104.32 2 1
air-cover/internal/ui/layout_templ.go:104.32,106.4 1 0
air-cover/internal/ui/layout_templ.go:107.3,107.13 1 1
air-cover/internal/ui/layout_templ.go:111.45,112.131 1 1
air-cover/internal/ui/layout_templ.go:112.131,114.71 2 1
air-cover/internal/ui/layout_templ.go:114.71,116.4 1 0
air-cover/internal/ui/layout_templ.go:117.3,118.31 2 1
air-cover/internal/ui/layout_templ.go:118.31,119.17 1 1
air-cover/internal/ui/layout_templ.go:119.17,121.34 2 1
air-cover/internal/ui/layout_templ.go:121.34,123.6 1 1
air-cover/internal/ui/layout_templ.go:126.3,128.33 3 1
air-cover/internal/ui/layout_templ.go:128.33,130.4 1 0
air-cover/internal/ui/layout_templ.go:131.3,133.32 3 1
air-cover/internal/ui/layout_templ.go:133.32,135.4 1 0
air-cover/internal/ui/layout_templ.go:136.3,138.32 3 1
air-cover/internal/ui/layout_templ.go:138.32,140.4 1 0
air-cover/internal/ui/layout_templ.go:141.3,142.32 2 1
air-cover/internal/ui/layout_templ.go:142.32,144.4 1 0
air-cover/internal/ui/layout_templ.go:145.3,146.32 2 1
air-cover/internal/ui/layout_templ.go:146.32,148.4 1 0
air-cover/internal/ui/layout_templ.go:149.3,149.13 1 1
air-cover/internal/ui/layout_templ.go:153.35,154.131 1 1
air-cover/internal/ui/layout_templ.go:154.131,156.71 2 1
air-cover/internal/ui/layout_templ.go:156.71,158.4 1 0
air-cover/internal/ui/layout_templ.go:159.3,160.31 2 1
air-cover/internal/ui/layout_templ.go:160.31,161.17 1 1
air-cover/internal/ui/layout_templ.go:161.17,163.34 2 1
air-cover/internal/ui/layout_templ.go:163.34,165.6 1 1
air-cover/internal/ui/layout_templ.go:168.3,170.33 3 1
air-cover/internal/ui/layout_templ.go:170.33,172.4 1 0
air-cover/internal/ui/layout_templ.go:173.3,175.32 3 1
air-cover/internal/ui/layout_templ.go:175.32,177.4 1 0
air-cover/internal/ui/layout_templ.go:178.3,178.13 1 1
air-cover/internal/ui/layout_templ.go:182.36,183.131 1 1
air-cover/internal/ui/layout_templ.go:183.131,185.71 2 1
air-cover/internal/ui/layout_templ.go:185.71,187.4 1 0
air-cover/internal/ui/layout_templ.go:188.3,189.31 2 1
air-cover/internal/ui/layout_templ.go:189.31,190.17 1 1
air-cover/internal/ui/layout_templ.go:190.17,192.34 2 1
air-cover/internal/ui/layout_templ.go:192.34,194.6 1 1
air-cover/internal/ui/layout_templ.go:197.3,199.33 3 1
air-cover/internal/ui/layout_templ.go:199.33,201.4 1 0
air-cover/internal/ui/layout_templ.go:202.3,204.32 3 1
air-cover/internal/ui/layout_templ.go:204.32,206.4 1 0
air-cover/internal/ui/layout_templ.go:207.3,207.13 1 1
air-cover/internal/ui/unauthenticated_templ.go:11.54,12.131 1 1
air-cover/internal/ui/unauthenticated_templ.go:12.131,14.71 2 1
air-cover/internal/ui/unauthenticated_templ.go:14.71,16.4 1 0
air-cover/internal/ui/unauthenticated_templ.go:17.3,18.31 2 1
air-cover/internal/ui/unauthenticated_templ.go:18.31,19.17 1 1
air-cover/internal/ui/unauthenticated_templ.go:19.17,21.34 2 1
air-cover/internal/ui/unauthenticated_templ.go:21.34,23.6 1 1
air-cover/internal/ui/unauthenticated_templ.go:26.3,28.33 3 1
air-cover/internal/ui/unauthenticated_templ.go:28.33,30.4 1 0
air-cover/internal/ui/unauthenticated_templ.go:31.3,32.148 2 1
air-cover/internal/ui/unauthenticated_templ.go:32.148,35.32 3 1
air-cover/internal/ui/unauthenticated_templ.go:35.32,36.18 1 0
air-cover/internal/ui/unauthenticated_templ.go:36.18,38.35 2 0
air-cover/internal/ui/unauthenticated_templ.go:38.35,40.7 1 0
air-cover/internal/ui/unauthenticated_templ.go:43.4,45.33 3 1
air-cover/internal/ui/unauthenticated_templ.go:45.33,47.5 1 0
air-cover/internal/ui/unauthenticated_templ.go:48.4,48.17 1 1
air-cover/internal/ui/unauthenticated_templ.go:48.17,50.34 2 1
air-cover/internal/ui/unauthenticated_templ.go:50.34,52.6 1 0
air-cover/internal/ui/unauthenticated_templ.go:54.4,55.33 2 1
air-cover/internal/ui/unauthenticated_templ.go:55.33,57.5 1 0
air-cover/internal/ui/unauthenticated_templ.go:58.4,58.14 1 1
air-cover/internal/ui/unauthenticated_templ.go:60.3,61.32 2 1
air-cover/internal/ui/unauthenticated_templ.go:61.32,63.4 1 0
air-cover/internal/ui/unauthenticated_templ.go:64.3,64.13 1 1
air-cover/cmd/aircover/main.go:5.13,7.2 1 1
air-cover/internal/api/api.gen.go:29.56,30.11 1 1
air-cover/internal/api/api.gen.go:31.12,32.14 1 1
air-cover/internal/api/api.gen.go:33.14,34.14 1 1
air-cover/internal/api/api.gen.go:35.10,36.15 1 1
air-cover/internal/api/api.gen.go:47.49,48.11 1 0
air-cover/internal/api/api.gen.go:49.38,50.14 1 0
air-cover/internal/api/api.gen.go:51.39,52.14 1 0
air-cover/internal/api/api.gen.go:53.10,54.15 1 0
air-cover/internal/api/api.gen.go:65.47,66.11 1 0
air-cover/internal/api/api.gen.go:67.36,68.14 1 0
air-cover/internal/api/api.gen.go:69.37,70.14 1 0
air-cover/internal/api/api.gen.go:71.10,72.15 1 0
air-cover/internal/api/api.gen.go:83.56,84.11 1 0
air-cover/internal/api/api.gen.go:85.13,86.14 1 0
air-cover/internal/api/api.gen.go:87.12,88.14 1 0
air-cover/internal/api/api.gen.go:89.10,90.15 1 0
air-cover/internal/api/api.gen.go:101.51,102.11 1 0
air-cover/internal/api/api.gen.go:103.13,104.14 1 0
air-cover/internal/api/api.gen.go:105.14,106.14 1 0
air-cover/internal/api/api.gen.go:107.10,108.15 1 0
air-cover/internal/api/api.gen.go:243.68,245.2 1 1
air-cover/internal/api/api.gen.go:249.73,251.2 1 1
air-cover/internal/api/api.gen.go:255.71,257.2 1 1
air-cover/internal/api/api.gen.go:261.78,263.2 1 1
air-cover/internal/api/api.gen.go:267.79,269.2 1 1
air-cover/internal/api/api.gen.go:273.106,275.2 1 1
air-cover/internal/api/api.gen.go:279.74,281.2 1 1
air-cover/internal/api/api.gen.go:285.80,287.2 1 1
air-cover/internal/api/api.gen.go:291.92,293.2 1 1
air-cover/internal/api/api.gen.go:297.91,299.2 1 1
air-cover/internal/api/api.gen.go:303.74,305.2 1 1
air-cover/internal/api/api.gen.go:309.89,311.2 1 1
air-cover/internal/api/api.gen.go:315.84,317.2 1 1
air-cover/internal/api/api.gen.go:329.80,331.88 1 1
air-cover/internal/api/api.gen.go:331.88,333.3 1 1
air-cover/internal/api/api.gen.go:335.2,335.52 1 1
air-cover/internal/api/api.gen.go:335.52,337.3 1 1
air-cover/internal/api/api.gen.go:339.2,339.25 1 1
air-cover/internal/api/api.gen.go:343.85,345.88 1 1
air-cover/internal/api/api.gen.go:345.88,347.3 1 1
air-cover/internal/api/api.gen.go:349.2,349.52 1 1
air-cover/internal/api/api.gen.go:349.52,351.3 1 0
air-cover/internal/api/api.gen.go:353.2,353.25 1 1
air-cover/internal/api/api.gen.go:357.83,359.88 1 1
air-cover/internal/api/api.gen.go:359.88,361.3 1 1
air-cover/internal/api/api.gen.go:363.2,363.52 1 1
air-cover/internal/api/api.gen.go:363.52,365.3 1 1
air-cover/internal/api/api.gen.go:367.2,367.25 1 1
air-cover/internal/api/api.gen.go:371.90,373.88 1 1
air-cover/internal/api/api.gen.go:373.88,375.3 1 1
air-cover/internal/api/api.gen.go:377.2,377.52 1 1
air-cover/internal/api/api.gen.go:377.52,379.3 1 1
air-cover/internal/api/api.gen.go:381.2,381.25 1 1
air-cover/internal/api/api.gen.go:385.91,387.88 1 1
air-cover/internal/api/api.gen.go:387.88,389.3 1 1
air-cover/internal/api/api.gen.go:391.2,391.52 1 1
air-cover/internal/api/api.gen.go:391.52,393.3 1 1
air-cover/internal/api/api.gen.go:395.2,395.25 1 1
air-cover/internal/api/api.gen.go:399.90,408.64 3 1
air-cover/internal/api/api.gen.go:408.65,410.3 0 1
air-cover/internal/api/api.gen.go:410.8,413.3 2 1
air-cover/internal/api/api.gen.go:415.2,416.16 2 1
air-cover/internal/api/api.gen.go:416.16,419.3 2 0
air-cover/internal/api/api.gen.go:421.2,421.88 1 1
air-cover/internal/api/api.gen.go:421.88,423.3 1 1
air-cover/internal/api/api.gen.go:425.2,425.52 1 1
air-cover/internal/api/api.gen.go:425.52,427.3 1 0
air-cover/internal/api/api.gen.go:429.2,429.25 1 1
air-cover/internal/api/api.gen.go:433.86,435.88 1 1
air-cover/internal/api/api.gen.go:435.88,437.3 1 1
air-cover/internal/api/api.gen.go:439.2,439.52 1 1
air-cover/internal/api/api.gen.go:439.52,441.3 1 1
air-cover/internal/api/api.gen.go:443.2,443.25 1 1
air-cover/internal/api/api.gen.go:447.92,449.88 1 1
air-cover/internal/api/api.gen.go:449.88,451.3 1 1
air-cover/internal/api/api.gen.go:453.2,453.52 1 1
air-cover/internal/api/api.gen.go:453.52,455.3 1 1
air-cover/internal/api/api.gen.go:457.2,457.25 1 1
air-cover/internal/api/api.gen.go:461.96,469.16 4 1
air-cover/internal/api/api.gen.go:469.16,472.3 2 0
air-cover/internal/api/api.gen.go:474.2,474.88 1 1
air-cover/internal/api/api.gen.go:474.88,476.3 1 1
air-cover/internal/api/api.gen.go:478.2,478.52 1 1
air-cover/internal/api/api.gen.go:478.52,480.3 1 1
air-cover/internal/api/api.gen.go:482.2,482.25 1 1
air-cover/internal/api/api.gen.go:486.95,494.16 4 1
air-cover/internal/api/api.gen.go:494.16,497.3 2 0
air-cover/internal/api/api.gen.go:499.2,499.88 1 1
air-cover/internal/api/api.gen.go:499.88,501.3 1 1
air-cover/internal/api/api.gen.go:503.2,503.52 1 1
air-cover/internal/api/api.gen.go:503.52,505.3 1 1
air-cover/internal/api/api.gen.go:507.2,507.25 1 1
air-cover/internal/api/api.gen.go:511.86,513.88 1 1
air-cover/internal/api/api.gen.go:513.88,515.3 1 1
air-cover/internal/api/api.gen.go:517.2,517.52 1 1
air-cover/internal/api/api.gen.go:517.52,519.3 1 0
air-cover/internal/api/api.gen.go:521.2,521.25 1 1
air-cover/internal/api/api.gen.go:525.101,527.88 1 0
air-cover/internal/api/api.gen.go:527.88,529.3 1 0
air-cover/internal/api/api.gen.go:531.2,531.52 1 0
air-cover/internal/api/api.gen.go:531.52,533.3 1 0
air-cover/internal/api/api.gen.go:535.2,535.25 1 0
air-cover/internal/api/api.gen.go:539.88,547.16 4 1
air-cover/internal/api/api.gen.go:547.16,550.3 2 0
air-cover/internal/api/api.gen.go:552.2,552.88 1 1
air-cover/internal/api/api.gen.go:552.88,554.3 1 1
air-cover/internal/api/api.gen.go:556.2,556.52 1 1
air-cover/internal/api/api.gen.go:556.52,558.3 1 1
air-cover/internal/api/api.gen.go:560.2,560.25 1 1
air-cover/internal/api/api.gen.go:568.52,570.2 1 1
air-cover/internal/api/api.gen.go:572.52,574.2 1 1
air-cover/internal/api/api.gen.go:581.49,583.2 1 1
air-cover/internal/api/api.gen.go:585.49,587.2 1 1
air-cover/internal/api/api.gen.go:593.45,595.2 1 1
air-cover/internal/api/api.gen.go:602.46,604.2 1 1
air-cover/internal/api/api.gen.go:606.46,608.2 1 1
air-cover/internal/api/api.gen.go:615.50,617.2 1 1
air-cover/internal/api/api.gen.go:619.50,621.2 1 1
air-cover/internal/api/api.gen.go:628.53,630.2 1 1
air-cover/internal/api/api.gen.go:633.47,635.2 1 1
air-cover/internal/api/api.gen.go:645.68,649.2 1 1
air-cover/internal/api/api.gen.go:651.95,656.2 1 1
air-cover/internal/api/api.gen.go:659.84,662.14 2 1
air-cover/internal/api/api.gen.go:662.14,664.3 1 1
air-cover/internal/api/api.gen.go:665.2,665.37 1 1
air-cover/internal/api/api.gen.go:665.37,666.86 1 1
air-cover/internal/api/api.gen.go:666.86,668.4 1 1
air-cover/internal/api/api.gen.go:670.2,676.29 2 1
air-cover/internal/api/api.gen.go:676.29,678.3 1 1
air-cover/internal/api/api.gen.go:679.2,679.29 1 1
air-cover/internal/api/api.gen.go:679.29,681.3 1 1
air-cover/internal/api/api.gen.go:682.2,682.29 1 1
air-cover/internal/api/api.gen.go:682.29,684.3 1 1
air-cover/internal/api/api.gen.go:685.2,685.29 1 1
air-cover/internal/api/api.gen.go:685.29,687.3 1 1
air-cover/internal/api/api.gen.go:688.2,688.29 1 1
air-cover/internal/api/api.gen.go:688.29,690.3 1 1
air-cover/internal/api/api.gen.go:691.2,691.29 1 1
air-cover/internal/api/api.gen.go:691.29,693.3 1 1
air-cover/internal/api/api.gen.go:694.2,694.29 1 1
air-cover/internal/api/api.gen.go:694.29,696.3 1 1
air-cover/internal/api/api.gen.go:697.2,697.29 1 1
air-cover/internal/api/api.gen.go:697.29,699.3 1 1
air-cover/internal/api/api.gen.go:700.2,700.29 1 1
air-cover/internal/api/api.gen.go:700.29,702.3 1 1
air-cover/internal/api/api.gen.go:703.2,703.29 1 1
air-cover/internal/api/api.gen.go:703.29,705.3 1 1
air-cover/internal/api/api.gen.go:706.2,706.29 1 1
air-cover/internal/api/api.gen.go:706.29,708.3 1 1
air-cover/internal/api/api.gen.go:709.2,709.29 1 1
air-cover/internal/api/api.gen.go:709.29,711.3 1 1
air-cover/internal/api/api.gen.go:712.2,712.29 1 1
air-cover/internal/api/api.gen.go:712.29,714.3 1 1
air-cover/internal/api/api.gen.go:716.2,716.10 1 1
air-cover/internal/api/api.gen.go:746.35,748.16 2 1
air-cover/internal/api/api.gen.go:748.16,750.3 1 1
air-cover/internal/api/api.gen.go:751.2,752.16 2 1
air-cover/internal/api/api.gen.go:752.16,754.3 1 1
air-cover/internal/api/api.gen.go:755.2,757.16 3 1
air-cover/internal/api/api.gen.go:757.16,759.3 1 0
air-cover/internal/api/api.gen.go:761.2,761.25 1 1
air-cover/internal/api/api.gen.go:767.48,769.32 2 1
air-cover/internal/api/api.gen.go:769.32,771.3 1 1
air-cover/internal/api/api.gen.go:775.73,777.25 2 1
air-cover/internal/api/api.gen.go:777.25,779.3 1 1
air-cover/internal/api/api.gen.go:781.2,781.12 1 1
air-cover/internal/api/api.gen.go:789.52,794.87 4 1
air-cover/internal/api/api.gen.go:794.87,798.10 4 0
air-cover/internal/api/api.gen.go:798.10,801.4 2 0
air-cover/internal/api/api.gen.go:802.3,802.19 1 0
air-cover/internal/api/api.gen.go:804.2,806.16 3 1
air-cover/internal/api/api.gen.go:806.16,808.3 1 1
air-cover/internal/api/api.gen.go:809.2,810.16 2 1
air-cover/internal/api/api.gen.go:810.16,812.3 1 0
air-cover/internal/api/api.gen.go:813.2,813.8 1 1
air-cover/internal/api/auth.go:41.76,47.2 1 1
air-cover/internal/api/auth.go:49.49,51.41 2 1
air-cover/internal/api/auth.go:51.41,53.3 1 1
air-cover/internal/api/auth.go:54.2,54.50 1 1
air-cover/internal/api/auth.go:57.37,61.2 3 1
air-cover/internal/api/auth.go:63.75,70.56 4 1
air-cover/internal/api/auth.go:70.56,72.62 2 1
air-cover/internal/api/auth.go:72.62,75.4 2 1
air-cover/internal/api/auth.go:76.3,76.31 1 1
air-cover/internal/api/auth.go:77.8,78.39 1 1
air-cover/internal/api/auth.go:78.39,81.4 2 1
air-cover/internal/api/auth.go:82.3,82.34 1 1
air-cover/internal/api/auth.go:85.2,85.20 1 1
air-cover/internal/api/auth.go:85.20,88.3 2 1
air-cover/internal/api/auth.go:90.2,92.16 3 1
air-cover/internal/api/auth.go:92.16,93.37 1 1
air-cover/internal/api/auth.go:93.37,97.4 3 1
air-cover/internal/api/auth.go:98.3,100.9 3 1
air-cover/internal/api/auth.go:102.2,102.21 1 1
air-cover/internal/api/auth.go:102.21,106.3 3 1
air-cover/internal/api/auth.go:108.2,109.16 2 1
air-cover/internal/api/auth.go:109.16,113.3 3 1
air-cover/internal/api/auth.go:115.2,118.83 3 1
air-cover/internal/api/auth.go:118.83,122.3 3 1
air-cover/internal/api/auth.go:124.2,125.66 2 1
air-cover/internal/api/auth.go:125.66,127.3 1 1
air-cover/internal/api/auth.go:128.2,131.70 3 1
air-cover/internal/api/auth.go:131.70,135.3 3 1
air-cover/internal/api/auth.go:137.2,137.76 1 1
air-cover/internal/api/auth.go:140.97,142.56 2 1
air-cover/internal/api/auth.go:142.56,147.3 4 1
air-cover/internal/api/auth.go:149.2,149.62 1 1
air-cover/internal/api/auth.go:152.93,153.20 1 1
air-cover/internal/api/auth.go:153.20,156.3 2 1
air-cover/internal/api/auth.go:158.2,162.16 4 1
air-cover/internal/api/auth.go:162.16,166.3 3 1
air-cover/internal/api/auth.go:168.2,169.16 2 1
air-cover/internal/api/auth.go:169.16,173.3 3 1
air-cover/internal/api/auth.go:175.2,176.16 2 1
air-cover/internal/api/auth.go:176.16,180.3 3 1
air-cover/internal/api/auth.go:182.2,183.97 2 1
air-cover/internal/api/auth.go:183.97,187.3 3 1
air-cover/internal/api/auth.go:189.2,199.44 2 1
air-cover/internal/api/auth.go:202.76,204.9 2 1
air-cover/internal/api/auth.go:204.9,207.3 2 1
air-cover/internal/api/auth.go:209.2,210.67 2 1
air-cover/internal/api/auth.go:210.67,214.3 3 1
air-cover/internal/api/auth.go:216.2,226.44 2 1
air-cover/internal/api/auth.go:237.70,238.71 1 1
air-cover/internal/api/auth.go:238.71,240.17 2 1
air-cover/internal/api/auth.go:240.17,243.4 2 1
air-cover/internal/api/auth.go:245.3,247.17 3 1
air-cover/internal/api/auth.go:247.17,250.4 2 1
air-cover/internal/api/auth.go:252.3,253.36 2 1
air-cover/internal/api/auth.go:253.36,256.4 2 1
air-cover/internal/api/auth.go:258.3,261.40 4 1
air-cover/internal/api/auth.go:265.68,266.71 1 1
air-cover/internal/api/auth.go:266.71,268.29 2 1
air-cover/internal/api/auth.go:268.29,271.4 2 1
air-cover/internal/api/auth.go:272.3,272.23 1 1
air-cover/internal/api/auth.go:276.105,277.66 1 1
air-cover/internal/api/auth.go:277.66,280.3 2 1
air-cover/internal/api/auth.go:281.2,281.44 1 1
air-cover/internal/api/handler.go:46.96,52.2 1 1
air-cover/internal/api/handler.go:56.62,57.77 1 1
air-cover/internal/api/handler.go:57.77,58.80 1 1
air-cover/internal/api/handler.go:58.80,61.4 2 1
air-cover/internal/api/handler.go:64.3,71.5 1 1
air-cover/internal/api/handler.go:74.2,74.108 1 1
air-cover/internal/api/handler.go:74.108,76.3 1 1
air-cover/internal/api/handler.go:81.65,85.15 3 1
air-cover/internal/api/handler.go:85.15,87.17 2 1
air-cover/internal/api/handler.go:87.17,91.4 3 1
air-cover/internal/api/handler.go:93.3,95.32 2 1
air-cover/internal/api/handler.go:95.32,97.4 1 1
air-cover/internal/api/handler.go:97.9,98.9 1 1
air-cover/internal/api/handler.go:102.2,102.43 1 1
air-cover/internal/api/handler.go:102.43,104.3 1 1
air-cover/internal/api/handler.go:106.2,109.16 3 1
air-cover/internal/api/handler.go:109.16,113.3 3 1
air-cover/internal/api/handler.go:115.2,116.32 2 1
air-cover/internal/api/handler.go:116.32,118.17 2 1
air-cover/internal/api/handler.go:118.17,120.12 2 1
air-cover/internal/api/handler.go:122.3,122.27 1 1
air-cover/internal/api/handler.go:125.2,133.33 7 1
air-cover/internal/api/handler.go:133.33,135.18 2 1
air-cover/internal/api/handler.go:135.18,137.4 1 1
air-cover/internal/api/handler.go:138.3,158.13 5 1
air-cover/internal/api/handler.go:158.13,160.4 1 1
air-cover/internal/api/handler.go:160.9,162.4 1 1
air-cover/internal/api/handler.go:168.2,168.53 1 1
air-cover/internal/api/handler.go:168.53,170.3 1 1
air-cover/internal/api/handler.go:172.2,172.106 1 1
air-cover/internal/api/handler.go:172.106,174.3 1 1
air-cover/internal/api/handler.go:179.67,181.16 2 1
air-cover/internal/api/handler.go:181.16,185.3 3 1
air-cover/internal/api/handler.go:187.2,189.26 3 1
air-cover/internal/api/handler.go:189.26,198.3 1 1
air-cover/internal/api/handler.go:200.2,200.40 1 1
air-cover/internal/api/handler.go:200.40,201.47 1 1
air-cover/internal/api/handler.go:201.47,203.4 1 1
air-cover/internal/api/handler.go:204.3,204.26 1 1
air-cover/internal/api/handler.go:204.26,206.4 1 1
air-cover/internal/api/handler.go:207.3,207.37 1 1
air-cover/internal/api/handler.go:207.37,209.4 1 1
air-cover/internal/api/handler.go:210.3,210.75 1 1
air-cover/internal/api/handler.go:213.2,215.70 2 1
air-cover/internal/api/handler.go:215.70,217.3 1 1
air-cover/internal/api/handler.go:222.68,226.38 2 1
air-cover/internal/api/handler.go:226.38,230.3 3 1
air-cover/internal/api/handler.go:232.2,233.17 2 1
air-cover/internal/api/handler.go:233.17,236.3 2 1
air-cover/internal/api/handler.go:238.2,239.16 2 1
air-cover/internal/api/handler.go:239.16,241.3 1 1
air-cover/internal/api/handler.go:243.2,243.41 1 1
air-cover/internal/api/handler.go:243.41,246.3 2 1
air-cover/internal/api/handler.go:248.2,249.16 2 1
air-cover/internal/api/handler.go:249.16,253.3 3 1
air-cover/internal/api/handler.go:255.2,255.52 1 1
air-cover/internal/api/handler.go:260.72,262.2 1 1
air-cover/internal/api/handler.go:266.73,268.2 1 1
air-cover/internal/api/handler.go:272.100,274.2 1 1
air-cover/internal/api/handler.go:278.74,282.38 2 1
air-cover/internal/api/handler.go:282.38,286.3 3 1
air-cover/internal/api/handler.go:288.2,290.16 3 1
air-cover/internal/api/handler.go:290.16,294.3 3 1
air-cover/internal/api/handler.go:296.2,298.16 3 1
air-cover/internal/api/handler.go:298.16,302.3 3 1
air-cover/internal/api/handler.go:304.2,306.16 3 1
air-cover/internal/api/handler.go:306.16,310.3 3 1
air-cover/internal/api/handler.go:312.2,315.9 3 1
air-cover/internal/api/handler.go:315.9,319.3 3 1
air-cover/internal/api/handler.go:321.2,331.65 2 1
air-cover/internal/api/handler.go:331.65,335.3 3 1
air-cover/internal/api/handler.go:337.2,337.50 1 1
air-cover/internal/api/handler.go:342.86,344.16 2 1
air-cover/internal/api/handler.go:344.16,345.37 1 1
air-cover/internal/api/handler.go:345.37,348.4 2 1
air-cover/internal/api/handler.go:349.3,351.9 3 1
air-cover/internal/api/handler.go:354.2,355.9 2 1
air-cover/internal/api/handler.go:355.9,358.3 2 1
air-cover/internal/api/handler.go:360.2,361.52 2 1
air-cover/internal/api/handler.go:361.52,364.3 2 1
air-cover/internal/api/handler.go:366.2,366.65 1 1
air-cover/internal/api/handler.go:366.65,370.3 3 1
air-cover/internal/api/handler.go:372.2,372.37 1 1
air-cover/internal/api/handler.go:377.85,382.61 2 1
air-cover/internal/api/handler.go:382.61,385.3 2 1
air-cover/internal/api/handler.go:387.2,388.9 2 1
air-cover/internal/api/handler.go:388.9,391.3 2 1
air-cover/internal/api/handler.go:393.2,394.16 2 1
air-cover/internal/api/handler.go:394.16,395.37 1 1
air-cover/internal/api/handler.go:395.37,398.4 2 1
air-cover/internal/api/handler.go:399.3,401.9 3 1
air-cover/internal/api/handler.go:404.2,404.20 1 1
air-cover/internal/api/handler.go:405.14,406.30 1 1
air-cover/internal/api/handler.go:406.30,409.4 2 1
air-cover/internal/api/handler.go:410.3,410.72 1 1
air-cover/internal/api/handler.go:410.72,414.4 3 1
air-cover/internal/api/handler.go:415.16,416.61 1 1
air-cover/internal/api/handler.go:416.61,419.4 2 1
air-cover/internal/api/handler.go:420.3,420.66 1 1
air-cover/internal/api/handler.go:420.66,424.4 3 1
air-cover/internal/api/handler.go:425.10,427.9 2 1
air-cover/internal/api/handler.go:430.2,430.37 1 1
air-cover/internal/api/handler.go:435.78,445.12 6 1
air-cover/internal/api/handler.go:445.12,446.39 1 1
air-cover/internal/api/handler.go:446.39,450.4 3 1
air-cover/internal/api/handler.go:451.3,451.50 1 1
air-cover/internal/api/handler.go:451.50,454.4 2 1
air-cover/internal/api/handler.go:455.3,455.44 1 1
air-cover/internal/api/handler.go:455.44,457.4 1 1
air-cover/internal/api/handler.go:458.8,463.62 2 1
air-cover/internal/api/handler.go:463.62,466.4 2 1
air-cover/internal/api/handler.go:467.3,468.18 2 1
air-cover/internal/api/handler.go:471.2,471.17 1 1
air-cover/internal/api/handler.go:471.17,472.44 1 1
air-cover/internal/api/handler.go:472.44,475.4 2 1
air-cover/internal/api/handler.go:478.2,479.9 2 1
air-cover/internal/api/handler.go:479.9,482.3 2 1
air-cover/internal/api/handler.go:485.2,485.60 1 1
air-cover/internal/api/handler.go:485.60,488.3 2 1
air-cover/internal/api/handler.go:490.2,490.76 1 1
air-cover/internal/api/handler.go:490.76,491.37 1 1
air-cover/internal/api/handler.go:491.37,494.4 2 1
air-cover/internal/api/handler.go:495.3,497.9 3 1
air-cover/internal/api/handler.go:500.2,500.12 1 1
air-cover/internal/api/handler.go:500.12,503.3 2 1
air-cover/internal/api/handler.go:505.2,505.37 1 1
air-cover/internal/api/handler.go:510.68,513.16 3 1
air-cover/internal/api/handler.go:513.16,515.3 1 1
air-cover/internal/api/handler.go:520.83,524.15 3 1
air-cover/internal/api/handler.go:524.15,526.17 2 1
air-cover/internal/api/handler.go:526.17,528.9 2 1
air-cover/internal/api/handler.go:531.3,531.40 1 1
air-cover/internal/api/handler.go:531.40,532.40 1 1
air-cover/internal/api/handler.go:532.40,534.5 1 1
air-cover/internal/api/handler.go:537.3,537.35 1 1
air-cover/internal/api/handler.go:537.35,539.4 1 1
air-cover/internal/api/handler.go:539.9,540.9 1 1
air-cover/internal/api/handler.go:544.2,544.21 1 1
air-cover/internal/api/handler.go:544.21,545.65 1 1
air-cover/internal/api/handler.go:545.65,549.4 3 1
air-cover/internal/api/handler.go:552.2,552.52 1 1
air-cover/internal/api/handler.go:555.52,556.26 1 1
air-cover/internal/api/handler.go:556.26,558.3 1 1
air-cover/internal/api/handler.go:559.2,564.31 6 1
air-cover/internal/api/wrapper.go:9.61,12.77 1 1
air-cover/internal/api/wrapper.go:12.77,14.4 1 1
air-cover/internal/cmd/doc.go:17.47,25.3 4 1
air-cover/internal/cmd/doc.go:28.13,30.2 1 1
air-cover/internal/cmd/migrate.go:25.47,27.3 1 1
air-cover/internal/cmd/migrate.go:33.47,35.3 1 1
air-cover/internal/cmd/migrate.go:41.47,43.3 1 1
air-cover/internal/cmd/migrate.go:49.47,51.3 1 1
air-cover/internal/cmd/migrate.go:54.52,56.16 2 1
air-cover/internal/cmd/migrate.go:56.16,59.3 2 1
air-cover/internal/cmd/migrate.go:61.2,64.16 3 1
air-cover/internal/cmd/migrate.go:64.16,67.3 2 1
air-cover/internal/cmd/migrate.go:68.2,70.58 2 1
air-cover/internal/cmd/migrate.go:70.58,73.3 2 1
air-cover/internal/cmd/migrate.go:75.2,75.65 1 1
air-cover/internal/cmd/migrate.go:78.13,84.2 5 1
air-cover/internal/cmd/root.go:22.16,23.42 1 1
air-cover/internal/cmd/root.go:23.42,26.3 2 1
air-cover/internal/cmd/root.go:29.13,33.2 2 1
air-cover/internal/cmd/root.go:35.19,36.19 1 1
air-cover/internal/cmd/root.go:36.19,38.3 1 1
air-cover/internal/cmd/root.go:38.8,45.3 5 1
air-cover/internal/cmd/root.go:47.2,49.45 2 1
air-cover/internal/cmd/root.go:49.45,51.3 1 1
air-cover/internal/cmd/server.go:33.51,35.3 1 1
air-cover/internal/cmd/server.go:82.37,87.63 1 1
air-cover/internal/cmd/server.go:87.63,89.4 1 1
air-cover/internal/cmd/server.go:93.86,95.4 1 1
air-cover/internal/cmd/server.go:96.124,98.4 1 1
air-cover/internal/cmd/server.go:99.54,101.4 1 1
air-cover/internal/cmd/server.go:102.46,104.4 1 1
air-cover/internal/cmd/server.go:108.80,110.16 2 1
air-cover/internal/cmd/server.go:110.16,113.3 2 1
air-cover/internal/cmd/server.go:117.2,131.29 9 1
air-cover/internal/cmd/server.go:131.29,135.3 3 1
air-cover/internal/cmd/server.go:138.2,138.29 1 1
air-cover/internal/cmd/server.go:138.29,145.3 6 1
air-cover/internal/cmd/server.go:148.2,148.29 1 1
air-cover/internal/cmd/server.go:148.29,155.3 6 1
air-cover/internal/cmd/server.go:157.2,157.10 1 1
air-cover/internal/cmd/server.go:164.47,165.61 1 1
air-cover/internal/cmd/server.go:165.61,168.4 2 1
air-cover/internal/cmd/server.go:172.59,174.16 2 1
air-cover/internal/cmd/server.go:174.16,176.3 1 1
air-cover/internal/cmd/server.go:178.2,181.16 3 1
air-cover/internal/cmd/server.go:181.16,183.3 1 1
air-cover/internal/cmd/server.go:184.2,186.27 2 1
air-cover/internal/cmd/server.go:186.27,189.37 3 1
air-cover/internal/cmd/server.go:189.37,192.18 3 1
air-cover/internal/cmd/server.go:192.18,194.5 1 1
air-cover/internal/cmd/server.go:195.9,195.24 1 1
air-cover/internal/cmd/server.go:195.24,197.4 1 1
air-cover/internal/cmd/server.go:200.2,215.93 9 1
air-cover/internal/cmd/server.go:215.93,217.3 1 1
air-cover/internal/cmd/server.go:218.2,218.12 1 1
air-cover/internal/cmd/server.go:221.13,228.2 4 1
air-cover/internal/spinitron/client.go:52.48,54.19 2 1
air-cover/internal/spinitron/client.go:54.19,56.3 1 1
air-cover/internal/spinitron/client.go:58.2,63.3 1 1
air-cover/internal/spinitron/client.go:66.81,67.14 1 1
air-cover/internal/spinitron/client.go:67.14,69.3 1 1
air-cover/internal/spinitron/client.go:71.2,75.22 5 1
air-cover/internal/spinitron/client.go:75.22,77.3 1 1
air-cover/internal/spinitron/client.go:78.2,81.16 3 1
air-cover/internal/spinitron/client.go:81.16,83.3 1 1
air-cover/internal/spinitron/client.go:85.2,85.38 1 1
air-cover/internal/spinitron/client.go:88.87,89.14 1 1
air-cover/internal/spinitron/client.go:89.14,91.3 1 1
air-cover/internal/spinitron/client.go:93.2,98.16 5 1
air-cover/internal/spinitron/client.go:98.16,100.3 1 1
air-cover/internal/spinitron/client.go:102.2,102.41 1 1
air-cover/internal/spinitron/client.go:105.104,108.16 3 1
air-cover/internal/spinitron/client.go:108.16,110.3 1 1
air-cover/internal/spinitron/client.go:111.2,114.16 3 1
air-cover/internal/spinitron/client.go:114.16,116.3 1 1
air-cover/internal/spinitron/client.go:118.2,118.20 1 1
air-cover/internal/spinitron/client.go:118.20,120.3 1 1
air-cover/internal/spinitron/client.go:122.2,123.16 2 1
air-cover/internal/spinitron/client.go:123.16,125.3 1 1
air-cover/internal/spinitron/client.go:126.2,129.16 3 1
air-cover/internal/spinitron/client.go:129.16,131.3 1 1
air-cover/internal/spinitron/client.go:133.2,133.86 1 1
air-cover/internal/spinitron/client.go:133.86,135.3 1 1
air-cover/internal/spinitron/client.go:137.2,137.31 1 1
air-cover/internal/spinitron/client.go:140.74,142.55 2 1
air-cover/internal/spinitron/client.go:142.55,144.3 1 1
air-cover/internal/spinitron/client.go:146.2,147.9 2 1
air-cover/internal/spinitron/client.go:147.9,149.3 1 1
air-cover/internal/spinitron/client.go:150.2,150.24 1 1
air-cover/internal/spinitron/client.go:150.24,152.3 1 1
air-cover/internal/spinitron/client.go:154.2,155.60 2 1
air-cover/internal/spinitron/client.go:155.60,157.3 1 1
air-cover/internal/spinitron/client.go:159.2,160.32 2 1
air-cover/internal/spinitron/client.go:160.32,162.15 2 1
air-cover/internal/spinitron/client.go:162.15,163.12 1 1
air-cover/internal/spinitron/client.go:166.3,170.5 2 1
air-cover/internal/spinitron/client.go:173.2,176.8 1 1
air-cover/internal/spinitron/client.go:179.80,181.55 2 1
air-cover/internal/spinitron/client.go:181.55,183.3 1 1
air-cover/internal/spinitron/client.go:185.2,186.9 2 1
air-cover/internal/spinitron/client.go:186.9,188.3 1 1
air-cover/internal/spinitron/client.go:189.2,189.24 1 1
air-cover/internal/spinitron/client.go:189.24,191.3 1 1
air-cover/internal/spinitron/client.go:193.2,194.60 2 1
air-cover/internal/spinitron/client.go:194.60,196.3 1 1
air-cover/internal/spinitron/client.go:198.2,199.32 2 1
air-cover/internal/spinitron/client.go:199.32,201.18 2 1
air-cover/internal/spinitron/client.go:201.18,202.12 1 1
air-cover/internal/spinitron/client.go:204.3,205.17 2 1
air-cover/internal/spinitron/client.go:205.17,206.12 1 1
air-cover/internal/spinitron/client.go:209.3,212.40 3 1
air-cover/internal/spinitron/client.go:212.40,213.38 1 1
air-cover/internal/spinitron/client.go:213.38,215.5 1 1
air-cover/internal/spinitron/client.go:218.3,222.5 1 1
air-cover/internal/spinitron/client.go:225.2,228.8 1 1
air-cover/internal/spinitron/client.go:231.42,232.29 1 1
air-cover/internal/spinitron/client.go:233.14,234.15 1 1
air-cover/internal/spinitron/client.go:235.15,236.34 1 1
air-cover/internal/spinitron/client.go:237.19,238.24 1 1
air-cover/internal/spinitron/client.go:239.10,240.12 1 1
air-cover/internal/spinitron/client.go:244.57,245.64 1 1
air-cover/internal/spinitron/client.go:245.64,246.31 1 1
air-cover/internal/spinitron/client.go:246.31,247.52 1 1
air-cover/internal/spinitron/client.go:247.52,249.5 1 1
air-cover/internal/spinitron/client.go:253.2,253.45 1 1
air-cover/internal/spinitron/client.go:253.45,255.3 1 1
air-cover/internal/spinitron/client.go:256.2,256.23 1 1
air-cover/internal/spinitron/client.go:259.81,260.52 1 1
air-cover/internal/spinitron/client.go:260.52,261.34 1 1
air-cover/internal/spinitron/client.go:261.34,262.52 1 1
air-cover/internal/spinitron/client.go:262.52,264.5 1 1
air-cover/internal/spinitron/client.go:268.2,268.50 1 1
air-cover/internal/spinitron/client.go:268.50,269.34 1 1
air-cover/internal/spinitron/client.go:269.34,270.52 1 1
air-cover/internal/spinitron/client.go:270.52,272.5 1 1
air-cover/internal/spinitron/client.go:276.2,276.40 1 1
air-cover/internal/spinitron/client.go:276.40,277.58 1 1
air-cover/internal/spinitron/client.go:277.58,279.4 1 1
air-cover/internal/spinitron/client.go:282.2,282.57 1 1
air-cover/internal/spinitron/client.go:285.54,287.51 2 1
air-cover/internal/spinitron/client.go:287.51,289.3 1 1
air-cover/internal/spinitron/client.go:291.2,291.52 1 1
air-cover/internal/spinitron/client.go:291.52,292.33 1 1
air-cover/internal/spinitron/client.go:292.33,293.54 1 1
air-cover/internal/spinitron/client.go:293.54,295.5 1 1
air-cover/internal/spinitron/client.go:299.2,299.12 1 1
air-cover/internal/spinitron/client.go:302.51,304.54 2 1
air-cover/internal/spinitron/client.go:304.54,306.3 1 1
air-cover/internal/spinitron/client.go:307.2,307.33 1 1
air-cover/internal/spinitron/client.go:310.46,311.27 1 1
air-cover/internal/spinitron/client.go:312.11,313.13 1 1
air-cover/internal/spinitron/client.go:314.15,316.15 2 1
air-cover/internal/spinitron/client.go:316.15,318.4 1 1
air-cover/internal/spinitron/client.go:319.14,320.41 1 1
air-cover/internal/spinitron/client.go:320.41,322.4 1 1
air-cover/internal/spinitron/client.go:323.30,324.32 1 1
air-cover/internal/spinitron/client.go:324.32,325.50 1 1
air-cover/internal/spinitron/client.go:325.50,327.5 1 1
air-cover/internal/spinitron/client.go:329.3,329.68 1 1
air-cover/internal/spinitron/client.go:329.68,330.31 1 1
air-cover/internal/spinitron/client.go:330.31,331.52 1 1
air-cover/internal/spinitron/client.go:331.52,333.6 1 1
air-cover/internal/spinitron/client.go:336.21,337.26 1 1
air-cover/internal/spinitron/client.go:337.26,338.50 1 1
air-cover/internal/spinitron/client.go:338.50,340.5 1 1
air-cover/internal/spinitron/client.go:344.2,344.12 1 1
air-cover/internal/spinitron/client.go:347.46,349.15 2 1
air-cover/internal/spinitron/client.go:349.15,351.3 1 1
air-cover/internal/spinitron/client.go:353.2,353.60 1 1
air-cover/internal/spinitron/client.go:353.60,355.3 1 1
air-cover/internal/spinitron/client.go:357.2,358.16 2 1
air-cover/internal/spinitron/client.go:358.16,360.3 1 1
air-cover/internal/spinitron/client.go:361.2,362.19 2 1
air-cover/internal/spinitron/client.go:362.19,364.3 1 1
air-cover/internal/spinitron/client.go:365.2,366.29 2 1
air-cover/internal/spinitron/client.go:366.29,368.3 1 1
air-cover/internal/spinitron/client.go:369.2,369.19 1 1
air-cover/internal/spinitron/client.go:372.58,373.22 1 1
air-cover/internal/spinitron/client.go:373.22,375.3 1 1
air-cover/internal/spinitron/client.go:377.2,378.29 2 1
air-cover/internal/spinitron/client.go:378.29,380.47 2 1
air-cover/internal/spinitron/client.go:380.47,381.12 1 1
air-cover/internal/spinitron/client.go:383.3,385.34 3 1
air-cover/internal/spinitron/client.go:385.34,386.12 1 1
air-cover/internal/spinitron/client.go:389.3,389.62 1 1
air-cover/internal/spinitron/client.go:389.62,391.4 1 1
air-cover/internal/spinitron/client.go:394.2,394.12 1 1
