mode: set
air-cover/cmd/aircover/main.go:5.13,7.2 1 1
air-cover/internal/adapters/inbound/api/admin_handlers.go:101.2,101.37 1 1
air-cover/internal/adapters/inbound/api/admin_handlers.go:106.83,108.72 2 1
air-cover/internal/adapters/inbound/api/admin_handlers.go:108.72,109.31 1 1
air-cover/internal/adapters/inbound/api/admin_handlers.go:109.31,111.4 1 1
air-cover/internal/adapters/inbound/api/admin_handlers.go:112.3,114.9 3 1
air-cover/internal/adapters/inbound/api/admin_handlers.go:117.2,117.52 1 1
air-cover/internal/adapters/inbound/api/admin_handlers.go:120.114,129.12 6 1
air-cover/internal/adapters/inbound/api/admin_handlers.go:129.12,130.39 1 1
air-cover/internal/adapters/inbound/api/admin_handlers.go:130.39,134.4 3 1
air-cover/internal/adapters/inbound/api/admin_handlers.go:135.3,135.50 1 1
air-cover/internal/adapters/inbound/api/admin_handlers.go:135.50,138.4 2 1
air-cover/internal/adapters/inbound/api/admin_handlers.go:139.3,139.44 1 1
air-cover/internal/adapters/inbound/api/admin_handlers.go:139.44,141.4 1 1
air-cover/internal/adapters/inbound/api/admin_handlers.go:142.3,142.29 1 1
air-cover/internal/adapters/inbound/api/admin_handlers.go:145.2,149.61 2 1
air-cover/internal/adapters/inbound/api/admin_handlers.go:149.61,152.3 2 1
air-cover/internal/adapters/inbound/api/admin_handlers.go:153.2,155.28 3 1
air-cover/internal/adapters/inbound/api/admin_handlers.go:19.67,22.16 3 1
air-cover/internal/adapters/inbound/api/admin_handlers.go:22.16,23.31 1 1
air-cover/internal/adapters/inbound/api/admin_handlers.go:23.31,25.4 1 1
air-cover/internal/adapters/inbound/api/admin_handlers.go:26.3,28.9 3 1
air-cover/internal/adapters/inbound/api/admin_handlers.go:31.2,33.77 2 1
air-cover/internal/adapters/inbound/api/admin_handlers.go:33.77,35.3 1 1
air-cover/internal/adapters/inbound/api/admin_handlers.go:40.68,43.38 2 1
air-cover/internal/adapters/inbound/api/admin_handlers.go:43.38,47.3 3 1
air-cover/internal/adapters/inbound/api/admin_handlers.go:49.2,54.71 3 1
air-cover/internal/adapters/inbound/api/admin_handlers.go:54.71,55.52 1 1
air-cover/internal/adapters/inbound/api/admin_handlers.go:55.52,58.4 2 1
air-cover/internal/adapters/inbound/api/admin_handlers.go:59.3,59.43 1 1
air-cover/internal/adapters/inbound/api/admin_handlers.go:59.43,62.4 2 1
air-cover/internal/adapters/inbound/api/admin_handlers.go:63.3,63.31 1 1
air-cover/internal/adapters/inbound/api/admin_handlers.go:63.31,65.4 1 1
air-cover/internal/adapters/inbound/api/admin_handlers.go:66.3,68.9 3 1
air-cover/internal/adapters/inbound/api/admin_handlers.go:71.2,71.52 1 1
air-cover/internal/adapters/inbound/api/admin_handlers.go:76.78,78.9 2 1
air-cover/internal/adapters/inbound/api/admin_handlers.go:78.9,80.3 1 1
air-cover/internal/adapters/inbound/api/admin_handlers.go:82.2,83.9 2 1
air-cover/internal/adapters/inbound/api/admin_handlers.go:83.9,85.3 1 1
air-cover/internal/adapters/inbound/api/admin_handlers.go:87.2,87.71 1 1
air-cover/internal/adapters/inbound/api/admin_handlers.go:87.71,88.31 1 1
air-cover/internal/adapters/inbound/api/admin_handlers.go:88.31,90.4 1 1
air-cover/internal/adapters/inbound/api/admin_handlers.go:91.3,93.9 3 1
air-cover/internal/adapters/inbound/api/admin_handlers.go:96.12,99.3 2 1
air-cover/internal/adapters/inbound/api/admin_handlers.go:96.2,96.12 1 1
air-cover/internal/adapters/inbound/api/api.gen.go:101.51,102.11 1 0
air-cover/internal/adapters/inbound/api/api.gen.go:103.13,104.14 1 0
air-cover/internal/adapters/inbound/api/api.gen.go:105.14,106.14 1 0
air-cover/internal/adapters/inbound/api/api.gen.go:107.10,108.15 1 0
air-cover/internal/adapters/inbound/api/api.gen.go:246.68,248.2 1 1
air-cover/internal/adapters/inbound/api/api.gen.go:252.73,254.2 1 1
air-cover/internal/adapters/inbound/api/api.gen.go:258.71,260.2 1 1
air-cover/internal/adapters/inbound/api/api.gen.go:264.78,266.2 1 1
air-cover/internal/adapters/inbound/api/api.gen.go:270.79,272.2 1 1
air-cover/internal/adapters/inbound/api/api.gen.go:276.106,278.2 1 1
air-cover/internal/adapters/inbound/api/api.gen.go:282.74,284.2 1 1
air-cover/internal/adapters/inbound/api/api.gen.go:288.80,290.2 1 1
air-cover/internal/adapters/inbound/api/api.gen.go:29.56,30.11 1 1
air-cover/internal/adapters/inbound/api/api.gen.go:294.92,296.2 1 1
air-cover/internal/adapters/inbound/api/api.gen.go:300.89,302.2 1 1
air-cover/internal/adapters/inbound/api/api.gen.go:306.91,308.2 1 1
air-cover/internal/adapters/inbound/api/api.gen.go:31.12,32.14 1 1
air-cover/internal/adapters/inbound/api/api.gen.go:312.74,314.2 1 1
air-cover/internal/adapters/inbound/api/api.gen.go:318.89,320.2 1 1
air-cover/internal/adapters/inbound/api/api.gen.go:324.84,326.2 1 1
air-cover/internal/adapters/inbound/api/api.gen.go:33.14,34.14 1 1
air-cover/internal/adapters/inbound/api/api.gen.go:338.80,340.88 1 1
air-cover/internal/adapters/inbound/api/api.gen.go:340.88,342.3 1 1
air-cover/internal/adapters/inbound/api/api.gen.go:344.2,344.52 1 1
air-cover/internal/adapters/inbound/api/api.gen.go:344.52,346.3 1 1
air-cover/internal/adapters/inbound/api/api.gen.go:348.2,348.25 1 1
air-cover/internal/adapters/inbound/api/api.gen.go:35.10,36.15 1 1
air-cover/internal/adapters/inbound/api/api.gen.go:352.85,354.88 1 1
air-cover/internal/adapters/inbound/api/api.gen.go:354.88,356.3 1 1
air-cover/internal/adapters/inbound/api/api.gen.go:358.2,358.52 1 1
air-cover/internal/adapters/inbound/api/api.gen.go:358.52,360.3 1 0
air-cover/internal/adapters/inbound/api/api.gen.go:362.2,362.25 1 1
air-cover/internal/adapters/inbound/api/api.gen.go:366.83,368.88 1 1
air-cover/internal/adapters/inbound/api/api.gen.go:368.88,370.3 1 1
air-cover/internal/adapters/inbound/api/api.gen.go:372.2,372.52 1 1
air-cover/internal/adapters/inbound/api/api.gen.go:372.52,374.3 1 1
air-cover/internal/adapters/inbound/api/api.gen.go:376.2,376.25 1 1
air-cover/internal/adapters/inbound/api/api.gen.go:380.90,382.88 1 1
air-cover/internal/adapters/inbound/api/api.gen.go:382.88,384.3 1 1
air-cover/internal/adapters/inbound/api/api.gen.go:386.2,386.52 1 1
air-cover/internal/adapters/inbound/api/api.gen.go:386.52,388.3 1 1
air-cover/internal/adapters/inbound/api/api.gen.go:390.2,390.25 1 1
air-cover/internal/adapters/inbound/api/api.gen.go:394.91,396.88 1 1
air-cover/internal/adapters/inbound/api/api.gen.go:396.88,398.3 1 1
air-cover/internal/adapters/inbound/api/api.gen.go:400.2,400.52 1 1
air-cover/internal/adapters/inbound/api/api.gen.go:400.52,402.3 1 1
air-cover/internal/adapters/inbound/api/api.gen.go:404.2,404.25 1 1
air-cover/internal/adapters/inbound/api/api.gen.go:408.90,417.64 3 1
air-cover/internal/adapters/inbound/api/api.gen.go:417.65,419.3 0 1
air-cover/internal/adapters/inbound/api/api.gen.go:419.8,422.3 2 1
air-cover/internal/adapters/inbound/api/api.gen.go:424.2,425.16 2 1
air-cover/internal/adapters/inbound/api/api.gen.go:425.16,428.3 2 0
air-cover/internal/adapters/inbound/api/api.gen.go:430.2,430.88 1 1
air-cover/internal/adapters/inbound/api/api.gen.go:430.88,432.3 1 1
air-cover/internal/adapters/inbound/api/api.gen.go:434.2,434.52 1 1
air-cover/internal/adapters/inbound/api/api.gen.go:434.52,436.3 1 0
air-cover/internal/adapters/inbound/api/api.gen.go:438.2,438.25 1 1
air-cover/internal/adapters/inbound/api/api.gen.go:442.86,444.88 1 1
air-cover/internal/adapters/inbound/api/api.gen.go:444.88,446.3 1 1
air-cover/internal/adapters/inbound/api/api.gen.go:448.2,448.52 1 1
air-cover/internal/adapters/inbound/api/api.gen.go:448.52,450.3 1 1
air-cover/internal/adapters/inbound/api/api.gen.go:452.2,452.25 1 1
air-cover/internal/adapters/inbound/api/api.gen.go:456.92,458.88 1 1
air-cover/internal/adapters/inbound/api/api.gen.go:458.88,460.3 1 1
air-cover/internal/adapters/inbound/api/api.gen.go:462.2,462.52 1 1
air-cover/internal/adapters/inbound/api/api.gen.go:462.52,464.3 1 1
air-cover/internal/adapters/inbound/api/api.gen.go:466.2,466.25 1 1
air-cover/internal/adapters/inbound/api/api.gen.go:47.49,48.11 1 0
air-cover/internal/adapters/inbound/api/api.gen.go:470.96,478.16 4 1
air-cover/internal/adapters/inbound/api/api.gen.go:478.16,481.3 2 0
air-cover/internal/adapters/inbound/api/api.gen.go:483.2,483.88 1 1
air-cover/internal/adapters/inbound/api/api.gen.go:483.88,485.3 1 1
air-cover/internal/adapters/inbound/api/api.gen.go:487.2,487.52 1 1
air-cover/internal/adapters/inbound/api/api.gen.go:487.52,489.3 1 1
air-cover/internal/adapters/inbound/api/api.gen.go:49.38,50.14 1 0
air-cover/internal/adapters/inbound/api/api.gen.go:491.2,491.25 1 1
air-cover/internal/adapters/inbound/api/api.gen.go:495.93,503.16 4 1
air-cover/internal/adapters/inbound/api/api.gen.go:503.16,506.3 2 0
air-cover/internal/adapters/inbound/api/api.gen.go:508.2,508.88 1 1
air-cover/internal/adapters/inbound/api/api.gen.go:508.88,510.3 1 1
air-cover/internal/adapters/inbound/api/api.gen.go:51.39,52.14 1 0
air-cover/internal/adapters/inbound/api/api.gen.go:512.2,512.52 1 1
air-cover/internal/adapters/inbound/api/api.gen.go:512.52,514.3 1 1
air-cover/internal/adapters/inbound/api/api.gen.go:516.2,516.25 1 1
air-cover/internal/adapters/inbound/api/api.gen.go:520.95,528.16 4 1
air-cover/internal/adapters/inbound/api/api.gen.go:528.16,531.3 2 0
air-cover/internal/adapters/inbound/api/api.gen.go:53.10,54.15 1 0
air-cover/internal/adapters/inbound/api/api.gen.go:533.2,533.88 1 1
air-cover/internal/adapters/inbound/api/api.gen.go:533.88,535.3 1 1
air-cover/internal/adapters/inbound/api/api.gen.go:537.2,537.52 1 1
air-cover/internal/adapters/inbound/api/api.gen.go:537.52,539.3 1 1
air-cover/internal/adapters/inbound/api/api.gen.go:541.2,541.25 1 1
air-cover/internal/adapters/inbound/api/api.gen.go:545.86,547.88 1 1
air-cover/internal/adapters/inbound/api/api.gen.go:547.88,549.3 1 1
air-cover/internal/adapters/inbound/api/api.gen.go:551.2,551.52 1 1
air-cover/internal/adapters/inbound/api/api.gen.go:551.52,553.3 1 0
air-cover/internal/adapters/inbound/api/api.gen.go:555.2,555.25 1 1
air-cover/internal/adapters/inbound/api/api.gen.go:559.101,561.88 1 0
air-cover/internal/adapters/inbound/api/api.gen.go:561.88,563.3 1 0
air-cover/internal/adapters/inbound/api/api.gen.go:565.2,565.52 1 0
air-cover/internal/adapters/inbound/api/api.gen.go:565.52,567.3 1 0
air-cover/internal/adapters/inbound/api/api.gen.go:569.2,569.25 1 0
air-cover/internal/adapters/inbound/api/api.gen.go:573.88,581.16 4 1
air-cover/internal/adapters/inbound/api/api.gen.go:581.16,584.3 2 0
air-cover/internal/adapters/inbound/api/api.gen.go:586.2,586.88 1 1
air-cover/internal/adapters/inbound/api/api.gen.go:586.88,588.3 1 1
air-cover/internal/adapters/inbound/api/api.gen.go:590.2,590.52 1 1
air-cover/internal/adapters/inbound/api/api.gen.go:590.52,592.3 1 1
air-cover/internal/adapters/inbound/api/api.gen.go:594.2,594.25 1 1
air-cover/internal/adapters/inbound/api/api.gen.go:602.52,604.2 1 1
air-cover/internal/adapters/inbound/api/api.gen.go:606.52,608.2 1 1
air-cover/internal/adapters/inbound/api/api.gen.go:615.49,617.2 1 1
air-cover/internal/adapters/inbound/api/api.gen.go:619.49,621.2 1 1
air-cover/internal/adapters/inbound/api/api.gen.go:627.45,629.2 1 1
air-cover/internal/adapters/inbound/api/api.gen.go:636.46,638.2 1 1
air-cover/internal/adapters/inbound/api/api.gen.go:640.46,642.2 1 1
air-cover/internal/adapters/inbound/api/api.gen.go:649.50,651.2 1 1
air-cover/internal/adapters/inbound/api/api.gen.go:65.47,66.11 1 0
air-cover/internal/adapters/inbound/api/api.gen.go:653.50,655.2 1 1
air-cover/internal/adapters/inbound/api/api.gen.go:662.53,664.2 1 1
air-cover/internal/adapters/inbound/api/api.gen.go:667.47,669.2 1 1
air-cover/internal/adapters/inbound/api/api.gen.go:67.36,68.14 1 0
air-cover/internal/adapters/inbound/api/api.gen.go:679.68,683.2 1 1
air-cover/internal/adapters/inbound/api/api.gen.go:685.95,690.2 1 1
air-cover/internal/adapters/inbound/api/api.gen.go:69.37,70.14 1 0
air-cover/internal/adapters/inbound/api/api.gen.go:693.84,696.14 2 1
air-cover/internal/adapters/inbound/api/api.gen.go:696.14,698.3 1 1
air-cover/internal/adapters/inbound/api/api.gen.go:699.2,699.37 1 1
air-cover/internal/adapters/inbound/api/api.gen.go:699.37,700.86 1 1
air-cover/internal/adapters/inbound/api/api.gen.go:700.86,702.4 1 1
air-cover/internal/adapters/inbound/api/api.gen.go:704.2,710.29 2 1
air-cover/internal/adapters/inbound/api/api.gen.go:71.10,72.15 1 0
air-cover/internal/adapters/inbound/api/api.gen.go:710.29,712.3 1 1
air-cover/internal/adapters/inbound/api/api.gen.go:713.2,713.29 1 1
air-cover/internal/adapters/inbound/api/api.gen.go:713.29,715.3 1 1
air-cover/internal/adapters/inbound/api/api.gen.go:716.2,716.29 1 1
air-cover/internal/adapters/inbound/api/api.gen.go:716.29,718.3 1 1
air-cover/internal/adapters/inbound/api/api.gen.go:719.2,719.29 1 1
air-cover/internal/adapters/inbound/api/api.gen.go:719.29,721.3 1 1
air-cover/internal/adapters/inbound/api/api.gen.go:722.2,722.29 1 1
air-cover/internal/adapters/inbound/api/api.gen.go:722.29,724.3 1 1
air-cover/internal/adapters/inbound/api/api.gen.go:725.2,725.29 1 1
air-cover/internal/adapters/inbound/api/api.gen.go:725.29,727.3 1 1
air-cover/internal/adapters/inbound/api/api.gen.go:728.2,728.29 1 1
air-cover/internal/adapters/inbound/api/api.gen.go:728.29,730.3 1 1
air-cover/internal/adapters/inbound/api/api.gen.go:731.2,731.29 1 1
air-cover/internal/adapters/inbound/api/api.gen.go:731.29,733.3 1 1
air-cover/internal/adapters/inbound/api/api.gen.go:734.2,734.29 1 1
air-cover/internal/adapters/inbound/api/api.gen.go:734.29,736.3 1 1
air-cover/internal/adapters/inbound/api/api.gen.go:737.2,737.29 1 1
air-cover/internal/adapters/inbound/api/api.gen.go:737.29,739.3 1 1
air-cover/internal/adapters/inbound/api/api.gen.go:740.2,740.29 1 1
air-cover/internal/adapters/inbound/api/api.gen.go:740.29,742.3 1 1
air-cover/internal/adapters/inbound/api/api.gen.go:743.2,743.29 1 1
air-cover/internal/adapters/inbound/api/api.gen.go:743.29,745.3 1 1
air-cover/internal/adapters/inbound/api/api.gen.go:746.2,746.29 1 1
air-cover/internal/adapters/inbound/api/api.gen.go:746.29,748.3 1 1
air-cover/internal/adapters/inbound/api/api.gen.go:749.2,749.29 1 1
air-cover/internal/adapters/inbound/api/api.gen.go:749.29,751.3 1 1
air-cover/internal/adapters/inbound/api/api.gen.go:753.2,753.10 1 1
air-cover/internal/adapters/inbound/api/api.gen.go:784.35,786.16 2 1
air-cover/internal/adapters/inbound/api/api.gen.go:786.16,788.3 1 1
air-cover/internal/adapters/inbound/api/api.gen.go:789.2,790.16 2 1
air-cover/internal/adapters/inbound/api/api.gen.go:790.16,792.3 1 1
air-cover/internal/adapters/inbound/api/api.gen.go:793.2,795.16 3 1
air-cover/internal/adapters/inbound/api/api.gen.go:795.16,797.3 1 0
air-cover/internal/adapters/inbound/api/api.gen.go:799.2,799.25 1 1
air-cover/internal/adapters/inbound/api/api.gen.go:805.48,807.32 2 1
air-cover/internal/adapters/inbound/api/api.gen.go:807.32,809.3 1 1
air-cover/internal/adapters/inbound/api/api.gen.go:813.73,815.25 2 1
air-cover/internal/adapters/inbound/api/api.gen.go:815.25,817.3 1 1
air-cover/internal/adapters/inbound/api/api.gen.go:819.2,819.12 1 1
air-cover/internal/adapters/inbound/api/api.gen.go:827.52,832.87 4 1
air-cover/internal/adapters/inbound/api/api.gen.go:83.56,84.11 1 0
air-cover/internal/adapters/inbound/api/api.gen.go:832.87,836.10 4 0
air-cover/internal/adapters/inbound/api/api.gen.go:836.10,839.4 2 0
air-cover/internal/adapters/inbound/api/api.gen.go:840.3,840.19 1 0
air-cover/internal/adapters/inbound/api/api.gen.go:842.2,844.16 3 1
air-cover/internal/adapters/inbound/api/api.gen.go:844.16,846.3 1 1
air-cover/internal/adapters/inbound/api/api.gen.go:847.2,848.16 2 1
air-cover/internal/adapters/inbound/api/api.gen.go:848.16,850.3 1 0
air-cover/internal/adapters/inbound/api/api.gen.go:85.13,86.14 1 0
air-cover/internal/adapters/inbound/api/api.gen.go:851.2,851.8 1 1
air-cover/internal/adapters/inbound/api/api.gen.go:87.12,88.14 1 0
air-cover/internal/adapters/inbound/api/api.gen.go:89.10,90.15 1 0
air-cover/internal/adapters/inbound/api/auth.go:101.93,102.20 1 1
air-cover/internal/adapters/inbound/api/auth.go:102.20,105.3 2 1
air-cover/internal/adapters/inbound/api/auth.go:107.2,111.16 4 1
air-cover/internal/adapters/inbound/api/auth.go:111.16,113.50 2 1
air-cover/internal/adapters/inbound/api/auth.go:113.50,115.4 1 1
air-cover/internal/adapters/inbound/api/auth.go:115.9,117.4 1 1
air-cover/internal/adapters/inbound/api/auth.go:118.3,118.9 1 1
air-cover/internal/adapters/inbound/api/auth.go:121.2,123.44 2 1
air-cover/internal/adapters/inbound/api/auth.go:126.76,128.9 2 1
air-cover/internal/adapters/inbound/api/auth.go:128.9,131.3 2 1
air-cover/internal/adapters/inbound/api/auth.go:133.2,134.51 2 1
air-cover/internal/adapters/inbound/api/auth.go:134.51,138.3 3 1
air-cover/internal/adapters/inbound/api/auth.go:140.2,142.44 2 1
air-cover/internal/adapters/inbound/api/auth.go:153.70,154.71 1 1
air-cover/internal/adapters/inbound/api/auth.go:154.71,156.17 2 1
air-cover/internal/adapters/inbound/api/auth.go:156.17,159.4 2 1
air-cover/internal/adapters/inbound/api/auth.go:161.3,163.17 3 1
air-cover/internal/adapters/inbound/api/auth.go:163.17,166.4 2 1
air-cover/internal/adapters/inbound/api/auth.go:168.3,171.40 4 1
air-cover/internal/adapters/inbound/api/auth.go:175.90,176.31 1 1
air-cover/internal/adapters/inbound/api/auth.go:176.31,178.3 1 1
air-cover/internal/adapters/inbound/api/auth.go:179.2,180.19 2 1
air-cover/internal/adapters/inbound/api/auth.go:183.44,184.31 1 1
air-cover/internal/adapters/inbound/api/auth.go:184.31,186.3 1 1
air-cover/internal/adapters/inbound/api/auth.go:187.2,188.9 2 1
air-cover/internal/adapters/inbound/api/auth.go:188.9,190.3 1 1
air-cover/internal/adapters/inbound/api/auth.go:191.2,191.46 1 1
air-cover/internal/adapters/inbound/api/auth.go:194.44,195.57 1 1
air-cover/internal/adapters/inbound/api/auth.go:195.57,197.3 1 1
air-cover/internal/adapters/inbound/api/auth.go:198.2,198.15 1 1
air-cover/internal/adapters/inbound/api/auth.go:201.98,211.2 1 1
air-cover/internal/adapters/inbound/api/auth.go:213.65,223.2 1 1
air-cover/internal/adapters/inbound/api/auth.go:225.44,227.2 1 1
air-cover/internal/adapters/inbound/api/auth.go:229.68,230.71 1 1
air-cover/internal/adapters/inbound/api/auth.go:230.71,232.38 2 1
air-cover/internal/adapters/inbound/api/auth.go:232.38,235.4 2 1
air-cover/internal/adapters/inbound/api/auth.go:236.3,236.23 1 1
air-cover/internal/adapters/inbound/api/auth.go:240.105,241.66 1 1
air-cover/internal/adapters/inbound/api/auth.go:241.66,244.3 2 1
air-cover/internal/adapters/inbound/api/auth.go:245.2,245.44 1 1
air-cover/internal/adapters/inbound/api/auth.go:35.55,39.2 3 1
air-cover/internal/adapters/inbound/api/auth.go:41.75,47.56 4 1
air-cover/internal/adapters/inbound/api/auth.go:47.56,49.62 2 1
air-cover/internal/adapters/inbound/api/auth.go:49.62,52.4 2 1
air-cover/internal/adapters/inbound/api/auth.go:53.3,53.31 1 1
air-cover/internal/adapters/inbound/api/auth.go:54.8,55.39 1 1
air-cover/internal/adapters/inbound/api/auth.go:55.39,58.4 2 1
air-cover/internal/adapters/inbound/api/auth.go:59.3,59.34 1 1
air-cover/internal/adapters/inbound/api/auth.go:62.2,62.20 1 1
air-cover/internal/adapters/inbound/api/auth.go:62.20,65.3 2 1
air-cover/internal/adapters/inbound/api/auth.go:67.2,71.46 3 1
air-cover/internal/adapters/inbound/api/auth.go:71.46,73.4 1 1
air-cover/internal/adapters/inbound/api/auth.go:75.16,76.44 1 1
air-cover/internal/adapters/inbound/api/auth.go:75.2,75.16 1 1
air-cover/internal/adapters/inbound/api/auth.go:76.44,80.4 3 1
air-cover/internal/adapters/inbound/api/auth.go:81.3,83.9 3 1
air-cover/internal/adapters/inbound/api/auth.go:86.2,86.76 1 1
air-cover/internal/adapters/inbound/api/auth.go:89.97,91.56 2 1
air-cover/internal/adapters/inbound/api/auth.go:91.56,96.3 4 1
air-cover/internal/adapters/inbound/api/auth.go:98.2,98.62 1 1
air-cover/internal/adapters/inbound/api/errors.go:12.76,13.9 1 1
air-cover/internal/adapters/inbound/api/errors.go:14.45,15.57 1 1
air-cover/internal/adapters/inbound/api/errors.go:16.45,17.56 1 1
air-cover/internal/adapters/inbound/api/errors.go:18.46,19.58 1 1
air-cover/internal/adapters/inbound/api/errors.go:20.44,21.65 1 1
air-cover/internal/adapters/inbound/api/errors.go:22.10,23.15 1 1
air-cover/internal/adapters/inbound/api/errors.go:25.2,25.13 1 1
air-cover/internal/adapters/inbound/api/errors.go:28.89,29.23 1 1
air-cover/internal/adapters/inbound/api/errors.go:29.23,34.3 4 1
air-cover/internal/adapters/inbound/api/errors.go:36.2,36.32 1 1
air-cover/internal/adapters/inbound/api/errors.go:39.43,42.2 1 1
air-cover/internal/adapters/inbound/api/errors.go:44.61,45.50 1 1
air-cover/internal/adapters/inbound/api/errors.go:45.50,47.61 2 1
air-cover/internal/adapters/inbound/api/errors.go:47.61,49.4 1 1
air-cover/internal/adapters/inbound/api/errors.go:50.3,50.42 1 1
air-cover/internal/adapters/inbound/api/errors.go:50.42,52.4 1 1
air-cover/internal/adapters/inbound/api/errors.go:54.2,54.14 1 1
air-cover/internal/adapters/inbound/api/handler.go:40.94,46.2 1 1
air-cover/internal/adapters/inbound/api/handler.go:48.74,49.19 1 1
air-cover/internal/adapters/inbound/api/handler.go:49.19,51.3 1 1
air-cover/internal/adapters/inbound/api/handler.go:52.2,52.47 1 1
air-cover/internal/adapters/inbound/api/handler.go:57.62,58.82 1 1
air-cover/internal/adapters/inbound/api/handler.go:58.82,59.51 1 1
air-cover/internal/adapters/inbound/api/handler.go:59.51,62.4 2 1
air-cover/internal/adapters/inbound/api/handler.go:64.3,64.27 1 1
air-cover/internal/adapters/inbound/api/handler.go:67.108,69.3 1 1
air-cover/internal/adapters/inbound/api/handler.go:67.2,67.108 1 1
air-cover/internal/adapters/inbound/api/handler.go:74.72,76.2 1 1
air-cover/internal/adapters/inbound/api/handler.go:80.73,82.2 1 1
air-cover/internal/adapters/inbound/api/handler.go:86.100,88.2 1 1
air-cover/internal/adapters/inbound/api/handler.go:92.68,95.16 3 1
air-cover/internal/adapters/inbound/api/handler.go:95.16,97.3 1 1
air-cover/internal/adapters/inbound/api/proxy.go:15.84,16.46 1 1
air-cover/internal/adapters/inbound/api/proxy.go:16.46,17.24 1 1
air-cover/internal/adapters/inbound/api/proxy.go:17.24,19.4 1 1
air-cover/internal/adapters/inbound/api/proxy.go:20.3,20.72 1 1
air-cover/internal/adapters/inbound/api/proxy.go:20.72,21.48 1 1
air-cover/internal/adapters/inbound/api/proxy.go:21.48,24.5 2 1
air-cover/internal/adapters/inbound/api/proxy.go:25.4,25.24 1 1
air-cover/internal/adapters/inbound/api/proxy.go:30.72,32.16 2 1
air-cover/internal/adapters/inbound/api/proxy.go:32.16,34.3 1 1
air-cover/internal/adapters/inbound/api/proxy.go:35.2,36.16 2 1
air-cover/internal/adapters/inbound/api/proxy.go:36.16,38.3 1 1
air-cover/internal/adapters/inbound/api/proxy.go:40.2,40.32 1 1
air-cover/internal/adapters/inbound/api/proxy.go:40.32,41.27 1 1
air-cover/internal/adapters/inbound/api/proxy.go:41.27,43.4 1 1
air-cover/internal/adapters/inbound/api/proxy.go:45.2,45.14 1 1
air-cover/internal/adapters/inbound/api/proxy.go:48.52,51.2 2 1
air-cover/internal/adapters/inbound/api/proxy.go:53.52,54.33 1 1
air-cover/internal/adapters/inbound/api/proxy.go:54.33,56.3 1 1
air-cover/internal/adapters/inbound/api/proxy.go:58.2,59.52 2 1
air-cover/internal/adapters/inbound/api/proxy.go:59.52,61.3 1 1
air-cover/internal/adapters/inbound/api/proxy.go:62.2,62.50 1 1
air-cover/internal/adapters/inbound/api/router.go:101.2,101.55 1 1
air-cover/internal/adapters/inbound/api/router.go:101.55,103.3 1 1
air-cover/internal/adapters/inbound/api/router.go:104.2,104.14 1 1
air-cover/internal/adapters/inbound/api/router.go:107.64,109.50 2 1
air-cover/internal/adapters/inbound/api/router.go:109.50,111.3 1 1
air-cover/internal/adapters/inbound/api/router.go:112.2,112.91 1 1
air-cover/internal/adapters/inbound/api/router.go:23.103,25.16 2 1
air-cover/internal/adapters/inbound/api/router.go:25.16,28.3 2 1
air-cover/internal/adapters/inbound/api/router.go:32.2,45.29 10 1
air-cover/internal/adapters/inbound/api/router.go:45.29,49.3 3 1
air-cover/internal/adapters/inbound/api/router.go:51.2,51.29 1 1
air-cover/internal/adapters/inbound/api/router.go:51.29,60.3 8 1
air-cover/internal/adapters/inbound/api/router.go:62.2,62.29 1 1
air-cover/internal/adapters/inbound/api/router.go:62.29,70.3 7 1
air-cover/internal/adapters/inbound/api/router.go:72.2,72.10 1 1
air-cover/internal/adapters/inbound/api/router.go:75.64,76.71 1 1
air-cover/internal/adapters/inbound/api/router.go:76.71,77.54 1 1
air-cover/internal/adapters/inbound/api/router.go:77.54,80.4 2 1
air-cover/internal/adapters/inbound/api/router.go:82.3,82.51 1 1
air-cover/internal/adapters/inbound/api/router.go:86.37,88.2 1 1
air-cover/internal/adapters/inbound/api/router.go:90.48,91.57 1 1
air-cover/internal/adapters/inbound/api/router.go:92.42,93.14 1 1
air-cover/internal/adapters/inbound/api/router.go:94.20,95.15 1 1
air-cover/internal/adapters/inbound/api/router.go:98.2,98.52 1 1
air-cover/internal/adapters/inbound/api/router.go:98.52,100.3 1 1
air-cover/internal/adapters/inbound/api/subrequest_handlers.go:102.2,102.70 1 1
air-cover/internal/adapters/inbound/api/subrequest_handlers.go:102.70,103.31 1 1
air-cover/internal/adapters/inbound/api/subrequest_handlers.go:103.31,105.4 1 1
air-cover/internal/adapters/inbound/api/subrequest_handlers.go:106.3,108.9 3 1
air-cover/internal/adapters/inbound/api/subrequest_handlers.go:111.2,111.37 1 1
air-cover/internal/adapters/inbound/api/subrequest_handlers.go:116.85,121.61 2 1
air-cover/internal/adapters/inbound/api/subrequest_handlers.go:121.61,124.3 2 1
air-cover/internal/adapters/inbound/api/subrequest_handlers.go:126.2,127.9 2 1
air-cover/internal/adapters/inbound/api/subrequest_handlers.go:127.9,129.3 1 1
air-cover/internal/adapters/inbound/api/subrequest_handlers.go:131.110,132.31 1 1
air-cover/internal/adapters/inbound/api/subrequest_handlers.go:131.2,131.110 1 1
air-cover/internal/adapters/inbound/api/subrequest_handlers.go:132.31,134.4 1 1
air-cover/internal/adapters/inbound/api/subrequest_handlers.go:135.3,137.9 3 1
air-cover/internal/adapters/inbound/api/subrequest_handlers.go:140.2,140.37 1 1
air-cover/internal/adapters/inbound/api/subrequest_handlers.go:143.108,146.38 2 1
air-cover/internal/adapters/inbound/api/subrequest_handlers.go:146.38,150.3 3 1
air-cover/internal/adapters/inbound/api/subrequest_handlers.go:152.2,154.16 3 1
air-cover/internal/adapters/inbound/api/subrequest_handlers.go:154.16,158.3 3 1
air-cover/internal/adapters/inbound/api/subrequest_handlers.go:160.2,162.16 3 1
air-cover/internal/adapters/inbound/api/subrequest_handlers.go:162.16,166.3 3 1
air-cover/internal/adapters/inbound/api/subrequest_handlers.go:168.2,170.16 3 1
air-cover/internal/adapters/inbound/api/subrequest_handlers.go:170.16,174.3 3 1
air-cover/internal/adapters/inbound/api/subrequest_handlers.go:176.2,181.9 1 1
air-cover/internal/adapters/inbound/api/subrequest_handlers.go:18.65,21.16 3 1
air-cover/internal/adapters/inbound/api/subrequest_handlers.go:21.16,23.31 2 1
air-cover/internal/adapters/inbound/api/subrequest_handlers.go:23.31,25.4 1 1
air-cover/internal/adapters/inbound/api/subrequest_handlers.go:26.3,26.48 1 1
air-cover/internal/adapters/inbound/api/subrequest_handlers.go:26.48,28.4 1 1
air-cover/internal/adapters/inbound/api/subrequest_handlers.go:28.9,30.4 1 1
air-cover/internal/adapters/inbound/api/subrequest_handlers.go:31.3,31.9 1 1
air-cover/internal/adapters/inbound/api/subrequest_handlers.go:34.2,35.129 2 1
air-cover/internal/adapters/inbound/api/subrequest_handlers.go:35.129,37.3 1 1
air-cover/internal/adapters/inbound/api/subrequest_handlers.go:42.83,45.16 3 1
air-cover/internal/adapters/inbound/api/subrequest_handlers.go:45.16,47.31 2 1
air-cover/internal/adapters/inbound/api/subrequest_handlers.go:47.31,49.4 1 1
air-cover/internal/adapters/inbound/api/subrequest_handlers.go:50.3,50.48 1 1
air-cover/internal/adapters/inbound/api/subrequest_handlers.go:50.48,52.4 1 1
air-cover/internal/adapters/inbound/api/subrequest_handlers.go:52.9,54.4 1 1
air-cover/internal/adapters/inbound/api/subrequest_handlers.go:55.3,55.9 1 1
air-cover/internal/adapters/inbound/api/subrequest_handlers.go:58.2,59.106 2 1
air-cover/internal/adapters/inbound/api/subrequest_handlers.go:59.106,61.3 1 1
air-cover/internal/adapters/inbound/api/subrequest_handlers.go:66.74,68.9 2 1
air-cover/internal/adapters/inbound/api/subrequest_handlers.go:68.9,70.3 1 1
air-cover/internal/adapters/inbound/api/subrequest_handlers.go:72.2,73.9 2 1
air-cover/internal/adapters/inbound/api/subrequest_handlers.go:73.9,76.3 2 1
air-cover/internal/adapters/inbound/api/subrequest_handlers.go:78.2,78.73 1 1
air-cover/internal/adapters/inbound/api/subrequest_handlers.go:78.73,79.31 1 1
air-cover/internal/adapters/inbound/api/subrequest_handlers.go:79.31,81.4 1 1
air-cover/internal/adapters/inbound/api/subrequest_handlers.go:82.3,82.48 1 1
air-cover/internal/adapters/inbound/api/subrequest_handlers.go:82.48,86.4 3 1
air-cover/internal/adapters/inbound/api/subrequest_handlers.go:87.3,89.9 3 1
air-cover/internal/adapters/inbound/api/subrequest_handlers.go:92.2,92.50 1 1
air-cover/internal/adapters/inbound/api/subrequest_handlers.go:97.86,99.9 2 1
air-cover/internal/adapters/inbound/api/subrequest_handlers.go:99.9,101.3 1 1
air-cover/internal/adapters/inbound/api/user_context.go:14.92,16.9 2 1
air-cover/internal/adapters/inbound/api/user_context.go:16.9,19.3 2 1
air-cover/internal/adapters/inbound/api/user_context.go:20.2,20.21 1 1
air-cover/internal/adapters/inbound/api/user_context.go:23.66,25.9 2 1
air-cover/internal/adapters/inbound/api/user_context.go:25.9,27.3 1 1
air-cover/internal/adapters/inbound/api/user_context.go:28.2,34.9 3 1
air-cover/internal/adapters/inbound/api/user_context.go:9.54,12.2 2 1
air-cover/internal/adapters/inbound/api/wrapper.go:12.61,15.77 1 1
air-cover/internal/adapters/inbound/api/wrapper.go:15.77,18.4 2 1
air-cover/internal/adapters/inbound/presenter/presenter.go:37.96,39.2 1 1
air-cover/internal/adapters/inbound/presenter/presenter.go:41.65,43.2 1 1
air-cover/internal/adapters/inbound/presenter/presenter.go:45.60,47.29 2 1
air-cover/internal/adapters/inbound/presenter/presenter.go:47.29,57.3 2 1
air-cover/internal/adapters/inbound/presenter/presenter.go:58.2,58.14 1 1
air-cover/internal/adapters/inbound/presenter/presenter.go:61.80,63.29 2 1
air-cover/internal/adapters/inbound/presenter/presenter.go:63.29,65.3 1 1
air-cover/internal/adapters/inbound/presenter/presenter.go:66.2,66.14 1 1
air-cover/internal/adapters/inbound/presenter/presenter.go:69.74,86.2 2 1
air-cover/internal/adapters/inbound/presenter/presenter.go:88.52,89.26 1 1
air-cover/internal/adapters/inbound/presenter/presenter.go:89.26,91.3 1 1
air-cover/internal/adapters/inbound/presenter/presenter.go:92.2,97.31 6 1
air-cover/internal/adapters/inbound/ui/admin_templ.go:101.32,103.35 2 1
air-cover/internal/adapters/inbound/ui/admin_templ.go:101.5,101.32 1 1
air-cover/internal/adapters/inbound/ui/admin_templ.go:103.35,105.7 1 0
air-cover/internal/adapters/inbound/ui/admin_templ.go:106.6,108.35 3 1
air-cover/internal/adapters/inbound/ui/admin_templ.go:108.35,110.7 1 0
air-cover/internal/adapters/inbound/ui/admin_templ.go:111.6,112.35 2 1
air-cover/internal/adapters/inbound/ui/admin_templ.go:112.35,114.7 1 0
air-cover/internal/adapters/inbound/ui/admin_templ.go:115.6,116.35 2 1
air-cover/internal/adapters/inbound/ui/admin_templ.go:116.35,118.7 1 0
air-cover/internal/adapters/inbound/ui/admin_templ.go:119.6,121.35 3 1
air-cover/internal/adapters/inbound/ui/admin_templ.go:121.35,123.7 1 0
air-cover/internal/adapters/inbound/ui/admin_templ.go:124.6,125.35 2 1
air-cover/internal/adapters/inbound/ui/admin_templ.go:125.35,127.7 1 0
air-cover/internal/adapters/inbound/ui/admin_templ.go:128.6,129.35 2 1
air-cover/internal/adapters/inbound/ui/admin_templ.go:129.35,131.7 1 0
air-cover/internal/adapters/inbound/ui/admin_templ.go:132.24,135.36 3 1
air-cover/internal/adapters/inbound/ui/admin_templ.go:132.6,132.24 1 1
air-cover/internal/adapters/inbound/ui/admin_templ.go:135.36,137.8 1 0
air-cover/internal/adapters/inbound/ui/admin_templ.go:138.7,139.36 2 1
air-cover/internal/adapters/inbound/ui/admin_templ.go:139.36,141.8 1 0
air-cover/internal/adapters/inbound/ui/admin_templ.go:142.7,144.36 3 1
air-cover/internal/adapters/inbound/ui/admin_templ.go:144.36,146.8 1 0
air-cover/internal/adapters/inbound/ui/admin_templ.go:147.7,148.36 2 1
air-cover/internal/adapters/inbound/ui/admin_templ.go:148.36,150.8 1 0
air-cover/internal/adapters/inbound/ui/admin_templ.go:151.7,152.36 2 1
air-cover/internal/adapters/inbound/ui/admin_templ.go:152.36,154.8 1 0
air-cover/internal/adapters/inbound/ui/admin_templ.go:155.7,157.36 3 1
air-cover/internal/adapters/inbound/ui/admin_templ.go:157.36,159.8 1 0
air-cover/internal/adapters/inbound/ui/admin_templ.go:16.70,17.131 1 1
air-cover/internal/adapters/inbound/ui/admin_templ.go:160.7,161.36 2 1
air-cover/internal/adapters/inbound/ui/admin_templ.go:161.36,163.8 1 0
air-cover/internal/adapters/inbound/ui/admin_templ.go:164.7,165.36 2 1
air-cover/internal/adapters/inbound/ui/admin_templ.go:165.36,167.8 1 0
air-cover/internal/adapters/inbound/ui/admin_templ.go:169.6,170.35 2 1
air-cover/internal/adapters/inbound/ui/admin_templ.go:17.131,19.71 2 1
air-cover/internal/adapters/inbound/ui/admin_templ.go:170.35,172.7 1 0
air-cover/internal/adapters/inbound/ui/admin_templ.go:173.28,175.36 2 1
air-cover/internal/adapters/inbound/ui/admin_templ.go:173.6,173.28 1 1
air-cover/internal/adapters/inbound/ui/admin_templ.go:175.36,177.8 1 0
air-cover/internal/adapters/inbound/ui/admin_templ.go:178.7,180.36 3 1
air-cover/internal/adapters/inbound/ui/admin_templ.go:180.36,182.8 1 0
air-cover/internal/adapters/inbound/ui/admin_templ.go:183.7,184.36 2 1
air-cover/internal/adapters/inbound/ui/admin_templ.go:184.36,186.8 1 0
air-cover/internal/adapters/inbound/ui/admin_templ.go:187.7,188.36 2 1
air-cover/internal/adapters/inbound/ui/admin_templ.go:188.36,190.8 1 0
air-cover/internal/adapters/inbound/ui/admin_templ.go:19.71,21.4 1 0
air-cover/internal/adapters/inbound/ui/admin_templ.go:191.7,193.36 3 1
air-cover/internal/adapters/inbound/ui/admin_templ.go:193.36,195.8 1 0
air-cover/internal/adapters/inbound/ui/admin_templ.go:196.7,197.36 2 1
air-cover/internal/adapters/inbound/ui/admin_templ.go:197.36,199.8 1 0
air-cover/internal/adapters/inbound/ui/admin_templ.go:200.7,201.36 2 1
air-cover/internal/adapters/inbound/ui/admin_templ.go:201.36,203.8 1 0
air-cover/internal/adapters/inbound/ui/admin_templ.go:204.7,206.36 3 1
air-cover/internal/adapters/inbound/ui/admin_templ.go:206.36,208.8 1 0
air-cover/internal/adapters/inbound/ui/admin_templ.go:209.7,210.36 2 1
air-cover/internal/adapters/inbound/ui/admin_templ.go:210.36,212.8 1 0
air-cover/internal/adapters/inbound/ui/admin_templ.go:213.7,215.36 3 1
air-cover/internal/adapters/inbound/ui/admin_templ.go:215.36,217.8 1 0
air-cover/internal/adapters/inbound/ui/admin_templ.go:218.7,219.36 2 1
air-cover/internal/adapters/inbound/ui/admin_templ.go:219.36,221.8 1 0
air-cover/internal/adapters/inbound/ui/admin_templ.go:22.3,23.31 2 1
air-cover/internal/adapters/inbound/ui/admin_templ.go:222.7,223.36 2 1
air-cover/internal/adapters/inbound/ui/admin_templ.go:223.36,225.8 1 0
air-cover/internal/adapters/inbound/ui/admin_templ.go:226.25,228.37 2 1
air-cover/internal/adapters/inbound/ui/admin_templ.go:226.7,226.25 1 1
air-cover/internal/adapters/inbound/ui/admin_templ.go:228.37,230.9 1 0
air-cover/internal/adapters/inbound/ui/admin_templ.go:23.31,24.17 1 1
air-cover/internal/adapters/inbound/ui/admin_templ.go:231.13,233.37 2 1
air-cover/internal/adapters/inbound/ui/admin_templ.go:233.37,235.9 1 0
air-cover/internal/adapters/inbound/ui/admin_templ.go:237.7,238.36 2 1
air-cover/internal/adapters/inbound/ui/admin_templ.go:238.36,240.8 1 0
air-cover/internal/adapters/inbound/ui/admin_templ.go:24.17,26.34 2 1
air-cover/internal/adapters/inbound/ui/admin_templ.go:241.25,243.37 2 1
air-cover/internal/adapters/inbound/ui/admin_templ.go:241.7,241.25 1 1
air-cover/internal/adapters/inbound/ui/admin_templ.go:243.37,245.9 1 0
air-cover/internal/adapters/inbound/ui/admin_templ.go:246.8,248.37 3 1
air-cover/internal/adapters/inbound/ui/admin_templ.go:248.37,250.9 1 0
air-cover/internal/adapters/inbound/ui/admin_templ.go:251.8,252.37 2 1
air-cover/internal/adapters/inbound/ui/admin_templ.go:252.37,254.9 1 0
air-cover/internal/adapters/inbound/ui/admin_templ.go:255.8,256.37 2 1
air-cover/internal/adapters/inbound/ui/admin_templ.go:256.37,258.9 1 0
air-cover/internal/adapters/inbound/ui/admin_templ.go:259.32,261.38 2 0
air-cover/internal/adapters/inbound/ui/admin_templ.go:259.8,259.32 1 1
air-cover/internal/adapters/inbound/ui/admin_templ.go:26.34,28.6 1 1
air-cover/internal/adapters/inbound/ui/admin_templ.go:261.38,263.10 1 0
air-cover/internal/adapters/inbound/ui/admin_templ.go:264.14,266.38 2 1
air-cover/internal/adapters/inbound/ui/admin_templ.go:266.38,268.10 1 0
air-cover/internal/adapters/inbound/ui/admin_templ.go:270.8,271.37 2 1
air-cover/internal/adapters/inbound/ui/admin_templ.go:271.37,273.9 1 0
air-cover/internal/adapters/inbound/ui/admin_templ.go:274.32,277.38 3 0
air-cover/internal/adapters/inbound/ui/admin_templ.go:274.8,274.32 1 1
air-cover/internal/adapters/inbound/ui/admin_templ.go:277.38,279.10 1 0
air-cover/internal/adapters/inbound/ui/admin_templ.go:280.9,281.38 2 0
air-cover/internal/adapters/inbound/ui/admin_templ.go:281.38,283.10 1 0
air-cover/internal/adapters/inbound/ui/admin_templ.go:284.14,287.38 3 1
air-cover/internal/adapters/inbound/ui/admin_templ.go:287.38,289.10 1 0
air-cover/internal/adapters/inbound/ui/admin_templ.go:290.9,291.38 2 1
air-cover/internal/adapters/inbound/ui/admin_templ.go:291.38,293.10 1 0
air-cover/internal/adapters/inbound/ui/admin_templ.go:295.8,296.37 2 1
air-cover/internal/adapters/inbound/ui/admin_templ.go:296.37,298.9 1 0
air-cover/internal/adapters/inbound/ui/admin_templ.go:301.6,302.35 2 1
air-cover/internal/adapters/inbound/ui/admin_templ.go:302.35,304.7 1 0
air-cover/internal/adapters/inbound/ui/admin_templ.go:306.5,307.34 2 1
air-cover/internal/adapters/inbound/ui/admin_templ.go:307.34,309.6 1 0
air-cover/internal/adapters/inbound/ui/admin_templ.go:31.3,33.33 3 1
air-cover/internal/adapters/inbound/ui/admin_templ.go:311.4,312.33 2 1
air-cover/internal/adapters/inbound/ui/admin_templ.go:312.33,314.5 1 0
air-cover/internal/adapters/inbound/ui/admin_templ.go:315.4,315.14 1 1
air-cover/internal/adapters/inbound/ui/admin_templ.go:317.3,318.32 2 1
air-cover/internal/adapters/inbound/ui/admin_templ.go:318.32,320.4 1 0
air-cover/internal/adapters/inbound/ui/admin_templ.go:321.3,321.13 1 1
air-cover/internal/adapters/inbound/ui/admin_templ.go:33.33,35.4 1 0
air-cover/internal/adapters/inbound/ui/admin_templ.go:36.3,37.148 2 1
air-cover/internal/adapters/inbound/ui/admin_templ.go:37.148,40.32 3 1
air-cover/internal/adapters/inbound/ui/admin_templ.go:40.32,41.18 1 0
air-cover/internal/adapters/inbound/ui/admin_templ.go:41.18,43.35 2 0
air-cover/internal/adapters/inbound/ui/admin_templ.go:43.35,45.7 1 0
air-cover/internal/adapters/inbound/ui/admin_templ.go:48.4,50.33 3 1
air-cover/internal/adapters/inbound/ui/admin_templ.go:50.33,52.5 1 0
air-cover/internal/adapters/inbound/ui/admin_templ.go:53.4,54.33 2 1
air-cover/internal/adapters/inbound/ui/admin_templ.go:54.33,56.5 1 0
air-cover/internal/adapters/inbound/ui/admin_templ.go:57.4,58.33 2 1
air-cover/internal/adapters/inbound/ui/admin_templ.go:58.33,60.5 1 0
air-cover/internal/adapters/inbound/ui/admin_templ.go:61.4,62.33 2 1
air-cover/internal/adapters/inbound/ui/admin_templ.go:62.33,64.5 1 0
air-cover/internal/adapters/inbound/ui/admin_templ.go:65.149,68.33 3 1
air-cover/internal/adapters/inbound/ui/admin_templ.go:65.4,65.149 1 1
air-cover/internal/adapters/inbound/ui/admin_templ.go:68.33,69.19 1 0
air-cover/internal/adapters/inbound/ui/admin_templ.go:69.19,71.36 2 0
air-cover/internal/adapters/inbound/ui/admin_templ.go:71.36,73.8 1 0
air-cover/internal/adapters/inbound/ui/admin_templ.go:76.5,78.34 3 1
air-cover/internal/adapters/inbound/ui/admin_templ.go:78.34,80.6 1 0
air-cover/internal/adapters/inbound/ui/admin_templ.go:81.5,81.15 1 1
air-cover/internal/adapters/inbound/ui/admin_templ.go:83.4,84.33 2 1
air-cover/internal/adapters/inbound/ui/admin_templ.go:84.33,86.5 1 0
air-cover/internal/adapters/inbound/ui/admin_templ.go:87.4,88.33 2 1
air-cover/internal/adapters/inbound/ui/admin_templ.go:88.33,90.5 1 0
air-cover/internal/adapters/inbound/ui/admin_templ.go:91.23,93.34 2 1
air-cover/internal/adapters/inbound/ui/admin_templ.go:91.4,91.23 1 1
air-cover/internal/adapters/inbound/ui/admin_templ.go:93.34,95.6 1 0
air-cover/internal/adapters/inbound/ui/admin_templ.go:96.10,98.34 2 1
air-cover/internal/adapters/inbound/ui/admin_templ.go:98.34,100.6 1 0
air-cover/internal/adapters/inbound/ui/authenticated_templ.go:102.23,104.34 2 1
air-cover/internal/adapters/inbound/ui/authenticated_templ.go:102.4,102.23 1 1
air-cover/internal/adapters/inbound/ui/authenticated_templ.go:104.34,106.6 1 0
air-cover/internal/adapters/inbound/ui/authenticated_templ.go:107.10,109.34 2 1
air-cover/internal/adapters/inbound/ui/authenticated_templ.go:109.34,111.6 1 0
air-cover/internal/adapters/inbound/ui/authenticated_templ.go:112.32,114.35 2 1
air-cover/internal/adapters/inbound/ui/authenticated_templ.go:112.5,112.32 1 1
air-cover/internal/adapters/inbound/ui/authenticated_templ.go:114.35,116.7 1 0
air-cover/internal/adapters/inbound/ui/authenticated_templ.go:117.6,119.35 3 1
air-cover/internal/adapters/inbound/ui/authenticated_templ.go:119.35,121.7 1 0
air-cover/internal/adapters/inbound/ui/authenticated_templ.go:122.6,123.35 2 1
air-cover/internal/adapters/inbound/ui/authenticated_templ.go:123.35,125.7 1 0
air-cover/internal/adapters/inbound/ui/authenticated_templ.go:126.6,127.35 2 1
air-cover/internal/adapters/inbound/ui/authenticated_templ.go:127.35,129.7 1 0
air-cover/internal/adapters/inbound/ui/authenticated_templ.go:130.26,133.36 3 1
air-cover/internal/adapters/inbound/ui/authenticated_templ.go:130.6,130.26 1 1
air-cover/internal/adapters/inbound/ui/authenticated_templ.go:133.36,135.8 1 0
air-cover/internal/adapters/inbound/ui/authenticated_templ.go:136.7,137.36 2 1
air-cover/internal/adapters/inbound/ui/authenticated_templ.go:137.36,139.8 1 0
air-cover/internal/adapters/inbound/ui/authenticated_templ.go:140.12,143.36 3 1
air-cover/internal/adapters/inbound/ui/authenticated_templ.go:143.36,145.8 1 0
air-cover/internal/adapters/inbound/ui/authenticated_templ.go:146.7,147.36 2 1
air-cover/internal/adapters/inbound/ui/authenticated_templ.go:147.36,149.8 1 0
air-cover/internal/adapters/inbound/ui/authenticated_templ.go:151.6,152.35 2 1
air-cover/internal/adapters/inbound/ui/authenticated_templ.go:152.35,154.7 1 0
air-cover/internal/adapters/inbound/ui/authenticated_templ.go:157.4,158.33 2 1
air-cover/internal/adapters/inbound/ui/authenticated_templ.go:158.33,160.5 1 0
air-cover/internal/adapters/inbound/ui/authenticated_templ.go:161.4,163.33 3 1
air-cover/internal/adapters/inbound/ui/authenticated_templ.go:163.33,165.5 1 0
air-cover/internal/adapters/inbound/ui/authenticated_templ.go:166.4,167.33 2 1
air-cover/internal/adapters/inbound/ui/authenticated_templ.go:167.33,169.5 1 0
air-cover/internal/adapters/inbound/ui/authenticated_templ.go:17.159,18.131 1 1
air-cover/internal/adapters/inbound/ui/authenticated_templ.go:170.4,171.33 2 1
air-cover/internal/adapters/inbound/ui/authenticated_templ.go:171.33,173.5 1 0
air-cover/internal/adapters/inbound/ui/authenticated_templ.go:174.26,176.34 2 1
air-cover/internal/adapters/inbound/ui/authenticated_templ.go:174.4,174.26 1 1
air-cover/internal/adapters/inbound/ui/authenticated_templ.go:176.34,178.6 1 0
air-cover/internal/adapters/inbound/ui/authenticated_templ.go:179.10,181.34 2 1
air-cover/internal/adapters/inbound/ui/authenticated_templ.go:18.131,20.71 2 1
air-cover/internal/adapters/inbound/ui/authenticated_templ.go:181.34,183.6 1 0
air-cover/internal/adapters/inbound/ui/authenticated_templ.go:185.4,186.33 2 1
air-cover/internal/adapters/inbound/ui/authenticated_templ.go:186.33,188.5 1 0
air-cover/internal/adapters/inbound/ui/authenticated_templ.go:189.21,191.34 2 1
air-cover/internal/adapters/inbound/ui/authenticated_templ.go:189.4,189.21 1 1
air-cover/internal/adapters/inbound/ui/authenticated_templ.go:191.34,193.6 1 0
air-cover/internal/adapters/inbound/ui/authenticated_templ.go:194.5,195.34 2 1
air-cover/internal/adapters/inbound/ui/authenticated_templ.go:195.34,197.6 1 0
air-cover/internal/adapters/inbound/ui/authenticated_templ.go:198.5,199.34 2 1
air-cover/internal/adapters/inbound/ui/authenticated_templ.go:199.34,201.6 1 0
air-cover/internal/adapters/inbound/ui/authenticated_templ.go:20.71,22.4 1 0
air-cover/internal/adapters/inbound/ui/authenticated_templ.go:203.4,204.33 2 1
air-cover/internal/adapters/inbound/ui/authenticated_templ.go:204.33,206.5 1 0
air-cover/internal/adapters/inbound/ui/authenticated_templ.go:207.4,208.33 2 1
air-cover/internal/adapters/inbound/ui/authenticated_templ.go:208.33,210.5 1 0
air-cover/internal/adapters/inbound/ui/authenticated_templ.go:211.4,211.14 1 1
air-cover/internal/adapters/inbound/ui/authenticated_templ.go:213.3,214.32 2 1
air-cover/internal/adapters/inbound/ui/authenticated_templ.go:214.32,216.4 1 0
air-cover/internal/adapters/inbound/ui/authenticated_templ.go:217.3,217.13 1 1
air-cover/internal/adapters/inbound/ui/authenticated_templ.go:221.78,222.131 1 1
air-cover/internal/adapters/inbound/ui/authenticated_templ.go:222.131,224.71 2 1
air-cover/internal/adapters/inbound/ui/authenticated_templ.go:224.71,226.4 1 0
air-cover/internal/adapters/inbound/ui/authenticated_templ.go:227.3,228.31 2 1
air-cover/internal/adapters/inbound/ui/authenticated_templ.go:228.31,229.17 1 1
air-cover/internal/adapters/inbound/ui/authenticated_templ.go:229.17,231.34 2 1
air-cover/internal/adapters/inbound/ui/authenticated_templ.go:23.3,24.31 2 1
air-cover/internal/adapters/inbound/ui/authenticated_templ.go:231.34,233.6 1 1
air-cover/internal/adapters/inbound/ui/authenticated_templ.go:236.3,238.33 3 1
air-cover/internal/adapters/inbound/ui/authenticated_templ.go:238.33,240.4 1 0
air-cover/internal/adapters/inbound/ui/authenticated_templ.go:24.31,25.17 1 1
air-cover/internal/adapters/inbound/ui/authenticated_templ.go:241.3,243.32 3 1
air-cover/internal/adapters/inbound/ui/authenticated_templ.go:243.32,245.4 1 0
air-cover/internal/adapters/inbound/ui/authenticated_templ.go:246.3,246.35 1 1
air-cover/internal/adapters/inbound/ui/authenticated_templ.go:246.35,248.33 2 1
air-cover/internal/adapters/inbound/ui/authenticated_templ.go:248.33,250.5 1 0
air-cover/internal/adapters/inbound/ui/authenticated_templ.go:25.17,27.34 2 1
air-cover/internal/adapters/inbound/ui/authenticated_templ.go:251.4,253.33 3 1
air-cover/internal/adapters/inbound/ui/authenticated_templ.go:253.33,255.5 1 0
air-cover/internal/adapters/inbound/ui/authenticated_templ.go:256.4,257.33 2 1
air-cover/internal/adapters/inbound/ui/authenticated_templ.go:257.33,259.5 1 0
air-cover/internal/adapters/inbound/ui/authenticated_templ.go:260.4,262.33 3 1
air-cover/internal/adapters/inbound/ui/authenticated_templ.go:262.33,264.5 1 0
air-cover/internal/adapters/inbound/ui/authenticated_templ.go:265.4,266.33 2 1
air-cover/internal/adapters/inbound/ui/authenticated_templ.go:266.33,268.5 1 0
air-cover/internal/adapters/inbound/ui/authenticated_templ.go:269.4,270.33 2 1
air-cover/internal/adapters/inbound/ui/authenticated_templ.go:27.34,29.6 1 1
air-cover/internal/adapters/inbound/ui/authenticated_templ.go:270.33,272.5 1 0
air-cover/internal/adapters/inbound/ui/authenticated_templ.go:273.4,275.33 3 1
air-cover/internal/adapters/inbound/ui/authenticated_templ.go:275.33,277.5 1 0
air-cover/internal/adapters/inbound/ui/authenticated_templ.go:278.4,279.33 2 1
air-cover/internal/adapters/inbound/ui/authenticated_templ.go:279.33,281.5 1 0
air-cover/internal/adapters/inbound/ui/authenticated_templ.go:282.4,283.33 2 1
air-cover/internal/adapters/inbound/ui/authenticated_templ.go:283.33,285.5 1 0
air-cover/internal/adapters/inbound/ui/authenticated_templ.go:286.4,288.33 3 1
air-cover/internal/adapters/inbound/ui/authenticated_templ.go:288.33,290.5 1 0
air-cover/internal/adapters/inbound/ui/authenticated_templ.go:291.4,292.33 2 1
air-cover/internal/adapters/inbound/ui/authenticated_templ.go:292.33,294.5 1 0
air-cover/internal/adapters/inbound/ui/authenticated_templ.go:295.4,296.33 2 1
air-cover/internal/adapters/inbound/ui/authenticated_templ.go:296.33,298.5 1 0
air-cover/internal/adapters/inbound/ui/authenticated_templ.go:299.4,301.33 3 1
air-cover/internal/adapters/inbound/ui/authenticated_templ.go:301.33,303.5 1 0
air-cover/internal/adapters/inbound/ui/authenticated_templ.go:304.4,305.33 2 1
air-cover/internal/adapters/inbound/ui/authenticated_templ.go:305.33,307.5 1 0
air-cover/internal/adapters/inbound/ui/authenticated_templ.go:308.4,309.33 2 1
air-cover/internal/adapters/inbound/ui/authenticated_templ.go:309.33,311.5 1 0
air-cover/internal/adapters/inbound/ui/authenticated_templ.go:312.4,314.33 3 1
air-cover/internal/adapters/inbound/ui/authenticated_templ.go:314.33,316.5 1 0
air-cover/internal/adapters/inbound/ui/authenticated_templ.go:317.4,318.33 2 1
air-cover/internal/adapters/inbound/ui/authenticated_templ.go:318.33,320.5 1 0
air-cover/internal/adapters/inbound/ui/authenticated_templ.go:32.3,34.33 3 1
air-cover/internal/adapters/inbound/ui/authenticated_templ.go:321.4,322.33 2 1
air-cover/internal/adapters/inbound/ui/authenticated_templ.go:322.33,324.5 1 0
air-cover/internal/adapters/inbound/ui/authenticated_templ.go:325.4,327.33 3 1
air-cover/internal/adapters/inbound/ui/authenticated_templ.go:327.33,329.5 1 0
air-cover/internal/adapters/inbound/ui/authenticated_templ.go:330.4,331.33 2 1
air-cover/internal/adapters/inbound/ui/authenticated_templ.go:331.33,333.5 1 0
air-cover/internal/adapters/inbound/ui/authenticated_templ.go:334.4,335.33 2 1
air-cover/internal/adapters/inbound/ui/authenticated_templ.go:335.33,337.5 1 0
air-cover/internal/adapters/inbound/ui/authenticated_templ.go:338.21,341.34 2 1
air-cover/internal/adapters/inbound/ui/authenticated_templ.go:338.4,338.21 1 1
air-cover/internal/adapters/inbound/ui/authenticated_templ.go:34.33,36.4 1 0
air-cover/internal/adapters/inbound/ui/authenticated_templ.go:341.34,343.6 1 0
air-cover/internal/adapters/inbound/ui/authenticated_templ.go:344.5,345.34 2 1
air-cover/internal/adapters/inbound/ui/authenticated_templ.go:345.34,347.6 1 0
air-cover/internal/adapters/inbound/ui/authenticated_templ.go:348.5,351.34 3 1
air-cover/internal/adapters/inbound/ui/authenticated_templ.go:351.34,353.6 1 0
air-cover/internal/adapters/inbound/ui/authenticated_templ.go:354.5,355.34 2 1
air-cover/internal/adapters/inbound/ui/authenticated_templ.go:355.34,357.6 1 0
air-cover/internal/adapters/inbound/ui/authenticated_templ.go:359.19,363.34 2 1
air-cover/internal/adapters/inbound/ui/authenticated_templ.go:359.4,359.19 1 1
air-cover/internal/adapters/inbound/ui/authenticated_templ.go:363.34,365.6 1 0
air-cover/internal/adapters/inbound/ui/authenticated_templ.go:366.5,367.34 2 1
air-cover/internal/adapters/inbound/ui/authenticated_templ.go:367.34,369.6 1 0
air-cover/internal/adapters/inbound/ui/authenticated_templ.go:37.3,38.148 2 1
air-cover/internal/adapters/inbound/ui/authenticated_templ.go:370.5,374.34 3 1
air-cover/internal/adapters/inbound/ui/authenticated_templ.go:374.34,376.6 1 0
air-cover/internal/adapters/inbound/ui/authenticated_templ.go:377.5,378.34 2 1
air-cover/internal/adapters/inbound/ui/authenticated_templ.go:378.34,380.6 1 0
air-cover/internal/adapters/inbound/ui/authenticated_templ.go:38.148,41.32 3 1
air-cover/internal/adapters/inbound/ui/authenticated_templ.go:382.21,386.34 2 1
air-cover/internal/adapters/inbound/ui/authenticated_templ.go:382.4,382.21 1 1
air-cover/internal/adapters/inbound/ui/authenticated_templ.go:386.34,388.6 1 0
air-cover/internal/adapters/inbound/ui/authenticated_templ.go:389.5,390.34 2 1
air-cover/internal/adapters/inbound/ui/authenticated_templ.go:390.34,392.6 1 0
air-cover/internal/adapters/inbound/ui/authenticated_templ.go:393.5,397.34 3 1
air-cover/internal/adapters/inbound/ui/authenticated_templ.go:397.34,399.6 1 0
air-cover/internal/adapters/inbound/ui/authenticated_templ.go:400.5,401.34 2 1
air-cover/internal/adapters/inbound/ui/authenticated_templ.go:401.34,403.6 1 0
air-cover/internal/adapters/inbound/ui/authenticated_templ.go:405.4,406.33 2 1
air-cover/internal/adapters/inbound/ui/authenticated_templ.go:406.33,408.5 1 0
air-cover/internal/adapters/inbound/ui/authenticated_templ.go:409.4,411.33 3 1
air-cover/internal/adapters/inbound/ui/authenticated_templ.go:41.32,42.18 1 0
air-cover/internal/adapters/inbound/ui/authenticated_templ.go:411.33,413.5 1 0
air-cover/internal/adapters/inbound/ui/authenticated_templ.go:414.4,415.33 2 1
air-cover/internal/adapters/inbound/ui/authenticated_templ.go:415.33,417.5 1 0
air-cover/internal/adapters/inbound/ui/authenticated_templ.go:418.4,420.33 3 1
air-cover/internal/adapters/inbound/ui/authenticated_templ.go:42.18,44.35 2 0
air-cover/internal/adapters/inbound/ui/authenticated_templ.go:420.33,422.5 1 0
air-cover/internal/adapters/inbound/ui/authenticated_templ.go:423.4,424.33 2 1
air-cover/internal/adapters/inbound/ui/authenticated_templ.go:424.33,426.5 1 0
air-cover/internal/adapters/inbound/ui/authenticated_templ.go:427.4,428.33 2 1
air-cover/internal/adapters/inbound/ui/authenticated_templ.go:428.33,430.5 1 0
air-cover/internal/adapters/inbound/ui/authenticated_templ.go:431.4,433.33 3 1
air-cover/internal/adapters/inbound/ui/authenticated_templ.go:433.33,435.5 1 0
air-cover/internal/adapters/inbound/ui/authenticated_templ.go:436.4,437.33 2 1
air-cover/internal/adapters/inbound/ui/authenticated_templ.go:437.33,439.5 1 0
air-cover/internal/adapters/inbound/ui/authenticated_templ.go:44.35,46.7 1 0
air-cover/internal/adapters/inbound/ui/authenticated_templ.go:440.4,441.33 2 1
air-cover/internal/adapters/inbound/ui/authenticated_templ.go:441.33,443.5 1 0
air-cover/internal/adapters/inbound/ui/authenticated_templ.go:444.28,447.34 3 1
air-cover/internal/adapters/inbound/ui/authenticated_templ.go:444.4,444.28 1 1
air-cover/internal/adapters/inbound/ui/authenticated_templ.go:447.34,449.6 1 0
air-cover/internal/adapters/inbound/ui/authenticated_templ.go:450.5,451.34 2 1
air-cover/internal/adapters/inbound/ui/authenticated_templ.go:451.34,453.6 1 0
air-cover/internal/adapters/inbound/ui/authenticated_templ.go:454.10,456.34 2 1
air-cover/internal/adapters/inbound/ui/authenticated_templ.go:456.34,458.6 1 0
air-cover/internal/adapters/inbound/ui/authenticated_templ.go:460.4,461.33 2 1
air-cover/internal/adapters/inbound/ui/authenticated_templ.go:461.33,463.5 1 0
air-cover/internal/adapters/inbound/ui/authenticated_templ.go:465.3,466.32 2 1
air-cover/internal/adapters/inbound/ui/authenticated_templ.go:466.32,468.4 1 0
air-cover/internal/adapters/inbound/ui/authenticated_templ.go:469.3,469.13 1 1
air-cover/internal/adapters/inbound/ui/authenticated_templ.go:473.76,474.131 1 1
air-cover/internal/adapters/inbound/ui/authenticated_templ.go:474.131,476.71 2 1
air-cover/internal/adapters/inbound/ui/authenticated_templ.go:476.71,478.4 1 0
air-cover/internal/adapters/inbound/ui/authenticated_templ.go:479.3,480.31 2 1
air-cover/internal/adapters/inbound/ui/authenticated_templ.go:480.31,481.17 1 0
air-cover/internal/adapters/inbound/ui/authenticated_templ.go:481.17,483.34 2 0
air-cover/internal/adapters/inbound/ui/authenticated_templ.go:483.34,485.6 1 0
air-cover/internal/adapters/inbound/ui/authenticated_templ.go:488.3,490.34 3 1
air-cover/internal/adapters/inbound/ui/authenticated_templ.go:49.4,51.33 3 1
air-cover/internal/adapters/inbound/ui/authenticated_templ.go:490.34,492.4 1 0
air-cover/internal/adapters/inbound/ui/authenticated_templ.go:493.3,494.20 2 1
air-cover/internal/adapters/inbound/ui/authenticated_templ.go:494.20,496.33 2 1
air-cover/internal/adapters/inbound/ui/authenticated_templ.go:496.33,498.5 1 0
air-cover/internal/adapters/inbound/ui/authenticated_templ.go:499.4,500.33 2 1
air-cover/internal/adapters/inbound/ui/authenticated_templ.go:500.33,502.5 1 0
air-cover/internal/adapters/inbound/ui/authenticated_templ.go:503.4,505.33 3 1
air-cover/internal/adapters/inbound/ui/authenticated_templ.go:505.33,507.5 1 0
air-cover/internal/adapters/inbound/ui/authenticated_templ.go:508.4,509.33 2 1
air-cover/internal/adapters/inbound/ui/authenticated_templ.go:509.33,511.5 1 0
air-cover/internal/adapters/inbound/ui/authenticated_templ.go:51.33,53.5 1 0
air-cover/internal/adapters/inbound/ui/authenticated_templ.go:513.18,515.33 2 1
air-cover/internal/adapters/inbound/ui/authenticated_templ.go:513.3,513.18 1 1
air-cover/internal/adapters/inbound/ui/authenticated_templ.go:515.33,517.5 1 0
air-cover/internal/adapters/inbound/ui/authenticated_templ.go:518.4,519.33 2 1
air-cover/internal/adapters/inbound/ui/authenticated_templ.go:519.33,521.5 1 0
air-cover/internal/adapters/inbound/ui/authenticated_templ.go:522.4,524.33 3 1
air-cover/internal/adapters/inbound/ui/authenticated_templ.go:524.33,526.5 1 0
air-cover/internal/adapters/inbound/ui/authenticated_templ.go:527.4,528.33 2 1
air-cover/internal/adapters/inbound/ui/authenticated_templ.go:528.33,530.5 1 0
air-cover/internal/adapters/inbound/ui/authenticated_templ.go:532.20,534.33 2 1
air-cover/internal/adapters/inbound/ui/authenticated_templ.go:532.3,532.20 1 1
air-cover/internal/adapters/inbound/ui/authenticated_templ.go:534.33,536.5 1 0
air-cover/internal/adapters/inbound/ui/authenticated_templ.go:537.4,538.33 2 1
air-cover/internal/adapters/inbound/ui/authenticated_templ.go:538.33,540.5 1 0
air-cover/internal/adapters/inbound/ui/authenticated_templ.go:54.4,55.33 2 1
air-cover/internal/adapters/inbound/ui/authenticated_templ.go:541.4,543.33 3 1
air-cover/internal/adapters/inbound/ui/authenticated_templ.go:543.33,545.5 1 0
air-cover/internal/adapters/inbound/ui/authenticated_templ.go:546.4,547.33 2 1
air-cover/internal/adapters/inbound/ui/authenticated_templ.go:547.33,549.5 1 0
air-cover/internal/adapters/inbound/ui/authenticated_templ.go:55.33,57.5 1 0
air-cover/internal/adapters/inbound/ui/authenticated_templ.go:551.3,551.13 1 1
air-cover/internal/adapters/inbound/ui/authenticated_templ.go:555.48,556.131 1 1
air-cover/internal/adapters/inbound/ui/authenticated_templ.go:556.131,558.71 2 1
air-cover/internal/adapters/inbound/ui/authenticated_templ.go:558.71,560.4 1 0
air-cover/internal/adapters/inbound/ui/authenticated_templ.go:561.3,562.31 2 1
air-cover/internal/adapters/inbound/ui/authenticated_templ.go:562.31,563.17 1 0
air-cover/internal/adapters/inbound/ui/authenticated_templ.go:563.17,565.34 2 0
air-cover/internal/adapters/inbound/ui/authenticated_templ.go:565.34,567.6 1 0
air-cover/internal/adapters/inbound/ui/authenticated_templ.go:570.3,572.34 3 1
air-cover/internal/adapters/inbound/ui/authenticated_templ.go:572.34,574.4 1 0
air-cover/internal/adapters/inbound/ui/authenticated_templ.go:575.3,577.32 3 1
air-cover/internal/adapters/inbound/ui/authenticated_templ.go:577.32,579.4 1 0
air-cover/internal/adapters/inbound/ui/authenticated_templ.go:58.4,59.33 2 1
air-cover/internal/adapters/inbound/ui/authenticated_templ.go:580.3,580.13 1 1
air-cover/internal/adapters/inbound/ui/authenticated_templ.go:59.33,61.5 1 0
air-cover/internal/adapters/inbound/ui/authenticated_templ.go:62.4,63.33 2 1
air-cover/internal/adapters/inbound/ui/authenticated_templ.go:63.33,65.5 1 0
air-cover/internal/adapters/inbound/ui/authenticated_templ.go:66.149,69.33 3 1
air-cover/internal/adapters/inbound/ui/authenticated_templ.go:66.4,66.149 1 1
air-cover/internal/adapters/inbound/ui/authenticated_templ.go:69.33,70.19 1 0
air-cover/internal/adapters/inbound/ui/authenticated_templ.go:70.19,72.36 2 0
air-cover/internal/adapters/inbound/ui/authenticated_templ.go:72.36,74.8 1 0
air-cover/internal/adapters/inbound/ui/authenticated_templ.go:77.5,78.16 2 1
air-cover/internal/adapters/inbound/ui/authenticated_templ.go:78.16,80.35 2 1
air-cover/internal/adapters/inbound/ui/authenticated_templ.go:80.35,82.7 1 0
air-cover/internal/adapters/inbound/ui/authenticated_templ.go:84.5,85.34 2 1
air-cover/internal/adapters/inbound/ui/authenticated_templ.go:85.34,87.6 1 0
air-cover/internal/adapters/inbound/ui/authenticated_templ.go:88.5,89.34 2 1
air-cover/internal/adapters/inbound/ui/authenticated_templ.go:89.34,91.6 1 0
air-cover/internal/adapters/inbound/ui/authenticated_templ.go:92.5,92.15 1 1
air-cover/internal/adapters/inbound/ui/authenticated_templ.go:94.4,95.33 2 1
air-cover/internal/adapters/inbound/ui/authenticated_templ.go:95.33,97.5 1 0
air-cover/internal/adapters/inbound/ui/authenticated_templ.go:98.4,99.33 2 1
air-cover/internal/adapters/inbound/ui/authenticated_templ.go:99.33,101.5 1 0
air-cover/internal/adapters/inbound/ui/layout_templ.go:100.32,102.4 1 0
air-cover/internal/adapters/inbound/ui/layout_templ.go:103.3,104.32 2 1
air-cover/internal/adapters/inbound/ui/layout_templ.go:104.32,106.4 1 0
air-cover/internal/adapters/inbound/ui/layout_templ.go:107.3,107.13 1 1
air-cover/internal/adapters/inbound/ui/layout_templ.go:11.43,12.131 1 1
air-cover/internal/adapters/inbound/ui/layout_templ.go:111.45,112.131 1 1
air-cover/internal/adapters/inbound/ui/layout_templ.go:112.131,114.71 2 1
air-cover/internal/adapters/inbound/ui/layout_templ.go:114.71,116.4 1 0
air-cover/internal/adapters/inbound/ui/layout_templ.go:117.3,118.31 2 1
air-cover/internal/adapters/inbound/ui/layout_templ.go:118.31,119.17 1 1
air-cover/internal/adapters/inbound/ui/layout_templ.go:119.17,121.34 2 1
air-cover/internal/adapters/inbound/ui/layout_templ.go:12.131,14.71 2 1
air-cover/internal/adapters/inbound/ui/layout_templ.go:121.34,123.6 1 1
air-cover/internal/adapters/inbound/ui/layout_templ.go:126.3,128.33 3 1
air-cover/internal/adapters/inbound/ui/layout_templ.go:128.33,130.4 1 0
air-cover/internal/adapters/inbound/ui/layout_templ.go:131.3,133.32 3 1
air-cover/internal/adapters/inbound/ui/layout_templ.go:133.32,135.4 1 0
air-cover/internal/adapters/inbound/ui/layout_templ.go:136.3,138.32 3 1
air-cover/internal/adapters/inbound/ui/layout_templ.go:138.32,140.4 1 0
air-cover/internal/adapters/inbound/ui/layout_templ.go:14.71,16.4 1 0
air-cover/internal/adapters/inbound/ui/layout_templ.go:141.3,142.32 2 1
air-cover/internal/adapters/inbound/ui/layout_templ.go:142.32,144.4 1 0
air-cover/internal/adapters/inbound/ui/layout_templ.go:145.3,146.32 2 1
air-cover/internal/adapters/inbound/ui/layout_templ.go:146.32,148.4 1 0
air-cover/internal/adapters/inbound/ui/layout_templ.go:149.3,149.13 1 1
air-cover/internal/adapters/inbound/ui/layout_templ.go:153.35,154.131 1 1
air-cover/internal/adapters/inbound/ui/layout_templ.go:154.131,156.71 2 1
air-cover/internal/adapters/inbound/ui/layout_templ.go:156.71,158.4 1 0
air-cover/internal/adapters/inbound/ui/layout_templ.go:159.3,160.31 2 1
air-cover/internal/adapters/inbound/ui/layout_templ.go:160.31,161.17 1 1
air-cover/internal/adapters/inbound/ui/layout_templ.go:161.17,163.34 2 1
air-cover/internal/adapters/inbound/ui/layout_templ.go:163.34,165.6 1 1
air-cover/internal/adapters/inbound/ui/layout_templ.go:168.3,170.33 3 1
air-cover/internal/adapters/inbound/ui/layout_templ.go:17.3,18.31 2 1
air-cover/internal/adapters/inbound/ui/layout_templ.go:170.33,172.4 1 0
air-cover/internal/adapters/inbound/ui/layout_templ.go:173.3,175.32 3 1
air-cover/internal/adapters/inbound/ui/layout_templ.go:175.32,177.4 1 0
air-cover/internal/adapters/inbound/ui/layout_templ.go:178.3,178.13 1 1
air-cover/internal/adapters/inbound/ui/layout_templ.go:18.31,19.17 1 1
air-cover/internal/adapters/inbound/ui/layout_templ.go:182.36,183.131 1 1
air-cover/internal/adapters/inbound/ui/layout_templ.go:183.131,185.71 2 1
air-cover/internal/adapters/inbound/ui/layout_templ.go:185.71,187.4 1 0
air-cover/internal/adapters/inbound/ui/layout_templ.go:188.3,189.31 2 1
air-cover/internal/adapters/inbound/ui/layout_templ.go:189.31,190.17 1 1
air-cover/internal/adapters/inbound/ui/layout_templ.go:19.17,21.34 2 1
air-cover/internal/adapters/inbound/ui/layout_templ.go:190.17,192.34 2 1
air-cover/internal/adapters/inbound/ui/layout_templ.go:192.34,194.6 1 1
air-cover/internal/adapters/inbound/ui/layout_templ.go:197.3,199.33 3 1
air-cover/internal/adapters/inbound/ui/layout_templ.go:199.33,201.4 1 0
air-cover/internal/adapters/inbound/ui/layout_templ.go:202.3,204.32 3 1
air-cover/internal/adapters/inbound/ui/layout_templ.go:204.32,206.4 1 0
air-cover/internal/adapters/inbound/ui/layout_templ.go:207.3,207.13 1 1
air-cover/internal/adapters/inbound/ui/layout_templ.go:21.34,23.6 1 1
air-cover/internal/adapters/inbound/ui/layout_templ.go:26.3,28.33 3 1
air-cover/internal/adapters/inbound/ui/layout_templ.go:28.33,30.4 1 0
air-cover/internal/adapters/inbound/ui/layout_templ.go:31.3,33.32 3 1
air-cover/internal/adapters/inbound/ui/layout_templ.go:33.32,35.4 1 0
air-cover/internal/adapters/inbound/ui/layout_templ.go:36.3,38.32 3 1
air-cover/internal/adapters/inbound/ui/layout_templ.go:38.32,40.4 1 0
air-cover/internal/adapters/inbound/ui/layout_templ.go:41.3,42.32 2 1
air-cover/internal/adapters/inbound/ui/layout_templ.go:42.32,44.4 1 0
air-cover/internal/adapters/inbound/ui/layout_templ.go:45.3,46.32 2 1
air-cover/internal/adapters/inbound/ui/layout_templ.go:46.32,48.4 1 0
air-cover/internal/adapters/inbound/ui/layout_templ.go:49.3,50.32 2 1
air-cover/internal/adapters/inbound/ui/layout_templ.go:50.32,52.4 1 0
air-cover/internal/adapters/inbound/ui/layout_templ.go:53.3,54.32 2 1
air-cover/internal/adapters/inbound/ui/layout_templ.go:54.32,56.4 1 0
air-cover/internal/adapters/inbound/ui/layout_templ.go:57.3,57.13 1 1
air-cover/internal/adapters/inbound/ui/layout_templ.go:61.47,62.131 1 1
air-cover/internal/adapters/inbound/ui/layout_templ.go:62.131,64.71 2 1
air-cover/internal/adapters/inbound/ui/layout_templ.go:64.71,66.4 1 0
air-cover/internal/adapters/inbound/ui/layout_templ.go:67.3,68.31 2 1
air-cover/internal/adapters/inbound/ui/layout_templ.go:68.31,69.17 1 1
air-cover/internal/adapters/inbound/ui/layout_templ.go:69.17,71.34 2 1
air-cover/internal/adapters/inbound/ui/layout_templ.go:71.34,73.6 1 1
air-cover/internal/adapters/inbound/ui/layout_templ.go:76.3,78.33 3 1
air-cover/internal/adapters/inbound/ui/layout_templ.go:78.33,80.4 1 0
air-cover/internal/adapters/inbound/ui/layout_templ.go:81.3,83.32 3 1
air-cover/internal/adapters/inbound/ui/layout_templ.go:83.32,85.4 1 0
air-cover/internal/adapters/inbound/ui/layout_templ.go:86.3,88.32 3 1
air-cover/internal/adapters/inbound/ui/layout_templ.go:88.32,90.4 1 0
air-cover/internal/adapters/inbound/ui/layout_templ.go:91.3,92.32 2 1
air-cover/internal/adapters/inbound/ui/layout_templ.go:92.32,94.4 1 0
air-cover/internal/adapters/inbound/ui/layout_templ.go:95.3,96.32 2 1
air-cover/internal/adapters/inbound/ui/layout_templ.go:96.32,98.4 1 0
air-cover/internal/adapters/inbound/ui/layout_templ.go:99.3,100.32 2 1
air-cover/internal/adapters/inbound/ui/sub_request_details_templ.go:102.4,104.33 3 1
air-cover/internal/adapters/inbound/ui/sub_request_details_templ.go:104.33,106.5 1 0
air-cover/internal/adapters/inbound/ui/sub_request_details_templ.go:107.4,108.33 2 1
air-cover/internal/adapters/inbound/ui/sub_request_details_templ.go:108.33,110.5 1 0
air-cover/internal/adapters/inbound/ui/sub_request_details_templ.go:111.4,112.33 2 1
air-cover/internal/adapters/inbound/ui/sub_request_details_templ.go:112.33,114.5 1 0
air-cover/internal/adapters/inbound/ui/sub_request_details_templ.go:115.4,117.33 3 1
air-cover/internal/adapters/inbound/ui/sub_request_details_templ.go:117.33,119.5 1 0
air-cover/internal/adapters/inbound/ui/sub_request_details_templ.go:120.4,121.33 2 1
air-cover/internal/adapters/inbound/ui/sub_request_details_templ.go:121.33,123.5 1 0
air-cover/internal/adapters/inbound/ui/sub_request_details_templ.go:124.4,125.33 2 1
air-cover/internal/adapters/inbound/ui/sub_request_details_templ.go:125.33,127.5 1 0
air-cover/internal/adapters/inbound/ui/sub_request_details_templ.go:128.4,130.33 3 1
air-cover/internal/adapters/inbound/ui/sub_request_details_templ.go:13.98,14.131 1 1
air-cover/internal/adapters/inbound/ui/sub_request_details_templ.go:130.33,132.5 1 0
air-cover/internal/adapters/inbound/ui/sub_request_details_templ.go:133.4,134.33 2 1
air-cover/internal/adapters/inbound/ui/sub_request_details_templ.go:134.33,136.5 1 0
air-cover/internal/adapters/inbound/ui/sub_request_details_templ.go:137.4,138.33 2 1
air-cover/internal/adapters/inbound/ui/sub_request_details_templ.go:138.33,140.5 1 0
air-cover/internal/adapters/inbound/ui/sub_request_details_templ.go:14.131,16.71 2 1
air-cover/internal/adapters/inbound/ui/sub_request_details_templ.go:141.28,144.34 3 1
air-cover/internal/adapters/inbound/ui/sub_request_details_templ.go:141.4,141.28 1 1
air-cover/internal/adapters/inbound/ui/sub_request_details_templ.go:144.34,146.6 1 0
air-cover/internal/adapters/inbound/ui/sub_request_details_templ.go:147.5,148.34 2 1
air-cover/internal/adapters/inbound/ui/sub_request_details_templ.go:148.34,150.6 1 0
air-cover/internal/adapters/inbound/ui/sub_request_details_templ.go:151.10,153.34 2 1
air-cover/internal/adapters/inbound/ui/sub_request_details_templ.go:153.34,155.6 1 0
air-cover/internal/adapters/inbound/ui/sub_request_details_templ.go:157.4,158.33 2 1
air-cover/internal/adapters/inbound/ui/sub_request_details_templ.go:158.33,160.5 1 0
air-cover/internal/adapters/inbound/ui/sub_request_details_templ.go:16.71,18.4 1 0
air-cover/internal/adapters/inbound/ui/sub_request_details_templ.go:161.4,163.33 3 1
air-cover/internal/adapters/inbound/ui/sub_request_details_templ.go:163.33,165.5 1 0
air-cover/internal/adapters/inbound/ui/sub_request_details_templ.go:166.4,167.33 2 1
air-cover/internal/adapters/inbound/ui/sub_request_details_templ.go:167.33,169.5 1 0
air-cover/internal/adapters/inbound/ui/sub_request_details_templ.go:170.4,171.33 2 1
air-cover/internal/adapters/inbound/ui/sub_request_details_templ.go:171.33,173.5 1 0
air-cover/internal/adapters/inbound/ui/sub_request_details_templ.go:174.4,176.33 3 1
air-cover/internal/adapters/inbound/ui/sub_request_details_templ.go:176.33,178.5 1 0
air-cover/internal/adapters/inbound/ui/sub_request_details_templ.go:179.4,180.33 2 1
air-cover/internal/adapters/inbound/ui/sub_request_details_templ.go:180.33,182.5 1 0
air-cover/internal/adapters/inbound/ui/sub_request_details_templ.go:183.4,184.33 2 1
air-cover/internal/adapters/inbound/ui/sub_request_details_templ.go:184.33,186.5 1 0
air-cover/internal/adapters/inbound/ui/sub_request_details_templ.go:187.4,189.33 3 1
air-cover/internal/adapters/inbound/ui/sub_request_details_templ.go:189.33,191.5 1 0
air-cover/internal/adapters/inbound/ui/sub_request_details_templ.go:19.3,20.31 2 1
air-cover/internal/adapters/inbound/ui/sub_request_details_templ.go:192.4,193.33 2 1
air-cover/internal/adapters/inbound/ui/sub_request_details_templ.go:193.33,195.5 1 0
air-cover/internal/adapters/inbound/ui/sub_request_details_templ.go:196.4,197.33 2 1
air-cover/internal/adapters/inbound/ui/sub_request_details_templ.go:197.33,199.5 1 0
air-cover/internal/adapters/inbound/ui/sub_request_details_templ.go:20.31,21.17 1 1
air-cover/internal/adapters/inbound/ui/sub_request_details_templ.go:200.23,203.34 3 1
air-cover/internal/adapters/inbound/ui/sub_request_details_templ.go:200.4,200.23 1 1
air-cover/internal/adapters/inbound/ui/sub_request_details_templ.go:203.34,205.6 1 0
air-cover/internal/adapters/inbound/ui/sub_request_details_templ.go:206.5,207.34 2 1
air-cover/internal/adapters/inbound/ui/sub_request_details_templ.go:207.34,209.6 1 0
air-cover/internal/adapters/inbound/ui/sub_request_details_templ.go:21.17,23.34 2 1
air-cover/internal/adapters/inbound/ui/sub_request_details_templ.go:210.10,212.34 2 1
air-cover/internal/adapters/inbound/ui/sub_request_details_templ.go:212.34,214.6 1 0
air-cover/internal/adapters/inbound/ui/sub_request_details_templ.go:216.4,217.33 2 1
air-cover/internal/adapters/inbound/ui/sub_request_details_templ.go:217.33,219.5 1 0
air-cover/internal/adapters/inbound/ui/sub_request_details_templ.go:220.4,220.53 1 1
air-cover/internal/adapters/inbound/ui/sub_request_details_templ.go:220.53,222.34 2 1
air-cover/internal/adapters/inbound/ui/sub_request_details_templ.go:222.34,224.6 1 0
air-cover/internal/adapters/inbound/ui/sub_request_details_templ.go:225.5,226.34 2 1
air-cover/internal/adapters/inbound/ui/sub_request_details_templ.go:226.34,228.6 1 0
air-cover/internal/adapters/inbound/ui/sub_request_details_templ.go:229.5,230.34 2 1
air-cover/internal/adapters/inbound/ui/sub_request_details_templ.go:23.34,25.6 1 1
air-cover/internal/adapters/inbound/ui/sub_request_details_templ.go:230.34,232.6 1 0
air-cover/internal/adapters/inbound/ui/sub_request_details_templ.go:234.4,235.33 2 1
air-cover/internal/adapters/inbound/ui/sub_request_details_templ.go:235.33,237.5 1 0
air-cover/internal/adapters/inbound/ui/sub_request_details_templ.go:238.4,239.33 2 1
air-cover/internal/adapters/inbound/ui/sub_request_details_templ.go:239.33,241.5 1 0
air-cover/internal/adapters/inbound/ui/sub_request_details_templ.go:242.4,242.14 1 1
air-cover/internal/adapters/inbound/ui/sub_request_details_templ.go:244.3,245.32 2 1
air-cover/internal/adapters/inbound/ui/sub_request_details_templ.go:245.32,247.4 1 0
air-cover/internal/adapters/inbound/ui/sub_request_details_templ.go:248.3,248.13 1 1
air-cover/internal/adapters/inbound/ui/sub_request_details_templ.go:28.3,30.33 3 1
air-cover/internal/adapters/inbound/ui/sub_request_details_templ.go:30.33,32.4 1 0
air-cover/internal/adapters/inbound/ui/sub_request_details_templ.go:33.3,34.148 2 1
air-cover/internal/adapters/inbound/ui/sub_request_details_templ.go:34.148,37.32 3 1
air-cover/internal/adapters/inbound/ui/sub_request_details_templ.go:37.32,38.18 1 0
air-cover/internal/adapters/inbound/ui/sub_request_details_templ.go:38.18,40.35 2 0
air-cover/internal/adapters/inbound/ui/sub_request_details_templ.go:40.35,42.7 1 0
air-cover/internal/adapters/inbound/ui/sub_request_details_templ.go:45.4,47.33 3 1
air-cover/internal/adapters/inbound/ui/sub_request_details_templ.go:47.33,49.5 1 0
air-cover/internal/adapters/inbound/ui/sub_request_details_templ.go:50.4,51.33 2 1
air-cover/internal/adapters/inbound/ui/sub_request_details_templ.go:51.33,53.5 1 0
air-cover/internal/adapters/inbound/ui/sub_request_details_templ.go:54.4,55.33 2 1
air-cover/internal/adapters/inbound/ui/sub_request_details_templ.go:55.33,57.5 1 0
air-cover/internal/adapters/inbound/ui/sub_request_details_templ.go:58.4,59.33 2 1
air-cover/internal/adapters/inbound/ui/sub_request_details_templ.go:59.33,61.5 1 0
air-cover/internal/adapters/inbound/ui/sub_request_details_templ.go:62.149,65.33 3 1
air-cover/internal/adapters/inbound/ui/sub_request_details_templ.go:62.4,62.149 1 1
air-cover/internal/adapters/inbound/ui/sub_request_details_templ.go:65.33,66.19 1 0
air-cover/internal/adapters/inbound/ui/sub_request_details_templ.go:66.19,68.36 2 0
air-cover/internal/adapters/inbound/ui/sub_request_details_templ.go:68.36,70.8 1 0
air-cover/internal/adapters/inbound/ui/sub_request_details_templ.go:73.5,75.34 3 1
air-cover/internal/adapters/inbound/ui/sub_request_details_templ.go:75.34,77.6 1 0
air-cover/internal/adapters/inbound/ui/sub_request_details_templ.go:78.16,80.35 2 1
air-cover/internal/adapters/inbound/ui/sub_request_details_templ.go:78.5,78.16 1 1
air-cover/internal/adapters/inbound/ui/sub_request_details_templ.go:80.35,82.7 1 0
air-cover/internal/adapters/inbound/ui/sub_request_details_templ.go:84.5,85.34 2 1
air-cover/internal/adapters/inbound/ui/sub_request_details_templ.go:85.34,87.6 1 0
air-cover/internal/adapters/inbound/ui/sub_request_details_templ.go:88.5,89.34 2 1
air-cover/internal/adapters/inbound/ui/sub_request_details_templ.go:89.34,91.6 1 0
air-cover/internal/adapters/inbound/ui/sub_request_details_templ.go:92.5,92.15 1 1
air-cover/internal/adapters/inbound/ui/sub_request_details_templ.go:94.4,95.33 2 1
air-cover/internal/adapters/inbound/ui/sub_request_details_templ.go:95.33,97.5 1 0
air-cover/internal/adapters/inbound/ui/sub_request_details_templ.go:98.4,99.33 2 1
air-cover/internal/adapters/inbound/ui/sub_request_details_templ.go:99.33,101.5 1 0
air-cover/internal/adapters/inbound/ui/unauthenticated_templ.go:11.54,12.131 1 1
air-cover/internal/adapters/inbound/ui/unauthenticated_templ.go:12.131,14.71 2 1
air-cover/internal/adapters/inbound/ui/unauthenticated_templ.go:14.71,16.4 1 0
air-cover/internal/adapters/inbound/ui/unauthenticated_templ.go:17.3,18.31 2 1
air-cover/internal/adapters/inbound/ui/unauthenticated_templ.go:18.31,19.17 1 1
air-cover/internal/adapters/inbound/ui/unauthenticated_templ.go:19.17,21.34 2 1
air-cover/internal/adapters/inbound/ui/unauthenticated_templ.go:21.34,23.6 1 1
air-cover/internal/adapters/inbound/ui/unauthenticated_templ.go:26.3,28.33 3 1
air-cover/internal/adapters/inbound/ui/unauthenticated_templ.go:28.33,30.4 1 0
air-cover/internal/adapters/inbound/ui/unauthenticated_templ.go:31.3,32.148 2 1
air-cover/internal/adapters/inbound/ui/unauthenticated_templ.go:32.148,35.32 3 1
air-cover/internal/adapters/inbound/ui/unauthenticated_templ.go:35.32,36.18 1 0
air-cover/internal/adapters/inbound/ui/unauthenticated_templ.go:36.18,38.35 2 0
air-cover/internal/adapters/inbound/ui/unauthenticated_templ.go:38.35,40.7 1 0
air-cover/internal/adapters/inbound/ui/unauthenticated_templ.go:43.4,45.33 3 1
air-cover/internal/adapters/inbound/ui/unauthenticated_templ.go:45.33,47.5 1 0
air-cover/internal/adapters/inbound/ui/unauthenticated_templ.go:48.17,50.34 2 1
air-cover/internal/adapters/inbound/ui/unauthenticated_templ.go:48.4,48.17 1 1
air-cover/internal/adapters/inbound/ui/unauthenticated_templ.go:50.34,52.6 1 0
air-cover/internal/adapters/inbound/ui/unauthenticated_templ.go:54.4,55.33 2 1
air-cover/internal/adapters/inbound/ui/unauthenticated_templ.go:55.33,57.5 1 0
air-cover/internal/adapters/inbound/ui/unauthenticated_templ.go:58.4,58.14 1 1
air-cover/internal/adapters/inbound/ui/unauthenticated_templ.go:60.3,61.32 2 1
air-cover/internal/adapters/inbound/ui/unauthenticated_templ.go:61.32,63.4 1 0
air-cover/internal/adapters/inbound/ui/unauthenticated_templ.go:64.3,64.13 1 1
air-cover/internal/adapters/outbound/authorization/casbin/authorizer.go:110.58,112.2 1 1
air-cover/internal/adapters/outbound/authorization/casbin/authorizer.go:114.66,115.20 1 1
air-cover/internal/adapters/outbound/authorization/casbin/authorizer.go:115.20,117.3 1 1
air-cover/internal/adapters/outbound/authorization/casbin/authorizer.go:118.2,119.9 2 1
air-cover/internal/adapters/outbound/authorization/casbin/authorizer.go:119.9,121.3 1 1
air-cover/internal/adapters/outbound/authorization/casbin/authorizer.go:122.2,123.9 2 1
air-cover/internal/adapters/outbound/authorization/casbin/authorizer.go:123.9,125.3 1 1
air-cover/internal/adapters/outbound/authorization/casbin/authorizer.go:126.2,127.9 2 1
air-cover/internal/adapters/outbound/authorization/casbin/authorizer.go:127.9,129.3 1 1
air-cover/internal/adapters/outbound/authorization/casbin/authorizer.go:130.2,130.50 1 1
air-cover/internal/adapters/outbound/authorization/casbin/authorizer.go:133.94,134.14 1 1
air-cover/internal/adapters/outbound/authorization/casbin/authorizer.go:135.17,136.26 1 1
air-cover/internal/adapters/outbound/authorization/casbin/authorizer.go:137.37,138.54 1 1
air-cover/internal/adapters/outbound/authorization/casbin/authorizer.go:139.24,140.41 1 1
air-cover/internal/adapters/outbound/authorization/casbin/authorizer.go:141.24,142.41 1 1
air-cover/internal/adapters/outbound/authorization/casbin/authorizer.go:143.17,144.34 1 1
air-cover/internal/adapters/outbound/authorization/casbin/authorizer.go:145.10,146.15 1 1
air-cover/internal/adapters/outbound/authorization/casbin/authorizer.go:150.47,152.2 1 1
air-cover/internal/adapters/outbound/authorization/casbin/authorizer.go:154.95,156.2 1 1
air-cover/internal/adapters/outbound/authorization/casbin/authorizer.go:158.82,160.2 1 1
[...]
air-cover/internal/app/authorization/authorization.go:96.24,97.89 1 1
air-cover/internal/app/authorization/authorization.go:98.30,99.59 1 1
air-cover/internal/app/bootstrap/service.go:22.43,24.2 1 1
air-cover/internal/app/bootstrap/service.go:26.77,27.17 1 1
air-cover/internal/app/bootstrap/service.go:27.17,29.3 1 1
air-cover/internal/app/bootstrap/service.go:30.2,31.43 2 1
air-cover/internal/app/bootstrap/service.go:31.43,33.84 2 1
air-cover/internal/app/bootstrap/service.go:33.84,35.4 1 1
air-cover/internal/app/bootstrap/service.go:36.3,36.13 1 1
air-cover/internal/app/bootstrap/service.go:38.16,40.3 1 1
air-cover/internal/app/bootstrap/service.go:38.2,38.16 1 1
air-cover/internal/app/bootstrap/service.go:41.2,41.12 1 1
air-cover/internal/app/contracttest/repository.go:100.46,102.3 1 1
air-cover/internal/app/contracttest/repository.go:105.100,106.46 1 1
air-cover/internal/app/contracttest/repository.go:106.46,108.3 1 1
air-cover/internal/app/contracttest/repository.go:111.72,112.46 1 1
air-cover/internal/app/contracttest/repository.go:112.46,114.3 1 1
air-cover/internal/app/contracttest/repository.go:117.72,118.16 1 1
air-cover/internal/app/contracttest/repository.go:118.16,120.3 1 1
air-cover/internal/app/contracttest/repository.go:121.15,123.23 2 1
air-cover/internal/app/contracttest/repository.go:121.2,121.15 1 1
air-cover/internal/app/contracttest/repository.go:123.23,125.4 1 1
air-cover/internal/app/contracttest/repository.go:126.3,126.26 1 1
air-cover/internal/app/contracttest/repository.go:129.2,130.12 2 1
air-cover/internal/app/contracttest/repository.go:133.60,137.2 3 1
air-cover/internal/app/contracttest/repository.go:139.68,143.2 3 1
air-cover/internal/app/contracttest/repository.go:145.60,158.2 11 1
air-cover/internal/app/contracttest/repository.go:160.68,177.2 15 1
air-cover/internal/app/contracttest/repository.go:179.64,200.2 19 1
air-cover/internal/app/contracttest/repository.go:202.70,237.31 30 1
air-cover/internal/app/contracttest/repository.go:237.31,238.54 1 1
air-cover/internal/app/contracttest/repository.go:238.54,241.4 2 1
air-cover/internal/app/contracttest/repository.go:243.2,243.77 1 1
air-cover/internal/app/contracttest/repository.go:246.70,249.2 2 1
air-cover/internal/app/contracttest/repository.go:251.94,314.2 40 1
air-cover/internal/app/contracttest/repository.go:316.88,357.2 21 1
air-cover/internal/app/contracttest/repository.go:359.43,360.16 1 1
air-cover/internal/app/contracttest/repository.go:360.16,361.44 1 1
air-cover/internal/app/contracttest/repository.go:365.48,366.9 1 1
air-cover/internal/app/contracttest/repository.go:366.9,367.37 1 1
air-cover/internal/app/contracttest/repository.go:371.32,373.2 1 1
air-cover/internal/app/contracttest/repository.go:375.110,377.27 2 1
air-cover/internal/app/contracttest/repository.go:377.27,378.34 1 1
air-cover/internal/app/contracttest/repository.go:378.34,380.4 1 1
air-cover/internal/app/contracttest/repository.go:382.2,382.13 1 1
air-cover/internal/app/contracttest/repository.go:385.80,386.40 1 1
air-cover/internal/app/contracttest/repository.go:386.40,387.57 1 1
air-cover/internal/app/contracttest/repository.go:387.57,389.4 1 1
air-cover/internal/app/contracttest/repository.go:391.2,391.23 1 1
air-cover/internal/app/contracttest/repository.go:63.80,64.46 1 1
air-cover/internal/app/contracttest/repository.go:64.46,66.3 1 1
air-cover/internal/app/contracttest/repository.go:69.72,70.46 1 1
air-cover/internal/app/contracttest/repository.go:70.46,72.3 1 1
air-cover/internal/app/contracttest/repository.go:75.80,76.46 1 1
air-cover/internal/app/contracttest/repository.go:76.46,78.3 1 1
air-cover/internal/app/contracttest/repository.go:81.76,82.46 1 1
air-cover/internal/app/contracttest/repository.go:82.46,84.3 1 1
air-cover/internal/app/contracttest/repository.go:87.82,88.46 1 1
air-cover/internal/app/contracttest/repository.go:88.46,90.3 1 1
air-cover/internal/app/contracttest/repository.go:93.82,94.46 1 1
air-cover/internal/app/contracttest/repository.go:94.46,96.3 1 1
air-cover/internal/app/contracttest/repository.go:99.106,100.46 1 1
air-cover/internal/app/subrequests/service.go:133.30,135.2 1 1
air-cover/internal/app/subrequests/service.go:137.100,138.22 1 1
air-cover/internal/app/subrequests/service.go:138.22,140.3 1 1
air-cover/internal/app/subrequests/service.go:141.2,142.16 2 1
air-cover/internal/app/subrequests/service.go:142.16,144.3 1 1
air-cover/internal/app/subrequests/service.go:146.2,146.40 1 1
air-cover/internal/app/subrequests/service.go:146.40,148.3 1 1
air-cover/internal/app/subrequests/service.go:150.2,151.16 2 1
air-cover/internal/app/subrequests/service.go:151.16,153.3 1 1
air-cover/internal/app/subrequests/service.go:155.2,160.37 5 1
air-cover/internal/app/subrequests/service.go:160.37,163.17 3 1
air-cover/internal/app/subrequests/service.go:163.17,165.4 1 1
air-cover/internal/app/subrequests/service.go:166.3,176.18 2 1
air-cover/internal/app/subrequests/service.go:176.18,178.4 1 1
air-cover/internal/app/subrequests/service.go:178.9,180.4 1 1
air-cover/internal/app/subrequests/service.go:183.2,183.53 1 1
air-cover/internal/app/subrequests/service.go:183.53,185.3 1 1
air-cover/internal/app/subrequests/service.go:187.2,191.8 1 1
air-cover/internal/app/subrequests/service.go:194.95,196.16 2 1
air-cover/internal/app/subrequests/service.go:196.16,198.3 1 1
air-cover/internal/app/subrequests/service.go:200.2,201.16 2 1
air-cover/internal/app/subrequests/service.go:201.16,203.3 1 1
air-cover/internal/app/subrequests/service.go:205.2,207.16 3 1
air-cover/internal/app/subrequests/service.go:207.16,209.3 1 1
air-cover/internal/app/subrequests/service.go:210.2,219.8 1 1
air-cover/internal/app/subrequests/service.go:222.99,223.58 1 1
air-cover/internal/app/subrequests/service.go:223.58,225.3 1 1
air-cover/internal/app/subrequests/service.go:227.2,237.57 3 1
air-cover/internal/app/subrequests/service.go:237.57,239.3 1 1
air-cover/internal/app/subrequests/service.go:240.2,241.12 2 1
air-cover/internal/app/subrequests/service.go:244.114,245.23 1 1
air-cover/internal/app/subrequests/service.go:245.23,247.3 1 1
air-cover/internal/app/subrequests/service.go:248.2,249.16 2 1
air-cover/internal/app/subrequests/service.go:249.16,252.3 2 1
air-cover/internal/app/subrequests/service.go:253.2,258.17 1 1
air-cover/internal/app/subrequests/service.go:258.17,260.3 1 1
air-cover/internal/app/subrequests/service.go:263.85,265.9 2 1
air-cover/internal/app/subrequests/service.go:266.25,267.30 1 1
air-cover/internal/app/subrequests/service.go:268.35,269.30 1 1
air-cover/internal/app/subrequests/service.go:270.101,271.30 1 1
air-cover/internal/app/subrequests/service.go:272.47,273.30 1 1
air-cover/internal/app/subrequests/service.go:276.2,276.22 1 1
air-cover/internal/app/subrequests/service.go:276.22,278.3 1 1
air-cover/internal/app/subrequests/service.go:279.2,280.16 2 1
air-cover/internal/app/subrequests/service.go:280.16,282.3 1 1
air-cover/internal/app/subrequests/service.go:283.2,283.38 1 1
air-cover/internal/app/subrequests/service.go:283.38,285.3 1 1
air-cover/internal/app/subrequests/service.go:286.2,286.12 1 1
air-cover/internal/app/subrequests/service.go:289.88,291.16 2 1
air-cover/internal/app/subrequests/service.go:291.16,293.3 1 1
air-cover/internal/app/subrequests/service.go:294.125,296.3 1 1
air-cover/internal/app/subrequests/service.go:294.2,294.125 1 1
air-cover/internal/app/subrequests/service.go:297.2,297.57 1 1
air-cover/internal/app/subrequests/service.go:297.57,299.3 1 1
air-cover/internal/app/subrequests/service.go:300.2,300.12 1 1
air-cover/internal/app/subrequests/service.go:303.108,304.21 1 1
air-cover/internal/app/subrequests/service.go:304.21,306.3 1 1
air-cover/internal/app/subrequests/service.go:308.2,309.16 2 1
air-cover/internal/app/subrequests/service.go:309.16,311.3 1 1
air-cover/internal/app/subrequests/service.go:31.60,38.2 1 1
air-cover/internal/app/subrequests/service.go:313.2,313.16 1 1
air-cover/internal/app/subrequests/service.go:314.18,315.30 1 1
air-cover/internal/app/subrequests/service.go:315.30,317.4 1 1
air-cover/internal/app/subrequests/service.go:318.124,320.4 1 1
air-cover/internal/app/subrequests/service.go:318.3,318.124 1 1
air-cover/internal/app/subrequests/service.go:321.3,321.76 1 1
air-cover/internal/app/subrequests/service.go:321.76,323.4 1 1
air-cover/internal/app/subrequests/service.go:324.3,324.35 1 1
air-cover/internal/app/subrequests/service.go:325.20,326.126 1 1
air-cover/internal/app/subrequests/service.go:326.126,328.4 1 1
air-cover/internal/app/subrequests/service.go:329.3,330.24 2 1
air-cover/internal/app/subrequests/service.go:330.24,332.4 1 1
air-cover/internal/app/subrequests/service.go:333.3,333.78 1 1
air-cover/internal/app/subrequests/service.go:333.78,335.4 1 1
air-cover/internal/app/subrequests/service.go:336.3,336.40 1 1
air-cover/internal/app/subrequests/service.go:338.2,338.12 1 1
air-cover/internal/app/subrequests/service.go:341.145,343.2 1 1
air-cover/internal/app/subrequests/service.go:345.138,350.16 4 1
air-cover/internal/app/subrequests/service.go:350.16,352.3 1 1
air-cover/internal/app/subrequests/service.go:353.2,354.29 2 1
air-cover/internal/app/subrequests/service.go:354.29,356.17 2 1
air-cover/internal/app/subrequests/service.go:356.17,358.4 1 1
air-cover/internal/app/subrequests/service.go:360.2,361.16 2 1
air-cover/internal/app/subrequests/service.go:361.16,363.3 1 1
air-cover/internal/app/subrequests/service.go:365.2,369.8 1 1
air-cover/internal/app/subrequests/service.go:372.151,374.16 2 1
air-cover/internal/app/subrequests/service.go:374.16,376.3 1 1
air-cover/internal/app/subrequests/service.go:377.2,377.44 1 1
air-cover/internal/app/subrequests/service.go:377.44,379.3 1 1
air-cover/internal/app/subrequests/service.go:380.2,380.78 1 1
air-cover/internal/app/subrequests/service.go:383.70,384.23 1 1
air-cover/internal/app/subrequests/service.go:384.23,386.3 1 1
air-cover/internal/app/subrequests/service.go:387.2,388.16 2 1
air-cover/internal/app/subrequests/service.go:388.16,391.3 2 1
air-cover/internal/app/subrequests/service.go:392.2,393.16 2 1
air-cover/internal/app/subrequests/service.go:393.16,396.3 2 1
air-cover/internal/app/subrequests/service.go:397.2,403.17 1 1
air-cover/internal/app/subrequests/service.go:40.50,42.2 1 1
air-cover/internal/app/subrequests/service.go:403.17,405.3 1 1
air-cover/internal/app/subrequests/service.go:408.115,410.16 2 1
air-cover/internal/app/subrequests/service.go:410.16,413.3 2 1
air-cover/internal/app/subrequests/service.go:414.2,414.27 1 1
air-cover/internal/app/subrequests/service.go:414.27,417.3 2 1
air-cover/internal/app/subrequests/service.go:418.2,419.16 2 1
air-cover/internal/app/subrequests/service.go:419.16,422.3 2 1
air-cover/internal/app/subrequests/service.go:423.2,429.3 1 1
air-cover/internal/app/subrequests/service.go:432.94,433.47 1 1
air-cover/internal/app/subrequests/service.go:433.47,435.3 1 1
air-cover/internal/app/subrequests/service.go:436.2,436.65 1 1
air-cover/internal/app/subrequests/service.go:436.65,438.3 1 1
air-cover/internal/app/subrequests/service.go:44.70,45.23 1 1
air-cover/internal/app/subrequests/service.go:441.42,442.43 1 1
air-cover/internal/app/subrequests/service.go:442.43,444.3 1 1
air-cover/internal/app/subrequests/service.go:445.2,445.43 1 1
air-cover/internal/app/subrequests/service.go:445.43,447.3 1 1
air-cover/internal/app/subrequests/service.go:448.2,448.12 1 1
air-cover/internal/app/subrequests/service.go:45.23,47.3 1 1
air-cover/internal/app/subrequests/service.go:451.61,453.29 2 1
air-cover/internal/app/subrequests/service.go:453.29,455.17 2 1
air-cover/internal/app/subrequests/service.go:455.17,456.12 1 1
air-cover/internal/app/subrequests/service.go:458.3,458.27 1 1
air-cover/internal/app/subrequests/service.go:460.2,460.16 1 1
air-cover/internal/app/subrequests/service.go:463.59,464.43 1 1
air-cover/internal/app/subrequests/service.go:464.43,466.3 1 1
air-cover/internal/app/subrequests/service.go:467.2,467.23 1 1
air-cover/internal/app/subrequests/service.go:470.81,471.22 1 1
air-cover/internal/app/subrequests/service.go:471.22,473.3 1 1
air-cover/internal/app/subrequests/service.go:474.2,475.16 2 1
air-cover/internal/app/subrequests/service.go:475.16,477.3 1 1
air-cover/internal/app/subrequests/service.go:478.2,478.54 1 1
air-cover/internal/app/subrequests/service.go:481.59,482.29 1 1
air-cover/internal/app/subrequests/service.go:482.29,484.17 2 1
air-cover/internal/app/subrequests/service.go:484.17,485.12 1 1
air-cover/internal/app/subrequests/service.go:487.19,489.4 1 1
air-cover/internal/app/subrequests/service.go:487.3,487.19 1 1
air-cover/internal/app/subrequests/service.go:491.2,491.14 1 1
air-cover/internal/app/subrequests/service.go:494.35,495.22 1 1
air-cover/internal/app/subrequests/service.go:495.22,497.3 1 1
air-cover/internal/app/subrequests/service.go:498.2,498.19 1 1
air-cover/internal/cmd/migrate.go:25.47,27.3 1 1
air-cover/internal/cmd/migrate.go:33.47,35.3 1 1
air-cover/internal/cmd/migrate.go:41.47,43.3 1 1
air-cover/internal/cmd/migrate.go:49.47,51.3 1 1
air-cover/internal/cmd/migrate.go:54.52,56.16 2 1
air-cover/internal/cmd/migrate.go:56.16,59.3 2 1
air-cover/internal/cmd/migrate.go:61.2,64.16 3 1
air-cover/internal/cmd/migrate.go:64.16,67.3 2 1
air-cover/internal/cmd/migrate.go:68.2,70.62 2 1
air-cover/internal/cmd/migrate.go:70.62,73.3 2 1
air-cover/internal/cmd/migrate.go:75.2,75.65 1 1
air-cover/internal/cmd/migrate.go:78.13,84.2 5 1
air-cover/internal/cmd/root.go:17.16,18.42 1 1
air-cover/internal/cmd/root.go:18.42,20.3 1 1
air-cover/internal/cmd/server.go:103.37,107.87 1 1
air-cover/internal/cmd/server.go:107.87,109.4 1 1
air-cover/internal/cmd/server.go:110.74,112.4 1 1
air-cover/internal/cmd/server.go:113.64,113.110 1 1
air-cover/internal/cmd/server.go:114.103,116.4 1 1
air-cover/internal/cmd/server.go:119.96,121.4 1 1
air-cover/internal/cmd/server.go:122.67,124.4 1 1
air-cover/internal/cmd/server.go:125.126,127.4 1 1
air-cover/internal/cmd/server.go:128.56,137.4 2 1
air-cover/internal/cmd/server.go:138.74,140.4 1 1
air-cover/internal/cmd/server.go:141.46,143.4 1 1
air-cover/internal/cmd/server.go:144.85,146.4 1 1
air-cover/internal/cmd/server.go:147.72,149.4 1 1
air-cover/internal/cmd/server.go:158.47,159.61 1 1
air-cover/internal/cmd/server.go:159.61,162.4 2 1
air-cover/internal/cmd/server.go:166.59,168.16 2 1
air-cover/internal/cmd/server.go:168.16,170.3 1 1
air-cover/internal/cmd/server.go:172.2,175.16 3 1
air-cover/internal/cmd/server.go:175.16,177.3 1 1
air-cover/internal/cmd/server.go:178.2,178.27 1 1
air-cover/internal/cmd/server.go:178.27,180.3 1 1
air-cover/internal/cmd/server.go:181.2,181.27 1 1
air-cover/internal/cmd/server.go:181.27,183.16 2 1
air-cover/internal/cmd/server.go:183.16,184.88 1 1
air-cover/internal/cmd/server.go:184.88,186.5 1 1
air-cover/internal/cmd/server.go:190.132,192.3 1 1
air-cover/internal/cmd/server.go:190.2,190.132 1 1
air-cover/internal/cmd/server.go:194.2,198.64 4 1
air-cover/internal/cmd/server.go:198.64,200.3 1 1
air-cover/internal/cmd/server.go:201.2,201.12 1 1
air-cover/internal/cmd/server.go:204.83,205.21 1 1
air-cover/internal/cmd/server.go:205.21,207.3 1 1
air-cover/internal/cmd/server.go:209.2,210.12 2 1
air-cover/internal/cmd/server.go:210.12,213.3 2 1
air-cover/internal/cmd/server.go:215.18,218.3 2 1
air-cover/internal/cmd/server.go:215.2,215.18 1 1
air-cover/internal/cmd/server.go:220.2,223.9 3 1
air-cover/internal/cmd/server.go:224.17,225.13 1 1
air-cover/internal/cmd/server.go:226.17,227.34 1 1
air-cover/internal/cmd/server.go:231.87,233.16 2 1
air-cover/internal/cmd/server.go:233.16,235.3 1 1
air-cover/internal/cmd/server.go:236.2,237.15 2 1
air-cover/internal/cmd/server.go:237.15,238.20 1 1
air-cover/internal/cmd/server.go:238.20,240.4 1 1
air-cover/internal/cmd/server.go:243.2,247.16 5 1
air-cover/internal/cmd/server.go:247.16,249.3 1 1
air-cover/internal/cmd/server.go:250.2,263.8 3 1
air-cover/internal/cmd/server.go:266.73,277.2 6 1
air-cover/internal/cmd/server.go:279.102,294.2 6 1
air-cover/internal/cmd/server.go:296.82,298.9 2 1
air-cover/internal/cmd/server.go:298.9,300.3 1 1
air-cover/internal/cmd/server.go:301.12,304.50 3 1
air-cover/internal/cmd/server.go:301.2,301.12 1 1
air-cover/internal/cmd/server.go:304.50,306.4 1 1
air-cover/internal/cmd/server.go:310.76,315.12 4 1
air-cover/internal/cmd/server.go:315.12,317.3 1 1
air-cover/internal/cmd/server.go:319.2,319.9 1 1
air-cover/internal/cmd/server.go:320.26,321.58 1 1
air-cover/internal/cmd/server.go:321.58,323.4 1 1
air-cover/internal/cmd/server.go:324.3,324.13 1 1
air-cover/internal/cmd/server.go:325.20,326.9 1 1
air-cover/internal/cmd/server.go:329.2,332.65 3 1
air-cover/internal/cmd/server.go:332.65,334.3 1 1
air-cover/internal/cmd/server.go:336.2,336.9 1 1
air-cover/internal/cmd/server.go:337.26,338.58 1 1
air-cover/internal/cmd/server.go:338.58,340.4 1 1
air-cover/internal/cmd/server.go:341.3,341.13 1 1
air-cover/internal/cmd/server.go:342.28,343.27 1 1
air-cover/internal/cmd/server.go:347.13,354.2 4 1
air-cover/internal/cmd/server.go:36.51,38.3 1 1
air-cover/internal/domain/subrequest.go:26.41,28.2 1 1
air-cover/internal/domain/subrequest.go:30.48,31.28 1 1
air-cover/internal/domain/subrequest.go:31.28,33.3 1 1
air-cover/internal/domain/subrequest.go:34.2,34.29 1 1
air-cover/internal/domain/subrequest.go:37.47,39.2 1 1
air-cover/internal/domain/user.go:12.28,14.2 1 1
air-cover/internal/domain/user.go:24.30,26.2 1 1
air-cover/internal/domain/user.go:34.37,36.2 1 1
air-cover/internal/platform/config/config.go:100.2,100.17 1 1
air-cover/internal/platform/config/config.go:103.62,106.29 3 1
air-cover/internal/platform/config/config.go:106.29,108.18 2 1
air-cover/internal/platform/config/config.go:108.18,109.12 1 1
air-cover/internal/platform/config/config.go:112.3,113.17 2 1
air-cover/internal/platform/config/config.go:113.17,115.12 2 1
air-cover/internal/platform/config/config.go:118.3,119.21 2 1
air-cover/internal/platform/config/config.go:119.21,121.4 1 1
air-cover/internal/platform/config/config.go:122.3,122.67 1 1
air-cover/internal/platform/config/config.go:124.2,124.21 1 1
air-cover/internal/platform/config/config.go:36.48,37.40 1 1
air-cover/internal/platform/config/config.go:37.40,39.3 1 1
air-cover/internal/platform/config/config.go:41.2,53.21 12 1
air-cover/internal/platform/config/config.go:53.21,55.17 2 1
air-cover/internal/platform/config/config.go:55.17,57.4 1 1
air-cover/internal/platform/config/config.go:58.3,58.15 1 1
air-cover/internal/platform/config/config.go:61.2,61.26 1 1
air-cover/internal/platform/config/config.go:61.26,64.17 3 1
air-cover/internal/platform/config/config.go:64.17,66.4 1 1
air-cover/internal/platform/config/config.go:69.16,71.54 1 1
air-cover/internal/platform/config/config.go:69.2,69.16 1 1
air-cover/internal/platform/config/config.go:71.54,73.4 1 1
air-cover/internal/platform/config/config.go:76.3,76.34 1 1
air-cover/internal/platform/config/config.go:76.34,78.4 1 1
air-cover/internal/platform/config/config.go:79.3,79.36 1 1
air-cover/internal/platform/config/config.go:79.36,81.4 1 1
air-cover/internal/platform/config/config.go:84.19,86.3 1 1
air-cover/internal/platform/config/config.go:84.2,84.19 1 1
air-cover/internal/platform/config/config.go:88.19,90.3 1 1
air-cover/internal/platform/config/config.go:88.2,88.19 1 1
air-cover/internal/platform/config/config.go:91.2,91.26 1 1
air-cover/internal/platform/config/config.go:91.26,93.3 1 1
air-cover/internal/platform/config/config.go:95.2,96.45 2 1
air-cover/internal/platform/config/config.go:96.45,98.3 1 1
air-cover/internal/platform/logger/logger.go:16.64,18.2 1 1
air-cover/internal/platform/logger/logger.go:21.49,24.16 3 1
air-cover/internal/platform/logger/logger.go:24.16,32.3 6 1
air-cover/internal/platform/logger/logger.go:32.8,34.3 1 1
air-cover/internal/platform/logger/logger.go:37.2,38.16 2 1
air-cover/internal/platform/logger/logger.go:38.16,41.3 1 1
air-cover/internal/platform/logger/logger.go:44.2,46.26 2 1
