mode: set
air-cover/cmd/aircover/main.go:5.13,7.2 1 1
air-cover/internal/adapters/inbound/http/api/admin_handlers.go:102.2,102.52 1 1
air-cover/internal/adapters/inbound/http/api/admin_handlers.go:105.114,114.12 6 1
air-cover/internal/adapters/inbound/http/api/admin_handlers.go:114.12,115.39 1 1
air-cover/internal/adapters/inbound/http/api/admin_handlers.go:115.39,119.4 3 1
air-cover/internal/adapters/inbound/http/api/admin_handlers.go:120.3,120.50 1 1
air-cover/internal/adapters/inbound/http/api/admin_handlers.go:120.50,123.4 2 1
air-cover/internal/adapters/inbound/http/api/admin_handlers.go:124.3,124.44 1 1
air-cover/internal/adapters/inbound/http/api/admin_handlers.go:124.44,126.4 1 1
air-cover/internal/adapters/inbound/http/api/admin_handlers.go:127.3,127.29 1 1
air-cover/internal/adapters/inbound/http/api/admin_handlers.go:130.2,134.61 2 1
air-cover/internal/adapters/inbound/http/api/admin_handlers.go:134.61,137.3 2 1
air-cover/internal/adapters/inbound/http/api/admin_handlers.go:138.2,140.28 3 1
air-cover/internal/adapters/inbound/http/api/admin_handlers.go:19.67,21.16 2 1
air-cover/internal/adapters/inbound/http/api/admin_handlers.go:21.16,25.3 3 1
air-cover/internal/adapters/inbound/http/api/admin_handlers.go:27.2,30.77 3 1
air-cover/internal/adapters/inbound/http/api/admin_handlers.go:30.77,32.3 1 1
air-cover/internal/adapters/inbound/http/api/admin_handlers.go:37.68,40.38 2 1
air-cover/internal/adapters/inbound/http/api/admin_handlers.go:40.38,44.3 3 1
air-cover/internal/adapters/inbound/http/api/admin_handlers.go:46.2,50.63 2 1
air-cover/internal/adapters/inbound/http/api/admin_handlers.go:50.63,51.43 1 1
air-cover/internal/adapters/inbound/http/api/admin_handlers.go:51.43,54.4 2 1
air-cover/internal/adapters/inbound/http/api/admin_handlers.go:55.3,57.9 3 1
air-cover/internal/adapters/inbound/http/api/admin_handlers.go:60.2,60.52 1 1
air-cover/internal/adapters/inbound/http/api/admin_handlers.go:65.78,67.9 2 1
air-cover/internal/adapters/inbound/http/api/admin_handlers.go:67.9,69.3 1 1
air-cover/internal/adapters/inbound/http/api/admin_handlers.go:71.2,72.9 2 1
air-cover/internal/adapters/inbound/http/api/admin_handlers.go:72.9,74.3 1 1
air-cover/internal/adapters/inbound/http/api/admin_handlers.go:76.2,76.71 1 1
air-cover/internal/adapters/inbound/http/api/admin_handlers.go:76.71,77.31 1 1
air-cover/internal/adapters/inbound/http/api/admin_handlers.go:77.31,79.4 1 1
air-cover/internal/adapters/inbound/http/api/admin_handlers.go:80.3,82.9 3 1
air-cover/internal/adapters/inbound/http/api/admin_handlers.go:85.12,88.3 2 1
air-cover/internal/adapters/inbound/http/api/admin_handlers.go:85.2,85.12 1 1
air-cover/internal/adapters/inbound/http/api/admin_handlers.go:90.2,90.37 1 1
air-cover/internal/adapters/inbound/http/api/admin_handlers.go:95.83,96.64 1 1
air-cover/internal/adapters/inbound/http/api/admin_handlers.go:96.64,100.3 3 1
air-cover/internal/adapters/inbound/http/api/api.gen.go:101.51,102.11 1 0
air-cover/internal/adapters/inbound/http/api/api.gen.go:103.13,104.14 1 0
air-cover/internal/adapters/inbound/http/api/api.gen.go:105.14,106.14 1 0
air-cover/internal/adapters/inbound/http/api/api.gen.go:107.10,108.15 1 0
air-cover/internal/adapters/inbound/http/api/api.gen.go:243.68,245.2 1 1
air-cover/internal/adapters/inbound/http/api/api.gen.go:249.73,251.2 1 1
air-cover/internal/adapters/inbound/http/api/api.gen.go:255.71,257.2 1 1
air-cover/internal/adapters/inbound/http/api/api.gen.go:261.78,263.2 1 1
air-cover/internal/adapters/inbound/http/api/api.gen.go:267.79,269.2 1 1
air-cover/internal/adapters/inbound/http/api/api.gen.go:273.106,275.2 1 1
air-cover/internal/adapters/inbound/http/api/api.gen.go:279.74,281.2 1 1
air-cover/internal/adapters/inbound/http/api/api.gen.go:285.80,287.2 1 1
air-cover/internal/adapters/inbound/http/api/api.gen.go:29.56,30.11 1 1
air-cover/internal/adapters/inbound/http/api/api.gen.go:291.92,293.2 1 1
air-cover/internal/adapters/inbound/http/api/api.gen.go:297.91,299.2 1 1
air-cover/internal/adapters/inbound/http/api/api.gen.go:303.74,305.2 1 1
air-cover/internal/adapters/inbound/http/api/api.gen.go:309.89,311.2 1 1
air-cover/internal/adapters/inbound/http/api/api.gen.go:31.12,32.14 1 1
air-cover/internal/adapters/inbound/http/api/api.gen.go:315.84,317.2 1 1
air-cover/internal/adapters/inbound/http/api/api.gen.go:329.80,331.88 1 1
air-cover/internal/adapters/inbound/http/api/api.gen.go:33.14,34.14 1 1
air-cover/internal/adapters/inbound/http/api/api.gen.go:331.88,333.3 1 1
air-cover/internal/adapters/inbound/http/api/api.gen.go:335.2,335.52 1 1
air-cover/internal/adapters/inbound/http/api/api.gen.go:335.52,337.3 1 1
air-cover/internal/adapters/inbound/http/api/api.gen.go:339.2,339.25 1 1
air-cover/internal/adapters/inbound/http/api/api.gen.go:343.85,345.88 1 1
air-cover/internal/adapters/inbound/http/api/api.gen.go:345.88,347.3 1 1
air-cover/internal/adapters/inbound/http/api/api.gen.go:349.2,349.52 1 1
air-cover/internal/adapters/inbound/http/api/api.gen.go:349.52,351.3 1 0
air-cover/internal/adapters/inbound/http/api/api.gen.go:35.10,36.15 1 1
air-cover/internal/adapters/inbound/http/api/api.gen.go:353.2,353.25 1 1
air-cover/internal/adapters/inbound/http/api/api.gen.go:357.83,359.88 1 1
air-cover/internal/adapters/inbound/http/api/api.gen.go:359.88,361.3 1 1
air-cover/internal/adapters/inbound/http/api/api.gen.go:363.2,363.52 1 1
air-cover/internal/adapters/inbound/http/api/api.gen.go:363.52,365.3 1 1
air-cover/internal/adapters/inbound/http/api/api.gen.go:367.2,367.25 1 1
air-cover/internal/adapters/inbound/http/api/api.gen.go:371.90,373.88 1 1
air-cover/internal/adapters/inbound/http/api/api.gen.go:373.88,375.3 1 1
air-cover/internal/adapters/inbound/http/api/api.gen.go:377.2,377.52 1 1
air-cover/internal/adapters/inbound/http/api/api.gen.go:377.52,379.3 1 1
air-cover/internal/adapters/inbound/http/api/api.gen.go:381.2,381.25 1 1
air-cover/internal/adapters/inbound/http/api/api.gen.go:385.91,387.88 1 1
air-cover/internal/adapters/inbound/http/api/api.gen.go:387.88,389.3 1 1
air-cover/internal/adapters/inbound/http/api/api.gen.go:391.2,391.52 1 1
air-cover/internal/adapters/inbound/http/api/api.gen.go:391.52,393.3 1 1
air-cover/internal/adapters/inbound/http/api/api.gen.go:395.2,395.25 1 1
air-cover/internal/adapters/inbound/http/api/api.gen.go:399.90,408.64 3 1
air-cover/internal/adapters/inbound/http/api/api.gen.go:408.65,410.3 0 1
air-cover/internal/adapters/inbound/http/api/api.gen.go:410.8,413.3 2 1
air-cover/internal/adapters/inbound/http/api/api.gen.go:415.2,416.16 2 1
air-cover/internal/adapters/inbound/http/api/api.gen.go:416.16,419.3 2 0
air-cover/internal/adapters/inbound/http/api/api.gen.go:421.2,421.88 1 1
air-cover/internal/adapters/inbound/http/api/api.gen.go:421.88,423.3 1 1
air-cover/internal/adapters/inbound/http/api/api.gen.go:425.2,425.52 1 1
air-cover/internal/adapters/inbound/http/api/api.gen.go:425.52,427.3 1 0
air-cover/internal/adapters/inbound/http/api/api.gen.go:429.2,429.25 1 1
air-cover/internal/adapters/inbound/http/api/api.gen.go:433.86,435.88 1 1
air-cover/internal/adapters/inbound/http/api/api.gen.go:435.88,437.3 1 1
air-cover/internal/adapters/inbound/http/api/api.gen.go:439.2,439.52 1 1
air-cover/internal/adapters/inbound/http/api/api.gen.go:439.52,441.3 1 1
air-cover/internal/adapters/inbound/http/api/api.gen.go:443.2,443.25 1 1
air-cover/internal/adapters/inbound/http/api/api.gen.go:447.92,449.88 1 1
air-cover/internal/adapters/inbound/http/api/api.gen.go:449.88,451.3 1 1
air-cover/internal/adapters/inbound/http/api/api.gen.go:453.2,453.52 1 1
air-cover/internal/adapters/inbound/http/api/api.gen.go:453.52,455.3 1 1
air-cover/internal/adapters/inbound/http/api/api.gen.go:457.2,457.25 1 1
air-cover/internal/adapters/inbound/http/api/api.gen.go:461.96,469.16 4 1
air-cover/internal/adapters/inbound/http/api/api.gen.go:469.16,472.3 2 0
air-cover/internal/adapters/inbound/http/api/api.gen.go:47.49,48.11 1 0
air-cover/internal/adapters/inbound/http/api/api.gen.go:474.2,474.88 1 1
air-cover/internal/adapters/inbound/http/api/api.gen.go:474.88,476.3 1 1
air-cover/internal/adapters/inbound/http/api/api.gen.go:478.2,478.52 1 1
air-cover/internal/adapters/inbound/http/api/api.gen.go:478.52,480.3 1 1
air-cover/internal/adapters/inbound/http/api/api.gen.go:482.2,482.25 1 1
air-cover/internal/adapters/inbound/http/api/api.gen.go:486.95,494.16 4 1
air-cover/internal/adapters/inbound/http/api/api.gen.go:49.38,50.14 1 0
air-cover/internal/adapters/inbound/http/api/api.gen.go:494.16,497.3 2 0
air-cover/internal/adapters/inbound/http/api/api.gen.go:499.2,499.88 1 1
air-cover/internal/adapters/inbound/http/api/api.gen.go:499.88,501.3 1 1
air-cover/internal/adapters/inbound/http/api/api.gen.go:503.2,503.52 1 1
air-cover/internal/adapters/inbound/http/api/api.gen.go:503.52,505.3 1 1
air-cover/internal/adapters/inbound/http/api/api.gen.go:507.2,507.25 1 1
air-cover/internal/adapters/inbound/http/api/api.gen.go:51.39,52.14 1 0
air-cover/internal/adapters/inbound/http/api/api.gen.go:511.86,513.88 1 1
air-cover/internal/adapters/inbound/http/api/api.gen.go:513.88,515.3 1 1
air-cover/internal/adapters/inbound/http/api/api.gen.go:517.2,517.52 1 1
air-cover/internal/adapters/inbound/http/api/api.gen.go:517.52,519.3 1 0
air-cover/internal/adapters/inbound/http/api/api.gen.go:521.2,521.25 1 1
air-cover/internal/adapters/inbound/http/api/api.gen.go:525.101,527.88 1 0
air-cover/internal/adapters/inbound/http/api/api.gen.go:527.88,529.3 1 0
air-cover/internal/adapters/inbound/http/api/api.gen.go:53.10,54.15 1 0
air-cover/internal/adapters/inbound/http/api/api.gen.go:531.2,531.52 1 0
air-cover/internal/adapters/inbound/http/api/api.gen.go:531.52,533.3 1 0
air-cover/internal/adapters/inbound/http/api/api.gen.go:535.2,535.25 1 0
air-cover/internal/adapters/inbound/http/api/api.gen.go:539.88,547.16 4 1
air-cover/internal/adapters/inbound/http/api/api.gen.go:547.16,550.3 2 0
air-cover/internal/adapters/inbound/http/api/api.gen.go:552.2,552.88 1 1
air-cover/internal/adapters/inbound/http/api/api.gen.go:552.88,554.3 1 1
air-cover/internal/adapters/inbound/http/api/api.gen.go:556.2,556.52 1 1
air-cover/internal/adapters/inbound/http/api/api.gen.go:556.52,558.3 1 1
air-cover/internal/adapters/inbound/http/api/api.gen.go:560.2,560.25 1 1
air-cover/internal/adapters/inbound/http/api/api.gen.go:568.52,570.2 1 1
air-cover/internal/adapters/inbound/http/api/api.gen.go:572.52,574.2 1 1
air-cover/internal/adapters/inbound/http/api/api.gen.go:581.49,583.2 1 1
air-cover/internal/adapters/inbound/http/api/api.gen.go:585.49,587.2 1 1
air-cover/internal/adapters/inbound/http/api/api.gen.go:593.45,595.2 1 1
air-cover/internal/adapters/inbound/http/api/api.gen.go:602.46,604.2 1 1
air-cover/internal/adapters/inbound/http/api/api.gen.go:606.46,608.2 1 1
air-cover/internal/adapters/inbound/http/api/api.gen.go:615.50,617.2 1 1
air-cover/internal/adapters/inbound/http/api/api.gen.go:619.50,621.2 1 1
air-cover/internal/adapters/inbound/http/api/api.gen.go:628.53,630.2 1 1
air-cover/internal/adapters/inbound/http/api/api.gen.go:633.47,635.2 1 1
air-cover/internal/adapters/inbound/http/api/api.gen.go:645.68,649.2 1 1
air-cover/internal/adapters/inbound/http/api/api.gen.go:65.47,66.11 1 0
air-cover/internal/adapters/inbound/http/api/api.gen.go:651.95,656.2 1 1
air-cover/internal/adapters/inbound/http/api/api.gen.go:659.84,662.14 2 1
air-cover/internal/adapters/inbound/http/api/api.gen.go:662.14,664.3 1 1
air-cover/internal/adapters/inbound/http/api/api.gen.go:665.2,665.37 1 1
air-cover/internal/adapters/inbound/http/api/api.gen.go:665.37,666.86 1 1
air-cover/internal/adapters/inbound/http/api/api.gen.go:666.86,668.4 1 1
air-cover/internal/adapters/inbound/http/api/api.gen.go:67.36,68.14 1 0
air-cover/internal/adapters/inbound/http/api/api.gen.go:670.2,676.29 2 1
air-cover/internal/adapters/inbound/http/api/api.gen.go:676.29,678.3 1 1
air-cover/internal/adapters/inbound/http/api/api.gen.go:679.2,679.29 1 1
air-cover/internal/adapters/inbound/http/api/api.gen.go:679.29,681.3 1 1
air-cover/internal/adapters/inbound/http/api/api.gen.go:682.2,682.29 1 1
air-cover/internal/adapters/inbound/http/api/api.gen.go:682.29,684.3 1 1
air-cover/internal/adapters/inbound/http/api/api.gen.go:685.2,685.29 1 1
air-cover/internal/adapters/inbound/http/api/api.gen.go:685.29,687.3 1 1
air-cover/internal/adapters/inbound/http/api/api.gen.go:688.2,688.29 1 1
air-cover/internal/adapters/inbound/http/api/api.gen.go:688.29,690.3 1 1
air-cover/internal/adapters/inbound/http/api/api.gen.go:69.37,70.14 1 0
air-cover/internal/adapters/inbound/http/api/api.gen.go:691.2,691.29 1 1
air-cover/internal/adapters/inbound/http/api/api.gen.go:691.29,693.3 1 1
air-cover/internal/adapters/inbound/http/api/api.gen.go:694.2,694.29 1 1
air-cover/internal/adapters/inbound/http/api/api.gen.go:694.29,696.3 1 1
air-cover/internal/adapters/inbound/http/api/api.gen.go:697.2,697.29 1 1
air-cover/internal/adapters/inbound/http/api/api.gen.go:697.29,699.3 1 1
air-cover/internal/adapters/inbound/http/api/api.gen.go:700.2,700.29 1 1
air-cover/internal/adapters/inbound/http/api/api.gen.go:700.29,702.3 1 1
air-cover/internal/adapters/inbound/http/api/api.gen.go:703.2,703.29 1 1
air-cover/internal/adapters/inbound/http/api/api.gen.go:703.29,705.3 1 1
air-cover/internal/adapters/inbound/http/api/api.gen.go:706.2,706.29 1 1
air-cover/internal/adapters/inbound/http/api/api.gen.go:706.29,708.3 1 1
air-cover/internal/adapters/inbound/http/api/api.gen.go:709.2,709.29 1 1
air-cover/internal/adapters/inbound/http/api/api.gen.go:709.29,711.3 1 1
air-cover/internal/adapters/inbound/http/api/api.gen.go:71.10,72.15 1 0
air-cover/internal/adapters/inbound/http/api/api.gen.go:712.2,712.29 1 1
air-cover/internal/adapters/inbound/http/api/api.gen.go:712.29,714.3 1 1
air-cover/internal/adapters/inbound/http/api/api.gen.go:716.2,716.10 1 1
air-cover/internal/adapters/inbound/http/api/api.gen.go:746.35,748.16 2 1
air-cover/internal/adapters/inbound/http/api/api.gen.go:748.16,750.3 1 1
air-cover/internal/adapters/inbound/http/api/api.gen.go:751.2,752.16 2 1
air-cover/internal/adapters/inbound/http/api/api.gen.go:752.16,754.3 1 1
air-cover/internal/adapters/inbound/http/api/api.gen.go:755.2,757.16 3 1
air-cover/internal/adapters/inbound/http/api/api.gen.go:757.16,759.3 1 0
air-cover/internal/adapters/inbound/http/api/api.gen.go:761.2,761.25 1 1
air-cover/internal/adapters/inbound/http/api/api.gen.go:767.48,769.32 2 1
air-cover/internal/adapters/inbound/http/api/api.gen.go:769.32,771.3 1 1
air-cover/internal/adapters/inbound/http/api/api.gen.go:775.73,777.25 2 1
air-cover/internal/adapters/inbound/http/api/api.gen.go:777.25,779.3 1 1
air-cover/internal/adapters/inbound/http/api/api.gen.go:781.2,781.12 1 1
air-cover/internal/adapters/inbound/http/api/api.gen.go:789.52,794.87 4 1
air-cover/internal/adapters/inbound/http/api/api.gen.go:794.87,798.10 4 0
air-cover/internal/adapters/inbound/http/api/api.gen.go:798.10,801.4 2 0
air-cover/internal/adapters/inbound/http/api/api.gen.go:802.3,802.19 1 0
air-cover/internal/adapters/inbound/http/api/api.gen.go:804.2,806.16 3 1
air-cover/internal/adapters/inbound/http/api/api.gen.go:806.16,808.3 1 1
air-cover/internal/adapters/inbound/http/api/api.gen.go:809.2,810.16 2 1
air-cover/internal/adapters/inbound/http/api/api.gen.go:810.16,812.3 1 0
air-cover/internal/adapters/inbound/http/api/api.gen.go:813.2,813.8 1 1
air-cover/internal/adapters/inbound/http/api/api.gen.go:83.56,84.11 1 0
air-cover/internal/adapters/inbound/http/api/api.gen.go:85.13,86.14 1 0
air-cover/internal/adapters/inbound/http/api/api.gen.go:87.12,88.14 1 0
air-cover/internal/adapters/inbound/http/api/api.gen.go:89.10,90.15 1 0
air-cover/internal/adapters/inbound/http/api/auth.go:101.93,102.20 1 1
air-cover/internal/adapters/inbound/http/api/auth.go:102.20,105.3 2 1
air-cover/internal/adapters/inbound/http/api/auth.go:107.2,111.16 4 1
air-cover/internal/adapters/inbound/http/api/auth.go:111.16,113.50 2 1
air-cover/internal/adapters/inbound/http/api/auth.go:113.50,115.4 1 1
air-cover/internal/adapters/inbound/http/api/auth.go:115.9,117.4 1 1
air-cover/internal/adapters/inbound/http/api/auth.go:118.3,118.9 1 1
air-cover/internal/adapters/inbound/http/api/auth.go:121.2,123.44 2 1
air-cover/internal/adapters/inbound/http/api/auth.go:126.76,128.9 2 1
air-cover/internal/adapters/inbound/http/api/auth.go:128.9,131.3 2 1
air-cover/internal/adapters/inbound/http/api/auth.go:133.2,134.51 2 1
air-cover/internal/adapters/inbound/http/api/auth.go:134.51,138.3 3 1
air-cover/internal/adapters/inbound/http/api/auth.go:140.2,142.44 2 1
air-cover/internal/adapters/inbound/http/api/auth.go:153.70,154.71 1 1
air-cover/internal/adapters/inbound/http/api/auth.go:154.71,156.17 2 1
air-cover/internal/adapters/inbound/http/api/auth.go:156.17,159.4 2 1
air-cover/internal/adapters/inbound/http/api/auth.go:161.3,163.17 3 1
air-cover/internal/adapters/inbound/http/api/auth.go:163.17,166.4 2 1
air-cover/internal/adapters/inbound/http/api/auth.go:168.3,171.40 4 1
air-cover/internal/adapters/inbound/http/api/auth.go:175.90,176.31 1 1
air-cover/internal/adapters/inbound/http/api/auth.go:176.31,178.3 1 1
air-cover/internal/adapters/inbound/http/api/auth.go:179.2,180.19 2 1
air-cover/internal/adapters/inbound/http/api/auth.go:183.44,184.31 1 1
air-cover/internal/adapters/inbound/http/api/auth.go:184.31,186.3 1 1
air-cover/internal/adapters/inbound/http/api/auth.go:187.2,188.9 2 1
air-cover/internal/adapters/inbound/http/api/auth.go:188.9,190.3 1 1
air-cover/internal/adapters/inbound/http/api/auth.go:191.2,191.46 1 1
air-cover/internal/adapters/inbound/http/api/auth.go:194.44,195.66 1 1
air-cover/internal/adapters/inbound/http/api/auth.go:195.66,197.3 1 1
air-cover/internal/adapters/inbound/http/api/auth.go:198.2,198.15 1 1
air-cover/internal/adapters/inbound/http/api/auth.go:201.98,211.2 1 1
air-cover/internal/adapters/inbound/http/api/auth.go:213.65,223.2 1 1
air-cover/internal/adapters/inbound/http/api/auth.go:225.44,227.2 1 1
air-cover/internal/adapters/inbound/http/api/auth.go:229.68,230.71 1 1
air-cover/internal/adapters/inbound/http/api/auth.go:230.71,232.38 2 1
air-cover/internal/adapters/inbound/http/api/auth.go:232.38,235.4 2 1
air-cover/internal/adapters/inbound/http/api/auth.go:236.3,236.23 1 1
air-cover/internal/adapters/inbound/http/api/auth.go:240.105,241.66 1 1
air-cover/internal/adapters/inbound/http/api/auth.go:241.66,244.3 2 1
air-cover/internal/adapters/inbound/http/api/auth.go:245.2,245.44 1 1
air-cover/internal/adapters/inbound/http/api/auth.go:35.55,39.2 3 1
air-cover/internal/adapters/inbound/http/api/auth.go:41.75,47.56 4 1
air-cover/internal/adapters/inbound/http/api/auth.go:47.56,49.62 2 1
air-cover/internal/adapters/inbound/http/api/auth.go:49.62,52.4 2 1
air-cover/internal/adapters/inbound/http/api/auth.go:53.3,53.31 1 1
air-cover/internal/adapters/inbound/http/api/auth.go:54.8,55.39 1 1
air-cover/internal/adapters/inbound/http/api/auth.go:55.39,58.4 2 1
air-cover/internal/adapters/inbound/http/api/auth.go:59.3,59.34 1 1
air-cover/internal/adapters/inbound/http/api/auth.go:62.2,62.20 1 1
air-cover/internal/adapters/inbound/http/api/auth.go:62.20,65.3 2 1
air-cover/internal/adapters/inbound/http/api/auth.go:67.2,71.46 3 1
air-cover/internal/adapters/inbound/http/api/auth.go:71.46,73.4 1 1
air-cover/internal/adapters/inbound/http/api/auth.go:75.16,76.44 1 1
air-cover/internal/adapters/inbound/http/api/auth.go:75.2,75.16 1 1
air-cover/internal/adapters/inbound/http/api/auth.go:76.44,80.4 3 1
air-cover/internal/adapters/inbound/http/api/auth.go:81.3,83.9 3 1
air-cover/internal/adapters/inbound/http/api/auth.go:86.2,86.76 1 1
air-cover/internal/adapters/inbound/http/api/auth.go:89.97,91.56 2 1
air-cover/internal/adapters/inbound/http/api/auth.go:91.56,96.3 4 1
air-cover/internal/adapters/inbound/http/api/auth.go:98.2,98.62 1 1
air-cover/internal/adapters/inbound/http/api/errors.go:12.76,13.9 1 1
air-cover/internal/adapters/inbound/http/api/errors.go:14.45,15.57 1 1
air-cover/internal/adapters/inbound/http/api/errors.go:16.45,17.56 1 1
air-cover/internal/adapters/inbound/http/api/errors.go:18.46,19.58 1 1
air-cover/internal/adapters/inbound/http/api/errors.go:20.44,21.65 1 1
air-cover/internal/adapters/inbound/http/api/errors.go:22.10,23.15 1 1
air-cover/internal/adapters/inbound/http/api/errors.go:25.2,25.13 1 1
air-cover/internal/adapters/inbound/http/api/errors.go:28.89,29.23 1 1
air-cover/internal/adapters/inbound/http/api/errors.go:29.23,34.3 4 1
air-cover/internal/adapters/inbound/http/api/errors.go:36.2,36.32 1 1
air-cover/internal/adapters/inbound/http/api/errors.go:39.43,42.2 1 1
air-cover/internal/adapters/inbound/http/api/errors.go:44.61,45.50 1 1
air-cover/internal/adapters/inbound/http/api/errors.go:45.50,47.61 2 1
air-cover/internal/adapters/inbound/http/api/errors.go:47.61,49.4 1 1
air-cover/internal/adapters/inbound/http/api/errors.go:50.3,50.42 1 1
air-cover/internal/adapters/inbound/http/api/errors.go:50.42,52.4 1 1
air-cover/internal/adapters/inbound/http/api/errors.go:54.2,54.14 1 1
air-cover/internal/adapters/inbound/http/api/handler.go:39.94,45.2 1 1
air-cover/internal/adapters/inbound/http/api/handler.go:47.74,48.19 1 1
air-cover/internal/adapters/inbound/http/api/handler.go:48.19,50.3 1 1
air-cover/internal/adapters/inbound/http/api/handler.go:51.2,51.47 1 1
air-cover/internal/adapters/inbound/http/api/handler.go:56.62,57.82 1 1
air-cover/internal/adapters/inbound/http/api/handler.go:57.82,58.51 1 1
air-cover/internal/adapters/inbound/http/api/handler.go:58.51,61.4 2 1
air-cover/internal/adapters/inbound/http/api/handler.go:63.3,63.27 1 1
air-cover/internal/adapters/inbound/http/api/handler.go:66.108,68.3 1 1
air-cover/internal/adapters/inbound/http/api/handler.go:66.2,66.108 1 1
air-cover/internal/adapters/inbound/http/api/handler.go:73.72,75.2 1 1
air-cover/internal/adapters/inbound/http/api/handler.go:79.73,81.2 1 1
air-cover/internal/adapters/inbound/http/api/handler.go:85.100,87.2 1 1
air-cover/internal/adapters/inbound/http/api/handler.go:91.68,94.16 3 1
air-cover/internal/adapters/inbound/http/api/handler.go:94.16,96.3 1 1
air-cover/internal/adapters/inbound/http/api/router.go:101.2,101.14 1 1
air-cover/internal/adapters/inbound/http/api/router.go:104.64,106.50 2 1
air-cover/internal/adapters/inbound/http/api/router.go:106.50,108.3 1 1
air-cover/internal/adapters/inbound/http/api/router.go:109.2,109.91 1 1
air-cover/internal/adapters/inbound/http/api/router.go:22.72,24.16 2 1
air-cover/internal/adapters/inbound/http/api/router.go:24.16,27.3 2 1
air-cover/internal/adapters/inbound/http/api/router.go:31.2,43.29 9 1
air-cover/internal/adapters/inbound/http/api/router.go:43.29,47.3 3 1
air-cover/internal/adapters/inbound/http/api/router.go:49.2,49.29 1 1
air-cover/internal/adapters/inbound/http/api/router.go:49.29,57.3 7 1
air-cover/internal/adapters/inbound/http/api/router.go:59.2,59.29 1 1
air-cover/internal/adapters/inbound/http/api/router.go:59.29,67.3 7 1
air-cover/internal/adapters/inbound/http/api/router.go:69.2,69.10 1 1
air-cover/internal/adapters/inbound/http/api/router.go:72.64,73.71 1 1
air-cover/internal/adapters/inbound/http/api/router.go:73.71,74.54 1 1
air-cover/internal/adapters/inbound/http/api/router.go:74.54,77.4 2 1
air-cover/internal/adapters/inbound/http/api/router.go:79.3,79.51 1 1
air-cover/internal/adapters/inbound/http/api/router.go:83.37,85.2 1 1
air-cover/internal/adapters/inbound/http/api/router.go:87.48,88.57 1 1
air-cover/internal/adapters/inbound/http/api/router.go:89.42,90.14 1 1
air-cover/internal/adapters/inbound/http/api/router.go:91.20,92.15 1 1
air-cover/internal/adapters/inbound/http/api/router.go:95.2,95.52 1 1
air-cover/internal/adapters/inbound/http/api/router.go:95.52,97.3 1 1
air-cover/internal/adapters/inbound/http/api/router.go:98.2,98.55 1 1
air-cover/internal/adapters/inbound/http/api/router.go:98.55,100.3 1 1
air-cover/internal/adapters/inbound/http/api/subrequest_handlers.go:102.2,103.9 2 1
air-cover/internal/adapters/inbound/http/api/subrequest_handlers.go:103.9,105.3 1 1
air-cover/internal/adapters/inbound/http/api/subrequest_handlers.go:107.110,108.31 1 1
air-cover/internal/adapters/inbound/http/api/subrequest_handlers.go:107.2,107.110 1 1
air-cover/internal/adapters/inbound/http/api/subrequest_handlers.go:108.31,110.4 1 1
air-cover/internal/adapters/inbound/http/api/subrequest_handlers.go:111.3,113.9 3 1
air-cover/internal/adapters/inbound/http/api/subrequest_handlers.go:116.2,116.37 1 1
air-cover/internal/adapters/inbound/http/api/subrequest_handlers.go:119.108,122.38 2 1
air-cover/internal/adapters/inbound/http/api/subrequest_handlers.go:122.38,126.3 3 1
air-cover/internal/adapters/inbound/http/api/subrequest_handlers.go:128.2,130.16 3 1
air-cover/internal/adapters/inbound/http/api/subrequest_handlers.go:130.16,134.3 3 1
air-cover/internal/adapters/inbound/http/api/subrequest_handlers.go:136.2,138.16 3 1
air-cover/internal/adapters/inbound/http/api/subrequest_handlers.go:138.16,142.3 3 1
air-cover/internal/adapters/inbound/http/api/subrequest_handlers.go:144.2,146.16 3 1
air-cover/internal/adapters/inbound/http/api/subrequest_handlers.go:146.16,150.3 3 1
air-cover/internal/adapters/inbound/http/api/subrequest_handlers.go:152.2,157.9 1 1
air-cover/internal/adapters/inbound/http/api/subrequest_handlers.go:18.65,21.16 3 1
air-cover/internal/adapters/inbound/http/api/subrequest_handlers.go:21.16,23.31 2 1
air-cover/internal/adapters/inbound/http/api/subrequest_handlers.go:23.31,25.4 1 1
air-cover/internal/adapters/inbound/http/api/subrequest_handlers.go:26.3,26.48 1 1
air-cover/internal/adapters/inbound/http/api/subrequest_handlers.go:26.48,28.4 1 1
air-cover/internal/adapters/inbound/http/api/subrequest_handlers.go:28.9,30.4 1 1
air-cover/internal/adapters/inbound/http/api/subrequest_handlers.go:31.3,31.9 1 1
air-cover/internal/adapters/inbound/http/api/subrequest_handlers.go:34.2,35.129 2 1
air-cover/internal/adapters/inbound/http/api/subrequest_handlers.go:35.129,37.3 1 1
air-cover/internal/adapters/inbound/http/api/subrequest_handlers.go:42.74,44.9 2 1
air-cover/internal/adapters/inbound/http/api/subrequest_handlers.go:44.9,46.3 1 1
air-cover/internal/adapters/inbound/http/api/subrequest_handlers.go:48.2,49.9 2 1
air-cover/internal/adapters/inbound/http/api/subrequest_handlers.go:49.9,52.3 2 1
air-cover/internal/adapters/inbound/http/api/subrequest_handlers.go:54.2,54.73 1 1
air-cover/internal/adapters/inbound/http/api/subrequest_handlers.go:54.73,55.31 1 1
air-cover/internal/adapters/inbound/http/api/subrequest_handlers.go:55.31,57.4 1 1
air-cover/internal/adapters/inbound/http/api/subrequest_handlers.go:58.3,58.48 1 1
air-cover/internal/adapters/inbound/http/api/subrequest_handlers.go:58.48,62.4 3 1
air-cover/internal/adapters/inbound/http/api/subrequest_handlers.go:63.3,65.9 3 1
air-cover/internal/adapters/inbound/http/api/subrequest_handlers.go:68.2,68.50 1 1
air-cover/internal/adapters/inbound/http/api/subrequest_handlers.go:73.86,75.9 2 1
air-cover/internal/adapters/inbound/http/api/subrequest_handlers.go:75.9,77.3 1 1
air-cover/internal/adapters/inbound/http/api/subrequest_handlers.go:78.2,78.70 1 1
air-cover/internal/adapters/inbound/http/api/subrequest_handlers.go:78.70,79.31 1 1
air-cover/internal/adapters/inbound/http/api/subrequest_handlers.go:79.31,81.4 1 1
air-cover/internal/adapters/inbound/http/api/subrequest_handlers.go:82.3,84.9 3 1
air-cover/internal/adapters/inbound/http/api/subrequest_handlers.go:87.2,87.37 1 1
air-cover/internal/adapters/inbound/http/api/subrequest_handlers.go:92.85,97.61 2 1
air-cover/internal/adapters/inbound/http/api/subrequest_handlers.go:97.61,100.3 2 1
air-cover/internal/adapters/inbound/http/api/user_context.go:14.92,16.9 2 1
air-cover/internal/adapters/inbound/http/api/user_context.go:16.9,19.3 2 1
air-cover/internal/adapters/inbound/http/api/user_context.go:20.2,20.21 1 1
air-cover/internal/adapters/inbound/http/api/user_context.go:23.66,25.9 2 1
air-cover/internal/adapters/inbound/http/api/user_context.go:25.9,27.3 1 1
air-cover/internal/adapters/inbound/http/api/user_context.go:28.2,34.9 3 1
air-cover/internal/adapters/inbound/http/api/user_context.go:9.54,12.2 2 1
air-cover/internal/adapters/inbound/http/api/wrapper.go:12.61,15.77 1 1
air-cover/internal/adapters/inbound/http/api/wrapper.go:15.77,18.4 2 1
air-cover/internal/adapters/inbound/http/presenter/presenter.go:37.96,39.2 1 1
air-cover/internal/adapters/inbound/http/presenter/presenter.go:41.69,43.26 2 1
air-cover/internal/adapters/inbound/http/presenter/presenter.go:43.26,52.3 1 1
air-cover/internal/adapters/inbound/http/presenter/presenter.go:53.2,53.14 1 1
air-cover/internal/adapters/inbound/http/presenter/presenter.go:56.80,58.29 2 1
air-cover/internal/adapters/inbound/http/presenter/presenter.go:58.29,75.3 2 1
air-cover/internal/adapters/inbound/http/presenter/presenter.go:76.2,76.14 1 1
air-cover/internal/adapters/inbound/http/presenter/presenter.go:79.52,80.26 1 1
air-cover/internal/adapters/inbound/http/presenter/presenter.go:80.26,82.3 1 1
air-cover/internal/adapters/inbound/http/presenter/presenter.go:83.2,88.31 6 1
air-cover/internal/adapters/inbound/http/ui/admin_templ.go:101.32,103.35 2 1
air-cover/internal/adapters/inbound/http/ui/admin_templ.go:101.5,101.32 1 1
air-cover/internal/adapters/inbound/http/ui/admin_templ.go:103.35,105.7 1 0
air-cover/internal/adapters/inbound/http/ui/admin_templ.go:106.6,108.35 3 1
air-cover/internal/adapters/inbound/http/ui/admin_templ.go:108.35,110.7 1 0
air-cover/internal/adapters/inbound/http/ui/admin_templ.go:111.6,112.35 2 1
air-cover/internal/adapters/inbound/http/ui/admin_templ.go:112.35,114.7 1 0
air-cover/internal/adapters/inbound/http/ui/admin_templ.go:115.6,116.35 2 1
air-cover/internal/adapters/inbound/http/ui/admin_templ.go:116.35,118.7 1 0
air-cover/internal/adapters/inbound/http/ui/admin_templ.go:119.6,121.35 3 1
air-cover/internal/adapters/inbound/http/ui/admin_templ.go:121.35,123.7 1 0
air-cover/internal/adapters/inbound/http/ui/admin_templ.go:124.6,125.35 2 1
air-cover/internal/adapters/inbound/http/ui/admin_templ.go:125.35,127.7 1 0
air-cover/internal/adapters/inbound/http/ui/admin_templ.go:128.6,129.35 2 1
air-cover/internal/adapters/inbound/http/ui/admin_templ.go:129.35,131.7 1 0
air-cover/internal/adapters/inbound/http/ui/admin_templ.go:132.24,135.36 3 1
air-cover/internal/adapters/inbound/http/ui/admin_templ.go:132.6,132.24 1 1
air-cover/internal/adapters/inbound/http/ui/admin_templ.go:135.36,137.8 1 0
air-cover/internal/adapters/inbound/http/ui/admin_templ.go:138.7,139.36 2 1
air-cover/internal/adapters/inbound/http/ui/admin_templ.go:139.36,141.8 1 0
air-cover/internal/adapters/inbound/http/ui/admin_templ.go:142.7,144.36 3 1
air-cover/internal/adapters/inbound/http/ui/admin_templ.go:144.36,146.8 1 0
air-cover/internal/adapters/inbound/http/ui/admin_templ.go:147.7,148.36 2 1
air-cover/internal/adapters/inbound/http/ui/admin_templ.go:148.36,150.8 1 0
air-cover/internal/adapters/inbound/http/ui/admin_templ.go:151.7,152.36 2 1
air-cover/internal/adapters/inbound/http/ui/admin_templ.go:152.36,154.8 1 0
air-cover/internal/adapters/inbound/http/ui/admin_templ.go:155.7,157.36 3 1
air-cover/internal/adapters/inbound/http/ui/admin_templ.go:157.36,159.8 1 0
air-cover/internal/adapters/inbound/http/ui/admin_templ.go:16.70,17.131 1 1
air-cover/internal/adapters/inbound/http/ui/admin_templ.go:160.7,161.36 2 1
air-cover/internal/adapters/inbound/http/ui/admin_templ.go:161.36,163.8 1 0
air-cover/internal/adapters/inbound/http/ui/admin_templ.go:164.7,165.36 2 1
air-cover/internal/adapters/inbound/http/ui/admin_templ.go:165.36,167.8 1 0
air-cover/internal/adapters/inbound/http/ui/admin_templ.go:169.6,170.35 2 1
air-cover/internal/adapters/inbound/http/ui/admin_templ.go:17.131,19.71 2 1
air-cover/internal/adapters/inbound/http/ui/admin_templ.go:170.35,172.7 1 0
air-cover/internal/adapters/inbound/http/ui/admin_templ.go:173.28,175.36 2 1
air-cover/internal/adapters/inbound/http/ui/admin_templ.go:173.6,173.28 1 1
air-cover/internal/adapters/inbound/http/ui/admin_templ.go:175.36,177.8 1 0
air-cover/internal/adapters/inbound/http/ui/admin_templ.go:178.7,180.36 3 1
air-cover/internal/adapters/inbound/http/ui/admin_templ.go:180.36,182.8 1 0
air-cover/internal/adapters/inbound/http/ui/admin_templ.go:183.7,184.36 2 1
air-cover/internal/adapters/inbound/http/ui/admin_templ.go:184.36,186.8 1 0
air-cover/internal/adapters/inbound/http/ui/admin_templ.go:187.7,188.36 2 1
air-cover/internal/adapters/inbound/http/ui/admin_templ.go:188.36,190.8 1 0
air-cover/internal/adapters/inbound/http/ui/admin_templ.go:19.71,21.4 1 0
air-cover/internal/adapters/inbound/http/ui/admin_templ.go:191.7,193.36 3 1
air-cover/internal/adapters/inbound/http/ui/admin_templ.go:193.36,195.8 1 0
air-cover/internal/adapters/inbound/http/ui/admin_templ.go:196.7,197.36 2 1
air-cover/internal/adapters/inbound/http/ui/admin_templ.go:197.36,199.8 1 0
air-cover/internal/adapters/inbound/http/ui/admin_templ.go:200.7,201.36 2 1
air-cover/internal/adapters/inbound/http/ui/admin_templ.go:201.36,203.8 1 0
air-cover/internal/adapters/inbound/http/ui/admin_templ.go:204.7,206.36 3 1
air-cover/internal/adapters/inbound/http/ui/admin_templ.go:206.36,208.8 1 0
air-cover/internal/adapters/inbound/http/ui/admin_templ.go:209.7,210.36 2 1
air-cover/internal/adapters/inbound/http/ui/admin_templ.go:210.36,212.8 1 0
air-cover/internal/adapters/inbound/http/ui/admin_templ.go:213.7,215.36 3 1
air-cover/internal/adapters/inbound/http/ui/admin_templ.go:215.36,217.8 1 0
air-cover/internal/adapters/inbound/http/ui/admin_templ.go:218.7,219.36 2 1
air-cover/internal/adapters/inbound/http/ui/admin_templ.go:219.36,221.8 1 0
air-cover/internal/adapters/inbound/http/ui/admin_templ.go:22.3,23.31 2 1
air-cover/internal/adapters/inbound/http/ui/admin_templ.go:222.7,223.36 2 1
air-cover/internal/adapters/inbound/http/ui/admin_templ.go:223.36,225.8 1 0
air-cover/internal/adapters/inbound/http/ui/admin_templ.go:226.25,228.37 2 1
air-cover/internal/adapters/inbound/http/ui/admin_templ.go:226.7,226.25 1 1
air-cover/internal/adapters/inbound/http/ui/admin_templ.go:228.37,230.9 1 0
air-cover/internal/adapters/inbound/http/ui/admin_templ.go:23.31,24.17 1 1
air-cover/internal/adapters/inbound/http/ui/admin_templ.go:231.13,233.37 2 1
air-cover/internal/adapters/inbound/http/ui/admin_templ.go:233.37,235.9 1 0
air-cover/internal/adapters/inbound/http/ui/admin_templ.go:237.7,238.36 2 1
air-cover/internal/adapters/inbound/http/ui/admin_templ.go:238.36,240.8 1 0
air-cover/internal/adapters/inbound/http/ui/admin_templ.go:24.17,26.34 2 1
air-cover/internal/adapters/inbound/http/ui/admin_templ.go:241.25,243.37 2 1
air-cover/internal/adapters/inbound/http/ui/admin_templ.go:241.7,241.25 1 1
air-cover/internal/adapters/inbound/http/ui/admin_templ.go:243.37,245.9 1 0
air-cover/internal/adapters/inbound/http/ui/admin_templ.go:246.8,248.37 3 1
air-cover/internal/adapters/inbound/http/ui/admin_templ.go:248.37,250.9 1 0
air-cover/internal/adapters/inbound/http/ui/admin_templ.go:251.8,252.37 2 1
air-cover/internal/adapters/inbound/http/ui/admin_templ.go:252.37,254.9 1 0
air-cover/internal/adapters/inbound/http/ui/admin_templ.go:255.8,256.37 2 1
air-cover/internal/adapters/inbound/http/ui/admin_templ.go:256.37,258.9 1 0
air-cover/internal/adapters/inbound/http/ui/admin_templ.go:259.32,261.38 2 0
air-cover/internal/adapters/inbound/http/ui/admin_templ.go:259.8,259.32 1 1
air-cover/internal/adapters/inbound/http/ui/admin_templ.go:26.34,28.6 1 1
air-cover/internal/adapters/inbound/http/ui/admin_templ.go:261.38,263.10 1 0
air-cover/internal/adapters/inbound/http/ui/admin_templ.go:264.14,266.38 2 1
air-cover/internal/adapters/inbound/http/ui/admin_templ.go:266.38,268.10 1 0
air-cover/internal/adapters/inbound/http/ui/admin_templ.go:270.8,271.37 2 1
air-cover/internal/adapters/inbound/http/ui/admin_templ.go:271.37,273.9 1 0
air-cover/internal/adapters/inbound/http/ui/admin_templ.go:274.32,277.38 3 0
air-cover/internal/adapters/inbound/http/ui/admin_templ.go:274.8,274.32 1 1
air-cover/internal/adapters/inbound/http/ui/admin_templ.go:277.38,279.10 1 0
air-cover/internal/adapters/inbound/http/ui/admin_templ.go:280.9,281.38 2 0
air-cover/internal/adapters/inbound/http/ui/admin_templ.go:281.38,283.10 1 0
air-cover/internal/adapters/inbound/http/ui/admin_templ.go:284.14,287.38 3 1
air-cover/internal/adapters/inbound/http/ui/admin_templ.go:287.38,289.10 1 0
air-cover/internal/adapters/inbound/http/ui/admin_templ.go:290.9,291.38 2 1
air-cover/internal/adapters/inbound/http/ui/admin_templ.go:291.38,293.10 1 0
air-cover/internal/adapters/inbound/http/ui/admin_templ.go:295.8,296.37 2 1
air-cover/internal/adapters/inbound/http/ui/admin_templ.go:296.37,298.9 1 0
air-cover/internal/adapters/inbound/http/ui/admin_templ.go:301.6,302.35 2 1
air-cover/internal/adapters/inbound/http/ui/admin_templ.go:302.35,304.7 1 0
air-cover/internal/adapters/inbound/http/ui/admin_templ.go:306.5,307.34 2 1
air-cover/internal/adapters/inbound/http/ui/admin_templ.go:307.34,309.6 1 0
air-cover/internal/adapters/inbound/http/ui/admin_templ.go:31.3,33.33 3 1
air-cover/internal/adapters/inbound/http/ui/admin_templ.go:311.4,312.33 2 1
air-cover/internal/adapters/inbound/http/ui/admin_templ.go:312.33,314.5 1 0
air-cover/internal/adapters/inbound/http/ui/admin_templ.go:315.4,315.14 1 1
air-cover/internal/adapters/inbound/http/ui/admin_templ.go:317.3,318.32 2 1
air-cover/internal/adapters/inbound/http/ui/admin_templ.go:318.32,320.4 1 0
air-cover/internal/adapters/inbound/http/ui/admin_templ.go:321.3,321.13 1 1
air-cover/internal/adapters/inbound/http/ui/admin_templ.go:33.33,35.4 1 0
air-cover/internal/adapters/inbound/http/ui/admin_templ.go:36.3,37.148 2 1
air-cover/internal/adapters/inbound/http/ui/admin_templ.go:37.148,40.32 3 1
air-cover/internal/adapters/inbound/http/ui/admin_templ.go:40.32,41.18 1 0
air-cover/internal/adapters/inbound/http/ui/admin_templ.go:41.18,43.35 2 0
air-cover/internal/adapters/inbound/http/ui/admin_templ.go:43.35,45.7 1 0
air-cover/internal/adapters/inbound/http/ui/admin_templ.go:48.4,50.33 3 1
air-cover/internal/adapters/inbound/http/ui/admin_templ.go:50.33,52.5 1 0
air-cover/internal/adapters/inbound/http/ui/admin_templ.go:53.4,54.33 2 1
air-cover/internal/adapters/inbound/http/ui/admin_templ.go:54.33,56.5 1 0
air-cover/internal/adapters/inbound/http/ui/admin_templ.go:57.4,58.33 2 1
air-cover/internal/adapters/inbound/http/ui/admin_templ.go:58.33,60.5 1 0
air-cover/internal/adapters/inbound/http/ui/admin_templ.go:61.4,62.33 2 1
air-cover/internal/adapters/inbound/http/ui/admin_templ.go:62.33,64.5 1 0
air-cover/internal/adapters/inbound/http/ui/admin_templ.go:65.149,68.33 3 1
air-cover/internal/adapters/inbound/http/ui/admin_templ.go:65.4,65.149 1 1
air-cover/internal/adapters/inbound/http/ui/admin_templ.go:68.33,69.19 1 0
air-cover/internal/adapters/inbound/http/ui/admin_templ.go:69.19,71.36 2 0
air-cover/internal/adapters/inbound/http/ui/admin_templ.go:71.36,73.8 1 0
air-cover/internal/adapters/inbound/http/ui/admin_templ.go:76.5,78.34 3 1
air-cover/internal/adapters/inbound/http/ui/admin_templ.go:78.34,80.6 1 0
air-cover/internal/adapters/inbound/http/ui/admin_templ.go:81.5,81.15 1 1
air-cover/internal/adapters/inbound/http/ui/admin_templ.go:83.4,84.33 2 1
air-cover/internal/adapters/inbound/http/ui/admin_templ.go:84.33,86.5 1 0
air-cover/internal/adapters/inbound/http/ui/admin_templ.go:87.4,88.33 2 1
air-cover/internal/adapters/inbound/http/ui/admin_templ.go:88.33,90.5 1 0
air-cover/internal/adapters/inbound/http/ui/admin_templ.go:91.23,93.34 2 1
air-cover/internal/adapters/inbound/http/ui/admin_templ.go:91.4,91.23 1 1
air-cover/internal/adapters/inbound/http/ui/admin_templ.go:93.34,95.6 1 0
air-cover/internal/adapters/inbound/http/ui/admin_templ.go:96.10,98.34 2 1
air-cover/internal/adapters/inbound/http/ui/admin_templ.go:98.34,100.6 1 0
air-cover/internal/adapters/inbound/http/ui/authenticated_templ.go:102.23,104.34 2 1
air-cover/internal/adapters/inbound/http/ui/authenticated_templ.go:102.4,102.23 1 1
air-cover/internal/adapters/inbound/http/ui/authenticated_templ.go:104.34,106.6 1 0
air-cover/internal/adapters/inbound/http/ui/authenticated_templ.go:107.10,109.34 2 1
air-cover/internal/adapters/inbound/http/ui/authenticated_templ.go:109.34,111.6 1 0
air-cover/internal/adapters/inbound/http/ui/authenticated_templ.go:112.32,114.35 2 1
air-cover/internal/adapters/inbound/http/ui/authenticated_templ.go:112.5,112.32 1 1
air-cover/internal/adapters/inbound/http/ui/authenticated_templ.go:114.35,116.7 1 0
air-cover/internal/adapters/inbound/http/ui/authenticated_templ.go:117.6,119.35 3 1
air-cover/internal/adapters/inbound/http/ui/authenticated_templ.go:119.35,121.7 1 0
air-cover/internal/adapters/inbound/http/ui/authenticated_templ.go:122.6,123.35 2 1
air-cover/internal/adapters/inbound/http/ui/authenticated_templ.go:123.35,125.7 1 0
air-cover/internal/adapters/inbound/http/ui/authenticated_templ.go:126.6,127.35 2 1
air-cover/internal/adapters/inbound/http/ui/authenticated_templ.go:127.35,129.7 1 0
air-cover/internal/adapters/inbound/http/ui/authenticated_templ.go:130.26,133.36 3 1
air-cover/internal/adapters/inbound/http/ui/authenticated_templ.go:130.6,130.26 1 1
air-cover/internal/adapters/inbound/http/ui/authenticated_templ.go:133.36,135.8 1 0
air-cover/internal/adapters/inbound/http/ui/authenticated_templ.go:136.7,137.36 2 1
air-cover/internal/adapters/inbound/http/ui/authenticated_templ.go:137.36,139.8 1 0
air-cover/internal/adapters/inbound/http/ui/authenticated_templ.go:140.12,143.36 3 1
air-cover/internal/adapters/inbound/http/ui/authenticated_templ.go:143.36,145.8 1 0
air-cover/internal/adapters/inbound/http/ui/authenticated_templ.go:146.7,147.36 2 1
air-cover/internal/adapters/inbound/http/ui/authenticated_templ.go:147.36,149.8 1 0
air-cover/internal/adapters/inbound/http/ui/authenticated_templ.go:151.6,152.35 2 1
air-cover/internal/adapters/inbound/http/ui/authenticated_templ.go:152.35,154.7 1 0
air-cover/internal/adapters/inbound/http/ui/authenticated_templ.go:157.4,158.33 2 1
air-cover/internal/adapters/inbound/http/ui/authenticated_templ.go:158.33,160.5 1 0
air-cover/internal/adapters/inbound/http/ui/authenticated_templ.go:161.4,163.33 3 1
air-cover/internal/adapters/inbound/http/ui/authenticated_templ.go:163.33,165.5 1 0
air-cover/internal/adapters/inbound/http/ui/authenticated_templ.go:166.4,167.33 2 1
air-cover/internal/adapters/inbound/http/ui/authenticated_templ.go:167.33,169.5 1 0
air-cover/internal/adapters/inbound/http/ui/authenticated_templ.go:17.159,18.131 1 1
air-cover/internal/adapters/inbound/http/ui/authenticated_templ.go:170.4,171.33 2 1
air-cover/internal/adapters/inbound/http/ui/authenticated_templ.go:171.33,173.5 1 0
air-cover/internal/adapters/inbound/http/ui/authenticated_templ.go:174.26,176.34 2 1
air-cover/internal/adapters/inbound/http/ui/authenticated_templ.go:174.4,174.26 1 1
air-cover/internal/adapters/inbound/http/ui/authenticated_templ.go:176.34,178.6 1 0
air-cover/internal/adapters/inbound/http/ui/authenticated_templ.go:179.10,181.34 2 1
air-cover/internal/adapters/inbound/http/ui/authenticated_templ.go:18.131,20.71 2 1
air-cover/internal/adapters/inbound/http/ui/authenticated_templ.go:181.34,183.6 1 0
air-cover/internal/adapters/inbound/http/ui/authenticated_templ.go:185.4,186.33 2 1
air-cover/internal/adapters/inbound/http/ui/authenticated_templ.go:186.33,188.5 1 0
air-cover/internal/adapters/inbound/http/ui/authenticated_templ.go:189.21,191.34 2 1
air-cover/internal/adapters/inbound/http/ui/authenticated_templ.go:189.4,189.21 1 1
air-cover/internal/adapters/inbound/http/ui/authenticated_templ.go:191.34,193.6 1 0
air-cover/internal/adapters/inbound/http/ui/authenticated_templ.go:194.5,195.34 2 1
air-cover/internal/adapters/inbound/http/ui/authenticated_templ.go:195.34,197.6 1 0
air-cover/internal/adapters/inbound/http/ui/authenticated_templ.go:198.5,199.34 2 1
air-cover/internal/adapters/inbound/http/ui/authenticated_templ.go:199.34,201.6 1 0
air-cover/internal/adapters/inbound/http/ui/authenticated_templ.go:20.71,22.4 1 0
air-cover/internal/adapters/inbound/http/ui/authenticated_templ.go:203.4,204.33 2 1
air-cover/internal/adapters/inbound/http/ui/authenticated_templ.go:204.33,206.5 1 0
air-cover/internal/adapters/inbound/http/ui/authenticated_templ.go:207.4,207.14 1 1
air-cover/internal/adapters/inbound/http/ui/authenticated_templ.go:209.3,210.32 2 1
air-cover/internal/adapters/inbound/http/ui/authenticated_templ.go:210.32,212.4 1 0
air-cover/internal/adapters/inbound/http/ui/authenticated_templ.go:213.3,213.13 1 1
air-cover/internal/adapters/inbound/http/ui/authenticated_templ.go:217.78,218.131 1 1
air-cover/internal/adapters/inbound/http/ui/authenticated_templ.go:218.131,220.71 2 1
air-cover/internal/adapters/inbound/http/ui/authenticated_templ.go:220.71,222.4 1 0
air-cover/internal/adapters/inbound/http/ui/authenticated_templ.go:223.3,224.31 2 1
air-cover/internal/adapters/inbound/http/ui/authenticated_templ.go:224.31,225.17 1 1
air-cover/internal/adapters/inbound/http/ui/authenticated_templ.go:225.17,227.34 2 1
air-cover/internal/adapters/inbound/http/ui/authenticated_templ.go:227.34,229.6 1 1
air-cover/internal/adapters/inbound/http/ui/authenticated_templ.go:23.3,24.31 2 1
air-cover/internal/adapters/inbound/http/ui/authenticated_templ.go:232.3,234.33 3 1
air-cover/internal/adapters/inbound/http/ui/authenticated_templ.go:234.33,236.4 1 0
air-cover/internal/adapters/inbound/http/ui/authenticated_templ.go:237.3,239.32 3 1
air-cover/internal/adapters/inbound/http/ui/authenticated_templ.go:239.32,241.4 1 0
air-cover/internal/adapters/inbound/http/ui/authenticated_templ.go:24.31,25.17 1 1
air-cover/internal/adapters/inbound/http/ui/authenticated_templ.go:242.3,242.35 1 1
air-cover/internal/adapters/inbound/http/ui/authenticated_templ.go:242.35,244.33 2 1
air-cover/internal/adapters/inbound/http/ui/authenticated_templ.go:244.33,246.5 1 0
air-cover/internal/adapters/inbound/http/ui/authenticated_templ.go:247.4,249.33 3 1
air-cover/internal/adapters/inbound/http/ui/authenticated_templ.go:249.33,251.5 1 0
air-cover/internal/adapters/inbound/http/ui/authenticated_templ.go:25.17,27.34 2 1
air-cover/internal/adapters/inbound/http/ui/authenticated_templ.go:252.4,253.33 2 1
air-cover/internal/adapters/inbound/http/ui/authenticated_templ.go:253.33,255.5 1 0
air-cover/internal/adapters/inbound/http/ui/authenticated_templ.go:256.4,258.33 3 1
air-cover/internal/adapters/inbound/http/ui/authenticated_templ.go:258.33,260.5 1 0
air-cover/internal/adapters/inbound/http/ui/authenticated_templ.go:261.4,262.33 2 1
air-cover/internal/adapters/inbound/http/ui/authenticated_templ.go:262.33,264.5 1 0
air-cover/internal/adapters/inbound/http/ui/authenticated_templ.go:265.4,266.33 2 1
air-cover/internal/adapters/inbound/http/ui/authenticated_templ.go:266.33,268.5 1 0
air-cover/internal/adapters/inbound/http/ui/authenticated_templ.go:269.4,271.33 3 1
air-cover/internal/adapters/inbound/http/ui/authenticated_templ.go:27.34,29.6 1 1
air-cover/internal/adapters/inbound/http/ui/authenticated_templ.go:271.33,273.5 1 0
air-cover/internal/adapters/inbound/http/ui/authenticated_templ.go:274.4,275.33 2 1
air-cover/internal/adapters/inbound/http/ui/authenticated_templ.go:275.33,277.5 1 0
air-cover/internal/adapters/inbound/http/ui/authenticated_templ.go:278.4,279.33 2 1
air-cover/internal/adapters/inbound/http/ui/authenticated_templ.go:279.33,281.5 1 0
air-cover/internal/adapters/inbound/http/ui/authenticated_templ.go:282.4,284.33 3 1
air-cover/internal/adapters/inbound/http/ui/authenticated_templ.go:284.33,286.5 1 0
air-cover/internal/adapters/inbound/http/ui/authenticated_templ.go:287.4,288.33 2 1
air-cover/internal/adapters/inbound/http/ui/authenticated_templ.go:288.33,290.5 1 0
air-cover/internal/adapters/inbound/http/ui/authenticated_templ.go:291.4,292.33 2 1
air-cover/internal/adapters/inbound/http/ui/authenticated_templ.go:292.33,294.5 1 0
air-cover/internal/adapters/inbound/http/ui/authenticated_templ.go:295.4,297.33 3 1
air-cover/internal/adapters/inbound/http/ui/authenticated_templ.go:297.33,299.5 1 0
air-cover/internal/adapters/inbound/http/ui/authenticated_templ.go:300.4,301.33 2 1
air-cover/internal/adapters/inbound/http/ui/authenticated_templ.go:301.33,303.5 1 0
air-cover/internal/adapters/inbound/http/ui/authenticated_templ.go:304.4,305.33 2 1
air-cover/internal/adapters/inbound/http/ui/authenticated_templ.go:305.33,307.5 1 0
air-cover/internal/adapters/inbound/http/ui/authenticated_templ.go:308.4,310.33 3 1
air-cover/internal/adapters/inbound/http/ui/authenticated_templ.go:310.33,312.5 1 0
air-cover/internal/adapters/inbound/http/ui/authenticated_templ.go:313.4,314.33 2 1
air-cover/internal/adapters/inbound/http/ui/authenticated_templ.go:314.33,316.5 1 0
air-cover/internal/adapters/inbound/http/ui/authenticated_templ.go:317.4,318.33 2 1
air-cover/internal/adapters/inbound/http/ui/authenticated_templ.go:318.33,320.5 1 0
air-cover/internal/adapters/inbound/http/ui/authenticated_templ.go:32.3,34.33 3 1
air-cover/internal/adapters/inbound/http/ui/authenticated_templ.go:321.21,324.34 2 1
air-cover/internal/adapters/inbound/http/ui/authenticated_templ.go:321.4,321.21 1 1
air-cover/internal/adapters/inbound/http/ui/authenticated_templ.go:324.34,326.6 1 0
air-cover/internal/adapters/inbound/http/ui/authenticated_templ.go:327.5,328.34 2 1
air-cover/internal/adapters/inbound/http/ui/authenticated_templ.go:328.34,330.6 1 0
air-cover/internal/adapters/inbound/http/ui/authenticated_templ.go:331.5,334.34 3 1
air-cover/internal/adapters/inbound/http/ui/authenticated_templ.go:334.34,336.6 1 0
air-cover/internal/adapters/inbound/http/ui/authenticated_templ.go:337.5,338.34 2 1
air-cover/internal/adapters/inbound/http/ui/authenticated_templ.go:338.34,340.6 1 0
air-cover/internal/adapters/inbound/http/ui/authenticated_templ.go:34.33,36.4 1 0
air-cover/internal/adapters/inbound/http/ui/authenticated_templ.go:342.19,346.34 2 1
air-cover/internal/adapters/inbound/http/ui/authenticated_templ.go:342.4,342.19 1 1
air-cover/internal/adapters/inbound/http/ui/authenticated_templ.go:346.34,348.6 1 0
air-cover/internal/adapters/inbound/http/ui/authenticated_templ.go:349.5,350.34 2 1
air-cover/internal/adapters/inbound/http/ui/authenticated_templ.go:350.34,352.6 1 0
air-cover/internal/adapters/inbound/http/ui/authenticated_templ.go:353.5,357.34 3 1
air-cover/internal/adapters/inbound/http/ui/authenticated_templ.go:357.34,359.6 1 0
air-cover/internal/adapters/inbound/http/ui/authenticated_templ.go:360.5,361.34 2 1
air-cover/internal/adapters/inbound/http/ui/authenticated_templ.go:361.34,363.6 1 0
air-cover/internal/adapters/inbound/http/ui/authenticated_templ.go:365.21,369.34 2 1
air-cover/internal/adapters/inbound/http/ui/authenticated_templ.go:365.4,365.21 1 1
air-cover/internal/adapters/inbound/http/ui/authenticated_templ.go:369.34,371.6 1 0
air-cover/internal/adapters/inbound/http/ui/authenticated_templ.go:37.3,38.148 2 1
air-cover/internal/adapters/inbound/http/ui/authenticated_templ.go:372.5,373.34 2 1
air-cover/internal/adapters/inbound/http/ui/authenticated_templ.go:373.34,375.6 1 0
air-cover/internal/adapters/inbound/http/ui/authenticated_templ.go:376.5,380.34 3 1
air-cover/internal/adapters/inbound/http/ui/authenticated_templ.go:38.148,41.32 3 1
air-cover/internal/adapters/inbound/http/ui/authenticated_templ.go:380.34,382.6 1 0
air-cover/internal/adapters/inbound/http/ui/authenticated_templ.go:383.5,384.34 2 1
air-cover/internal/adapters/inbound/http/ui/authenticated_templ.go:384.34,386.6 1 0
air-cover/internal/adapters/inbound/http/ui/authenticated_templ.go:388.4,389.33 2 1
air-cover/internal/adapters/inbound/http/ui/authenticated_templ.go:389.33,391.5 1 0
air-cover/internal/adapters/inbound/http/ui/authenticated_templ.go:392.4,394.33 3 1
air-cover/internal/adapters/inbound/http/ui/authenticated_templ.go:394.33,396.5 1 0
air-cover/internal/adapters/inbound/http/ui/authenticated_templ.go:397.4,398.33 2 1
air-cover/internal/adapters/inbound/http/ui/authenticated_templ.go:398.33,400.5 1 0
air-cover/internal/adapters/inbound/http/ui/authenticated_templ.go:401.4,403.33 3 1
air-cover/internal/adapters/inbound/http/ui/authenticated_templ.go:403.33,405.5 1 0
air-cover/internal/adapters/inbound/http/ui/authenticated_templ.go:406.4,407.33 2 1
air-cover/internal/adapters/inbound/http/ui/authenticated_templ.go:407.33,409.5 1 0
air-cover/internal/adapters/inbound/http/ui/authenticated_templ.go:41.32,42.18 1 0
air-cover/internal/adapters/inbound/http/ui/authenticated_templ.go:410.4,411.33 2 1
air-cover/internal/adapters/inbound/http/ui/authenticated_templ.go:411.33,413.5 1 0
air-cover/internal/adapters/inbound/http/ui/authenticated_templ.go:414.4,416.33 3 1
air-cover/internal/adapters/inbound/http/ui/authenticated_templ.go:416.33,418.5 1 0
air-cover/internal/adapters/inbound/http/ui/authenticated_templ.go:419.4,420.33 2 1
air-cover/internal/adapters/inbound/http/ui/authenticated_templ.go:42.18,44.35 2 0
air-cover/internal/adapters/inbound/http/ui/authenticated_templ.go:420.33,422.5 1 0
air-cover/internal/adapters/inbound/http/ui/authenticated_templ.go:423.4,424.33 2 1
air-cover/internal/adapters/inbound/http/ui/authenticated_templ.go:424.33,426.5 1 0
air-cover/internal/adapters/inbound/http/ui/authenticated_templ.go:427.28,430.34 3 1
air-cover/internal/adapters/inbound/http/ui/authenticated_templ.go:427.4,427.28 1 1
air-cover/internal/adapters/inbound/http/ui/authenticated_templ.go:430.34,432.6 1 0
air-cover/internal/adapters/inbound/http/ui/authenticated_templ.go:433.5,434.34 2 1
air-cover/internal/adapters/inbound/http/ui/authenticated_templ.go:434.34,436.6 1 0
air-cover/internal/adapters/inbound/http/ui/authenticated_templ.go:437.10,439.34 2 1
air-cover/internal/adapters/inbound/http/ui/authenticated_templ.go:439.34,441.6 1 0
air-cover/internal/adapters/inbound/http/ui/authenticated_templ.go:44.35,46.7 1 0
air-cover/internal/adapters/inbound/http/ui/authenticated_templ.go:443.4,444.33 2 1
air-cover/internal/adapters/inbound/http/ui/authenticated_templ.go:444.33,446.5 1 0
air-cover/internal/adapters/inbound/http/ui/authenticated_templ.go:448.3,449.32 2 1
air-cover/internal/adapters/inbound/http/ui/authenticated_templ.go:449.32,451.4 1 0
air-cover/internal/adapters/inbound/http/ui/authenticated_templ.go:452.3,452.13 1 1
air-cover/internal/adapters/inbound/http/ui/authenticated_templ.go:49.4,51.33 3 1
air-cover/internal/adapters/inbound/http/ui/authenticated_templ.go:51.33,53.5 1 0
air-cover/internal/adapters/inbound/http/ui/authenticated_templ.go:54.4,55.33 2 1
air-cover/internal/adapters/inbound/http/ui/authenticated_templ.go:55.33,57.5 1 0
air-cover/internal/adapters/inbound/http/ui/authenticated_templ.go:58.4,59.33 2 1
air-cover/internal/adapters/inbound/http/ui/authenticated_templ.go:59.33,61.5 1 0
air-cover/internal/adapters/inbound/http/ui/authenticated_templ.go:62.4,63.33 2 1
air-cover/internal/adapters/inbound/http/ui/authenticated_templ.go:63.33,65.5 1 0
air-cover/internal/adapters/inbound/http/ui/authenticated_templ.go:66.149,69.33 3 1
air-cover/internal/adapters/inbound/http/ui/authenticated_templ.go:66.4,66.149 1 1
air-cover/internal/adapters/inbound/http/ui/authenticated_templ.go:69.33,70.19 1 0
air-cover/internal/adapters/inbound/http/ui/authenticated_templ.go:70.19,72.36 2 0
air-cover/internal/adapters/inbound/http/ui/authenticated_templ.go:72.36,74.8 1 0
air-cover/internal/adapters/inbound/http/ui/authenticated_templ.go:77.5,78.16 2 1
air-cover/internal/adapters/inbound/http/ui/authenticated_templ.go:78.16,80.35 2 1
air-cover/internal/adapters/inbound/http/ui/authenticated_templ.go:80.35,82.7 1 0
air-cover/internal/adapters/inbound/http/ui/authenticated_templ.go:84.5,85.34 2 1
air-cover/internal/adapters/inbound/http/ui/authenticated_templ.go:85.34,87.6 1 0
air-cover/internal/adapters/inbound/http/ui/authenticated_templ.go:88.5,89.34 2 1
air-cover/internal/adapters/inbound/http/ui/authenticated_templ.go:89.34,91.6 1 0
air-cover/internal/adapters/inbound/http/ui/authenticated_templ.go:92.5,92.15 1 1
air-cover/internal/adapters/inbound/http/ui/authenticated_templ.go:94.4,95.33 2 1
air-cover/internal/adapters/inbound/http/ui/authenticated_templ.go:95.33,97.5 1 0
air-cover/internal/adapters/inbound/http/ui/authenticated_templ.go:98.4,99.33 2 1
air-cover/internal/adapters/inbound/http/ui/authenticated_templ.go:99.33,101.5 1 0
air-cover/internal/adapters/inbound/http/ui/layout_templ.go:100.32,102.4 1 0
air-cover/internal/adapters/inbound/http/ui/layout_templ.go:103.3,104.32 2 1
air-cover/internal/adapters/inbound/http/ui/layout_templ.go:104.32,106.4 1 0
air-cover/internal/adapters/inbound/http/ui/layout_templ.go:107.3,107.13 1 1
air-cover/internal/adapters/inbound/http/ui/layout_templ.go:11.43,12.131 1 1
air-cover/internal/adapters/inbound/http/ui/layout_templ.go:111.45,112.131 1 1
air-cover/internal/adapters/inbound/http/ui/layout_templ.go:112.131,114.71 2 1
air-cover/internal/adapters/inbound/http/ui/layout_templ.go:114.71,116.4 1 0
air-cover/internal/adapters/inbound/http/ui/layout_templ.go:117.3,118.31 2 1
air-cover/internal/adapters/inbound/http/ui/layout_templ.go:118.31,119.17 1 1
air-cover/internal/adapters/inbound/http/ui/layout_templ.go:119.17,121.34 2 1
air-cover/internal/adapters/inbound/http/ui/layout_templ.go:12.131,14.71 2 1
air-cover/internal/adapters/inbound/http/ui/layout_templ.go:121.34,123.6 1 1
air-cover/internal/adapters/inbound/http/ui/layout_templ.go:126.3,128.33 3 1
air-cover/internal/adapters/inbound/http/ui/layout_templ.go:128.33,130.4 1 0
air-cover/internal/adapters/inbound/http/ui/layout_templ.go:131.3,133.32 3 1
air-cover/internal/adapters/inbound/http/ui/layout_templ.go:133.32,135.4 1 0
air-cover/internal/adapters/inbound/http/ui/layout_templ.go:136.3,138.32 3 1
air-cover/internal/adapters/inbound/http/ui/layout_templ.go:138.32,140.4 1 0
air-cover/internal/adapters/inbound/http/ui/layout_templ.go:14.71,16.4 1 0
air-cover/internal/adapters/inbound/http/ui/layout_templ.go:141.3,142.32 2 1
air-cover/internal/adapters/inbound/http/ui/layout_templ.go:142.32,144.4 1 0
air-cover/internal/adapters/inbound/http/ui/layout_templ.go:145.3,146.32 2 1
air-cover/internal/adapters/inbound/http/ui/layout_templ.go:146.32,148.4 1 0
air-cover/internal/adapters/inbound/http/ui/layout_templ.go:149.3,149.13 1 1
air-cover/internal/adapters/inbound/http/ui/layout_templ.go:153.35,154.131 1 1
air-cover/internal/adapters/inbound/http/ui/layout_templ.go:154.131,156.71 2 1
air-cover/internal/adapters/inbound/http/ui/layout_templ.go:156.71,158.4 1 0
air-cover/internal/adapters/inbound/http/ui/layout_templ.go:159.3,160.31 2 1
air-cover/internal/adapters/inbound/http/ui/layout_templ.go:160.31,161.17 1 1
air-cover/internal/adapters/inbound/http/ui/layout_templ.go:161.17,163.34 2 1
air-cover/internal/adapters/inbound/http/ui/layout_templ.go:163.34,165.6 1 1
air-cover/internal/adapters/inbound/http/ui/layout_templ.go:168.3,170.33 3 1
air-cover/internal/adapters/inbound/http/ui/layout_templ.go:17.3,18.31 2 1
air-cover/internal/adapters/inbound/http/ui/layout_templ.go:170.33,172.4 1 0
air-cover/internal/adapters/inbound/http/ui/layout_templ.go:173.3,175.32 3 1
air-cover/internal/adapters/inbound/http/ui/layout_templ.go:175.32,177.4 1 0
air-cover/internal/adapters/inbound/http/ui/layout_templ.go:178.3,178.13 1 1
air-cover/internal/adapters/inbound/http/ui/layout_templ.go:18.31,19.17 1 1
air-cover/internal/adapters/inbound/http/ui/layout_templ.go:182.36,183.131 1 1
air-cover/internal/adapters/inbound/http/ui/layout_templ.go:183.131,185.71 2 1
air-cover/internal/adapters/inbound/http/ui/layout_templ.go:185.71,187.4 1 0
air-cover/internal/adapters/inbound/http/ui/layout_templ.go:188.3,189.31 2 1
air-cover/internal/adapters/inbound/http/ui/layout_templ.go:189.31,190.17 1 1
air-cover/internal/adapters/inbound/http/ui/layout_templ.go:19.17,21.34 2 1
air-cover/internal/adapters/inbound/http/ui/layout_templ.go:190.17,192.34 2 1
air-cover/internal/adapters/inbound/http/ui/layout_templ.go:192.34,194.6 1 1
air-cover/internal/adapters/inbound/http/ui/layout_templ.go:197.3,199.33 3 1
air-cover/internal/adapters/inbound/http/ui/layout_templ.go:199.33,201.4 1 0
air-cover/internal/adapters/inbound/http/ui/layout_templ.go:202.3,204.32 3 1
air-cover/internal/adapters/inbound/http/ui/layout_templ.go:204.32,206.4 1 0
air-cover/internal/adapters/inbound/http/ui/layout_templ.go:207.3,207.13 1 1
air-cover/internal/adapters/inbound/http/ui/layout_templ.go:21.34,23.6 1 1
air-cover/internal/adapters/inbound/http/ui/layout_templ.go:26.3,28.33 3 1
air-cover/internal/adapters/inbound/http/ui/layout_templ.go:28.33,30.4 1 0
air-cover/internal/adapters/inbound/http/ui/layout_templ.go:31.3,33.32 3 1
air-cover/internal/adapters/inbound/http/ui/layout_templ.go:33.32,35.4 1 0
air-cover/internal/adapters/inbound/http/ui/layout_templ.go:36.3,38.32 3 1
air-cover/internal/adapters/inbound/http/ui/layout_templ.go:38.32,40.4 1 0
air-cover/internal/adapters/inbound/http/ui/layout_templ.go:41.3,42.32 2 1
air-cover/internal/adapters/inbound/http/ui/layout_templ.go:42.32,44.4 1 0
air-cover/internal/adapters/inbound/http/ui/layout_templ.go:45.3,46.32 2 1
air-cover/internal/adapters/inbound/http/ui/layout_templ.go:46.32,48.4 1 0
air-cover/internal/adapters/inbound/http/ui/layout_templ.go:49.3,50.32 2 1
air-cover/internal/adapters/inbound/http/ui/layout_templ.go:50.32,52.4 1 0
air-cover/internal/adapters/inbound/http/ui/layout_templ.go:53.3,54.32 2 1
air-cover/internal/adapters/inbound/http/ui/layout_templ.go:54.32,56.4 1 0
air-cover/internal/adapters/inbound/http/ui/layout_templ.go:57.3,57.13 1 1
air-cover/internal/adapters/inbound/http/ui/layout_templ.go:61.47,62.131 1 1
air-cover/internal/adapters/inbound/http/ui/layout_templ.go:62.131,64.71 2 1
air-cover/internal/adapters/inbound/http/ui/layout_templ.go:64.71,66.4 1 0
air-cover/internal/adapters/inbound/http/ui/layout_templ.go:67.3,68.31 2 1
air-cover/internal/adapters/inbound/http/ui/layout_templ.go:68.31,69.17 1 1
air-cover/internal/adapters/inbound/http/ui/layout_templ.go:69.17,71.34 2 1
air-cover/internal/adapters/inbound/http/ui/layout_templ.go:71.34,73.6 1 1
air-cover/internal/adapters/inbound/http/ui/layout_templ.go:76.3,78.33 3 1
air-cover/internal/adapters/inbound/http/ui/layout_templ.go:78.33,80.4 1 0
air-cover/internal/adapters/inbound/http/ui/layout_templ.go:81.3,83.32 3 1
air-cover/internal/adapters/inbound/http/ui/layout_templ.go:83.32,85.4 1 0
air-cover/internal/adapters/inbound/http/ui/layout_templ.go:86.3,88.32 3 1
air-cover/internal/adapters/inbound/http/ui/layout_templ.go:88.32,90.4 1 0
air-cover/internal/adapters/inbound/http/ui/layout_templ.go:91.3,92.32 2 1
air-cover/internal/adapters/inbound/http/ui/layout_templ.go:92.32,94.4 1 0
air-cover/internal/adapters/inbound/http/ui/layout_templ.go:95.3,96.32 2 1
air-cover/internal/adapters/inbound/http/ui/layout_templ.go:96.32,98.4 1 0
air-cover/internal/adapters/inbound/http/ui/layout_templ.go:99.3,100.32 2 1
air-cover/internal/adapters/inbound/http/ui/unauthenticated_templ.go:11.54,12.131 1 1
air-cover/internal/adapters/inbound/http/ui/unauthenticated_templ.go:12.131,14.71 2 1
air-cover/internal/adapters/inbound/http/ui/unauthenticated_templ.go:14.71,16.4 1 0
air-cover/internal/adapters/inbound/http/ui/unauthenticated_templ.go:17.3,18.31 2 1
air-cover/internal/adapters/inbound/http/ui/unauthenticated_templ.go:18.31,19.17 1 1
air-cover/internal/adapters/inbound/http/ui/unauthenticated_templ.go:19.17,21.34 2 1
air-cover/internal/adapters/inbound/http/ui/unauthenticated_templ.go:21.34,23.6 1 1
air-cover/internal/adapters/inbound/http/ui/unauthenticated_templ.go:26.3,28.33 3 1
air-cover/internal/adapters/inbound/http/ui/unauthenticated_templ.go:28.33,30.4 1 0
air-cover/internal/adapters/inbound/http/ui/unauthenticated_templ.go:31.3,32.148 2 1
air-cover/internal/adapters/inbound/http/ui/unauthenticated_templ.go:32.148,35.32 3 1
air-cover/internal/adapters/inbound/http/ui/unauthenticated_templ.go:35.32,36.18 1 0
air-cover/internal/adapters/inbound/http/ui/unauthenticated_templ.go:36.18,38.35 2 0
air-cover/internal/adapters/inbound/http/ui/unauthenticated_templ.go:38.35,40.7 1 0
air-cover/internal/adapters/inbound/http/ui/unauthenticated_templ.go:43.4,45.33 3 1
air-cover/internal/adapters/inbound/http/ui/unauthenticated_templ.go:45.33,47.5 1 0
air-cover/internal/adapters/inbound/http/ui/unauthenticated_templ.go:48.17,50.34 2 1
air-cover/internal/adapters/inbound/http/ui/unauthenticated_templ.go:48.4,48.17 1 1
air-cover/internal/adapters/inbound/http/ui/unauthenticated_templ.go:50.34,52.6 1 0
air-cover/internal/adapters/inbound/http/ui/unauthenticated_templ.go:54.4,55.33 2 1
air-cover/internal/adapters/inbound/http/ui/unauthenticated_templ.go:55.33,57.5 1 0
air-cover/internal/adapters/inbound/http/ui/unauthenticated_templ.go:58.4,58.14 1 1
air-cover/internal/adapters/inbound/http/ui/unauthenticated_templ.go:60.3,61.32 2 1
air-cover/internal/adapters/inbound/http/ui/unauthenticated_templ.go:61.32,63.4 1 0
air-cover/internal/adapters/inbound/http/ui/unauthenticated_templ.go:64.3,64.13 1 1
air-cover/internal/adapters/outbound/email/email.go:101.16,103.3 1 1
air-cover/internal/adapters/outbound/email/email.go:104.2,106.28 2 1
air-cover/internal/adapters/outbound/email/email.go:106.28,108.3 1 1
air-cover/internal/adapters/outbound/email/email.go:110.2,111.12 2 1
air-cover/internal/adapters/outbound/email/email.go:114.71,115.24 1 1
air-cover/internal/adapters/outbound/email/email.go:115.24,120.3 1 1
air-cover/internal/adapters/outbound/email/email.go:121.2,121.26 1 1
air-cover/internal/adapters/outbound/email/email.go:121.26,129.3 1 1
air-cover/internal/adapters/outbound/email/email.go:130.2,130.25 1 1
air-cover/internal/adapters/outbound/email/email.go:22.72,25.2 2 1
air-cover/internal/adapters/outbound/email/email.go:44.83,46.3 1 1
air-cover/internal/adapters/outbound/email/email.go:49.71,57.17 2 1
air-cover/internal/adapters/outbound/email/email.go:57.17,59.3 1 1
air-cover/internal/adapters/outbound/email/email.go:61.2,62.12 2 1
air-cover/internal/adapters/outbound/email/email.go:65.73,89.16 3 1
air-cover/internal/adapters/outbound/email/email.go:89.16,91.3 1 1
air-cover/internal/adapters/outbound/email/email.go:93.2,94.16 2 1
air-cover/internal/adapters/outbound/email/email.go:94.16,96.3 1 1
air-cover/internal/adapters/outbound/email/email.go:97.2,101.16 4 1
air-cover/internal/adapters/outbound/spinitron/catalog.go:100.2,100.12 1 1
air-cover/internal/adapters/outbound/spinitron/catalog.go:103.59,107.20 3 1
air-cover/internal/adapters/outbound/spinitron/catalog.go:107.20,109.3 1 1
air-cover/internal/adapters/outbound/spinitron/catalog.go:111.2,112.61 2 1
air-cover/internal/adapters/outbound/spinitron/catalog.go:112.61,115.3 2 1
air-cover/internal/adapters/outbound/spinitron/catalog.go:116.2,116.20 1 1
air-cover/internal/adapters/outbound/spinitron/catalog.go:119.65,123.23 3 1
air-cover/internal/adapters/outbound/spinitron/catalog.go:123.23,125.3 1 1
air-cover/internal/adapters/outbound/spinitron/catalog.go:127.2,128.67 2 1
air-cover/internal/adapters/outbound/spinitron/catalog.go:128.67,131.3 2 1
air-cover/internal/adapters/outbound/spinitron/catalog.go:132.2,132.23 1 1
air-cover/internal/adapters/outbound/spinitron/catalog.go:135.34,139.15 4 1
air-cover/internal/adapters/outbound/spinitron/catalog.go:139.15,139.44 1 1
air-cover/internal/adapters/outbound/spinitron/catalog.go:140.16,144.3 3 1
air-cover/internal/adapters/outbound/spinitron/catalog.go:140.2,140.16 1 1
air-cover/internal/adapters/outbound/spinitron/catalog.go:147.37,151.15 4 1
air-cover/internal/adapters/outbound/spinitron/catalog.go:151.15,151.47 1 1
air-cover/internal/adapters/outbound/spinitron/catalog.go:152.16,156.3 3 1
air-cover/internal/adapters/outbound/spinitron/catalog.go:152.2,152.16 1 1
air-cover/internal/adapters/outbound/spinitron/catalog.go:159.55,165.2 5 1
air-cover/internal/adapters/outbound/spinitron/catalog.go:167.64,173.2 5 1
air-cover/internal/adapters/outbound/spinitron/catalog.go:175.105,179.49 3 1
air-cover/internal/adapters/outbound/spinitron/catalog.go:179.49,180.33 1 1
air-cover/internal/adapters/outbound/spinitron/catalog.go:180.33,182.4 1 1
air-cover/internal/adapters/outbound/spinitron/catalog.go:184.3,185.17 2 1
air-cover/internal/adapters/outbound/spinitron/catalog.go:185.17,187.4 1 1
air-cover/internal/adapters/outbound/spinitron/catalog.go:188.3,190.32 2 1
air-cover/internal/adapters/outbound/spinitron/catalog.go:190.32,191.9 1 1
air-cover/internal/adapters/outbound/spinitron/catalog.go:193.3,193.29 1 1
air-cover/internal/adapters/outbound/spinitron/catalog.go:195.2,195.19 1 1
air-cover/internal/adapters/outbound/spinitron/catalog.go:198.111,202.49 3 1
air-cover/internal/adapters/outbound/spinitron/catalog.go:202.49,203.33 1 1
air-cover/internal/adapters/outbound/spinitron/catalog.go:203.33,205.4 1 1
air-cover/internal/adapters/outbound/spinitron/catalog.go:207.3,208.17 2 1
air-cover/internal/adapters/outbound/spinitron/catalog.go:208.17,210.4 1 1
air-cover/internal/adapters/outbound/spinitron/catalog.go:211.3,213.35 2 1
air-cover/internal/adapters/outbound/spinitron/catalog.go:213.35,214.9 1 1
air-cover/internal/adapters/outbound/spinitron/catalog.go:216.3,216.32 1 1
air-cover/internal/adapters/outbound/spinitron/catalog.go:218.2,218.22 1 1
air-cover/internal/adapters/outbound/spinitron/catalog.go:221.97,222.27 1 1
air-cover/internal/adapters/outbound/spinitron/catalog.go:222.27,223.22 1 1
air-cover/internal/adapters/outbound/spinitron/catalog.go:223.23,223.24 0 1
air-cover/internal/adapters/outbound/spinitron/catalog.go:225.2,225.51 1 1
air-cover/internal/adapters/outbound/spinitron/catalog.go:228.35,229.22 1 1
air-cover/internal/adapters/outbound/spinitron/catalog.go:229.22,231.3 1 1
air-cover/internal/adapters/outbound/spinitron/catalog.go:232.2,232.19 1 1
air-cover/internal/adapters/outbound/spinitron/catalog.go:235.60,236.18 1 1
air-cover/internal/adapters/outbound/spinitron/catalog.go:236.18,238.3 1 1
air-cover/internal/adapters/outbound/spinitron/catalog.go:239.2,241.15 3 1
air-cover/internal/adapters/outbound/spinitron/catalog.go:244.72,245.21 1 1
air-cover/internal/adapters/outbound/spinitron/catalog.go:245.21,247.3 1 1
air-cover/internal/adapters/outbound/spinitron/catalog.go:248.2,250.15 3 1
air-cover/internal/adapters/outbound/spinitron/catalog.go:43.45,50.2 1 1
air-cover/internal/adapters/outbound/spinitron/catalog.go:52.55,53.44 1 1
air-cover/internal/adapters/outbound/spinitron/catalog.go:53.44,55.3 1 1
air-cover/internal/adapters/outbound/spinitron/catalog.go:56.2,56.47 1 1
air-cover/internal/adapters/outbound/spinitron/catalog.go:56.47,58.3 1 1
air-cover/internal/adapters/outbound/spinitron/catalog.go:59.2,59.12 1 1
air-cover/internal/adapters/outbound/spinitron/catalog.go:62.77,63.37 1 1
air-cover/internal/adapters/outbound/spinitron/catalog.go:63.37,65.3 1 1
air-cover/internal/adapters/outbound/spinitron/catalog.go:67.2,67.38 1 1
air-cover/internal/adapters/outbound/spinitron/catalog.go:67.38,69.3 1 1
air-cover/internal/adapters/outbound/spinitron/catalog.go:71.2,72.16 2 1
air-cover/internal/adapters/outbound/spinitron/catalog.go:72.16,74.3 1 1
air-cover/internal/adapters/outbound/spinitron/catalog.go:75.2,76.31 2 1
air-cover/internal/adapters/outbound/spinitron/catalog.go:79.83,80.37 1 1
air-cover/internal/adapters/outbound/spinitron/catalog.go:80.37,82.3 1 1
air-cover/internal/adapters/outbound/spinitron/catalog.go:84.2,84.44 1 1
air-cover/internal/adapters/outbound/spinitron/catalog.go:84.44,86.3 1 1
air-cover/internal/adapters/outbound/spinitron/catalog.go:88.2,89.16 2 1
air-cover/internal/adapters/outbound/spinitron/catalog.go:89.16,91.3 1 1
air-cover/internal/adapters/outbound/spinitron/catalog.go:92.2,93.37 2 1
air-cover/internal/adapters/outbound/spinitron/catalog.go:96.36,97.33 1 1
air-cover/internal/adapters/outbound/spinitron/catalog.go:97.33,99.3 1 1
air-cover/internal/adapters/outbound/spinitron/spinitron.go:100.16,102.3 1 1
air-cover/internal/adapters/outbound/spinitron/spinitron.go:103.2,106.16 3 1
air-cover/internal/adapters/outbound/spinitron/spinitron.go:106.16,108.3 1 1
air-cover/internal/adapters/outbound/spinitron/spinitron.go:110.2,110.20 1 1
air-cover/internal/adapters/outbound/spinitron/spinitron.go:110.20,112.3 1 1
air-cover/internal/adapters/outbound/spinitron/spinitron.go:114.2,115.16 2 1
air-cover/internal/adapters/outbound/spinitron/spinitron.go:115.16,117.3 1 1
air-cover/internal/adapters/outbound/spinitron/spinitron.go:118.2,121.16 3 1
air-cover/internal/adapters/outbound/spinitron/spinitron.go:121.16,123.3 1 1
air-cover/internal/adapters/outbound/spinitron/spinitron.go:125.2,125.86 1 1
air-cover/internal/adapters/outbound/spinitron/spinitron.go:125.86,127.3 1 1
air-cover/internal/adapters/outbound/spinitron/spinitron.go:129.2,129.31 1 1
air-cover/internal/adapters/outbound/spinitron/spinitron.go:132.74,134.55 2 1
air-cover/internal/adapters/outbound/spinitron/spinitron.go:134.55,136.3 1 1
air-cover/internal/adapters/outbound/spinitron/spinitron.go:138.2,139.9 2 1
air-cover/internal/adapters/outbound/spinitron/spinitron.go:139.9,141.3 1 1
air-cover/internal/adapters/outbound/spinitron/spinitron.go:142.2,142.24 1 1
air-cover/internal/adapters/outbound/spinitron/spinitron.go:142.24,144.3 1 1
air-cover/internal/adapters/outbound/spinitron/spinitron.go:146.2,147.60 2 1
air-cover/internal/adapters/outbound/spinitron/spinitron.go:147.60,149.3 1 1
air-cover/internal/adapters/outbound/spinitron/spinitron.go:151.2,152.32 2 1
air-cover/internal/adapters/outbound/spinitron/spinitron.go:152.32,154.15 2 1
air-cover/internal/adapters/outbound/spinitron/spinitron.go:154.15,155.12 1 1
air-cover/internal/adapters/outbound/spinitron/spinitron.go:158.3,162.5 2 1
air-cover/internal/adapters/outbound/spinitron/spinitron.go:165.2,168.8 1 1
air-cover/internal/adapters/outbound/spinitron/spinitron.go:171.80,173.55 2 1
air-cover/internal/adapters/outbound/spinitron/spinitron.go:173.55,175.3 1 1
air-cover/internal/adapters/outbound/spinitron/spinitron.go:177.2,178.9 2 1
air-cover/internal/adapters/outbound/spinitron/spinitron.go:178.9,180.3 1 1
air-cover/internal/adapters/outbound/spinitron/spinitron.go:181.2,181.24 1 1
air-cover/internal/adapters/outbound/spinitron/spinitron.go:181.24,183.3 1 1
air-cover/internal/adapters/outbound/spinitron/spinitron.go:185.2,186.60 2 1
air-cover/internal/adapters/outbound/spinitron/spinitron.go:186.60,188.3 1 1
air-cover/internal/adapters/outbound/spinitron/spinitron.go:190.2,191.32 2 1
air-cover/internal/adapters/outbound/spinitron/spinitron.go:191.32,193.18 2 1
air-cover/internal/adapters/outbound/spinitron/spinitron.go:193.18,194.12 1 1
air-cover/internal/adapters/outbound/spinitron/spinitron.go:196.3,197.17 2 1
air-cover/internal/adapters/outbound/spinitron/spinitron.go:197.17,198.12 1 1
air-cover/internal/adapters/outbound/spinitron/spinitron.go:201.3,204.40 3 1
air-cover/internal/adapters/outbound/spinitron/spinitron.go:204.40,205.38 1 1
air-cover/internal/adapters/outbound/spinitron/spinitron.go:205.38,207.5 1 1
air-cover/internal/adapters/outbound/spinitron/spinitron.go:210.3,214.5 1 1
air-cover/internal/adapters/outbound/spinitron/spinitron.go:217.2,220.8 1 1
air-cover/internal/adapters/outbound/spinitron/spinitron.go:223.42,224.29 1 1
air-cover/internal/adapters/outbound/spinitron/spinitron.go:225.14,226.15 1 1
air-cover/internal/adapters/outbound/spinitron/spinitron.go:227.15,228.34 1 1
air-cover/internal/adapters/outbound/spinitron/spinitron.go:229.19,230.24 1 1
air-cover/internal/adapters/outbound/spinitron/spinitron.go:231.10,232.12 1 1
air-cover/internal/adapters/outbound/spinitron/spinitron.go:236.57,237.64 1 1
air-cover/internal/adapters/outbound/spinitron/spinitron.go:237.64,238.31 1 1
air-cover/internal/adapters/outbound/spinitron/spinitron.go:238.31,239.52 1 1
air-cover/internal/adapters/outbound/spinitron/spinitron.go:239.52,241.5 1 1
air-cover/internal/adapters/outbound/spinitron/spinitron.go:245.2,245.45 1 1
air-cover/internal/adapters/outbound/spinitron/spinitron.go:245.45,247.3 1 1
air-cover/internal/adapters/outbound/spinitron/spinitron.go:248.2,248.23 1 1
air-cover/internal/adapters/outbound/spinitron/spinitron.go:251.81,252.52 1 1
air-cover/internal/adapters/outbound/spinitron/spinitron.go:252.52,253.34 1 1
air-cover/internal/adapters/outbound/spinitron/spinitron.go:253.34,254.52 1 1
air-cover/internal/adapters/outbound/spinitron/spinitron.go:254.52,256.5 1 1
air-cover/internal/adapters/outbound/spinitron/spinitron.go:260.2,260.50 1 1
air-cover/internal/adapters/outbound/spinitron/spinitron.go:260.50,261.34 1 1
air-cover/internal/adapters/outbound/spinitron/spinitron.go:261.34,262.52 1 1
air-cover/internal/adapters/outbound/spinitron/spinitron.go:262.52,264.5 1 1
air-cover/internal/adapters/outbound/spinitron/spinitron.go:268.2,268.40 1 1
air-cover/internal/adapters/outbound/spinitron/spinitron.go:268.40,269.58 1 1
air-cover/internal/adapters/outbound/spinitron/spinitron.go:269.58,271.4 1 1
air-cover/internal/adapters/outbound/spinitron/spinitron.go:274.2,274.57 1 1
air-cover/internal/adapters/outbound/spinitron/spinitron.go:277.54,279.51 2 1
air-cover/internal/adapters/outbound/spinitron/spinitron.go:279.51,281.3 1 1
air-cover/internal/adapters/outbound/spinitron/spinitron.go:283.2,283.52 1 1
air-cover/internal/adapters/outbound/spinitron/spinitron.go:283.52,284.33 1 1
air-cover/internal/adapters/outbound/spinitron/spinitron.go:284.33,285.54 1 1
air-cover/internal/adapters/outbound/spinitron/spinitron.go:285.54,287.5 1 1
air-cover/internal/adapters/outbound/spinitron/spinitron.go:291.2,291.12 1 1
air-cover/internal/adapters/outbound/spinitron/spinitron.go:294.51,296.54 2 1
air-cover/internal/adapters/outbound/spinitron/spinitron.go:296.54,298.3 1 1
air-cover/internal/adapters/outbound/spinitron/spinitron.go:299.2,299.33 1 1
air-cover/internal/adapters/outbound/spinitron/spinitron.go:302.46,303.27 1 1
air-cover/internal/adapters/outbound/spinitron/spinitron.go:304.11,305.13 1 1
air-cover/internal/adapters/outbound/spinitron/spinitron.go:306.15,308.15 2 1
air-cover/internal/adapters/outbound/spinitron/spinitron.go:308.15,310.4 1 1
air-cover/internal/adapters/outbound/spinitron/spinitron.go:311.14,312.41 1 1
air-cover/internal/adapters/outbound/spinitron/spinitron.go:312.41,314.4 1 1
air-cover/internal/adapters/outbound/spinitron/spinitron.go:315.30,316.32 1 1
air-cover/internal/adapters/outbound/spinitron/spinitron.go:316.32,317.50 1 1
air-cover/internal/adapters/outbound/spinitron/spinitron.go:317.50,319.5 1 1
air-cover/internal/adapters/outbound/spinitron/spinitron.go:321.3,321.68 1 1
air-cover/internal/adapters/outbound/spinitron/spinitron.go:321.68,322.31 1 1
air-cover/internal/adapters/outbound/spinitron/spinitron.go:322.31,323.52 1 1
air-cover/internal/adapters/outbound/spinitron/spinitron.go:323.52,325.6 1 1
air-cover/internal/adapters/outbound/spinitron/spinitron.go:328.21,329.26 1 1
air-cover/internal/adapters/outbound/spinitron/spinitron.go:329.26,330.50 1 1
air-cover/internal/adapters/outbound/spinitron/spinitron.go:330.50,332.5 1 1
air-cover/internal/adapters/outbound/spinitron/spinitron.go:336.2,336.12 1 1
air-cover/internal/adapters/outbound/spinitron/spinitron.go:339.46,341.15 2 1
air-cover/internal/adapters/outbound/spinitron/spinitron.go:341.15,343.3 1 1
air-cover/internal/adapters/outbound/spinitron/spinitron.go:345.2,345.60 1 1
air-cover/internal/adapters/outbound/spinitron/spinitron.go:345.60,347.3 1 1
air-cover/internal/adapters/outbound/spinitron/spinitron.go:349.2,350.16 2 1
air-cover/internal/adapters/outbound/spinitron/spinitron.go:350.16,352.3 1 1
air-cover/internal/adapters/outbound/spinitron/spinitron.go:353.2,354.19 2 1
air-cover/internal/adapters/outbound/spinitron/spinitron.go:354.19,356.3 1 1
air-cover/internal/adapters/outbound/spinitron/spinitron.go:357.2,358.29 2 1
air-cover/internal/adapters/outbound/spinitron/spinitron.go:358.29,360.3 1 1
air-cover/internal/adapters/outbound/spinitron/spinitron.go:361.2,361.19 1 1
[...]
air-cover/internal/adapters/outbound/sqlite/subrequest_repository.go:69.2,69.15 1 1
air-cover/internal/adapters/outbound/sqlite/subrequest_repository.go:72.2,72.12 1 1
air-cover/internal/adapters/outbound/sqlite/subrequest_repository.go:75.105,81.16 2 1
air-cover/internal/adapters/outbound/sqlite/subrequest_repository.go:81.16,83.3 1 1
air-cover/internal/adapters/outbound/sqlite/subrequest_repository.go:84.2,85.16 2 1
air-cover/internal/adapters/outbound/sqlite/subrequest_repository.go:85.16,87.3 1 1
air-cover/internal/adapters/outbound/sqlite/subrequest_repository.go:88.15,89.57 1 1
air-cover/internal/adapters/outbound/sqlite/subrequest_repository.go:88.2,88.15 1 1
air-cover/internal/adapters/outbound/sqlite/subrequest_repository.go:89.57,91.4 1 1
air-cover/internal/adapters/outbound/sqlite/subrequest_repository.go:92.3,92.21 1 1
air-cover/internal/adapters/outbound/sqlite/subrequest_repository.go:94.2,94.12 1 1
air-cover/internal/adapters/outbound/sqlite/subrequest_repository.go:97.95,102.16 2 1
air-cover/internal/app/admin/service.go:101.3,101.37 1 1
air-cover/internal/app/admin/service.go:101.37,103.4 1 1
air-cover/internal/app/admin/service.go:104.3,104.75 1 1
air-cover/internal/app/admin/service.go:108.34,110.2 1 1
air-cover/internal/app/admin/service.go:19.60,21.2 1 1
air-cover/internal/app/admin/service.go:34.74,36.16 2 1
air-cover/internal/app/admin/service.go:36.16,38.3 1 1
air-cover/internal/app/admin/service.go:39.2,40.19 2 1
air-cover/internal/app/admin/service.go:43.80,45.16 2 1
air-cover/internal/app/admin/service.go:45.16,47.3 1 1
air-cover/internal/app/admin/service.go:48.2,48.43 1 1
air-cover/internal/app/admin/service.go:48.43,50.3 1 1
air-cover/internal/app/admin/service.go:51.2,52.12 2 1
air-cover/internal/app/admin/service.go:55.107,56.60 1 1
air-cover/internal/app/admin/service.go:56.60,58.3 1 1
air-cover/internal/app/admin/service.go:59.2,59.88 1 1
air-cover/internal/app/admin/service.go:59.88,61.3 1 1
air-cover/internal/app/admin/service.go:62.2,62.86 1 1
air-cover/internal/app/admin/service.go:62.86,63.44 1 1
air-cover/internal/app/admin/service.go:63.44,65.4 1 1
air-cover/internal/app/admin/service.go:66.3,66.13 1 1
air-cover/internal/app/admin/service.go:68.2,68.12 1 1
air-cover/internal/app/admin/service.go:71.65,72.22 1 1
air-cover/internal/app/admin/service.go:72.22,74.3 1 1
air-cover/internal/app/admin/service.go:75.2,76.16 2 1
air-cover/internal/app/admin/service.go:76.16,79.3 2 1
air-cover/internal/app/admin/service.go:81.2,82.29 2 1
air-cover/internal/app/admin/service.go:82.29,83.39 1 1
air-cover/internal/app/admin/service.go:83.39,85.4 1 1
air-cover/internal/app/admin/service.go:87.2,87.22 1 1
air-cover/internal/app/admin/service.go:87.22,89.3 1 1
air-cover/internal/app/admin/service.go:90.2,90.40 1 1
air-cover/internal/app/admin/service.go:93.38,94.40 1 1
air-cover/internal/app/admin/service.go:94.40,95.47 1 1
air-cover/internal/app/admin/service.go:95.47,97.4 1 1
air-cover/internal/app/admin/service.go:98.26,100.4 1 1
air-cover/internal/app/admin/service.go:98.3,98.26 1 1
air-cover/internal/app/auth/service.go:101.2,101.21 1 1
air-cover/internal/app/auth/service.go:101.21,103.3 1 1
air-cover/internal/app/auth/service.go:104.2,104.31 1 1
air-cover/internal/app/auth/service.go:104.31,106.3 1 1
air-cover/internal/app/auth/service.go:107.2,107.89 1 1
air-cover/internal/app/auth/service.go:107.89,109.3 1 1
air-cover/internal/app/auth/service.go:110.2,110.37 1 1
air-cover/internal/app/auth/service.go:113.98,116.16 3 1
air-cover/internal/app/auth/service.go:116.16,118.3 1 1
air-cover/internal/app/auth/service.go:120.2,121.16 2 1
air-cover/internal/app/auth/service.go:121.16,123.3 1 1
air-cover/internal/app/auth/service.go:124.2,125.16 2 1
air-cover/internal/app/auth/service.go:125.16,127.3 1 1
air-cover/internal/app/auth/service.go:129.2,130.108 2 1
air-cover/internal/app/auth/service.go:130.108,132.3 1 1
air-cover/internal/app/auth/service.go:133.2,133.72 1 1
air-cover/internal/app/auth/service.go:136.65,138.2 1 1
air-cover/internal/app/auth/service.go:140.109,142.16 2 1
air-cover/internal/app/auth/service.go:142.16,144.3 1 1
air-cover/internal/app/auth/service.go:145.2,146.16 2 1
air-cover/internal/app/auth/service.go:146.16,148.3 1 1
air-cover/internal/app/auth/service.go:149.2,149.21 1 1
air-cover/internal/app/auth/service.go:149.21,151.3 1 1
air-cover/internal/app/auth/service.go:152.2,152.81 1 1
air-cover/internal/app/auth/service.go:155.35,156.22 1 1
air-cover/internal/app/auth/service.go:156.22,158.3 1 1
air-cover/internal/app/auth/service.go:159.2,159.19 1 1
air-cover/internal/app/auth/service.go:50.58,57.2 1 1
air-cover/internal/app/auth/service.go:59.73,60.22 1 1
air-cover/internal/app/auth/service.go:60.22,62.3 1 1
air-cover/internal/app/auth/service.go:63.2,63.10 1 1
air-cover/internal/app/auth/service.go:66.49,68.41 2 1
air-cover/internal/app/auth/service.go:68.41,70.3 1 1
air-cover/internal/app/auth/service.go:71.2,71.34 1 1
air-cover/internal/app/auth/service.go:74.41,76.2 1 1
air-cover/internal/app/auth/service.go:78.37,82.2 3 1
air-cover/internal/app/auth/service.go:84.92,86.16 2 1
air-cover/internal/app/auth/service.go:86.16,88.3 1 1
air-cover/internal/app/auth/service.go:89.2,89.21 1 1
air-cover/internal/app/auth/service.go:89.21,91.3 1 1
air-cover/internal/app/auth/service.go:93.2,94.16 2 1
air-cover/internal/app/auth/service.go:94.16,96.3 1 1
air-cover/internal/app/auth/service.go:98.109,100.3 1 1
air-cover/internal/app/auth/service.go:98.2,98.109 1 1
air-cover/internal/app/bootstrap/service.go:22.43,24.2 1 1
air-cover/internal/app/bootstrap/service.go:26.77,27.17 1 1
air-cover/internal/app/bootstrap/service.go:27.17,29.3 1 1
air-cover/internal/app/bootstrap/service.go:30.2,31.43 2 1
air-cover/internal/app/bootstrap/service.go:31.43,33.84 2 1
air-cover/internal/app/bootstrap/service.go:33.84,35.4 1 1
air-cover/internal/app/bootstrap/service.go:36.3,36.13 1 1
air-cover/internal/app/bootstrap/service.go:38.16,40.3 1 1
air-cover/internal/app/bootstrap/service.go:38.2,38.16 1 1
air-cover/internal/app/bootstrap/service.go:41.2,41.12 1 1
air-cover/internal/app/contracttest/repository.go:100.46,102.3 1 1
air-cover/internal/app/contracttest/repository.go:105.100,106.46 1 1
air-cover/internal/app/contracttest/repository.go:106.46,108.3 1 1
air-cover/internal/app/contracttest/repository.go:111.72,112.46 1 1
air-cover/internal/app/contracttest/repository.go:112.46,114.3 1 1
air-cover/internal/app/contracttest/repository.go:117.72,118.16 1 1
air-cover/internal/app/contracttest/repository.go:118.16,120.3 1 1
air-cover/internal/app/contracttest/repository.go:121.15,123.23 2 1
air-cover/internal/app/contracttest/repository.go:121.2,121.15 1 1
air-cover/internal/app/contracttest/repository.go:123.23,125.4 1 1
air-cover/internal/app/contracttest/repository.go:126.3,126.26 1 1
air-cover/internal/app/contracttest/repository.go:129.2,130.12 2 1
air-cover/internal/app/contracttest/repository.go:133.60,137.2 3 1
air-cover/internal/app/contracttest/repository.go:139.68,143.2 3 1
air-cover/internal/app/contracttest/repository.go:145.60,158.2 11 1
air-cover/internal/app/contracttest/repository.go:160.68,177.2 15 1
air-cover/internal/app/contracttest/repository.go:179.64,200.2 19 1
air-cover/internal/app/contracttest/repository.go:202.70,237.31 30 1
air-cover/internal/app/contracttest/repository.go:237.31,238.54 1 1
air-cover/internal/app/contracttest/repository.go:238.54,241.4 2 1
air-cover/internal/app/contracttest/repository.go:243.2,243.77 1 1
air-cover/internal/app/contracttest/repository.go:246.70,249.2 2 1
air-cover/internal/app/contracttest/repository.go:251.94,312.2 38 1
air-cover/internal/app/contracttest/repository.go:314.88,355.2 21 1
air-cover/internal/app/contracttest/repository.go:357.43,358.16 1 1
air-cover/internal/app/contracttest/repository.go:358.16,359.44 1 1
air-cover/internal/app/contracttest/repository.go:363.48,364.9 1 1
air-cover/internal/app/contracttest/repository.go:364.9,365.37 1 1
air-cover/internal/app/contracttest/repository.go:369.32,371.2 1 1
air-cover/internal/app/contracttest/repository.go:373.110,375.27 2 1
air-cover/internal/app/contracttest/repository.go:375.27,376.34 1 1
air-cover/internal/app/contracttest/repository.go:376.34,378.4 1 1
air-cover/internal/app/contracttest/repository.go:380.2,380.13 1 1
air-cover/internal/app/contracttest/repository.go:383.80,384.40 1 1
air-cover/internal/app/contracttest/repository.go:384.40,385.57 1 1
air-cover/internal/app/contracttest/repository.go:385.57,387.4 1 1
air-cover/internal/app/contracttest/repository.go:389.2,389.23 1 1
air-cover/internal/app/contracttest/repository.go:63.80,64.46 1 1
air-cover/internal/app/contracttest/repository.go:64.46,66.3 1 1
air-cover/internal/app/contracttest/repository.go:69.72,70.46 1 1
air-cover/internal/app/contracttest/repository.go:70.46,72.3 1 1
air-cover/internal/app/contracttest/repository.go:75.80,76.46 1 1
air-cover/internal/app/contracttest/repository.go:76.46,78.3 1 1
air-cover/internal/app/contracttest/repository.go:81.76,82.46 1 1
air-cover/internal/app/contracttest/repository.go:82.46,84.3 1 1
air-cover/internal/app/contracttest/repository.go:87.82,88.46 1 1
air-cover/internal/app/contracttest/repository.go:88.46,90.3 1 1
air-cover/internal/app/contracttest/repository.go:93.82,94.46 1 1
air-cover/internal/app/contracttest/repository.go:94.46,96.3 1 1
air-cover/internal/app/contracttest/repository.go:99.106,100.46 1 1
air-cover/internal/app/subrequests/service.go:111.18,113.4 1 1
air-cover/internal/app/subrequests/service.go:113.9,115.4 1 1
air-cover/internal/app/subrequests/service.go:118.2,118.53 1 1
air-cover/internal/app/subrequests/service.go:118.53,120.3 1 1
air-cover/internal/app/subrequests/service.go:122.2,126.8 1 1
air-cover/internal/app/subrequests/service.go:129.99,130.58 1 1
air-cover/internal/app/subrequests/service.go:130.58,132.3 1 1
air-cover/internal/app/subrequests/service.go:134.2,143.17 2 1
air-cover/internal/app/subrequests/service.go:143.17,145.3 1 1
air-cover/internal/app/subrequests/service.go:146.2,146.12 1 1
air-cover/internal/app/subrequests/service.go:149.85,151.9 2 1
air-cover/internal/app/subrequests/service.go:152.25,153.30 1 1
air-cover/internal/app/subrequests/service.go:154.35,155.30 1 1
air-cover/internal/app/subrequests/service.go:156.101,157.30 1 1
air-cover/internal/app/subrequests/service.go:158.47,159.30 1 1
air-cover/internal/app/subrequests/service.go:162.2,162.22 1 1
air-cover/internal/app/subrequests/service.go:162.22,164.3 1 1
air-cover/internal/app/subrequests/service.go:165.2,166.16 2 1
air-cover/internal/app/subrequests/service.go:166.16,168.3 1 1
air-cover/internal/app/subrequests/service.go:169.2,169.38 1 1
air-cover/internal/app/subrequests/service.go:169.38,171.3 1 1
air-cover/internal/app/subrequests/service.go:172.2,172.12 1 1
air-cover/internal/app/subrequests/service.go:175.88,177.16 2 1
air-cover/internal/app/subrequests/service.go:177.16,179.3 1 1
air-cover/internal/app/subrequests/service.go:180.2,180.32 1 1
air-cover/internal/app/subrequests/service.go:180.32,182.3 1 1
air-cover/internal/app/subrequests/service.go:183.2,183.57 1 1
air-cover/internal/app/subrequests/service.go:183.57,185.3 1 1
air-cover/internal/app/subrequests/service.go:186.2,186.12 1 1
air-cover/internal/app/subrequests/service.go:189.108,190.21 1 1
air-cover/internal/app/subrequests/service.go:190.21,192.3 1 1
air-cover/internal/app/subrequests/service.go:194.2,195.16 2 1
air-cover/internal/app/subrequests/service.go:195.16,197.3 1 1
air-cover/internal/app/subrequests/service.go:199.2,199.16 1 1
air-cover/internal/app/subrequests/service.go:200.18,201.76 1 1
air-cover/internal/app/subrequests/service.go:201.76,203.4 1 1
air-cover/internal/app/subrequests/service.go:204.20,205.33 1 1
air-cover/internal/app/subrequests/service.go:205.33,207.4 1 1
air-cover/internal/app/subrequests/service.go:208.3,208.67 1 1
air-cover/internal/app/subrequests/service.go:208.67,210.4 1 1
air-cover/internal/app/subrequests/service.go:212.2,212.12 1 1
air-cover/internal/app/subrequests/service.go:215.42,216.43 1 1
air-cover/internal/app/subrequests/service.go:216.43,218.3 1 1
air-cover/internal/app/subrequests/service.go:219.2,219.43 1 1
air-cover/internal/app/subrequests/service.go:219.43,221.3 1 1
air-cover/internal/app/subrequests/service.go:222.2,222.12 1 1
air-cover/internal/app/subrequests/service.go:225.61,227.29 2 1
air-cover/internal/app/subrequests/service.go:227.29,229.17 2 1
air-cover/internal/app/subrequests/service.go:229.17,230.12 1 1
air-cover/internal/app/subrequests/service.go:232.3,232.27 1 1
air-cover/internal/app/subrequests/service.go:234.2,234.16 1 1
air-cover/internal/app/subrequests/service.go:237.59,238.43 1 1
air-cover/internal/app/subrequests/service.go:238.43,240.3 1 1
air-cover/internal/app/subrequests/service.go:241.2,241.23 1 1
air-cover/internal/app/subrequests/service.go:244.59,245.29 1 1
air-cover/internal/app/subrequests/service.go:245.29,247.17 2 1
air-cover/internal/app/subrequests/service.go:247.17,248.12 1 1
air-cover/internal/app/subrequests/service.go:250.19,252.4 1 1
air-cover/internal/app/subrequests/service.go:250.3,250.19 1 1
air-cover/internal/app/subrequests/service.go:254.2,254.14 1 1
air-cover/internal/app/subrequests/service.go:257.35,258.22 1 1
air-cover/internal/app/subrequests/service.go:258.22,260.3 1 1
air-cover/internal/app/subrequests/service.go:261.2,261.19 1 1
air-cover/internal/app/subrequests/service.go:27.60,33.2 1 1
air-cover/internal/app/subrequests/service.go:72.30,74.2 1 1
air-cover/internal/app/subrequests/service.go:76.100,77.22 1 1
air-cover/internal/app/subrequests/service.go:77.22,79.3 1 1
air-cover/internal/app/subrequests/service.go:80.2,81.16 2 1
air-cover/internal/app/subrequests/service.go:81.16,83.3 1 1
air-cover/internal/app/subrequests/service.go:85.2,85.40 1 1
air-cover/internal/app/subrequests/service.go:85.40,87.3 1 1
air-cover/internal/app/subrequests/service.go:89.2,90.16 2 1
air-cover/internal/app/subrequests/service.go:90.16,92.3 1 1
air-cover/internal/app/subrequests/service.go:94.2,99.37 5 1
air-cover/internal/app/subrequests/service.go:99.37,111.18 3 1
air-cover/internal/cmd/doc.go:16.47,24.3 4 1
air-cover/internal/cmd/doc.go:27.13,29.2 1 1
air-cover/internal/cmd/migrate.go:25.47,27.3 1 1
air-cover/internal/cmd/migrate.go:33.47,35.3 1 1
air-cover/internal/cmd/migrate.go:41.47,43.3 1 1
air-cover/internal/cmd/migrate.go:49.47,51.3 1 1
air-cover/internal/cmd/migrate.go:54.52,56.16 2 1
air-cover/internal/cmd/migrate.go:56.16,59.3 2 1
air-cover/internal/cmd/migrate.go:61.2,64.16 3 1
air-cover/internal/cmd/migrate.go:64.16,67.3 2 1
air-cover/internal/cmd/migrate.go:68.2,70.62 2 1
air-cover/internal/cmd/migrate.go:70.62,73.3 2 1
air-cover/internal/cmd/migrate.go:75.2,75.65 1 1
air-cover/internal/cmd/migrate.go:78.13,84.2 5 1
air-cover/internal/cmd/root.go:22.16,23.42 1 1
air-cover/internal/cmd/root.go:23.42,26.3 2 1
air-cover/internal/cmd/root.go:29.13,33.2 2 1
air-cover/internal/cmd/root.go:35.19,36.19 1 1
air-cover/internal/cmd/root.go:36.19,38.3 1 1
air-cover/internal/cmd/root.go:38.8,45.3 5 1
air-cover/internal/cmd/root.go:47.2,49.45 2 1
air-cover/internal/cmd/root.go:49.45,51.3 1 1
air-cover/internal/cmd/server.go:100.68,100.114 1 1
air-cover/internal/cmd/server.go:104.67,106.4 1 1
air-cover/internal/cmd/server.go:107.126,109.4 1 1
air-cover/internal/cmd/server.go:110.56,118.4 2 1
air-cover/internal/cmd/server.go:119.46,121.4 1 1
air-cover/internal/cmd/server.go:122.85,124.4 1 1
air-cover/internal/cmd/server.go:125.72,127.4 1 1
air-cover/internal/cmd/server.go:136.47,137.61 1 1
air-cover/internal/cmd/server.go:137.61,140.4 2 1
air-cover/internal/cmd/server.go:144.59,146.16 2 1
air-cover/internal/cmd/server.go:146.16,148.3 1 1
air-cover/internal/cmd/server.go:150.2,153.16 3 1
air-cover/internal/cmd/server.go:153.16,155.3 1 1
air-cover/internal/cmd/server.go:156.2,156.27 1 1
air-cover/internal/cmd/server.go:156.27,158.3 1 1
air-cover/internal/cmd/server.go:160.132,162.3 1 1
air-cover/internal/cmd/server.go:160.2,160.132 1 1
air-cover/internal/cmd/server.go:164.2,168.64 4 1
air-cover/internal/cmd/server.go:168.64,170.3 1 1
air-cover/internal/cmd/server.go:171.2,171.12 1 1
air-cover/internal/cmd/server.go:174.87,176.16 2 1
air-cover/internal/cmd/server.go:176.16,178.3 1 1
air-cover/internal/cmd/server.go:179.2,186.8 3 1
air-cover/internal/cmd/server.go:189.73,195.2 1 1
air-cover/internal/cmd/server.go:197.102,212.2 6 1
air-cover/internal/cmd/server.go:214.82,216.9 2 1
air-cover/internal/cmd/server.go:216.9,218.3 1 1
air-cover/internal/cmd/server.go:219.12,222.50 3 1
air-cover/internal/cmd/server.go:219.2,219.12 1 1
air-cover/internal/cmd/server.go:222.50,224.4 1 1
air-cover/internal/cmd/server.go:228.76,233.12 4 1
air-cover/internal/cmd/server.go:233.12,235.3 1 1
air-cover/internal/cmd/server.go:237.2,237.9 1 1
air-cover/internal/cmd/server.go:238.26,239.58 1 1
air-cover/internal/cmd/server.go:239.58,241.4 1 1
air-cover/internal/cmd/server.go:242.3,242.13 1 1
air-cover/internal/cmd/server.go:243.20,244.9 1 1
air-cover/internal/cmd/server.go:247.2,250.65 3 1
air-cover/internal/cmd/server.go:250.65,252.3 1 1
air-cover/internal/cmd/server.go:254.2,254.9 1 1
air-cover/internal/cmd/server.go:255.26,256.58 1 1
air-cover/internal/cmd/server.go:256.58,258.4 1 1
air-cover/internal/cmd/server.go:259.3,259.13 1 1
air-cover/internal/cmd/server.go:260.28,261.27 1 1
air-cover/internal/cmd/server.go:265.13,272.2 4 1
air-cover/internal/cmd/server.go:34.51,36.3 1 1
air-cover/internal/cmd/server.go:90.37,94.82 1 1
air-cover/internal/cmd/server.go:94.82,96.4 1 1
air-cover/internal/cmd/server.go:97.74,99.4 1 1
air-cover/internal/domain/subrequest.go:26.41,28.2 1 1
air-cover/internal/domain/subrequest.go:30.48,31.28 1 1
air-cover/internal/domain/subrequest.go:31.28,33.3 1 1
air-cover/internal/domain/subrequest.go:34.2,34.29 1 1
air-cover/internal/domain/subrequest.go:37.47,39.2 1 1
air-cover/internal/domain/subrequest.go:41.62,43.2 1 1
air-cover/internal/domain/subrequest.go:45.60,47.2 1 1
air-cover/internal/domain/subrequest.go:49.62,51.2 1 1
air-cover/internal/domain/user.go:12.28,14.2 1 1
air-cover/internal/domain/user.go:24.30,26.2 1 1
air-cover/internal/domain/user.go:34.37,36.2 1 1
air-cover/internal/domain/user.go:38.63,40.2 1 1
air-cover/internal/platform/config/config.go:30.48,32.40 1 1
air-cover/internal/platform/config/config.go:32.40,35.3 1 1
air-cover/internal/platform/config/config.go:37.2,47.21 10 1
air-cover/internal/platform/config/config.go:47.21,49.17 2 1
air-cover/internal/platform/config/config.go:49.17,51.4 1 1
air-cover/internal/platform/config/config.go:52.3,52.15 1 1
air-cover/internal/platform/config/config.go:56.19,58.3 1 1
air-cover/internal/platform/config/config.go:56.2,56.19 1 1
air-cover/internal/platform/config/config.go:60.19,62.3 1 1
air-cover/internal/platform/config/config.go:60.2,60.19 1 1
air-cover/internal/platform/config/config.go:64.16,66.54 1 1
air-cover/internal/platform/config/config.go:64.2,64.16 1 1
air-cover/internal/platform/config/config.go:66.54,68.4 1 1
air-cover/internal/platform/config/config.go:71.3,71.34 1 1
air-cover/internal/platform/config/config.go:71.34,73.4 1 1
air-cover/internal/platform/config/config.go:74.3,74.36 1 1
air-cover/internal/platform/config/config.go:74.36,76.4 1 1
air-cover/internal/platform/config/config.go:79.2,80.45 2 1
air-cover/internal/platform/config/config.go:80.45,82.3 1 1
air-cover/internal/platform/config/config.go:84.2,84.17 1 1
air-cover/internal/platform/logger/logger.go:16.64,18.2 1 1
air-cover/internal/platform/logger/logger.go:21.49,24.16 3 1
air-cover/internal/platform/logger/logger.go:24.16,32.3 6 1
air-cover/internal/platform/logger/logger.go:32.8,34.3 1 1
air-cover/internal/platform/logger/logger.go:37.2,38.16 2 1
air-cover/internal/platform/logger/logger.go:38.16,41.3 1 1
air-cover/internal/platform/logger/logger.go:44.2,46.26 2 1
