mode: set
air-cover/cmd/aircover/main.go:5.13,7.2 1 1
air-cover/internal/adapters/email/email.go:101.2,101.25 1 1
air-cover/internal/adapters/email/email.go:19.72,22.2 2 1
air-cover/internal/adapters/email/email.go:32.83,34.3 1 1
air-cover/internal/adapters/email/email.go:37.73,38.20 1 1
air-cover/internal/adapters/email/email.go:38.20,41.3 2 1
air-cover/internal/adapters/email/email.go:44.2,66.16 3 1
air-cover/internal/adapters/email/email.go:66.16,68.3 1 1
air-cover/internal/adapters/email/email.go:70.2,71.16 2 1
air-cover/internal/adapters/email/email.go:71.16,73.3 1 1
air-cover/internal/adapters/email/email.go:74.2,78.16 4 1
air-cover/internal/adapters/email/email.go:78.16,80.3 1 1
air-cover/internal/adapters/email/email.go:81.2,83.28 2 1
air-cover/internal/adapters/email/email.go:83.28,85.3 1 1
air-cover/internal/adapters/email/email.go:87.2,88.12 2 1
air-cover/internal/adapters/email/email.go:91.54,92.41 1 1
air-cover/internal/adapters/email/email.go:92.41,100.3 1 1
air-cover/internal/adapters/spinitron/catalog.go:101.48,105.20 3 1
air-cover/internal/adapters/spinitron/catalog.go:105.20,107.3 1 1
air-cover/internal/adapters/spinitron/catalog.go:109.2,110.61 2 1
air-cover/internal/adapters/spinitron/catalog.go:110.61,113.3 2 1
air-cover/internal/adapters/spinitron/catalog.go:114.2,114.20 1 1
air-cover/internal/adapters/spinitron/catalog.go:117.54,121.23 3 1
air-cover/internal/adapters/spinitron/catalog.go:121.23,123.3 1 1
air-cover/internal/adapters/spinitron/catalog.go:125.2,126.67 2 1
air-cover/internal/adapters/spinitron/catalog.go:126.67,129.3 2 1
air-cover/internal/adapters/spinitron/catalog.go:130.2,130.23 1 1
air-cover/internal/adapters/spinitron/catalog.go:133.34,137.15 4 1
air-cover/internal/adapters/spinitron/catalog.go:137.15,137.44 1 1
air-cover/internal/adapters/spinitron/catalog.go:138.16,142.3 3 1
air-cover/internal/adapters/spinitron/catalog.go:138.2,138.16 1 1
air-cover/internal/adapters/spinitron/catalog.go:145.37,149.15 4 1
air-cover/internal/adapters/spinitron/catalog.go:149.15,149.47 1 1
air-cover/internal/adapters/spinitron/catalog.go:150.16,154.3 3 1
air-cover/internal/adapters/spinitron/catalog.go:150.2,150.16 1 1
air-cover/internal/adapters/spinitron/catalog.go:157.44,163.2 5 1
air-cover/internal/adapters/spinitron/catalog.go:165.53,171.2 5 1
air-cover/internal/adapters/spinitron/catalog.go:173.94,177.49 3 1
air-cover/internal/adapters/spinitron/catalog.go:177.49,178.33 1 1
air-cover/internal/adapters/spinitron/catalog.go:178.33,180.4 1 1
air-cover/internal/adapters/spinitron/catalog.go:182.3,183.17 2 1
air-cover/internal/adapters/spinitron/catalog.go:183.17,185.4 1 1
air-cover/internal/adapters/spinitron/catalog.go:186.3,188.32 2 1
air-cover/internal/adapters/spinitron/catalog.go:188.32,189.9 1 1
air-cover/internal/adapters/spinitron/catalog.go:191.3,191.29 1 1
air-cover/internal/adapters/spinitron/catalog.go:193.2,193.19 1 1
air-cover/internal/adapters/spinitron/catalog.go:196.100,200.49 3 1
air-cover/internal/adapters/spinitron/catalog.go:200.49,201.33 1 1
air-cover/internal/adapters/spinitron/catalog.go:201.33,203.4 1 1
air-cover/internal/adapters/spinitron/catalog.go:205.3,206.17 2 1
air-cover/internal/adapters/spinitron/catalog.go:206.17,208.4 1 1
air-cover/internal/adapters/spinitron/catalog.go:209.3,211.35 2 1
air-cover/internal/adapters/spinitron/catalog.go:211.35,212.9 1 1
air-cover/internal/adapters/spinitron/catalog.go:214.3,214.32 1 1
air-cover/internal/adapters/spinitron/catalog.go:216.2,216.22 1 1
air-cover/internal/adapters/spinitron/catalog.go:219.97,220.27 1 1
air-cover/internal/adapters/spinitron/catalog.go:220.27,221.22 1 1
air-cover/internal/adapters/spinitron/catalog.go:221.23,221.24 0 1
air-cover/internal/adapters/spinitron/catalog.go:223.2,223.51 1 1
air-cover/internal/adapters/spinitron/catalog.go:226.35,227.22 1 1
air-cover/internal/adapters/spinitron/catalog.go:227.22,229.3 1 1
air-cover/internal/adapters/spinitron/catalog.go:230.2,230.19 1 1
air-cover/internal/adapters/spinitron/catalog.go:233.38,234.18 1 1
air-cover/internal/adapters/spinitron/catalog.go:234.18,236.3 1 1
air-cover/internal/adapters/spinitron/catalog.go:237.2,239.15 3 1
air-cover/internal/adapters/spinitron/catalog.go:242.50,243.21 1 1
air-cover/internal/adapters/spinitron/catalog.go:243.21,245.3 1 1
air-cover/internal/adapters/spinitron/catalog.go:246.2,248.15 3 1
air-cover/internal/adapters/spinitron/catalog.go:41.45,48.2 1 1
air-cover/internal/adapters/spinitron/catalog.go:50.55,51.44 1 1
air-cover/internal/adapters/spinitron/catalog.go:51.44,53.3 1 1
air-cover/internal/adapters/spinitron/catalog.go:54.2,54.47 1 1
air-cover/internal/adapters/spinitron/catalog.go:54.47,56.3 1 1
air-cover/internal/adapters/spinitron/catalog.go:57.2,57.12 1 1
air-cover/internal/adapters/spinitron/catalog.go:60.66,61.37 1 1
air-cover/internal/adapters/spinitron/catalog.go:61.37,63.3 1 1
air-cover/internal/adapters/spinitron/catalog.go:65.2,65.38 1 1
air-cover/internal/adapters/spinitron/catalog.go:65.38,67.3 1 1
air-cover/internal/adapters/spinitron/catalog.go:69.2,70.16 2 1
air-cover/internal/adapters/spinitron/catalog.go:70.16,72.3 1 1
air-cover/internal/adapters/spinitron/catalog.go:73.2,74.31 2 1
air-cover/internal/adapters/spinitron/catalog.go:77.72,78.37 1 1
air-cover/internal/adapters/spinitron/catalog.go:78.37,80.3 1 1
air-cover/internal/adapters/spinitron/catalog.go:82.2,82.44 1 1
air-cover/internal/adapters/spinitron/catalog.go:82.44,84.3 1 1
air-cover/internal/adapters/spinitron/catalog.go:86.2,87.16 2 1
air-cover/internal/adapters/spinitron/catalog.go:87.16,89.3 1 1
air-cover/internal/adapters/spinitron/catalog.go:90.2,91.37 2 1
air-cover/internal/adapters/spinitron/catalog.go:94.36,95.33 1 1
air-cover/internal/adapters/spinitron/catalog.go:95.33,97.3 1 1
air-cover/internal/adapters/spinitron/catalog.go:98.2,98.12 1 1
air-cover/internal/adapters/spinitron/spinitron.go:101.104,104.16 3 1
air-cover/internal/adapters/spinitron/spinitron.go:104.16,106.3 1 1
air-cover/internal/adapters/spinitron/spinitron.go:107.2,110.16 3 1
air-cover/internal/adapters/spinitron/spinitron.go:110.16,112.3 1 1
air-cover/internal/adapters/spinitron/spinitron.go:114.2,114.20 1 1
air-cover/internal/adapters/spinitron/spinitron.go:114.20,116.3 1 1
air-cover/internal/adapters/spinitron/spinitron.go:118.2,119.16 2 1
air-cover/internal/adapters/spinitron/spinitron.go:119.16,121.3 1 1
air-cover/internal/adapters/spinitron/spinitron.go:122.2,125.16 3 1
air-cover/internal/adapters/spinitron/spinitron.go:125.16,127.3 1 1
air-cover/internal/adapters/spinitron/spinitron.go:129.2,129.86 1 1
air-cover/internal/adapters/spinitron/spinitron.go:129.86,131.3 1 1
air-cover/internal/adapters/spinitron/spinitron.go:133.2,133.31 1 1
air-cover/internal/adapters/spinitron/spinitron.go:136.74,138.55 2 1
air-cover/internal/adapters/spinitron/spinitron.go:138.55,140.3 1 1
air-cover/internal/adapters/spinitron/spinitron.go:142.2,143.9 2 1
air-cover/internal/adapters/spinitron/spinitron.go:143.9,145.3 1 1
air-cover/internal/adapters/spinitron/spinitron.go:146.2,146.24 1 1
air-cover/internal/adapters/spinitron/spinitron.go:146.24,148.3 1 1
air-cover/internal/adapters/spinitron/spinitron.go:150.2,151.60 2 1
air-cover/internal/adapters/spinitron/spinitron.go:151.60,153.3 1 1
air-cover/internal/adapters/spinitron/spinitron.go:155.2,156.32 2 1
air-cover/internal/adapters/spinitron/spinitron.go:156.32,158.15 2 1
air-cover/internal/adapters/spinitron/spinitron.go:158.15,159.12 1 1
air-cover/internal/adapters/spinitron/spinitron.go:162.3,166.5 2 1
air-cover/internal/adapters/spinitron/spinitron.go:169.2,172.8 1 1
air-cover/internal/adapters/spinitron/spinitron.go:175.80,177.55 2 1
air-cover/internal/adapters/spinitron/spinitron.go:177.55,179.3 1 1
air-cover/internal/adapters/spinitron/spinitron.go:181.2,182.9 2 1
air-cover/internal/adapters/spinitron/spinitron.go:182.9,184.3 1 1
air-cover/internal/adapters/spinitron/spinitron.go:185.2,185.24 1 1
air-cover/internal/adapters/spinitron/spinitron.go:185.24,187.3 1 1
air-cover/internal/adapters/spinitron/spinitron.go:189.2,190.60 2 1
air-cover/internal/adapters/spinitron/spinitron.go:190.60,192.3 1 1
air-cover/internal/adapters/spinitron/spinitron.go:194.2,195.32 2 1
air-cover/internal/adapters/spinitron/spinitron.go:195.32,197.18 2 1
air-cover/internal/adapters/spinitron/spinitron.go:197.18,198.12 1 1
air-cover/internal/adapters/spinitron/spinitron.go:200.3,201.17 2 1
air-cover/internal/adapters/spinitron/spinitron.go:201.17,202.12 1 1
air-cover/internal/adapters/spinitron/spinitron.go:205.3,208.40 3 1
air-cover/internal/adapters/spinitron/spinitron.go:208.40,209.38 1 1
air-cover/internal/adapters/spinitron/spinitron.go:209.38,211.5 1 1
air-cover/internal/adapters/spinitron/spinitron.go:214.3,218.5 1 1
air-cover/internal/adapters/spinitron/spinitron.go:221.2,224.8 1 1
air-cover/internal/adapters/spinitron/spinitron.go:227.42,228.29 1 1
air-cover/internal/adapters/spinitron/spinitron.go:229.14,230.15 1 1
air-cover/internal/adapters/spinitron/spinitron.go:231.15,232.34 1 1
air-cover/internal/adapters/spinitron/spinitron.go:233.19,234.24 1 1
air-cover/internal/adapters/spinitron/spinitron.go:235.10,236.12 1 1
air-cover/internal/adapters/spinitron/spinitron.go:240.57,241.64 1 1
air-cover/internal/adapters/spinitron/spinitron.go:241.64,242.31 1 1
air-cover/internal/adapters/spinitron/spinitron.go:242.31,243.52 1 1
air-cover/internal/adapters/spinitron/spinitron.go:243.52,245.5 1 1
air-cover/internal/adapters/spinitron/spinitron.go:249.2,249.45 1 1
air-cover/internal/adapters/spinitron/spinitron.go:249.45,251.3 1 1
air-cover/internal/adapters/spinitron/spinitron.go:252.2,252.23 1 1
air-cover/internal/adapters/spinitron/spinitron.go:255.81,256.52 1 1
air-cover/internal/adapters/spinitron/spinitron.go:256.52,257.34 1 1
air-cover/internal/adapters/spinitron/spinitron.go:257.34,258.52 1 1
air-cover/internal/adapters/spinitron/spinitron.go:258.52,260.5 1 1
air-cover/internal/adapters/spinitron/spinitron.go:264.2,264.50 1 1
air-cover/internal/adapters/spinitron/spinitron.go:264.50,265.34 1 1
air-cover/internal/adapters/spinitron/spinitron.go:265.34,266.52 1 1
air-cover/internal/adapters/spinitron/spinitron.go:266.52,268.5 1 1
air-cover/internal/adapters/spinitron/spinitron.go:272.2,272.40 1 1
air-cover/internal/adapters/spinitron/spinitron.go:272.40,273.58 1 1
air-cover/internal/adapters/spinitron/spinitron.go:273.58,275.4 1 1
air-cover/internal/adapters/spinitron/spinitron.go:278.2,278.57 1 1
air-cover/internal/adapters/spinitron/spinitron.go:281.54,283.51 2 1
air-cover/internal/adapters/spinitron/spinitron.go:283.51,285.3 1 1
air-cover/internal/adapters/spinitron/spinitron.go:287.2,287.52 1 1
air-cover/internal/adapters/spinitron/spinitron.go:287.52,288.33 1 1
air-cover/internal/adapters/spinitron/spinitron.go:288.33,289.54 1 1
air-cover/internal/adapters/spinitron/spinitron.go:289.54,291.5 1 1
air-cover/internal/adapters/spinitron/spinitron.go:295.2,295.12 1 1
air-cover/internal/adapters/spinitron/spinitron.go:298.51,300.54 2 1
air-cover/internal/adapters/spinitron/spinitron.go:300.54,302.3 1 1
air-cover/internal/adapters/spinitron/spinitron.go:303.2,303.33 1 1
air-cover/internal/adapters/spinitron/spinitron.go:306.46,307.27 1 1
air-cover/internal/adapters/spinitron/spinitron.go:308.11,309.13 1 1
air-cover/internal/adapters/spinitron/spinitron.go:310.15,312.15 2 1
air-cover/internal/adapters/spinitron/spinitron.go:312.15,314.4 1 1
air-cover/internal/adapters/spinitron/spinitron.go:315.14,316.41 1 1
air-cover/internal/adapters/spinitron/spinitron.go:316.41,318.4 1 1
air-cover/internal/adapters/spinitron/spinitron.go:319.30,320.32 1 1
air-cover/internal/adapters/spinitron/spinitron.go:320.32,321.50 1 1
air-cover/internal/adapters/spinitron/spinitron.go:321.50,323.5 1 1
air-cover/internal/adapters/spinitron/spinitron.go:325.3,325.68 1 1
air-cover/internal/adapters/spinitron/spinitron.go:325.68,326.31 1 1
air-cover/internal/adapters/spinitron/spinitron.go:326.31,327.52 1 1
air-cover/internal/adapters/spinitron/spinitron.go:327.52,329.6 1 1
air-cover/internal/adapters/spinitron/spinitron.go:332.21,333.26 1 1
air-cover/internal/adapters/spinitron/spinitron.go:333.26,334.50 1 1
air-cover/internal/adapters/spinitron/spinitron.go:334.50,336.5 1 1
air-cover/internal/adapters/spinitron/spinitron.go:340.2,340.12 1 1
air-cover/internal/adapters/spinitron/spinitron.go:343.46,345.15 2 1
air-cover/internal/adapters/spinitron/spinitron.go:345.15,347.3 1 1
air-cover/internal/adapters/spinitron/spinitron.go:349.2,349.60 1 1
air-cover/internal/adapters/spinitron/spinitron.go:349.60,351.3 1 1
air-cover/internal/adapters/spinitron/spinitron.go:353.2,354.16 2 1
air-cover/internal/adapters/spinitron/spinitron.go:354.16,356.3 1 1
air-cover/internal/adapters/spinitron/spinitron.go:357.2,358.19 2 1
air-cover/internal/adapters/spinitron/spinitron.go:358.19,360.3 1 1
air-cover/internal/adapters/spinitron/spinitron.go:361.2,362.29 2 1
air-cover/internal/adapters/spinitron/spinitron.go:362.29,364.3 1 1
air-cover/internal/adapters/spinitron/spinitron.go:365.2,365.19 1 1
air-cover/internal/adapters/spinitron/spinitron.go:368.58,369.22 1 1
air-cover/internal/adapters/spinitron/spinitron.go:369.22,371.3 1 1
air-cover/internal/adapters/spinitron/spinitron.go:373.2,374.29 2 1
air-cover/internal/adapters/spinitron/spinitron.go:374.29,376.47 2 1
air-cover/internal/adapters/spinitron/spinitron.go:376.47,377.12 1 1
air-cover/internal/adapters/spinitron/spinitron.go:379.3,381.34 3 1
air-cover/internal/adapters/spinitron/spinitron.go:381.34,382.12 1 1
air-cover/internal/adapters/spinitron/spinitron.go:385.3,385.62 1 1
air-cover/internal/adapters/spinitron/spinitron.go:385.62,387.4 1 1
air-cover/internal/adapters/spinitron/spinitron.go:390.2,390.12 1 1
air-cover/internal/adapters/spinitron/spinitron.go:48.48,50.19 2 1
air-cover/internal/adapters/spinitron/spinitron.go:50.19,52.3 1 1
air-cover/internal/adapters/spinitron/spinitron.go:54.2,59.3 1 1
air-cover/internal/adapters/spinitron/spinitron.go:62.81,63.14 1 1
air-cover/internal/adapters/spinitron/spinitron.go:63.14,65.3 1 1
air-cover/internal/adapters/spinitron/spinitron.go:67.2,71.22 5 1
air-cover/internal/adapters/spinitron/spinitron.go:71.22,73.3 1 1
air-cover/internal/adapters/spinitron/spinitron.go:74.2,77.16 3 1
air-cover/internal/adapters/spinitron/spinitron.go:77.16,79.3 1 1
air-cover/internal/adapters/spinitron/spinitron.go:81.2,81.38 1 1
air-cover/internal/adapters/spinitron/spinitron.go:84.87,85.14 1 1
air-cover/internal/adapters/spinitron/spinitron.go:85.14,87.3 1 1
air-cover/internal/adapters/spinitron/spinitron.go:89.2,94.16 5 1
air-cover/internal/adapters/spinitron/spinitron.go:94.16,96.3 1 1
air-cover/internal/adapters/spinitron/spinitron.go:98.2,98.41 1 1
air-cover/internal/adapters/sqlite/admin_repository.go:102.2,102.20 1 1
air-cover/internal/adapters/sqlite/admin_repository.go:11.16,13.3 1 1
air-cover/internal/adapters/sqlite/admin_repository.go:14.2,15.16 2 1
air-cover/internal/adapters/sqlite/admin_repository.go:15.16,17.3 1 1
air-cover/internal/adapters/sqlite/admin_repository.go:18.2,18.36 1 1
air-cover/internal/adapters/sqlite/admin_repository.go:21.77,23.16 2 1
air-cover/internal/adapters/sqlite/admin_repository.go:23.16,25.3 1 1
air-cover/internal/adapters/sqlite/admin_repository.go:26.2,29.18 3 1
air-cover/internal/adapters/sqlite/admin_repository.go:29.18,31.104 2 1
air-cover/internal/adapters/sqlite/admin_repository.go:31.104,33.4 1 1
air-cover/internal/adapters/sqlite/admin_repository.go:34.3,34.31 1 1
air-cover/internal/adapters/sqlite/admin_repository.go:36.2,36.34 1 1
air-cover/internal/adapters/sqlite/admin_repository.go:36.34,38.3 1 1
air-cover/internal/adapters/sqlite/admin_repository.go:39.2,39.19 1 1
air-cover/internal/adapters/sqlite/admin_repository.go:42.99,45.17 3 1
air-cover/internal/adapters/sqlite/admin_repository.go:45.17,48.3 2 1
air-cover/internal/adapters/sqlite/admin_repository.go:49.2,49.22 1 1
air-cover/internal/adapters/sqlite/admin_repository.go:49.22,52.3 2 1
air-cover/internal/adapters/sqlite/admin_repository.go:54.2,54.20 1 1
air-cover/internal/adapters/sqlite/admin_repository.go:54.20,56.3 1 1
air-cover/internal/adapters/sqlite/admin_repository.go:58.2,63.16 5 1
air-cover/internal/adapters/sqlite/admin_repository.go:63.16,65.3 1 1
air-cover/internal/adapters/sqlite/admin_repository.go:66.2,67.16 2 1
air-cover/internal/adapters/sqlite/admin_repository.go:67.16,69.3 1 1
air-cover/internal/adapters/sqlite/admin_repository.go:70.15,72.3 1 1
air-cover/internal/adapters/sqlite/admin_repository.go:70.2,70.15 1 1
air-cover/internal/adapters/sqlite/admin_repository.go:73.2,73.12 1 1
air-cover/internal/adapters/sqlite/admin_repository.go:76.78,77.22 1 1
air-cover/internal/adapters/sqlite/admin_repository.go:77.22,79.3 1 1
air-cover/internal/adapters/sqlite/admin_repository.go:81.2,82.16 2 1
air-cover/internal/adapters/sqlite/admin_repository.go:82.16,84.3 1 1
air-cover/internal/adapters/sqlite/admin_repository.go:85.15,87.3 1 1
air-cover/internal/adapters/sqlite/admin_repository.go:85.2,85.15 1 1
air-cover/internal/adapters/sqlite/admin_repository.go:89.2,90.16 2 1
air-cover/internal/adapters/sqlite/admin_repository.go:9.103,11.16 2 1
air-cover/internal/adapters/sqlite/admin_repository.go:90.16,92.3 1 1
air-cover/internal/adapters/sqlite/admin_repository.go:93.2,95.31 2 1
air-cover/internal/adapters/sqlite/admin_repository.go:95.31,97.17 2 1
air-cover/internal/adapters/sqlite/admin_repository.go:97.17,99.4 1 1
air-cover/internal/adapters/sqlite/auth_repository.go:12.94,16.16 3 1
air-cover/internal/adapters/sqlite/auth_repository.go:16.16,17.36 1 1
air-cover/internal/adapters/sqlite/auth_repository.go:17.36,19.4 1 1
air-cover/internal/adapters/sqlite/auth_repository.go:20.3,20.18 1 1
air-cover/internal/adapters/sqlite/auth_repository.go:22.2,22.19 1 1
air-cover/internal/adapters/sqlite/auth_repository.go:25.85,29.16 3 1
air-cover/internal/adapters/sqlite/auth_repository.go:29.16,30.36 1 1
air-cover/internal/adapters/sqlite/auth_repository.go:30.36,32.4 1 1
air-cover/internal/adapters/sqlite/auth_repository.go:33.3,33.18 1 1
air-cover/internal/adapters/sqlite/auth_repository.go:35.2,35.19 1 1
air-cover/internal/adapters/sqlite/auth_repository.go:38.116,42.2 2 1
air-cover/internal/adapters/sqlite/auth_repository.go:44.116,52.16 3 1
air-cover/internal/adapters/sqlite/auth_repository.go:52.16,53.36 1 1
air-cover/internal/adapters/sqlite/auth_repository.go:53.36,55.4 1 1
air-cover/internal/adapters/sqlite/auth_repository.go:56.3,56.18 1 1
air-cover/internal/adapters/sqlite/auth_repository.go:59.2,59.17 1 1
air-cover/internal/adapters/sqlite/auth_repository.go:62.128,66.2 2 1
air-cover/internal/adapters/sqlite/auth_repository.go:68.122,72.16 3 1
air-cover/internal/adapters/sqlite/auth_repository.go:72.16,73.36 1 1
air-cover/internal/adapters/sqlite/auth_repository.go:73.36,75.4 1 1
air-cover/internal/adapters/sqlite/auth_repository.go:76.3,76.18 1 1
air-cover/internal/adapters/sqlite/auth_repository.go:78.2,78.29 1 1
air-cover/internal/adapters/sqlite/auth_repository.go:78.29,80.3 1 1
air-cover/internal/adapters/sqlite/auth_repository.go:81.2,81.16 1 1
air-cover/internal/adapters/sqlite/auth_repository.go:84.84,87.2 2 1
air-cover/internal/adapters/sqlite/repository.go:18.44,20.2 1 1
air-cover/internal/adapters/sqlite/repository.go:22.35,24.2 1 1
air-cover/internal/adapters/sqlite/sqlite.go:22.42,24.16 2 1
air-cover/internal/adapters/sqlite/sqlite.go:24.16,26.3 1 1
air-cover/internal/adapters/sqlite/sqlite.go:28.2,28.34 1 1
air-cover/internal/adapters/sqlite/sqlite.go:28.34,30.3 1 1
air-cover/internal/adapters/sqlite/sqlite.go:32.2,32.49 1 1
air-cover/internal/adapters/sqlite/sqlite.go:32.49,34.3 1 1
air-cover/internal/adapters/sqlite/sqlite.go:36.2,36.16 1 1
air-cover/internal/adapters/sqlite/sqlite.go:39.53,41.51 2 1
air-cover/internal/adapters/sqlite/sqlite.go:41.51,43.3 1 1
air-cover/internal/adapters/sqlite/sqlite.go:45.2,46.17 2 1
air-cover/internal/adapters/sqlite/sqlite.go:47.12,48.35 1 1
air-cover/internal/adapters/sqlite/sqlite.go:49.14,50.37 1 1
air-cover/internal/adapters/sqlite/sqlite.go:51.15,52.38 1 1
air-cover/internal/adapters/sqlite/sqlite.go:53.16,54.39 1 1
air-cover/internal/adapters/sqlite/sqlite.go:55.10,56.62 1 1
air-cover/internal/adapters/sqlite/sqlite.go:59.16,61.3 1 1
air-cover/internal/adapters/sqlite/sqlite.go:59.2,59.16 1 1
air-cover/internal/adapters/sqlite/sqlite.go:63.2,63.12 1 1
air-cover/internal/adapters/sqlite/subrequest_repository.go:103.16,105.3 1 1
air-cover/internal/adapters/sqlite/subrequest_repository.go:106.2,107.16 2 1
air-cover/internal/adapters/sqlite/subrequest_repository.go:107.16,109.3 1 1
air-cover/internal/adapters/sqlite/subrequest_repository.go:110.15,111.57 1 1
air-cover/internal/adapters/sqlite/subrequest_repository.go:110.2,110.15 1 1
air-cover/internal/adapters/sqlite/subrequest_repository.go:111.57,113.4 1 1
air-cover/internal/adapters/sqlite/subrequest_repository.go:114.3,114.21 1 1
air-cover/internal/adapters/sqlite/subrequest_repository.go:116.2,116.12 1 1
air-cover/internal/adapters/sqlite/subrequest_repository.go:119.95,123.16 2 1
air-cover/internal/adapters/sqlite/subrequest_repository.go:123.16,125.3 1 1
air-cover/internal/adapters/sqlite/subrequest_repository.go:126.2,127.16 2 1
air-cover/internal/adapters/sqlite/subrequest_repository.go:127.16,129.3 1 1
air-cover/internal/adapters/sqlite/subrequest_repository.go:13.89,18.16 2 1
air-cover/internal/adapters/sqlite/subrequest_repository.go:130.15,132.3 1 1
air-cover/internal/adapters/sqlite/subrequest_repository.go:130.2,130.15 1 1
air-cover/internal/adapters/sqlite/subrequest_repository.go:133.2,133.12 1 1
air-cover/internal/adapters/sqlite/subrequest_repository.go:18.16,20.3 1 1
air-cover/internal/adapters/sqlite/subrequest_repository.go:21.2,22.16 2 1
air-cover/internal/adapters/sqlite/subrequest_repository.go:22.16,24.3 1 1
air-cover/internal/adapters/sqlite/subrequest_repository.go:25.2,26.12 2 1
air-cover/internal/adapters/sqlite/subrequest_repository.go:29.103,37.16 2 1
air-cover/internal/adapters/sqlite/subrequest_repository.go:37.16,39.3 1 1
air-cover/internal/adapters/sqlite/subrequest_repository.go:40.2,43.18 3 1
air-cover/internal/adapters/sqlite/subrequest_repository.go:43.18,51.17 5 1
air-cover/internal/adapters/sqlite/subrequest_repository.go:51.17,53.4 1 1
air-cover/internal/adapters/sqlite/subrequest_repository.go:54.3,58.5 1 1
air-cover/internal/adapters/sqlite/subrequest_repository.go:60.2,60.34 1 1
air-cover/internal/adapters/sqlite/subrequest_repository.go:60.34,62.3 1 1
air-cover/internal/adapters/sqlite/subrequest_repository.go:63.2,63.25 1 1
air-cover/internal/adapters/sqlite/subrequest_repository.go:66.97,75.16 3 1
air-cover/internal/adapters/sqlite/subrequest_repository.go:75.16,76.36 1 1
air-cover/internal/adapters/sqlite/subrequest_repository.go:76.36,78.4 1 1
air-cover/internal/adapters/sqlite/subrequest_repository.go:79.3,79.18 1 1
air-cover/internal/adapters/sqlite/subrequest_repository.go:81.2,81.17 1 1
air-cover/internal/adapters/sqlite/subrequest_repository.go:84.74,86.16 2 1
air-cover/internal/adapters/sqlite/subrequest_repository.go:86.16,88.3 1 1
air-cover/internal/adapters/sqlite/subrequest_repository.go:89.2,90.16 2 1
air-cover/internal/adapters/sqlite/subrequest_repository.go:90.16,92.3 1 1
air-cover/internal/adapters/sqlite/subrequest_repository.go:93.15,95.3 1 1
air-cover/internal/adapters/sqlite/subrequest_repository.go:93.2,93.15 1 1
air-cover/internal/adapters/sqlite/subrequest_repository.go:96.2,96.12 1 1
air-cover/internal/adapters/sqlite/subrequest_repository.go:99.105,103.16 2 1
air-cover/internal/api/api.gen.go:101.51,102.11 1 0
air-cover/internal/api/api.gen.go:103.13,104.14 1 0
air-cover/internal/api/api.gen.go:105.14,106.14 1 0
air-cover/internal/api/api.gen.go:107.10,108.15 1 0
air-cover/internal/api/api.gen.go:243.68,245.2 1 1
air-cover/internal/api/api.gen.go:249.73,251.2 1 1
air-cover/internal/api/api.gen.go:255.71,257.2 1 1
air-cover/internal/api/api.gen.go:261.78,263.2 1 1
air-cover/internal/api/api.gen.go:267.79,269.2 1 1
air-cover/internal/api/api.gen.go:273.106,275.2 1 1
air-cover/internal/api/api.gen.go:279.74,281.2 1 1
air-cover/internal/api/api.gen.go:285.80,287.2 1 1
air-cover/internal/api/api.gen.go:29.56,30.11 1 1
air-cover/internal/api/api.gen.go:291.92,293.2 1 1
air-cover/internal/api/api.gen.go:297.91,299.2 1 1
air-cover/internal/api/api.gen.go:303.74,305.2 1 1
air-cover/internal/api/api.gen.go:309.89,311.2 1 1
air-cover/internal/api/api.gen.go:31.12,32.14 1 1
air-cover/internal/api/api.gen.go:315.84,317.2 1 1
air-cover/internal/api/api.gen.go:329.80,331.88 1 1
air-cover/internal/api/api.gen.go:33.14,34.14 1 1
air-cover/internal/api/api.gen.go:331.88,333.3 1 1
air-cover/internal/api/api.gen.go:335.2,335.52 1 1
air-cover/internal/api/api.gen.go:335.52,337.3 1 1
air-cover/internal/api/api.gen.go:339.2,339.25 1 1
air-cover/internal/api/api.gen.go:343.85,345.88 1 1
air-cover/internal/api/api.gen.go:345.88,347.3 1 1
air-cover/internal/api/api.gen.go:349.2,349.52 1 1
air-cover/internal/api/api.gen.go:349.52,351.3 1 0
air-cover/internal/api/api.gen.go:35.10,36.15 1 1
air-cover/internal/api/api.gen.go:353.2,353.25 1 1
air-cover/internal/api/api.gen.go:357.83,359.88 1 1
air-cover/internal/api/api.gen.go:359.88,361.3 1 1
air-cover/internal/api/api.gen.go:363.2,363.52 1 1
air-cover/internal/api/api.gen.go:363.52,365.3 1 1
air-cover/internal/api/api.gen.go:367.2,367.25 1 1
air-cover/internal/api/api.gen.go:371.90,373.88 1 1
air-cover/internal/api/api.gen.go:373.88,375.3 1 1
air-cover/internal/api/api.gen.go:377.2,377.52 1 1
air-cover/internal/api/api.gen.go:377.52,379.3 1 1
air-cover/internal/api/api.gen.go:381.2,381.25 1 1
air-cover/internal/api/api.gen.go:385.91,387.88 1 1
air-cover/internal/api/api.gen.go:387.88,389.3 1 1
air-cover/internal/api/api.gen.go:391.2,391.52 1 1
air-cover/internal/api/api.gen.go:391.52,393.3 1 1
air-cover/internal/api/api.gen.go:395.2,395.25 1 1
air-cover/internal/api/api.gen.go:399.90,408.64 3 1
air-cover/internal/api/api.gen.go:408.65,410.3 0 1
air-cover/internal/api/api.gen.go:410.8,413.3 2 1
air-cover/internal/api/api.gen.go:415.2,416.16 2 1
air-cover/internal/api/api.gen.go:416.16,419.3 2 0
air-cover/internal/api/api.gen.go:421.2,421.88 1 1
air-cover/internal/api/api.gen.go:421.88,423.3 1 1
air-cover/internal/api/api.gen.go:425.2,425.52 1 1
air-cover/internal/api/api.gen.go:425.52,427.3 1 0
air-cover/internal/api/api.gen.go:429.2,429.25 1 1
air-cover/internal/api/api.gen.go:433.86,435.88 1 1
air-cover/internal/api/api.gen.go:435.88,437.3 1 1
air-cover/internal/api/api.gen.go:439.2,439.52 1 1
air-cover/internal/api/api.gen.go:439.52,441.3 1 1
air-cover/internal/api/api.gen.go:443.2,443.25 1 1
air-cover/internal/api/api.gen.go:447.92,449.88 1 1
air-cover/internal/api/api.gen.go:449.88,451.3 1 1
air-cover/internal/api/api.gen.go:453.2,453.52 1 1
air-cover/internal/api/api.gen.go:453.52,455.3 1 1
air-cover/internal/api/api.gen.go:457.2,457.25 1 1
air-cover/internal/api/api.gen.go:461.96,469.16 4 1
air-cover/internal/api/api.gen.go:469.16,472.3 2 0
air-cover/internal/api/api.gen.go:47.49,48.11 1 0
air-cover/internal/api/api.gen.go:474.2,474.88 1 1
air-cover/internal/api/api.gen.go:474.88,476.3 1 1
air-cover/internal/api/api.gen.go:478.2,478.52 1 1
air-cover/internal/api/api.gen.go:478.52,480.3 1 1
air-cover/internal/api/api.gen.go:482.2,482.25 1 1
air-cover/internal/api/api.gen.go:486.95,494.16 4 1
air-cover/internal/api/api.gen.go:49.38,50.14 1 0
air-cover/internal/api/api.gen.go:494.16,497.3 2 0
air-cover/internal/api/api.gen.go:499.2,499.88 1 1
air-cover/internal/api/api.gen.go:499.88,501.3 1 1
air-cover/internal/api/api.gen.go:503.2,503.52 1 1
air-cover/internal/api/api.gen.go:503.52,505.3 1 1
air-cover/internal/api/api.gen.go:507.2,507.25 1 1
air-cover/internal/api/api.gen.go:51.39,52.14 1 0
air-cover/internal/api/api.gen.go:511.86,513.88 1 1
air-cover/internal/api/api.gen.go:513.88,515.3 1 1
air-cover/internal/api/api.gen.go:517.2,517.52 1 1
air-cover/internal/api/api.gen.go:517.52,519.3 1 0
air-cover/internal/api/api.gen.go:521.2,521.25 1 1
air-cover/internal/api/api.gen.go:525.101,527.88 1 0
air-cover/internal/api/api.gen.go:527.88,529.3 1 0
air-cover/internal/api/api.gen.go:53.10,54.15 1 0
air-cover/internal/api/api.gen.go:531.2,531.52 1 0
air-cover/internal/api/api.gen.go:531.52,533.3 1 0
air-cover/internal/api/api.gen.go:535.2,535.25 1 0
air-cover/internal/api/api.gen.go:539.88,547.16 4 1
air-cover/internal/api/api.gen.go:547.16,550.3 2 0
air-cover/internal/api/api.gen.go:552.2,552.88 1 1
air-cover/internal/api/api.gen.go:552.88,554.3 1 1
air-cover/internal/api/api.gen.go:556.2,556.52 1 1
air-cover/internal/api/api.gen.go:556.52,558.3 1 1
air-cover/internal/api/api.gen.go:560.2,560.25 1 1
air-cover/internal/api/api.gen.go:568.52,570.2 1 1
air-cover/internal/api/api.gen.go:572.52,574.2 1 1
air-cover/internal/api/api.gen.go:581.49,583.2 1 1
air-cover/internal/api/api.gen.go:585.49,587.2 1 1
air-cover/internal/api/api.gen.go:593.45,595.2 1 1
air-cover/internal/api/api.gen.go:602.46,604.2 1 1
air-cover/internal/api/api.gen.go:606.46,608.2 1 1
air-cover/internal/api/api.gen.go:615.50,617.2 1 1
air-cover/internal/api/api.gen.go:619.50,621.2 1 1
air-cover/internal/api/api.gen.go:628.53,630.2 1 1
air-cover/internal/api/api.gen.go:633.47,635.2 1 1
air-cover/internal/api/api.gen.go:645.68,649.2 1 1
air-cover/internal/api/api.gen.go:65.47,66.11 1 0
air-cover/internal/api/api.gen.go:651.95,656.2 1 1
air-cover/internal/api/api.gen.go:659.84,662.14 2 1
air-cover/internal/api/api.gen.go:662.14,664.3 1 1
air-cover/internal/api/api.gen.go:665.2,665.37 1 1
air-cover/internal/api/api.gen.go:665.37,666.86 1 1
air-cover/internal/api/api.gen.go:666.86,668.4 1 1
air-cover/internal/api/api.gen.go:67.36,68.14 1 0
air-cover/internal/api/api.gen.go:670.2,676.29 2 1
air-cover/internal/api/api.gen.go:676.29,678.3 1 1
air-cover/internal/api/api.gen.go:679.2,679.29 1 1
air-cover/internal/api/api.gen.go:679.29,681.3 1 1
air-cover/internal/api/api.gen.go:682.2,682.29 1 1
air-cover/internal/api/api.gen.go:682.29,684.3 1 1
air-cover/internal/api/api.gen.go:685.2,685.29 1 1
air-cover/internal/api/api.gen.go:685.29,687.3 1 1
air-cover/internal/api/api.gen.go:688.2,688.29 1 1
air-cover/internal/api/api.gen.go:688.29,690.3 1 1
air-cover/internal/api/api.gen.go:69.37,70.14 1 0
air-cover/internal/api/api.gen.go:691.2,691.29 1 1
air-cover/internal/api/api.gen.go:691.29,693.3 1 1
air-cover/internal/api/api.gen.go:694.2,694.29 1 1
air-cover/internal/api/api.gen.go:694.29,696.3 1 1
air-cover/internal/api/api.gen.go:697.2,697.29 1 1
air-cover/internal/api/api.gen.go:697.29,699.3 1 1
air-cover/internal/api/api.gen.go:700.2,700.29 1 1
air-cover/internal/api/api.gen.go:700.29,702.3 1 1
air-cover/internal/api/api.gen.go:703.2,703.29 1 1
air-cover/internal/api/api.gen.go:703.29,705.3 1 1
air-cover/internal/api/api.gen.go:706.2,706.29 1 1
air-cover/internal/api/api.gen.go:706.29,708.3 1 1
air-cover/internal/api/api.gen.go:709.2,709.29 1 1
air-cover/internal/api/api.gen.go:709.29,711.3 1 1
air-cover/internal/api/api.gen.go:71.10,72.15 1 0
air-cover/internal/api/api.gen.go:712.2,712.29 1 1
air-cover/internal/api/api.gen.go:712.29,714.3 1 1
air-cover/internal/api/api.gen.go:716.2,716.10 1 1
air-cover/internal/api/api.gen.go:746.35,748.16 2 1
air-cover/internal/api/api.gen.go:748.16,750.3 1 1
air-cover/internal/api/api.gen.go:751.2,752.16 2 1
air-cover/internal/api/api.gen.go:752.16,754.3 1 1
air-cover/internal/api/api.gen.go:755.2,757.16 3 1
air-cover/internal/api/api.gen.go:757.16,759.3 1 0
air-cover/internal/api/api.gen.go:761.2,761.25 1 1
air-cover/internal/api/api.gen.go:767.48,769.32 2 1
air-cover/internal/api/api.gen.go:769.32,771.3 1 1
air-cover/internal/api/api.gen.go:775.73,777.25 2 1
air-cover/internal/api/api.gen.go:777.25,779.3 1 1
air-cover/internal/api/api.gen.go:781.2,781.12 1 1
air-cover/internal/api/api.gen.go:789.52,794.87 4 1
air-cover/internal/api/api.gen.go:794.87,798.10 4 0
air-cover/internal/api/api.gen.go:798.10,801.4 2 0
air-cover/internal/api/api.gen.go:802.3,802.19 1 0
air-cover/internal/api/api.gen.go:804.2,806.16 3 1
air-cover/internal/api/api.gen.go:806.16,808.3 1 1
air-cover/internal/api/api.gen.go:809.2,810.16 2 1
air-cover/internal/api/api.gen.go:810.16,812.3 1 0
air-cover/internal/api/api.gen.go:813.2,813.8 1 1
air-cover/internal/api/api.gen.go:83.56,84.11 1 0
air-cover/internal/api/api.gen.go:85.13,86.14 1 0
air-cover/internal/api/api.gen.go:87.12,88.14 1 0
air-cover/internal/api/api.gen.go:89.10,90.15 1 0
air-cover/internal/api/auth.go:105.2,105.62 1 1
air-cover/internal/api/auth.go:108.93,109.20 1 1
air-cover/internal/api/auth.go:109.20,112.3 2 1
air-cover/internal/api/auth.go:114.2,118.16 4 1
air-cover/internal/api/auth.go:118.16,120.50 2 1
air-cover/internal/api/auth.go:120.50,122.4 1 1
air-cover/internal/api/auth.go:122.9,124.4 1 1
air-cover/internal/api/auth.go:125.3,125.9 1 1
air-cover/internal/api/auth.go:128.2,138.44 2 1
air-cover/internal/api/auth.go:141.76,143.9 2 1
air-cover/internal/api/auth.go:143.9,146.3 2 1
air-cover/internal/api/auth.go:148.2,149.51 2 1
air-cover/internal/api/auth.go:149.51,153.3 3 1
air-cover/internal/api/auth.go:155.2,165.44 2 1
air-cover/internal/api/auth.go:176.70,177.71 1 1
air-cover/internal/api/auth.go:177.71,179.17 2 1
air-cover/internal/api/auth.go:179.17,182.4 2 1
air-cover/internal/api/auth.go:184.3,186.17 3 1
air-cover/internal/api/auth.go:186.17,189.4 2 1
air-cover/internal/api/auth.go:191.3,194.40 4 1
air-cover/internal/api/auth.go:198.44,199.31 1 1
air-cover/internal/api/auth.go:199.31,201.3 1 1
air-cover/internal/api/auth.go:202.2,202.45 1 1
air-cover/internal/api/auth.go:205.44,206.66 1 1
air-cover/internal/api/auth.go:206.66,208.3 1 1
air-cover/internal/api/auth.go:209.2,209.15 1 1
air-cover/internal/api/auth.go:212.68,213.71 1 1
air-cover/internal/api/auth.go:213.71,215.29 2 1
air-cover/internal/api/auth.go:215.29,218.4 2 1
air-cover/internal/api/auth.go:219.3,219.23 1 1
air-cover/internal/api/auth.go:223.105,224.66 1 1
air-cover/internal/api/auth.go:224.66,227.3 2 1
air-cover/internal/api/auth.go:228.2,228.44 1 1
air-cover/internal/api/auth.go:25.82,27.2 1 1
air-cover/internal/api/auth.go:29.71,33.2 3 1
air-cover/internal/api/auth.go:35.49,37.41 2 1
air-cover/internal/api/auth.go:37.41,39.3 1 1
air-cover/internal/api/auth.go:40.2,40.42 1 1
air-cover/internal/api/auth.go:43.37,45.2 1 1
air-cover/internal/api/auth.go:47.75,54.56 4 1
air-cover/internal/api/auth.go:54.56,56.62 2 1
air-cover/internal/api/auth.go:56.62,59.4 2 1
air-cover/internal/api/auth.go:60.3,60.31 1 1
air-cover/internal/api/auth.go:61.8,62.39 1 1
air-cover/internal/api/auth.go:62.39,65.4 2 1
air-cover/internal/api/auth.go:66.3,66.34 1 1
air-cover/internal/api/auth.go:69.2,69.20 1 1
air-cover/internal/api/auth.go:69.20,72.3 2 1
air-cover/internal/api/auth.go:74.2,78.46 3 1
air-cover/internal/api/auth.go:78.46,80.4 1 1
air-cover/internal/api/auth.go:82.16,83.44 1 1
air-cover/internal/api/auth.go:82.2,82.16 1 1
air-cover/internal/api/auth.go:83.44,87.4 3 1
air-cover/internal/api/auth.go:88.3,90.9 3 1
air-cover/internal/api/auth.go:93.2,93.76 1 1
air-cover/internal/api/auth.go:96.97,98.56 2 1
air-cover/internal/api/auth.go:98.56,103.3 4 1
air-cover/internal/api/handler.go:100.2,101.129 2 1
air-cover/internal/api/handler.go:101.129,103.3 1 1
air-cover/internal/api/handler.go:108.67,110.16 2 1
air-cover/internal/api/handler.go:110.16,114.3 3 1
air-cover/internal/api/handler.go:116.2,119.77 3 1
air-cover/internal/api/handler.go:119.77,121.3 1 1
air-cover/internal/api/handler.go:126.68,130.38 2 1
air-cover/internal/api/handler.go:130.38,134.3 3 1
air-cover/internal/api/handler.go:136.2,140.81 2 1
air-cover/internal/api/handler.go:140.81,143.3 2 1
air-cover/internal/api/handler.go:144.2,144.63 1 1
air-cover/internal/api/handler.go:144.63,145.43 1 1
air-cover/internal/api/handler.go:145.43,148.4 2 1
air-cover/internal/api/handler.go:149.3,151.9 3 1
air-cover/internal/api/handler.go:154.2,154.52 1 1
air-cover/internal/api/handler.go:159.72,161.2 1 1
air-cover/internal/api/handler.go:165.73,167.2 1 1
air-cover/internal/api/handler.go:171.100,173.2 1 1
air-cover/internal/api/handler.go:177.74,179.9 2 1
air-cover/internal/api/handler.go:179.9,181.3 1 1
air-cover/internal/api/handler.go:183.2,184.9 2 1
air-cover/internal/api/handler.go:184.9,187.3 2 1
air-cover/internal/api/handler.go:189.2,189.73 1 1
air-cover/internal/api/handler.go:189.73,190.28 1 1
air-cover/internal/api/handler.go:190.28,192.4 1 1
air-cover/internal/api/handler.go:193.3,193.48 1 1
air-cover/internal/api/handler.go:193.48,197.4 3 1
air-cover/internal/api/handler.go:198.3,200.9 3 1
air-cover/internal/api/handler.go:203.2,203.50 1 1
air-cover/internal/api/handler.go:208.86,210.9 2 1
air-cover/internal/api/handler.go:210.9,212.3 1 1
air-cover/internal/api/handler.go:213.2,213.70 1 1
air-cover/internal/api/handler.go:213.70,214.28 1 1
air-cover/internal/api/handler.go:214.28,216.4 1 1
air-cover/internal/api/handler.go:217.3,219.9 3 1
air-cover/internal/api/handler.go:222.2,222.37 1 1
air-cover/internal/api/handler.go:227.85,232.61 2 1
air-cover/internal/api/handler.go:232.61,235.3 2 1
air-cover/internal/api/handler.go:237.2,238.9 2 1
air-cover/internal/api/handler.go:238.9,240.3 1 1
air-cover/internal/api/handler.go:242.110,243.28 1 1
air-cover/internal/api/handler.go:242.2,242.110 1 1
air-cover/internal/api/handler.go:243.28,245.4 1 1
air-cover/internal/api/handler.go:246.3,248.9 3 1
air-cover/internal/api/handler.go:251.2,251.37 1 1
air-cover/internal/api/handler.go:256.78,258.9 2 1
air-cover/internal/api/handler.go:258.9,260.3 1 1
air-cover/internal/api/handler.go:262.2,263.9 2 1
air-cover/internal/api/handler.go:263.9,265.3 1 1
air-cover/internal/api/handler.go:267.2,267.71 1 1
air-cover/internal/api/handler.go:267.71,268.28 1 1
air-cover/internal/api/handler.go:268.28,270.4 1 1
air-cover/internal/api/handler.go:271.3,273.9 3 1
air-cover/internal/api/handler.go:276.12,279.3 2 1
air-cover/internal/api/handler.go:276.2,276.12 1 1
air-cover/internal/api/handler.go:281.2,281.37 1 1
air-cover/internal/api/handler.go:286.68,289.16 3 1
air-cover/internal/api/handler.go:289.16,291.3 1 1
air-cover/internal/api/handler.go:296.83,297.64 1 1
air-cover/internal/api/handler.go:297.64,301.3 3 1
air-cover/internal/api/handler.go:303.2,303.52 1 1
air-cover/internal/api/handler.go:306.55,309.2 2 1
air-cover/internal/api/handler.go:311.93,313.9 2 1
air-cover/internal/api/handler.go:313.9,316.3 2 1
air-cover/internal/api/handler.go:317.2,317.21 1 1
air-cover/internal/api/handler.go:320.67,322.9 2 1
air-cover/internal/api/handler.go:322.9,324.3 1 1
air-cover/internal/api/handler.go:325.2,331.9 3 1
air-cover/internal/api/handler.go:334.108,337.38 2 1
air-cover/internal/api/handler.go:337.38,341.3 3 1
air-cover/internal/api/handler.go:343.2,345.16 3 1
air-cover/internal/api/handler.go:345.16,349.3 3 1
air-cover/internal/api/handler.go:351.2,353.16 3 1
air-cover/internal/api/handler.go:353.16,357.3 3 1
air-cover/internal/api/handler.go:359.2,361.16 3 1
air-cover/internal/api/handler.go:361.16,365.3 3 1
air-cover/internal/api/handler.go:367.2,372.9 1 1
air-cover/internal/api/handler.go:375.114,384.12 6 1
air-cover/internal/api/handler.go:384.12,385.39 1 1
air-cover/internal/api/handler.go:385.39,389.4 3 1
air-cover/internal/api/handler.go:390.3,390.50 1 1
air-cover/internal/api/handler.go:390.50,393.4 2 1
air-cover/internal/api/handler.go:394.3,394.44 1 1
air-cover/internal/api/handler.go:394.44,396.4 1 1
air-cover/internal/api/handler.go:397.3,397.29 1 1
air-cover/internal/api/handler.go:400.2,404.61 2 1
air-cover/internal/api/handler.go:404.61,407.3 2 1
air-cover/internal/api/handler.go:408.2,410.28 3 1
air-cover/internal/api/handler.go:413.59,414.9 1 1
air-cover/internal/api/handler.go:415.45,416.50 1 1
air-cover/internal/api/handler.go:417.45,418.49 1 1
air-cover/internal/api/handler.go:419.46,420.51 1 1
air-cover/internal/api/handler.go:421.44,422.58 1 1
air-cover/internal/api/handler.go:423.10,424.15 1 1
air-cover/internal/api/handler.go:426.2,426.13 1 1
air-cover/internal/api/handler.go:44.94,50.2 1 1
air-cover/internal/api/handler.go:54.62,55.77 1 1
air-cover/internal/api/handler.go:55.77,56.20 1 1
air-cover/internal/api/handler.go:56.20,57.88 1 1
air-cover/internal/api/handler.go:57.88,60.5 2 1
air-cover/internal/api/handler.go:61.69,64.4 2 1
air-cover/internal/api/handler.go:61.9,61.69 1 1
air-cover/internal/api/handler.go:67.3,74.5 1 1
air-cover/internal/api/handler.go:77.108,79.3 1 1
air-cover/internal/api/handler.go:77.2,77.108 1 1
air-cover/internal/api/handler.go:84.65,87.16 3 1
air-cover/internal/api/handler.go:87.16,89.28 2 1
air-cover/internal/api/handler.go:89.28,91.4 1 1
air-cover/internal/api/handler.go:92.3,92.48 1 1
air-cover/internal/api/handler.go:92.48,94.4 1 1
air-cover/internal/api/handler.go:94.9,96.4 1 1
air-cover/internal/api/handler.go:97.3,97.9 1 1
air-cover/internal/api/wrapper.go:12.77,14.4 1 1
air-cover/internal/api/wrapper.go:9.61,12.77 1 1
air-cover/internal/app/admin/service.go:101.2,101.22 1 1
air-cover/internal/app/admin/service.go:101.22,103.3 1 1
air-cover/internal/app/admin/service.go:104.2,104.40 1 1
air-cover/internal/app/admin/service.go:107.38,108.40 1 1
air-cover/internal/app/admin/service.go:108.40,109.47 1 1
air-cover/internal/app/admin/service.go:109.47,111.4 1 1
air-cover/internal/app/admin/service.go:112.26,114.4 1 1
air-cover/internal/app/admin/service.go:112.3,112.26 1 1
air-cover/internal/app/admin/service.go:115.3,115.37 1 1
air-cover/internal/app/admin/service.go:115.37,117.4 1 1
air-cover/internal/app/admin/service.go:118.3,118.75 1 1
air-cover/internal/app/admin/service.go:122.34,124.2 1 1
air-cover/internal/app/admin/service.go:33.60,35.2 1 1
air-cover/internal/app/admin/service.go:48.74,50.16 2 1
air-cover/internal/app/admin/service.go:50.16,52.3 1 1
air-cover/internal/app/admin/service.go:53.2,54.19 2 1
air-cover/internal/app/admin/service.go:57.80,59.16 2 1
air-cover/internal/app/admin/service.go:59.16,61.3 1 1
air-cover/internal/app/admin/service.go:62.2,62.43 1 1
air-cover/internal/app/admin/service.go:62.43,64.3 1 1
air-cover/internal/app/admin/service.go:65.2,66.12 2 1
air-cover/internal/app/admin/service.go:69.108,70.60 1 1
air-cover/internal/app/admin/service.go:70.60,72.3 1 1
air-cover/internal/app/admin/service.go:73.2,73.96 1 1
air-cover/internal/app/admin/service.go:73.96,75.3 1 1
air-cover/internal/app/admin/service.go:76.2,76.86 1 1
air-cover/internal/app/admin/service.go:76.86,77.44 1 1
air-cover/internal/app/admin/service.go:77.44,79.4 1 1
air-cover/internal/app/admin/service.go:80.3,80.13 1 1
air-cover/internal/app/admin/service.go:82.2,82.12 1 1
air-cover/internal/app/admin/service.go:85.65,86.22 1 1
air-cover/internal/app/admin/service.go:86.22,88.3 1 1
air-cover/internal/app/admin/service.go:89.2,90.16 2 1
air-cover/internal/app/admin/service.go:90.16,93.3 2 1
air-cover/internal/app/admin/service.go:95.2,96.29 2 1
air-cover/internal/app/admin/service.go:96.29,97.39 1 1
air-cover/internal/app/admin/service.go:97.39,99.4 1 1
air-cover/internal/app/auth/service.go:100.16,102.3 1 1
air-cover/internal/app/auth/service.go:103.2,103.21 1 1
air-cover/internal/app/auth/service.go:103.21,105.3 1 1
air-cover/internal/app/auth/service.go:107.2,108.16 2 1
air-cover/internal/app/auth/service.go:108.16,110.3 1 1
air-cover/internal/app/auth/service.go:112.109,114.3 1 1
air-cover/internal/app/auth/service.go:112.2,112.109 1 1
air-cover/internal/app/auth/service.go:115.2,115.21 1 1
air-cover/internal/app/auth/service.go:115.21,117.3 1 1
air-cover/internal/app/auth/service.go:118.2,118.31 1 1
air-cover/internal/app/auth/service.go:118.31,120.3 1 1
air-cover/internal/app/auth/service.go:121.2,121.89 1 1
air-cover/internal/app/auth/service.go:121.89,123.3 1 1
air-cover/internal/app/auth/service.go:124.2,124.37 1 1
air-cover/internal/app/auth/service.go:127.98,130.16 3 1
air-cover/internal/app/auth/service.go:130.16,132.3 1 1
air-cover/internal/app/auth/service.go:134.2,135.16 2 1
air-cover/internal/app/auth/service.go:135.16,137.3 1 1
air-cover/internal/app/auth/service.go:138.2,139.16 2 1
air-cover/internal/app/auth/service.go:139.16,141.3 1 1
air-cover/internal/app/auth/service.go:143.2,144.97 2 1
air-cover/internal/app/auth/service.go:144.97,146.3 1 1
air-cover/internal/app/auth/service.go:147.2,147.72 1 1
air-cover/internal/app/auth/service.go:150.65,152.2 1 1
air-cover/internal/app/auth/service.go:154.109,156.16 2 1
air-cover/internal/app/auth/service.go:156.16,158.3 1 1
air-cover/internal/app/auth/service.go:159.2,160.16 2 1
air-cover/internal/app/auth/service.go:160.16,162.3 1 1
air-cover/internal/app/auth/service.go:163.2,163.21 1 1
air-cover/internal/app/auth/service.go:163.21,165.3 1 1
air-cover/internal/app/auth/service.go:166.2,166.81 1 1
air-cover/internal/app/auth/service.go:169.35,170.22 1 1
air-cover/internal/app/auth/service.go:170.22,172.3 1 1
air-cover/internal/app/auth/service.go:173.2,173.19 1 1
air-cover/internal/app/auth/service.go:64.58,71.2 1 1
air-cover/internal/app/auth/service.go:73.73,74.22 1 1
air-cover/internal/app/auth/service.go:74.22,76.3 1 1
air-cover/internal/app/auth/service.go:77.2,77.10 1 1
air-cover/internal/app/auth/service.go:80.49,82.41 2 1
air-cover/internal/app/auth/service.go:82.41,84.3 1 1
air-cover/internal/app/auth/service.go:85.2,85.34 1 1
air-cover/internal/app/auth/service.go:88.41,90.2 1 1
air-cover/internal/app/auth/service.go:92.37,96.2 3 1
air-cover/internal/app/auth/service.go:98.92,100.16 2 1
air-cover/internal/app/contracttest/repository.go:119.65,154.31 30 1
air-cover/internal/app/contracttest/repository.go:154.31,155.54 1 1
air-cover/internal/app/contracttest/repository.go:155.54,158.4 2 1
air-cover/internal/app/contracttest/repository.go:160.2,160.77 1 1
air-cover/internal/app/contracttest/repository.go:163.70,235.2 48 1
air-cover/internal/app/contracttest/repository.go:22.76,23.46 1 1
air-cover/internal/app/contracttest/repository.go:23.46,25.3 1 1
air-cover/internal/app/contracttest/repository.go:237.43,238.16 1 1
air-cover/internal/app/contracttest/repository.go:238.16,239.44 1 1
air-cover/internal/app/contracttest/repository.go:243.48,244.9 1 1
air-cover/internal/app/contracttest/repository.go:244.9,245.37 1 1
air-cover/internal/app/contracttest/repository.go:249.32,251.2 1 1
air-cover/internal/app/contracttest/repository.go:253.108,255.27 2 1
air-cover/internal/app/contracttest/repository.go:255.27,256.34 1 1
air-cover/internal/app/contracttest/repository.go:256.34,258.4 1 1
air-cover/internal/app/contracttest/repository.go:260.2,260.13 1 1
air-cover/internal/app/contracttest/repository.go:263.79,264.40 1 1
air-cover/internal/app/contracttest/repository.go:264.40,265.57 1 1
air-cover/internal/app/contracttest/repository.go:265.57,267.4 1 1
air-cover/internal/app/contracttest/repository.go:269.2,269.23 1 1
air-cover/internal/app/contracttest/repository.go:28.77,29.46 1 1
air-cover/internal/app/contracttest/repository.go:29.46,31.3 1 1
air-cover/internal/app/contracttest/repository.go:34.82,35.46 1 1
air-cover/internal/app/contracttest/repository.go:35.46,37.3 1 1
air-cover/internal/app/contracttest/repository.go:40.72,41.46 1 1
air-cover/internal/app/contracttest/repository.go:41.46,43.3 1 1
air-cover/internal/app/contracttest/repository.go:46.72,47.16 1 1
air-cover/internal/app/contracttest/repository.go:47.16,49.3 1 1
air-cover/internal/app/contracttest/repository.go:50.15,52.23 2 1
air-cover/internal/app/contracttest/repository.go:50.2,50.15 1 1
air-cover/internal/app/contracttest/repository.go:52.23,54.4 1 1
air-cover/internal/app/contracttest/repository.go:55.3,55.26 1 1
air-cover/internal/app/contracttest/repository.go:58.2,59.12 2 1
air-cover/internal/app/contracttest/repository.go:62.60,66.2 3 1
air-cover/internal/app/contracttest/repository.go:68.64,117.2 43 1
air-cover/internal/app/subrequests/service.go:100.2,100.40 1 1
air-cover/internal/app/subrequests/service.go:100.40,102.3 1 1
air-cover/internal/app/subrequests/service.go:104.2,105.16 2 1
air-cover/internal/app/subrequests/service.go:105.16,107.3 1 1
air-cover/internal/app/subrequests/service.go:109.2,114.37 5 1
air-cover/internal/app/subrequests/service.go:114.37,126.18 3 1
air-cover/internal/app/subrequests/service.go:126.18,128.4 1 1
air-cover/internal/app/subrequests/service.go:128.9,130.4 1 1
air-cover/internal/app/subrequests/service.go:133.2,133.53 1 1
air-cover/internal/app/subrequests/service.go:133.53,135.3 1 1
air-cover/internal/app/subrequests/service.go:137.2,141.8 1 1
air-cover/internal/app/subrequests/service.go:144.100,145.58 1 1
air-cover/internal/app/subrequests/service.go:145.58,147.3 1 1
air-cover/internal/app/subrequests/service.go:149.2,158.17 2 1
air-cover/internal/app/subrequests/service.go:158.17,160.3 1 1
air-cover/internal/app/subrequests/service.go:161.2,161.12 1 1
air-cover/internal/app/subrequests/service.go:164.85,166.9 2 1
air-cover/internal/app/subrequests/service.go:167.25,168.30 1 1
air-cover/internal/app/subrequests/service.go:169.35,170.30 1 1
air-cover/internal/app/subrequests/service.go:171.45,172.30 1 1
air-cover/internal/app/subrequests/service.go:173.47,174.30 1 1
air-cover/internal/app/subrequests/service.go:177.2,177.22 1 1
air-cover/internal/app/subrequests/service.go:177.22,179.3 1 1
air-cover/internal/app/subrequests/service.go:180.2,181.16 2 1
air-cover/internal/app/subrequests/service.go:181.16,183.3 1 1
air-cover/internal/app/subrequests/service.go:184.2,184.38 1 1
air-cover/internal/app/subrequests/service.go:184.38,186.3 1 1
air-cover/internal/app/subrequests/service.go:187.2,187.12 1 1
air-cover/internal/app/subrequests/service.go:190.89,192.16 2 1
air-cover/internal/app/subrequests/service.go:192.16,194.3 1 1
air-cover/internal/app/subrequests/service.go:195.2,195.45 1 1
air-cover/internal/app/subrequests/service.go:195.45,197.3 1 1
air-cover/internal/app/subrequests/service.go:198.2,198.57 1 1
air-cover/internal/app/subrequests/service.go:198.57,200.3 1 1
air-cover/internal/app/subrequests/service.go:201.2,201.12 1 1
air-cover/internal/app/subrequests/service.go:204.109,205.21 1 1
air-cover/internal/app/subrequests/service.go:205.21,207.3 1 1
air-cover/internal/app/subrequests/service.go:209.2,210.16 2 1
air-cover/internal/app/subrequests/service.go:210.16,212.3 1 1
air-cover/internal/app/subrequests/service.go:214.2,214.16 1 1
air-cover/internal/app/subrequests/service.go:215.18,216.76 1 1
air-cover/internal/app/subrequests/service.go:216.76,218.4 1 1
air-cover/internal/app/subrequests/service.go:219.20,220.46 1 1
air-cover/internal/app/subrequests/service.go:220.46,222.4 1 1
air-cover/internal/app/subrequests/service.go:223.3,223.67 1 1
air-cover/internal/app/subrequests/service.go:223.67,225.4 1 1
air-cover/internal/app/subrequests/service.go:227.2,227.12 1 1
air-cover/internal/app/subrequests/service.go:230.42,231.43 1 1
air-cover/internal/app/subrequests/service.go:231.43,233.3 1 1
air-cover/internal/app/subrequests/service.go:234.2,234.43 1 1
air-cover/internal/app/subrequests/service.go:234.43,236.3 1 1
air-cover/internal/app/subrequests/service.go:237.2,237.12 1 1
air-cover/internal/app/subrequests/service.go:240.61,242.29 2 1
air-cover/internal/app/subrequests/service.go:242.29,244.17 2 1
air-cover/internal/app/subrequests/service.go:244.17,245.12 1 1
air-cover/internal/app/subrequests/service.go:247.3,247.27 1 1
air-cover/internal/app/subrequests/service.go:249.2,249.16 1 1
air-cover/internal/app/subrequests/service.go:252.59,253.43 1 1
air-cover/internal/app/subrequests/service.go:253.43,255.3 1 1
air-cover/internal/app/subrequests/service.go:256.2,256.23 1 1
air-cover/internal/app/subrequests/service.go:259.59,260.29 1 1
air-cover/internal/app/subrequests/service.go:260.29,262.17 2 1
air-cover/internal/app/subrequests/service.go:262.17,263.12 1 1
air-cover/internal/app/subrequests/service.go:265.19,267.4 1 1
air-cover/internal/app/subrequests/service.go:265.3,265.19 1 1
air-cover/internal/app/subrequests/service.go:269.2,269.14 1 1
air-cover/internal/app/subrequests/service.go:272.35,273.22 1 1
air-cover/internal/app/subrequests/service.go:273.22,275.3 1 1
air-cover/internal/app/subrequests/service.go:276.2,276.19 1 1
air-cover/internal/app/subrequests/service.go:42.60,48.2 1 1
air-cover/internal/app/subrequests/service.go:87.30,89.2 1 1
air-cover/internal/app/subrequests/service.go:91.101,92.22 1 1
air-cover/internal/app/subrequests/service.go:92.22,94.3 1 1
air-cover/internal/app/subrequests/service.go:95.2,96.16 2 1
air-cover/internal/app/subrequests/service.go:96.16,98.3 1 1
air-cover/internal/cmd/doc.go:17.47,25.3 4 1
air-cover/internal/cmd/doc.go:28.13,30.2 1 1
air-cover/internal/cmd/migrate.go:25.47,27.3 1 1
air-cover/internal/cmd/migrate.go:33.47,35.3 1 1
air-cover/internal/cmd/migrate.go:41.47,43.3 1 1
air-cover/internal/cmd/migrate.go:49.47,51.3 1 1
air-cover/internal/cmd/migrate.go:54.52,56.16 2 1
air-cover/internal/cmd/migrate.go:56.16,59.3 2 1
air-cover/internal/cmd/migrate.go:61.2,64.16 3 1
air-cover/internal/cmd/migrate.go:64.16,67.3 2 1
air-cover/internal/cmd/migrate.go:68.2,70.62 2 1
air-cover/internal/cmd/migrate.go:70.62,73.3 2 1
air-cover/internal/cmd/migrate.go:75.2,75.65 1 1
air-cover/internal/cmd/migrate.go:78.13,84.2 5 1
air-cover/internal/cmd/root.go:22.16,23.42 1 1
air-cover/internal/cmd/root.go:23.42,26.3 2 1
air-cover/internal/cmd/root.go:29.13,33.2 2 1
air-cover/internal/cmd/root.go:35.19,36.19 1 1
air-cover/internal/cmd/root.go:36.19,38.3 1 1
air-cover/internal/cmd/root.go:38.8,45.3 5 1
air-cover/internal/cmd/root.go:47.2,49.45 2 1
air-cover/internal/cmd/root.go:49.45,51.3 1 1
air-cover/internal/cmd/server.go:102.89,104.4 1 1
air-cover/internal/cmd/server.go:105.155,111.4 1 1
air-cover/internal/cmd/server.go:112.56,120.4 2 1
air-cover/internal/cmd/server.go:121.46,123.4 1 1
air-cover/internal/cmd/server.go:124.85,126.4 1 1
air-cover/internal/cmd/server.go:127.72,129.4 1 1
air-cover/internal/cmd/server.go:134.80,136.16 2 1
air-cover/internal/cmd/server.go:136.16,139.3 2 1
air-cover/internal/cmd/server.go:143.2,157.29 9 1
air-cover/internal/cmd/server.go:157.29,161.3 3 1
air-cover/internal/cmd/server.go:164.2,164.29 1 1
air-cover/internal/cmd/server.go:164.29,171.3 6 1
air-cover/internal/cmd/server.go:174.2,174.29 1 1
air-cover/internal/cmd/server.go:174.29,181.3 6 1
air-cover/internal/cmd/server.go:183.2,183.10 1 1
air-cover/internal/cmd/server.go:190.47,191.61 1 1
air-cover/internal/cmd/server.go:191.61,194.4 2 1
air-cover/internal/cmd/server.go:198.59,200.16 2 1
air-cover/internal/cmd/server.go:200.16,202.3 1 1
air-cover/internal/cmd/server.go:204.2,207.16 3 1
air-cover/internal/cmd/server.go:207.16,209.3 1 1
air-cover/internal/cmd/server.go:210.2,212.92 2 1
air-cover/internal/cmd/server.go:212.92,214.3 1 1
air-cover/internal/cmd/server.go:216.2,236.64 11 1
air-cover/internal/cmd/server.go:236.64,238.3 1 1
air-cover/internal/cmd/server.go:239.2,239.12 1 1
air-cover/internal/cmd/server.go:242.111,243.23 1 1
air-cover/internal/cmd/server.go:243.23,245.3 1 1
air-cover/internal/cmd/server.go:246.2,248.43 3 1
air-cover/internal/cmd/server.go:248.43,251.17 3 1
air-cover/internal/cmd/server.go:251.17,253.4 1 1
air-cover/internal/cmd/server.go:254.3,254.13 1 1
air-cover/internal/cmd/server.go:256.16,258.3 1 1
air-cover/internal/cmd/server.go:256.2,256.16 1 1
air-cover/internal/cmd/server.go:259.2,259.12 1 1
air-cover/internal/cmd/server.go:262.82,264.9 2 1
air-cover/internal/cmd/server.go:264.9,266.3 1 1
air-cover/internal/cmd/server.go:267.12,270.50 3 1
air-cover/internal/cmd/server.go:267.2,267.12 1 1
air-cover/internal/cmd/server.go:270.50,272.4 1 1
air-cover/internal/cmd/server.go:276.76,281.12 4 1
air-cover/internal/cmd/server.go:281.12,283.3 1 1
air-cover/internal/cmd/server.go:285.2,285.9 1 1
air-cover/internal/cmd/server.go:286.26,287.58 1 1
air-cover/internal/cmd/server.go:287.58,289.4 1 1
air-cover/internal/cmd/server.go:290.3,290.13 1 1
air-cover/internal/cmd/server.go:291.20,292.9 1 1
air-cover/internal/cmd/server.go:295.2,298.65 3 1
air-cover/internal/cmd/server.go:298.65,300.3 1 1
air-cover/internal/cmd/server.go:302.2,302.9 1 1
air-cover/internal/cmd/server.go:303.26,304.58 1 1
air-cover/internal/cmd/server.go:304.58,306.4 1 1
air-cover/internal/cmd/server.go:307.3,307.13 1 1
air-cover/internal/cmd/server.go:308.28,309.27 1 1
air-cover/internal/cmd/server.go:313.13,320.2 4 1
air-cover/internal/cmd/server.go:39.51,41.3 1 1
air-cover/internal/cmd/server.go:88.37,92.65 1 1
air-cover/internal/cmd/server.go:92.65,94.4 1 1
air-cover/internal/cmd/server.go:95.74,97.4 1 1
air-cover/internal/cmd/server.go:98.68,98.114 1 1
air-cover/internal/config/config.go:29.48,31.40 1 1
air-cover/internal/config/config.go:31.40,34.3 1 1
air-cover/internal/config/config.go:36.2,45.21 9 1
air-cover/internal/config/config.go:45.21,47.17 2 1
air-cover/internal/config/config.go:47.17,49.4 1 1
air-cover/internal/config/config.go:50.3,50.15 1 1
air-cover/internal/config/config.go:54.19,56.3 1 1
air-cover/internal/config/config.go:54.2,54.19 1 1
air-cover/internal/config/config.go:58.19,60.3 1 1
air-cover/internal/config/config.go:58.2,58.19 1 1
air-cover/internal/config/config.go:62.16,64.54 1 1
air-cover/internal/config/config.go:62.2,62.16 1 1
air-cover/internal/config/config.go:64.54,66.4 1 1
air-cover/internal/config/config.go:69.3,69.34 1 1
air-cover/internal/config/config.go:69.34,71.4 1 1
air-cover/internal/config/config.go:72.3,72.36 1 1
air-cover/internal/config/config.go:72.36,74.4 1 1
air-cover/internal/config/config.go:77.2,78.45 2 1
air-cover/internal/config/config.go:78.45,80.3 1 1
air-cover/internal/config/config.go:82.2,82.17 1 1
air-cover/internal/domain/subrequest.go:26.41,27.28 1 1
air-cover/internal/domain/subrequest.go:27.28,29.3 1 1
air-cover/internal/domain/subrequest.go:30.2,30.39 1 1
air-cover/internal/domain/subrequest.go:33.62,35.2 1 1
air-cover/internal/domain/subrequest.go:37.60,39.2 1 1
air-cover/internal/domain/subrequest.go:41.62,43.2 1 1
air-cover/internal/domain/user.go:12.28,14.2 1 1
air-cover/internal/domain/user.go:24.30,26.2 1 1
air-cover/internal/domain/user.go:34.37,36.2 1 1
air-cover/internal/logger/logger.go:16.64,18.2 1 1
air-cover/internal/logger/logger.go:21.49,24.16 3 1
air-cover/internal/logger/logger.go:24.16,32.3 6 1
air-cover/internal/logger/logger.go:32.8,34.3 1 1
air-cover/internal/logger/logger.go:37.2,38.16 2 1
air-cover/internal/logger/logger.go:38.16,41.3 1 1
air-cover/internal/logger/logger.go:44.2,46.26 2 1
air-cover/internal/policy/policy.go:11.79,13.2 1 1
air-cover/internal/policy/policy.go:15.81,17.2 1 1
air-cover/internal/policy/policy.go:19.74,21.2 1 1
air-cover/internal/policy/policy.go:7.81,9.2 1 1
air-cover/internal/presenter/presenter.go:13.102,15.2 1 1
air-cover/internal/presenter/presenter.go:17.72,19.26 2 1
air-cover/internal/presenter/presenter.go:19.26,28.3 1 1
air-cover/internal/presenter/presenter.go:29.2,29.14 1 1
air-cover/internal/presenter/presenter.go:32.83,34.29 2 1
air-cover/internal/presenter/presenter.go:34.29,51.3 2 1
air-cover/internal/presenter/presenter.go:52.2,52.14 1 1
air-cover/internal/presenter/presenter.go:55.52,56.26 1 1
air-cover/internal/presenter/presenter.go:56.26,58.3 1 1
air-cover/internal/presenter/presenter.go:59.2,64.31 6 1
air-cover/internal/ui/admin_templ.go:100.35,102.7 1 0
air-cover/internal/ui/admin_templ.go:103.6,105.35 3 1
air-cover/internal/ui/admin_templ.go:105.35,107.7 1 0
air-cover/internal/ui/admin_templ.go:108.6,109.35 2 1
air-cover/internal/ui/admin_templ.go:109.35,111.7 1 0
air-cover/internal/ui/admin_templ.go:112.6,113.35 2 1
air-cover/internal/ui/admin_templ.go:113.35,115.7 1 0
air-cover/internal/ui/admin_templ.go:116.6,118.35 3 1
air-cover/internal/ui/admin_templ.go:118.35,120.7 1 0
air-cover/internal/ui/admin_templ.go:121.6,122.35 2 1
air-cover/internal/ui/admin_templ.go:122.35,124.7 1 0
air-cover/internal/ui/admin_templ.go:125.6,126.35 2 1
air-cover/internal/ui/admin_templ.go:126.35,128.7 1 0
air-cover/internal/ui/admin_templ.go:129.24,132.36 3 1
air-cover/internal/ui/admin_templ.go:129.6,129.24 1 1
air-cover/internal/ui/admin_templ.go:13.60,14.131 1 1
air-cover/internal/ui/admin_templ.go:132.36,134.8 1 0
air-cover/internal/ui/admin_templ.go:135.7,136.36 2 1
air-cover/internal/ui/admin_templ.go:136.36,138.8 1 0
air-cover/internal/ui/admin_templ.go:139.7,141.36 3 1
air-cover/internal/ui/admin_templ.go:14.131,16.71 2 1
air-cover/internal/ui/admin_templ.go:141.36,143.8 1 0
air-cover/internal/ui/admin_templ.go:144.7,145.36 2 1
air-cover/internal/ui/admin_templ.go:145.36,147.8 1 0
air-cover/internal/ui/admin_templ.go:148.7,149.36 2 1
air-cover/internal/ui/admin_templ.go:149.36,151.8 1 0
air-cover/internal/ui/admin_templ.go:152.7,154.36 3 1
air-cover/internal/ui/admin_templ.go:154.36,156.8 1 0
air-cover/internal/ui/admin_templ.go:157.7,158.36 2 1
air-cover/internal/ui/admin_templ.go:158.36,160.8 1 0
air-cover/internal/ui/admin_templ.go:16.71,18.4 1 0
air-cover/internal/ui/admin_templ.go:161.7,162.36 2 1
air-cover/internal/ui/admin_templ.go:162.36,164.8 1 0
air-cover/internal/ui/admin_templ.go:166.6,167.35 2 1
air-cover/internal/ui/admin_templ.go:167.35,169.7 1 0
air-cover/internal/ui/admin_templ.go:170.28,172.36 2 1
air-cover/internal/ui/admin_templ.go:170.6,170.28 1 1
air-cover/internal/ui/admin_templ.go:172.36,174.8 1 0
air-cover/internal/ui/admin_templ.go:175.7,177.36 3 1
air-cover/internal/ui/admin_templ.go:177.36,179.8 1 0
air-cover/internal/ui/admin_templ.go:180.7,181.36 2 1
air-cover/internal/ui/admin_templ.go:181.36,183.8 1 0
air-cover/internal/ui/admin_templ.go:184.7,185.36 2 1
air-cover/internal/ui/admin_templ.go:185.36,187.8 1 0
air-cover/internal/ui/admin_templ.go:188.7,190.36 3 1
air-cover/internal/ui/admin_templ.go:19.3,20.31 2 1
air-cover/internal/ui/admin_templ.go:190.36,192.8 1 0
air-cover/internal/ui/admin_templ.go:193.7,194.36 2 1
air-cover/internal/ui/admin_templ.go:194.36,196.8 1 0
air-cover/internal/ui/admin_templ.go:197.7,198.36 2 1
air-cover/internal/ui/admin_templ.go:198.36,200.8 1 0
air-cover/internal/ui/admin_templ.go:20.31,21.17 1 1
air-cover/internal/ui/admin_templ.go:201.7,203.36 3 1
air-cover/internal/ui/admin_templ.go:203.36,205.8 1 0
air-cover/internal/ui/admin_templ.go:206.7,207.36 2 1
air-cover/internal/ui/admin_templ.go:207.36,209.8 1 0
air-cover/internal/ui/admin_templ.go:21.17,23.34 2 1
air-cover/internal/ui/admin_templ.go:210.7,212.36 3 1
air-cover/internal/ui/admin_templ.go:212.36,214.8 1 0
air-cover/internal/ui/admin_templ.go:215.7,216.36 2 1
air-cover/internal/ui/admin_templ.go:216.36,218.8 1 0
air-cover/internal/ui/admin_templ.go:219.7,220.36 2 1
air-cover/internal/ui/admin_templ.go:220.36,222.8 1 0
air-cover/internal/ui/admin_templ.go:223.25,225.37 2 1
air-cover/internal/ui/admin_templ.go:223.7,223.25 1 1
air-cover/internal/ui/admin_templ.go:225.37,227.9 1 0
air-cover/internal/ui/admin_templ.go:228.13,230.37 2 1
air-cover/internal/ui/admin_templ.go:23.34,25.6 1 1
air-cover/internal/ui/admin_templ.go:230.37,232.9 1 0
air-cover/internal/ui/admin_templ.go:234.7,235.36 2 1
air-cover/internal/ui/admin_templ.go:235.36,237.8 1 0
air-cover/internal/ui/admin_templ.go:238.25,240.37 2 1
air-cover/internal/ui/admin_templ.go:238.7,238.25 1 1
air-cover/internal/ui/admin_templ.go:240.37,242.9 1 0
air-cover/internal/ui/admin_templ.go:243.8,245.37 3 1
air-cover/internal/ui/admin_templ.go:245.37,247.9 1 0
air-cover/internal/ui/admin_templ.go:248.8,249.37 2 1
air-cover/internal/ui/admin_templ.go:249.37,251.9 1 0
air-cover/internal/ui/admin_templ.go:252.8,253.37 2 1
air-cover/internal/ui/admin_templ.go:253.37,255.9 1 0
air-cover/internal/ui/admin_templ.go:256.32,258.38 2 0
air-cover/internal/ui/admin_templ.go:256.8,256.32 1 1
air-cover/internal/ui/admin_templ.go:258.38,260.10 1 0
air-cover/internal/ui/admin_templ.go:261.14,263.38 2 1
air-cover/internal/ui/admin_templ.go:263.38,265.10 1 0
air-cover/internal/ui/admin_templ.go:267.8,268.37 2 1
air-cover/internal/ui/admin_templ.go:268.37,270.9 1 0
air-cover/internal/ui/admin_templ.go:271.32,274.38 3 0
air-cover/internal/ui/admin_templ.go:271.8,271.32 1 1
air-cover/internal/ui/admin_templ.go:274.38,276.10 1 0
air-cover/internal/ui/admin_templ.go:277.9,278.38 2 0
air-cover/internal/ui/admin_templ.go:278.38,280.10 1 0
air-cover/internal/ui/admin_templ.go:28.3,30.33 3 1
air-cover/internal/ui/admin_templ.go:281.14,284.38 3 1
air-cover/internal/ui/admin_templ.go:284.38,286.10 1 0
air-cover/internal/ui/admin_templ.go:287.9,288.38 2 1
air-cover/internal/ui/admin_templ.go:288.38,290.10 1 0
air-cover/internal/ui/admin_templ.go:292.8,293.37 2 1
air-cover/internal/ui/admin_templ.go:293.37,295.9 1 0
air-cover/internal/ui/admin_templ.go:298.6,299.35 2 1
air-cover/internal/ui/admin_templ.go:299.35,301.7 1 0
air-cover/internal/ui/admin_templ.go:30.33,32.4 1 0
air-cover/internal/ui/admin_templ.go:303.5,304.34 2 1
air-cover/internal/ui/admin_templ.go:304.34,306.6 1 0
air-cover/internal/ui/admin_templ.go:308.4,309.33 2 1
air-cover/internal/ui/admin_templ.go:309.33,311.5 1 0
air-cover/internal/ui/admin_templ.go:312.4,312.14 1 1
air-cover/internal/ui/admin_templ.go:314.3,315.32 2 1
air-cover/internal/ui/admin_templ.go:315.32,317.4 1 0
air-cover/internal/ui/admin_templ.go:318.3,318.13 1 1
air-cover/internal/ui/admin_templ.go:33.3,34.148 2 1
air-cover/internal/ui/admin_templ.go:34.148,37.32 3 1
air-cover/internal/ui/admin_templ.go:37.32,38.18 1 0
air-cover/internal/ui/admin_templ.go:38.18,40.35 2 0
air-cover/internal/ui/admin_templ.go:40.35,42.7 1 0
air-cover/internal/ui/admin_templ.go:45.4,47.33 3 1
air-cover/internal/ui/admin_templ.go:47.33,49.5 1 0
air-cover/internal/ui/admin_templ.go:50.4,51.33 2 1
air-cover/internal/ui/admin_templ.go:51.33,53.5 1 0
air-cover/internal/ui/admin_templ.go:54.4,55.33 2 1
air-cover/internal/ui/admin_templ.go:55.33,57.5 1 0
air-cover/internal/ui/admin_templ.go:58.4,59.33 2 1
air-cover/internal/ui/admin_templ.go:59.33,61.5 1 0
air-cover/internal/ui/admin_templ.go:62.149,65.33 3 1
air-cover/internal/ui/admin_templ.go:62.4,62.149 1 1
air-cover/internal/ui/admin_templ.go:65.33,66.19 1 0
air-cover/internal/ui/admin_templ.go:66.19,68.36 2 0
air-cover/internal/ui/admin_templ.go:68.36,70.8 1 0
air-cover/internal/ui/admin_templ.go:73.5,75.34 3 1
air-cover/internal/ui/admin_templ.go:75.34,77.6 1 0
air-cover/internal/ui/admin_templ.go:78.5,78.15 1 1
air-cover/internal/ui/admin_templ.go:80.4,81.33 2 1
air-cover/internal/ui/admin_templ.go:81.33,83.5 1 0
air-cover/internal/ui/admin_templ.go:84.4,85.33 2 1
air-cover/internal/ui/admin_templ.go:85.33,87.5 1 0
air-cover/internal/ui/admin_templ.go:88.23,90.34 2 1
air-cover/internal/ui/admin_templ.go:88.4,88.23 1 1
air-cover/internal/ui/admin_templ.go:90.34,92.6 1 0
air-cover/internal/ui/admin_templ.go:93.10,95.34 2 1
air-cover/internal/ui/admin_templ.go:95.34,97.6 1 0
air-cover/internal/ui/admin_templ.go:98.32,100.35 2 1
air-cover/internal/ui/admin_templ.go:98.5,98.32 1 1
air-cover/internal/ui/authenticated_templ.go:101.23,103.34 2 1
air-cover/internal/ui/authenticated_templ.go:101.4,101.23 1 1
air-cover/internal/ui/authenticated_templ.go:103.34,105.6 1 0
air-cover/internal/ui/authenticated_templ.go:106.10,108.34 2 1
air-cover/internal/ui/authenticated_templ.go:108.34,110.6 1 0
air-cover/internal/ui/authenticated_templ.go:111.32,113.35 2 1
air-cover/internal/ui/authenticated_templ.go:111.5,111.32 1 1
air-cover/internal/ui/authenticated_templ.go:113.35,115.7 1 0
air-cover/internal/ui/authenticated_templ.go:116.6,118.35 3 1
air-cover/internal/ui/authenticated_templ.go:118.35,120.7 1 0
air-cover/internal/ui/authenticated_templ.go:121.6,122.35 2 1
air-cover/internal/ui/authenticated_templ.go:122.35,124.7 1 0
air-cover/internal/ui/authenticated_templ.go:125.6,126.35 2 1
air-cover/internal/ui/authenticated_templ.go:126.35,128.7 1 0
air-cover/internal/ui/authenticated_templ.go:129.26,132.36 3 1
air-cover/internal/ui/authenticated_templ.go:129.6,129.26 1 1
air-cover/internal/ui/authenticated_templ.go:132.36,134.8 1 0
air-cover/internal/ui/authenticated_templ.go:135.7,136.36 2 1
air-cover/internal/ui/authenticated_templ.go:136.36,138.8 1 0
air-cover/internal/ui/authenticated_templ.go:139.12,142.36 3 1
air-cover/internal/ui/authenticated_templ.go:142.36,144.8 1 0
air-cover/internal/ui/authenticated_templ.go:145.7,146.36 2 1
air-cover/internal/ui/authenticated_templ.go:146.36,148.8 1 0
air-cover/internal/ui/authenticated_templ.go:150.6,151.35 2 1
air-cover/internal/ui/authenticated_templ.go:151.35,153.7 1 0
air-cover/internal/ui/authenticated_templ.go:156.4,157.33 2 1
air-cover/internal/ui/authenticated_templ.go:157.33,159.5 1 0
air-cover/internal/ui/authenticated_templ.go:16.139,17.131 1 1
air-cover/internal/ui/authenticated_templ.go:160.4,162.33 3 1
air-cover/internal/ui/authenticated_templ.go:162.33,164.5 1 0
air-cover/internal/ui/authenticated_templ.go:165.4,166.33 2 1
air-cover/internal/ui/authenticated_templ.go:166.33,168.5 1 0
air-cover/internal/ui/authenticated_templ.go:169.4,170.33 2 1
air-cover/internal/ui/authenticated_templ.go:17.131,19.71 2 1
air-cover/internal/ui/authenticated_templ.go:170.33,172.5 1 0
air-cover/internal/ui/authenticated_templ.go:173.26,175.34 2 1
air-cover/internal/ui/authenticated_templ.go:173.4,173.26 1 1
air-cover/internal/ui/authenticated_templ.go:175.34,177.6 1 0
air-cover/internal/ui/authenticated_templ.go:178.10,180.34 2 1
air-cover/internal/ui/authenticated_templ.go:180.34,182.6 1 0
air-cover/internal/ui/authenticated_templ.go:184.4,185.33 2 1
air-cover/internal/ui/authenticated_templ.go:185.33,187.5 1 0
air-cover/internal/ui/authenticated_templ.go:188.21,190.34 2 1
air-cover/internal/ui/authenticated_templ.go:188.4,188.21 1 1
air-cover/internal/ui/authenticated_templ.go:19.71,21.4 1 0
air-cover/internal/ui/authenticated_templ.go:190.34,192.6 1 0
air-cover/internal/ui/authenticated_templ.go:193.5,194.34 2 1
air-cover/internal/ui/authenticated_templ.go:194.34,196.6 1 0
air-cover/internal/ui/authenticated_templ.go:197.5,198.34 2 1
air-cover/internal/ui/authenticated_templ.go:198.34,200.6 1 0
air-cover/internal/ui/authenticated_templ.go:202.4,203.33 2 1
air-cover/internal/ui/authenticated_templ.go:203.33,205.5 1 0
air-cover/internal/ui/authenticated_templ.go:206.4,206.14 1 1
air-cover/internal/ui/authenticated_templ.go:208.3,209.32 2 1
air-cover/internal/ui/authenticated_templ.go:209.32,211.4 1 0
air-cover/internal/ui/authenticated_templ.go:212.3,212.13 1 1
air-cover/internal/ui/authenticated_templ.go:216.68,217.131 1 1
air-cover/internal/ui/authenticated_templ.go:217.131,219.71 2 1
air-cover/internal/ui/authenticated_templ.go:219.71,221.4 1 0
air-cover/internal/ui/authenticated_templ.go:22.3,23.31 2 1
air-cover/internal/ui/authenticated_templ.go:222.3,223.31 2 1
air-cover/internal/ui/authenticated_templ.go:223.31,224.17 1 1
air-cover/internal/ui/authenticated_templ.go:224.17,226.34 2 1
air-cover/internal/ui/authenticated_templ.go:226.34,228.6 1 1
air-cover/internal/ui/authenticated_templ.go:23.31,24.17 1 1
air-cover/internal/ui/authenticated_templ.go:231.3,233.33 3 1
air-cover/internal/ui/authenticated_templ.go:233.33,235.4 1 0
air-cover/internal/ui/authenticated_templ.go:236.3,238.32 3 1
air-cover/internal/ui/authenticated_templ.go:238.32,240.4 1 0
air-cover/internal/ui/authenticated_templ.go:24.17,26.34 2 1
air-cover/internal/ui/authenticated_templ.go:241.3,241.35 1 1
air-cover/internal/ui/authenticated_templ.go:241.35,243.33 2 1
air-cover/internal/ui/authenticated_templ.go:243.33,245.5 1 0
air-cover/internal/ui/authenticated_templ.go:246.4,248.33 3 1
air-cover/internal/ui/authenticated_templ.go:248.33,250.5 1 0
air-cover/internal/ui/authenticated_templ.go:251.4,252.33 2 1
air-cover/internal/ui/authenticated_templ.go:252.33,254.5 1 0
air-cover/internal/ui/authenticated_templ.go:255.4,257.33 3 1
air-cover/internal/ui/authenticated_templ.go:257.33,259.5 1 0
air-cover/internal/ui/authenticated_templ.go:26.34,28.6 1 1
air-cover/internal/ui/authenticated_templ.go:260.4,261.33 2 1
air-cover/internal/ui/authenticated_templ.go:261.33,263.5 1 0
air-cover/internal/ui/authenticated_templ.go:264.4,265.33 2 1
air-cover/internal/ui/authenticated_templ.go:265.33,267.5 1 0
air-cover/internal/ui/authenticated_templ.go:268.4,270.33 3 1
air-cover/internal/ui/authenticated_templ.go:270.33,272.5 1 0
air-cover/internal/ui/authenticated_templ.go:273.4,274.33 2 1
air-cover/internal/ui/authenticated_templ.go:274.33,276.5 1 0
air-cover/internal/ui/authenticated_templ.go:277.4,278.33 2 1
air-cover/internal/ui/authenticated_templ.go:278.33,280.5 1 0
air-cover/internal/ui/authenticated_templ.go:281.4,283.33 3 1
air-cover/internal/ui/authenticated_templ.go:283.33,285.5 1 0
air-cover/internal/ui/authenticated_templ.go:286.4,287.33 2 1
air-cover/internal/ui/authenticated_templ.go:287.33,289.5 1 0
air-cover/internal/ui/authenticated_templ.go:290.4,291.33 2 1
air-cover/internal/ui/authenticated_templ.go:291.33,293.5 1 0
air-cover/internal/ui/authenticated_templ.go:294.4,296.33 3 1
air-cover/internal/ui/authenticated_templ.go:296.33,298.5 1 0
air-cover/internal/ui/authenticated_templ.go:299.4,300.33 2 1
air-cover/internal/ui/authenticated_templ.go:300.33,302.5 1 0
air-cover/internal/ui/authenticated_templ.go:303.4,304.33 2 1
air-cover/internal/ui/authenticated_templ.go:304.33,306.5 1 0
air-cover/internal/ui/authenticated_templ.go:307.4,309.33 3 1
air-cover/internal/ui/authenticated_templ.go:309.33,311.5 1 0
air-cover/internal/ui/authenticated_templ.go:31.3,33.33 3 1
air-cover/internal/ui/authenticated_templ.go:312.4,313.33 2 1
air-cover/internal/ui/authenticated_templ.go:313.33,315.5 1 0
air-cover/internal/ui/authenticated_templ.go:316.4,317.33 2 1
air-cover/internal/ui/authenticated_templ.go:317.33,319.5 1 0
air-cover/internal/ui/authenticated_templ.go:320.21,323.34 2 1
air-cover/internal/ui/authenticated_templ.go:320.4,320.21 1 1
air-cover/internal/ui/authenticated_templ.go:323.34,325.6 1 0
air-cover/internal/ui/authenticated_templ.go:326.5,327.34 2 1
air-cover/internal/ui/authenticated_templ.go:327.34,329.6 1 0
air-cover/internal/ui/authenticated_templ.go:33.33,35.4 1 0
air-cover/internal/ui/authenticated_templ.go:330.5,333.34 3 1
air-cover/internal/ui/authenticated_templ.go:333.34,335.6 1 0
air-cover/internal/ui/authenticated_templ.go:336.5,337.34 2 1
air-cover/internal/ui/authenticated_templ.go:337.34,339.6 1 0
air-cover/internal/ui/authenticated_templ.go:341.19,345.34 2 1
air-cover/internal/ui/authenticated_templ.go:341.4,341.19 1 1
air-cover/internal/ui/authenticated_templ.go:345.34,347.6 1 0
air-cover/internal/ui/authenticated_templ.go:348.5,349.34 2 1
air-cover/internal/ui/authenticated_templ.go:349.34,351.6 1 0
air-cover/internal/ui/authenticated_templ.go:352.5,356.34 3 1
air-cover/internal/ui/authenticated_templ.go:356.34,358.6 1 0
air-cover/internal/ui/authenticated_templ.go:359.5,360.34 2 1
air-cover/internal/ui/authenticated_templ.go:36.3,37.148 2 1
air-cover/internal/ui/authenticated_templ.go:360.34,362.6 1 0
air-cover/internal/ui/authenticated_templ.go:364.21,368.34 2 1
air-cover/internal/ui/authenticated_templ.go:364.4,364.21 1 1
air-cover/internal/ui/authenticated_templ.go:368.34,370.6 1 0
air-cover/internal/ui/authenticated_templ.go:37.148,40.32 3 1
air-cover/internal/ui/authenticated_templ.go:371.5,372.34 2 1
air-cover/internal/ui/authenticated_templ.go:372.34,374.6 1 0
air-cover/internal/ui/authenticated_templ.go:375.5,379.34 3 1
air-cover/internal/ui/authenticated_templ.go:379.34,381.6 1 0
air-cover/internal/ui/authenticated_templ.go:382.5,383.34 2 1
air-cover/internal/ui/authenticated_templ.go:383.34,385.6 1 0
air-cover/internal/ui/authenticated_templ.go:387.4,388.33 2 1
air-cover/internal/ui/authenticated_templ.go:388.33,390.5 1 0
air-cover/internal/ui/authenticated_templ.go:391.4,393.33 3 1
air-cover/internal/ui/authenticated_templ.go:393.33,395.5 1 0
air-cover/internal/ui/authenticated_templ.go:396.4,397.33 2 1
air-cover/internal/ui/authenticated_templ.go:397.33,399.5 1 0
air-cover/internal/ui/authenticated_templ.go:40.32,41.18 1 0
air-cover/internal/ui/authenticated_templ.go:400.4,402.33 3 1
air-cover/internal/ui/authenticated_templ.go:402.33,404.5 1 0
air-cover/internal/ui/authenticated_templ.go:405.4,406.33 2 1
air-cover/internal/ui/authenticated_templ.go:406.33,408.5 1 0
air-cover/internal/ui/authenticated_templ.go:409.4,410.33 2 1
air-cover/internal/ui/authenticated_templ.go:41.18,43.35 2 0
air-cover/internal/ui/authenticated_templ.go:410.33,412.5 1 0
air-cover/internal/ui/authenticated_templ.go:413.4,415.33 3 1
air-cover/internal/ui/authenticated_templ.go:415.33,417.5 1 0
air-cover/internal/ui/authenticated_templ.go:418.4,419.33 2 1
air-cover/internal/ui/authenticated_templ.go:419.33,421.5 1 0
air-cover/internal/ui/authenticated_templ.go:422.4,423.33 2 1
air-cover/internal/ui/authenticated_templ.go:423.33,425.5 1 0
air-cover/internal/ui/authenticated_templ.go:426.28,429.34 3 1
air-cover/internal/ui/authenticated_templ.go:426.4,426.28 1 1
air-cover/internal/ui/authenticated_templ.go:429.34,431.6 1 0
air-cover/internal/ui/authenticated_templ.go:43.35,45.7 1 0
air-cover/internal/ui/authenticated_templ.go:432.5,433.34 2 1
air-cover/internal/ui/authenticated_templ.go:433.34,435.6 1 0
air-cover/internal/ui/authenticated_templ.go:436.10,438.34 2 1
air-cover/internal/ui/authenticated_templ.go:438.34,440.6 1 0
air-cover/internal/ui/authenticated_templ.go:442.4,443.33 2 1
air-cover/internal/ui/authenticated_templ.go:443.33,445.5 1 0
air-cover/internal/ui/authenticated_templ.go:447.3,448.32 2 1
air-cover/internal/ui/authenticated_templ.go:448.32,450.4 1 0
air-cover/internal/ui/authenticated_templ.go:451.3,451.13 1 1
air-cover/internal/ui/authenticated_templ.go:48.4,50.33 3 1
air-cover/internal/ui/authenticated_templ.go:50.33,52.5 1 0
air-cover/internal/ui/authenticated_templ.go:53.4,54.33 2 1
air-cover/internal/ui/authenticated_templ.go:54.33,56.5 1 0
air-cover/internal/ui/authenticated_templ.go:57.4,58.33 2 1
air-cover/internal/ui/authenticated_templ.go:58.33,60.5 1 0
air-cover/internal/ui/authenticated_templ.go:61.4,62.33 2 1
air-cover/internal/ui/authenticated_templ.go:62.33,64.5 1 0
air-cover/internal/ui/authenticated_templ.go:65.149,68.33 3 1
air-cover/internal/ui/authenticated_templ.go:65.4,65.149 1 1
air-cover/internal/ui/authenticated_templ.go:68.33,69.19 1 0
air-cover/internal/ui/authenticated_templ.go:69.19,71.36 2 0
air-cover/internal/ui/authenticated_templ.go:71.36,73.8 1 0
air-cover/internal/ui/authenticated_templ.go:76.5,77.16 2 1
air-cover/internal/ui/authenticated_templ.go:77.16,79.35 2 1
air-cover/internal/ui/authenticated_templ.go:79.35,81.7 1 0
air-cover/internal/ui/authenticated_templ.go:83.5,84.34 2 1
air-cover/internal/ui/authenticated_templ.go:84.34,86.6 1 0
air-cover/internal/ui/authenticated_templ.go:87.5,88.34 2 1
air-cover/internal/ui/authenticated_templ.go:88.34,90.6 1 0
air-cover/internal/ui/authenticated_templ.go:91.5,91.15 1 1
air-cover/internal/ui/authenticated_templ.go:93.4,94.33 2 1
air-cover/internal/ui/authenticated_templ.go:94.33,96.5 1 0
air-cover/internal/ui/authenticated_templ.go:97.4,98.33 2 1
air-cover/internal/ui/authenticated_templ.go:98.33,100.5 1 0
air-cover/internal/ui/layout_templ.go:100.32,102.4 1 0
air-cover/internal/ui/layout_templ.go:103.3,104.32 2 1
air-cover/internal/ui/layout_templ.go:104.32,106.4 1 0
air-cover/internal/ui/layout_templ.go:107.3,107.13 1 1
air-cover/internal/ui/layout_templ.go:11.43,12.131 1 1
air-cover/internal/ui/layout_templ.go:111.45,112.131 1 1
air-cover/internal/ui/layout_templ.go:112.131,114.71 2 1
air-cover/internal/ui/layout_templ.go:114.71,116.4 1 0
air-cover/internal/ui/layout_templ.go:117.3,118.31 2 1
air-cover/internal/ui/layout_templ.go:118.31,119.17 1 1
air-cover/internal/ui/layout_templ.go:119.17,121.34 2 1
air-cover/internal/ui/layout_templ.go:12.131,14.71 2 1
air-cover/internal/ui/layout_templ.go:121.34,123.6 1 1
air-cover/internal/ui/layout_templ.go:126.3,128.33 3 1
air-cover/internal/ui/layout_templ.go:128.33,130.4 1 0
air-cover/internal/ui/layout_templ.go:131.3,133.32 3 1
air-cover/internal/ui/layout_templ.go:133.32,135.4 1 0
air-cover/internal/ui/layout_templ.go:136.3,138.32 3 1
air-cover/internal/ui/layout_templ.go:138.32,140.4 1 0
air-cover/internal/ui/layout_templ.go:14.71,16.4 1 0
air-cover/internal/ui/layout_templ.go:141.3,142.32 2 1
air-cover/internal/ui/layout_templ.go:142.32,144.4 1 0
air-cover/internal/ui/layout_templ.go:145.3,146.32 2 1
air-cover/internal/ui/layout_templ.go:146.32,148.4 1 0
air-cover/internal/ui/layout_templ.go:149.3,149.13 1 1
air-cover/internal/ui/layout_templ.go:153.35,154.131 1 1
air-cover/internal/ui/layout_templ.go:154.131,156.71 2 1
air-cover/internal/ui/layout_templ.go:156.71,158.4 1 0
air-cover/internal/ui/layout_templ.go:159.3,160.31 2 1
air-cover/internal/ui/layout_templ.go:160.31,161.17 1 1
air-cover/internal/ui/layout_templ.go:161.17,163.34 2 1
air-cover/internal/ui/layout_templ.go:163.34,165.6 1 1
air-cover/internal/ui/layout_templ.go:168.3,170.33 3 1
air-cover/internal/ui/layout_templ.go:17.3,18.31 2 1
air-cover/internal/ui/layout_templ.go:170.33,172.4 1 0
air-cover/internal/ui/layout_templ.go:173.3,175.32 3 1
air-cover/internal/ui/layout_templ.go:175.32,177.4 1 0
air-cover/internal/ui/layout_templ.go:178.3,178.13 1 1
air-cover/internal/ui/layout_templ.go:18.31,19.17 1 1
air-cover/internal/ui/layout_templ.go:182.36,183.131 1 1
air-cover/internal/ui/layout_templ.go:183.131,185.71 2 1
air-cover/internal/ui/layout_templ.go:185.71,187.4 1 0
air-cover/internal/ui/layout_templ.go:188.3,189.31 2 1
air-cover/internal/ui/layout_templ.go:189.31,190.17 1 1
air-cover/internal/ui/layout_templ.go:19.17,21.34 2 1
air-cover/internal/ui/layout_templ.go:190.17,192.34 2 1
air-cover/internal/ui/layout_templ.go:192.34,194.6 1 1
air-cover/internal/ui/layout_templ.go:197.3,199.33 3 1
air-cover/internal/ui/layout_templ.go:199.33,201.4 1 0
air-cover/internal/ui/layout_templ.go:202.3,204.32 3 1
air-cover/internal/ui/layout_templ.go:204.32,206.4 1 0
air-cover/internal/ui/layout_templ.go:207.3,207.13 1 1
air-cover/internal/ui/layout_templ.go:21.34,23.6 1 1
air-cover/internal/ui/layout_templ.go:26.3,28.33 3 1
air-cover/internal/ui/layout_templ.go:28.33,30.4 1 0
air-cover/internal/ui/layout_templ.go:31.3,33.32 3 1
air-cover/internal/ui/layout_templ.go:33.32,35.4 1 0
air-cover/internal/ui/layout_templ.go:36.3,38.32 3 1
air-cover/internal/ui/layout_templ.go:38.32,40.4 1 0
air-cover/internal/ui/layout_templ.go:41.3,42.32 2 1
air-cover/internal/ui/layout_templ.go:42.32,44.4 1 0
air-cover/internal/ui/layout_templ.go:45.3,46.32 2 1
air-cover/internal/ui/layout_templ.go:46.32,48.4 1 0
air-cover/internal/ui/layout_templ.go:49.3,50.32 2 1
air-cover/internal/ui/layout_templ.go:50.32,52.4 1 0
air-cover/internal/ui/layout_templ.go:53.3,54.32 2 1
air-cover/internal/ui/layout_templ.go:54.32,56.4 1 0
air-cover/internal/ui/layout_templ.go:57.3,57.13 1 1
air-cover/internal/ui/layout_templ.go:61.47,62.131 1 1
air-cover/internal/ui/layout_templ.go:62.131,64.71 2 1
air-cover/internal/ui/layout_templ.go:64.71,66.4 1 0
air-cover/internal/ui/layout_templ.go:67.3,68.31 2 1
air-cover/internal/ui/layout_templ.go:68.31,69.17 1 1
air-cover/internal/ui/layout_templ.go:69.17,71.34 2 1
air-cover/internal/ui/layout_templ.go:71.34,73.6 1 1
air-cover/internal/ui/layout_templ.go:76.3,78.33 3 1
air-cover/internal/ui/layout_templ.go:78.33,80.4 1 0
air-cover/internal/ui/layout_templ.go:81.3,83.32 3 1
air-cover/internal/ui/layout_templ.go:83.32,85.4 1 0
air-cover/internal/ui/layout_templ.go:86.3,88.32 3 1
air-cover/internal/ui/layout_templ.go:88.32,90.4 1 0
air-cover/internal/ui/layout_templ.go:91.3,92.32 2 1
air-cover/internal/ui/layout_templ.go:92.32,94.4 1 0
air-cover/internal/ui/layout_templ.go:95.3,96.32 2 1
air-cover/internal/ui/layout_templ.go:96.32,98.4 1 0
air-cover/internal/ui/layout_templ.go:99.3,100.32 2 1
air-cover/internal/ui/unauthenticated_templ.go:11.54,12.131 1 1
air-cover/internal/ui/unauthenticated_templ.go:12.131,14.71 2 1
air-cover/internal/ui/unauthenticated_templ.go:14.71,16.4 1 0
air-cover/internal/ui/unauthenticated_templ.go:17.3,18.31 2 1
air-cover/internal/ui/unauthenticated_templ.go:18.31,19.17 1 1
air-cover/internal/ui/unauthenticated_templ.go:19.17,21.34 2 1
air-cover/internal/ui/unauthenticated_templ.go:21.34,23.6 1 1
air-cover/internal/ui/unauthenticated_templ.go:26.3,28.33 3 1
air-cover/internal/ui/unauthenticated_templ.go:28.33,30.4 1 0
air-cover/internal/ui/unauthenticated_templ.go:31.3,32.148 2 1
air-cover/internal/ui/unauthenticated_templ.go:32.148,35.32 3 1
air-cover/internal/ui/unauthenticated_templ.go:35.32,36.18 1 0
air-cover/internal/ui/unauthenticated_templ.go:36.18,38.35 2 0
air-cover/internal/ui/unauthenticated_templ.go:38.35,40.7 1 0
air-cover/internal/ui/unauthenticated_templ.go:43.4,45.33 3 1
air-cover/internal/ui/unauthenticated_templ.go:45.33,47.5 1 0
air-cover/internal/ui/unauthenticated_templ.go:48.17,50.34 2 1
air-cover/internal/ui/unauthenticated_templ.go:48.4,48.17 1 1
air-cover/internal/ui/unauthenticated_templ.go:50.34,52.6 1 0
air-cover/internal/ui/unauthenticated_templ.go:54.4,55.33 2 1
air-cover/internal/ui/unauthenticated_templ.go:55.33,57.5 1 0
air-cover/internal/ui/unauthenticated_templ.go:58.4,58.14 1 1
air-cover/internal/ui/unauthenticated_templ.go:60.3,61.32 2 1
air-cover/internal/ui/unauthenticated_templ.go:61.32,63.4 1 0
air-cover/internal/ui/unauthenticated_templ.go:64.3,64.13 1 1
