mode: set
air-cover/cmd/aircover/main.go:5.13,7.2 1 1
air-cover/internal/api/api.gen.go:101.51,102.11 1 0
air-cover/internal/api/api.gen.go:103.13,104.14 1 0
air-cover/internal/api/api.gen.go:105.14,106.14 1 0
air-cover/internal/api/api.gen.go:107.10,108.15 1 0
air-cover/internal/api/api.gen.go:243.68,245.2 1 1
air-cover/internal/api/api.gen.go:249.73,251.2 1 1
air-cover/internal/api/api.gen.go:255.71,257.2 1 1
air-cover/internal/api/api.gen.go:261.78,263.2 1 1
air-cover/internal/api/api.gen.go:267.79,269.2 1 1
air-cover/internal/api/api.gen.go:273.106,275.2 1 1
air-cover/internal/api/api.gen.go:279.74,281.2 1 1
air-cover/internal/api/api.gen.go:285.80,287.2 1 1
air-cover/internal/api/api.gen.go:29.56,30.11 1 1
air-cover/internal/api/api.gen.go:291.92,293.2 1 1
air-cover/internal/api/api.gen.go:297.91,299.2 1 1
air-cover/internal/api/api.gen.go:303.74,305.2 1 1
air-cover/internal/api/api.gen.go:309.89,311.2 1 1
air-cover/internal/api/api.gen.go:31.12,32.14 1 1
air-cover/internal/api/api.gen.go:315.84,317.2 1 1
air-cover/internal/api/api.gen.go:329.80,331.88 1 1
air-cover/internal/api/api.gen.go:33.14,34.14 1 1
air-cover/internal/api/api.gen.go:331.88,333.3 1 1
air-cover/internal/api/api.gen.go:335.2,335.52 1 1
air-cover/internal/api/api.gen.go:335.52,337.3 1 1
air-cover/internal/api/api.gen.go:339.2,339.25 1 1
air-cover/internal/api/api.gen.go:343.85,345.88 1 1
air-cover/internal/api/api.gen.go:345.88,347.3 1 1
air-cover/internal/api/api.gen.go:349.2,349.52 1 1
air-cover/internal/api/api.gen.go:349.52,351.3 1 0
air-cover/internal/api/api.gen.go:35.10,36.15 1 1
air-cover/internal/api/api.gen.go:353.2,353.25 1 1
air-cover/internal/api/api.gen.go:357.83,359.88 1 1
air-cover/internal/api/api.gen.go:359.88,361.3 1 1
air-cover/internal/api/api.gen.go:363.2,363.52 1 1
air-cover/internal/api/api.gen.go:363.52,365.3 1 1
air-cover/internal/api/api.gen.go:367.2,367.25 1 1
air-cover/internal/api/api.gen.go:371.90,373.88 1 1
air-cover/internal/api/api.gen.go:373.88,375.3 1 1
air-cover/internal/api/api.gen.go:377.2,377.52 1 1
air-cover/internal/api/api.gen.go:377.52,379.3 1 1
air-cover/internal/api/api.gen.go:381.2,381.25 1 1
air-cover/internal/api/api.gen.go:385.91,387.88 1 1
air-cover/internal/api/api.gen.go:387.88,389.3 1 1
air-cover/internal/api/api.gen.go:391.2,391.52 1 1
air-cover/internal/api/api.gen.go:391.52,393.3 1 1
air-cover/internal/api/api.gen.go:395.2,395.25 1 1
air-cover/internal/api/api.gen.go:399.90,408.64 3 1
air-cover/internal/api/api.gen.go:408.65,410.3 0 1
air-cover/internal/api/api.gen.go:410.8,413.3 2 1
air-cover/internal/api/api.gen.go:415.2,416.16 2 1
air-cover/internal/api/api.gen.go:416.16,419.3 2 0
air-cover/internal/api/api.gen.go:421.2,421.88 1 1
air-cover/internal/api/api.gen.go:421.88,423.3 1 1
air-cover/internal/api/api.gen.go:425.2,425.52 1 1
air-cover/internal/api/api.gen.go:425.52,427.3 1 0
air-cover/internal/api/api.gen.go:429.2,429.25 1 1
air-cover/internal/api/api.gen.go:433.86,435.88 1 1
air-cover/internal/api/api.gen.go:435.88,437.3 1 1
air-cover/internal/api/api.gen.go:439.2,439.52 1 1
air-cover/internal/api/api.gen.go:439.52,441.3 1 1
air-cover/internal/api/api.gen.go:443.2,443.25 1 1
air-cover/internal/api/api.gen.go:447.92,449.88 1 1
air-cover/internal/api/api.gen.go:449.88,451.3 1 1
air-cover/internal/api/api.gen.go:453.2,453.52 1 1
air-cover/internal/api/api.gen.go:453.52,455.3 1 1
air-cover/internal/api/api.gen.go:457.2,457.25 1 1
air-cover/internal/api/api.gen.go:461.96,469.16 4 1
air-cover/internal/api/api.gen.go:469.16,472.3 2 0
air-cover/internal/api/api.gen.go:47.49,48.11 1 0
air-cover/internal/api/api.gen.go:474.2,474.88 1 1
air-cover/internal/api/api.gen.go:474.88,476.3 1 1
air-cover/internal/api/api.gen.go:478.2,478.52 1 1
air-cover/internal/api/api.gen.go:478.52,480.3 1 1
air-cover/internal/api/api.gen.go:482.2,482.25 1 1
air-cover/internal/api/api.gen.go:486.95,494.16 4 1
air-cover/internal/api/api.gen.go:49.38,50.14 1 0
air-cover/internal/api/api.gen.go:494.16,497.3 2 0
air-cover/internal/api/api.gen.go:499.2,499.88 1 1
air-cover/internal/api/api.gen.go:499.88,501.3 1 1
air-cover/internal/api/api.gen.go:503.2,503.52 1 1
air-cover/internal/api/api.gen.go:503.52,505.3 1 1
air-cover/internal/api/api.gen.go:507.2,507.25 1 1
air-cover/internal/api/api.gen.go:51.39,52.14 1 0
air-cover/internal/api/api.gen.go:511.86,513.88 1 1
air-cover/internal/api/api.gen.go:513.88,515.3 1 1
air-cover/internal/api/api.gen.go:517.2,517.52 1 1
air-cover/internal/api/api.gen.go:517.52,519.3 1 0
air-cover/internal/api/api.gen.go:521.2,521.25 1 1
air-cover/internal/api/api.gen.go:525.101,527.88 1 0
air-cover/internal/api/api.gen.go:527.88,529.3 1 0
air-cover/internal/api/api.gen.go:53.10,54.15 1 0
air-cover/internal/api/api.gen.go:531.2,531.52 1 0
air-cover/internal/api/api.gen.go:531.52,533.3 1 0
air-cover/internal/api/api.gen.go:535.2,535.25 1 0
air-cover/internal/api/api.gen.go:539.88,547.16 4 1
air-cover/internal/api/api.gen.go:547.16,550.3 2 0
air-cover/internal/api/api.gen.go:552.2,552.88 1 1
air-cover/internal/api/api.gen.go:552.88,554.3 1 1
air-cover/internal/api/api.gen.go:556.2,556.52 1 1
air-cover/internal/api/api.gen.go:556.52,558.3 1 1
air-cover/internal/api/api.gen.go:560.2,560.25 1 1
air-cover/internal/api/api.gen.go:568.52,570.2 1 1
air-cover/internal/api/api.gen.go:572.52,574.2 1 1
air-cover/internal/api/api.gen.go:581.49,583.2 1 1
air-cover/internal/api/api.gen.go:585.49,587.2 1 1
air-cover/internal/api/api.gen.go:593.45,595.2 1 1
air-cover/internal/api/api.gen.go:602.46,604.2 1 1
air-cover/internal/api/api.gen.go:606.46,608.2 1 1
air-cover/internal/api/api.gen.go:615.50,617.2 1 1
air-cover/internal/api/api.gen.go:619.50,621.2 1 1
air-cover/internal/api/api.gen.go:628.53,630.2 1 1
air-cover/internal/api/api.gen.go:633.47,635.2 1 1
air-cover/internal/api/api.gen.go:645.68,649.2 1 1
air-cover/internal/api/api.gen.go:65.47,66.11 1 0
air-cover/internal/api/api.gen.go:651.95,656.2 1 1
air-cover/internal/api/api.gen.go:659.84,662.14 2 1
air-cover/internal/api/api.gen.go:662.14,664.3 1 1
air-cover/internal/api/api.gen.go:665.2,665.37 1 1
air-cover/internal/api/api.gen.go:665.37,666.86 1 1
air-cover/internal/api/api.gen.go:666.86,668.4 1 1
air-cover/internal/api/api.gen.go:67.36,68.14 1 0
air-cover/internal/api/api.gen.go:670.2,676.29 2 1
air-cover/internal/api/api.gen.go:676.29,678.3 1 1
air-cover/internal/api/api.gen.go:679.2,679.29 1 1
air-cover/internal/api/api.gen.go:679.29,681.3 1 1
air-cover/internal/api/api.gen.go:682.2,682.29 1 1
air-cover/internal/api/api.gen.go:682.29,684.3 1 1
air-cover/internal/api/api.gen.go:685.2,685.29 1 1
air-cover/internal/api/api.gen.go:685.29,687.3 1 1
air-cover/internal/api/api.gen.go:688.2,688.29 1 1
air-cover/internal/api/api.gen.go:688.29,690.3 1 1
air-cover/internal/api/api.gen.go:69.37,70.14 1 0
air-cover/internal/api/api.gen.go:691.2,691.29 1 1
air-cover/internal/api/api.gen.go:691.29,693.3 1 1
air-cover/internal/api/api.gen.go:694.2,694.29 1 1
air-cover/internal/api/api.gen.go:694.29,696.3 1 1
air-cover/internal/api/api.gen.go:697.2,697.29 1 1
air-cover/internal/api/api.gen.go:697.29,699.3 1 1
air-cover/internal/api/api.gen.go:700.2,700.29 1 1
air-cover/internal/api/api.gen.go:700.29,702.3 1 1
air-cover/internal/api/api.gen.go:703.2,703.29 1 1
air-cover/internal/api/api.gen.go:703.29,705.3 1 1
air-cover/internal/api/api.gen.go:706.2,706.29 1 1
air-cover/internal/api/api.gen.go:706.29,708.3 1 1
air-cover/internal/api/api.gen.go:709.2,709.29 1 1
air-cover/internal/api/api.gen.go:709.29,711.3 1 1
air-cover/internal/api/api.gen.go:71.10,72.15 1 0
air-cover/internal/api/api.gen.go:712.2,712.29 1 1
air-cover/internal/api/api.gen.go:712.29,714.3 1 1
air-cover/internal/api/api.gen.go:716.2,716.10 1 1
air-cover/internal/api/api.gen.go:746.35,748.16 2 1
air-cover/internal/api/api.gen.go:748.16,750.3 1 1
air-cover/internal/api/api.gen.go:751.2,752.16 2 1
air-cover/internal/api/api.gen.go:752.16,754.3 1 1
air-cover/internal/api/api.gen.go:755.2,757.16 3 1
air-cover/internal/api/api.gen.go:757.16,759.3 1 0
air-cover/internal/api/api.gen.go:761.2,761.25 1 1
air-cover/internal/api/api.gen.go:767.48,769.32 2 1
air-cover/internal/api/api.gen.go:769.32,771.3 1 1
air-cover/internal/api/api.gen.go:775.73,777.25 2 1
air-cover/internal/api/api.gen.go:777.25,779.3 1 1
air-cover/internal/api/api.gen.go:781.2,781.12 1 1
air-cover/internal/api/api.gen.go:789.52,794.87 4 1
air-cover/internal/api/api.gen.go:794.87,798.10 4 0
air-cover/internal/api/api.gen.go:798.10,801.4 2 0
air-cover/internal/api/api.gen.go:802.3,802.19 1 0
air-cover/internal/api/api.gen.go:804.2,806.16 3 1
air-cover/internal/api/api.gen.go:806.16,808.3 1 1
air-cover/internal/api/api.gen.go:809.2,810.16 2 1
air-cover/internal/api/api.gen.go:810.16,812.3 1 0
air-cover/internal/api/api.gen.go:813.2,813.8 1 1
air-cover/internal/api/api.gen.go:83.56,84.11 1 0
air-cover/internal/api/api.gen.go:85.13,86.14 1 0
air-cover/internal/api/api.gen.go:87.12,88.14 1 0
air-cover/internal/api/api.gen.go:89.10,90.15 1 0
air-cover/internal/api/auth.go:102.2,102.21 1 1
air-cover/internal/api/auth.go:102.21,106.3 3 1
air-cover/internal/api/auth.go:108.2,109.16 2 1
air-cover/internal/api/auth.go:109.16,113.3 3 1
air-cover/internal/api/auth.go:115.2,118.83 3 1
air-cover/internal/api/auth.go:118.83,122.3 3 1
air-cover/internal/api/auth.go:124.2,125.66 2 1
air-cover/internal/api/auth.go:125.66,127.3 1 1
air-cover/internal/api/auth.go:128.2,131.70 3 1
air-cover/internal/api/auth.go:131.70,135.3 3 1
air-cover/internal/api/auth.go:137.2,137.76 1 1
air-cover/internal/api/auth.go:140.97,142.56 2 1
air-cover/internal/api/auth.go:142.56,147.3 4 1
air-cover/internal/api/auth.go:149.2,149.62 1 1
air-cover/internal/api/auth.go:152.93,153.20 1 1
air-cover/internal/api/auth.go:153.20,156.3 2 1
air-cover/internal/api/auth.go:158.2,162.16 4 1
air-cover/internal/api/auth.go:162.16,166.3 3 1
air-cover/internal/api/auth.go:168.2,169.16 2 1
air-cover/internal/api/auth.go:169.16,173.3 3 1
air-cover/internal/api/auth.go:175.2,176.16 2 1
air-cover/internal/api/auth.go:176.16,180.3 3 1
air-cover/internal/api/auth.go:182.2,183.97 2 1
air-cover/internal/api/auth.go:183.97,187.3 3 1
air-cover/internal/api/auth.go:189.2,199.44 2 1
air-cover/internal/api/auth.go:202.76,204.9 2 1
air-cover/internal/api/auth.go:204.9,207.3 2 1
air-cover/internal/api/auth.go:209.2,210.67 2 1
air-cover/internal/api/auth.go:210.67,214.3 3 1
air-cover/internal/api/auth.go:216.2,226.44 2 1
air-cover/internal/api/auth.go:237.70,238.71 1 1
air-cover/internal/api/auth.go:238.71,240.17 2 1
air-cover/internal/api/auth.go:240.17,243.4 2 1
air-cover/internal/api/auth.go:245.3,247.17 3 1
air-cover/internal/api/auth.go:247.17,250.4 2 1
air-cover/internal/api/auth.go:252.3,253.36 2 1
air-cover/internal/api/auth.go:253.36,256.4 2 1
air-cover/internal/api/auth.go:258.3,261.40 4 1
air-cover/internal/api/auth.go:265.68,266.71 1 1
air-cover/internal/api/auth.go:266.71,268.29 2 1
air-cover/internal/api/auth.go:268.29,271.4 2 1
air-cover/internal/api/auth.go:272.3,272.23 1 1
air-cover/internal/api/auth.go:276.105,277.66 1 1
air-cover/internal/api/auth.go:277.66,280.3 2 1
air-cover/internal/api/auth.go:281.2,281.44 1 1
air-cover/internal/api/auth.go:41.76,47.2 1 1
air-cover/internal/api/auth.go:49.49,51.41 2 1
air-cover/internal/api/auth.go:51.41,53.3 1 1
air-cover/internal/api/auth.go:54.2,54.50 1 1
air-cover/internal/api/auth.go:57.37,61.2 3 1
air-cover/internal/api/auth.go:63.75,70.56 4 1
air-cover/internal/api/auth.go:70.56,72.62 2 1
air-cover/internal/api/auth.go:72.62,75.4 2 1
air-cover/internal/api/auth.go:76.3,76.31 1 1
air-cover/internal/api/auth.go:77.8,78.39 1 1
air-cover/internal/api/auth.go:78.39,81.4 2 1
air-cover/internal/api/auth.go:82.3,82.34 1 1
air-cover/internal/api/auth.go:85.2,85.20 1 1
air-cover/internal/api/auth.go:85.20,88.3 2 1
air-cover/internal/api/auth.go:90.2,92.16 3 1
air-cover/internal/api/auth.go:92.16,93.37 1 1
air-cover/internal/api/auth.go:93.37,97.4 3 1
air-cover/internal/api/auth.go:98.3,100.9 3 1
air-cover/internal/api/handler.go:100.3,100.9 1 1
air-cover/internal/api/handler.go:103.2,104.129 2 1
air-cover/internal/api/handler.go:104.129,106.3 1 1
air-cover/internal/api/handler.go:111.67,113.16 2 1
air-cover/internal/api/handler.go:113.16,117.3 3 1
air-cover/internal/api/handler.go:119.2,122.77 3 1
air-cover/internal/api/handler.go:122.77,124.3 1 1
air-cover/internal/api/handler.go:129.68,133.38 2 1
air-cover/internal/api/handler.go:133.38,137.3 3 1
air-cover/internal/api/handler.go:139.2,143.63 2 1
air-cover/internal/api/handler.go:143.63,144.43 1 1
air-cover/internal/api/handler.go:144.43,147.4 2 1
air-cover/internal/api/handler.go:148.3,150.9 3 1
air-cover/internal/api/handler.go:153.2,153.52 1 1
air-cover/internal/api/handler.go:158.72,160.2 1 1
air-cover/internal/api/handler.go:164.73,166.2 1 1
air-cover/internal/api/handler.go:170.100,172.2 1 1
air-cover/internal/api/handler.go:176.74,180.38 2 1
air-cover/internal/api/handler.go:180.38,184.3 3 1
air-cover/internal/api/handler.go:186.2,188.16 3 1
air-cover/internal/api/handler.go:188.16,192.3 3 1
air-cover/internal/api/handler.go:194.2,196.16 3 1
air-cover/internal/api/handler.go:196.16,200.3 3 1
air-cover/internal/api/handler.go:202.2,204.16 3 1
air-cover/internal/api/handler.go:204.16,208.3 3 1
air-cover/internal/api/handler.go:210.2,213.9 3 1
air-cover/internal/api/handler.go:213.9,216.3 2 1
air-cover/internal/api/handler.go:218.2,225.73 2 1
air-cover/internal/api/handler.go:225.73,226.28 1 1
air-cover/internal/api/handler.go:226.28,228.4 1 1
air-cover/internal/api/handler.go:229.3,229.48 1 1
air-cover/internal/api/handler.go:229.48,233.4 3 1
air-cover/internal/api/handler.go:234.3,236.9 3 1
air-cover/internal/api/handler.go:239.2,239.50 1 1
air-cover/internal/api/handler.go:244.86,246.9 2 1
air-cover/internal/api/handler.go:246.9,248.3 1 1
air-cover/internal/api/handler.go:249.2,249.70 1 1
air-cover/internal/api/handler.go:249.70,250.28 1 1
air-cover/internal/api/handler.go:250.28,252.4 1 1
air-cover/internal/api/handler.go:253.3,255.9 3 1
air-cover/internal/api/handler.go:258.2,258.37 1 1
air-cover/internal/api/handler.go:263.85,268.61 2 1
air-cover/internal/api/handler.go:268.61,271.3 2 1
air-cover/internal/api/handler.go:273.2,274.9 2 1
air-cover/internal/api/handler.go:274.9,276.3 1 1
air-cover/internal/api/handler.go:278.110,279.28 1 1
air-cover/internal/api/handler.go:278.2,278.110 1 1
air-cover/internal/api/handler.go:279.28,281.4 1 1
air-cover/internal/api/handler.go:282.3,284.9 3 1
air-cover/internal/api/handler.go:287.2,287.37 1 1
air-cover/internal/api/handler.go:292.78,302.12 6 1
air-cover/internal/api/handler.go:302.12,303.39 1 1
air-cover/internal/api/handler.go:303.39,307.4 3 1
air-cover/internal/api/handler.go:308.3,308.50 1 1
air-cover/internal/api/handler.go:308.50,311.4 2 1
air-cover/internal/api/handler.go:312.3,312.44 1 1
air-cover/internal/api/handler.go:312.44,314.4 1 1
air-cover/internal/api/handler.go:315.8,320.62 2 1
air-cover/internal/api/handler.go:320.62,323.4 2 1
air-cover/internal/api/handler.go:324.3,325.18 2 1
air-cover/internal/api/handler.go:328.2,329.9 2 1
air-cover/internal/api/handler.go:329.9,331.3 1 1
air-cover/internal/api/handler.go:333.2,338.71 2 1
air-cover/internal/api/handler.go:338.71,339.28 1 1
air-cover/internal/api/handler.go:339.28,341.4 1 1
air-cover/internal/api/handler.go:342.3,344.9 3 1
air-cover/internal/api/handler.go:347.12,350.3 2 1
air-cover/internal/api/handler.go:347.2,347.12 1 1
air-cover/internal/api/handler.go:352.2,352.37 1 1
air-cover/internal/api/handler.go:357.68,360.16 3 1
air-cover/internal/api/handler.go:360.16,362.3 1 1
air-cover/internal/api/handler.go:367.83,368.66 1 1
air-cover/internal/api/handler.go:368.66,372.3 3 1
air-cover/internal/api/handler.go:374.2,374.52 1 1
air-cover/internal/api/handler.go:377.55,380.2 2 1
air-cover/internal/api/handler.go:382.93,384.9 2 1
air-cover/internal/api/handler.go:384.9,387.3 2 1
air-cover/internal/api/handler.go:388.2,388.21 1 1
air-cover/internal/api/handler.go:391.67,393.9 2 1
air-cover/internal/api/handler.go:393.9,395.3 1 1
air-cover/internal/api/handler.go:396.2,402.9 3 1
air-cover/internal/api/handler.go:405.59,406.9 1 1
air-cover/internal/api/handler.go:407.45,408.50 1 1
air-cover/internal/api/handler.go:409.45,410.49 1 1
air-cover/internal/api/handler.go:411.46,412.51 1 1
air-cover/internal/api/handler.go:413.44,414.58 1 1
air-cover/internal/api/handler.go:415.10,416.15 1 1
air-cover/internal/api/handler.go:418.2,418.13 1 1
air-cover/internal/api/handler.go:50.96,58.2 1 1
air-cover/internal/api/handler.go:62.62,63.77 1 1
air-cover/internal/api/handler.go:63.77,64.80 1 1
air-cover/internal/api/handler.go:64.80,67.4 2 1
air-cover/internal/api/handler.go:70.3,77.5 1 1
air-cover/internal/api/handler.go:80.108,82.3 1 1
air-cover/internal/api/handler.go:80.2,80.108 1 1
air-cover/internal/api/handler.go:87.65,90.16 3 1
air-cover/internal/api/handler.go:90.16,92.28 2 1
air-cover/internal/api/handler.go:92.28,94.4 1 1
air-cover/internal/api/handler.go:95.3,95.48 1 1
air-cover/internal/api/handler.go:95.48,97.4 1 1
air-cover/internal/api/handler.go:97.9,99.4 1 1
air-cover/internal/api/wrapper.go:12.77,14.4 1 1
air-cover/internal/api/wrapper.go:9.61,12.77 1 1
air-cover/internal/app/admin/service.go:102.2,102.22 1 1
air-cover/internal/app/admin/service.go:102.22,104.3 1 1
air-cover/internal/app/admin/service.go:105.2,105.40 1 1
air-cover/internal/app/admin/service.go:108.38,109.40 1 1
air-cover/internal/app/admin/service.go:109.40,110.47 1 1
air-cover/internal/app/admin/service.go:110.47,112.4 1 1
air-cover/internal/app/admin/service.go:113.26,115.4 1 1
air-cover/internal/app/admin/service.go:113.3,113.26 1 1
air-cover/internal/app/admin/service.go:116.3,116.37 1 1
air-cover/internal/app/admin/service.go:116.37,118.4 1 1
air-cover/internal/app/admin/service.go:119.3,119.75 1 1
air-cover/internal/app/admin/service.go:123.34,125.2 1 1
air-cover/internal/app/admin/service.go:34.60,36.2 1 1
air-cover/internal/app/admin/service.go:49.74,51.16 2 1
air-cover/internal/app/admin/service.go:51.16,53.3 1 1
air-cover/internal/app/admin/service.go:54.2,55.19 2 1
air-cover/internal/app/admin/service.go:58.80,60.16 2 1
air-cover/internal/app/admin/service.go:60.16,62.3 1 1
air-cover/internal/app/admin/service.go:63.2,63.43 1 1
air-cover/internal/app/admin/service.go:63.43,65.3 1 1
air-cover/internal/app/admin/service.go:66.2,67.12 2 1
air-cover/internal/app/admin/service.go:70.108,71.50 1 1
air-cover/internal/app/admin/service.go:71.50,73.3 1 1
air-cover/internal/app/admin/service.go:74.2,74.96 1 1
air-cover/internal/app/admin/service.go:74.96,76.3 1 1
air-cover/internal/app/admin/service.go:77.2,77.86 1 1
air-cover/internal/app/admin/service.go:77.86,78.37 1 1
air-cover/internal/app/admin/service.go:78.37,80.4 1 1
air-cover/internal/app/admin/service.go:81.3,81.13 1 1
air-cover/internal/app/admin/service.go:83.2,83.12 1 1
air-cover/internal/app/admin/service.go:86.67,87.22 1 1
air-cover/internal/app/admin/service.go:87.22,89.3 1 1
air-cover/internal/app/admin/service.go:90.2,91.16 2 1
air-cover/internal/app/admin/service.go:91.16,94.3 2 1
air-cover/internal/app/admin/service.go:96.2,97.29 2 1
air-cover/internal/app/admin/service.go:97.29,98.39 1 1
air-cover/internal/app/admin/service.go:98.39,100.4 1 1
air-cover/internal/app/session/session.go:9.37,11.2 1 1
air-cover/internal/app/subrequests/service.go:102.2,107.33 5 1
air-cover/internal/app/subrequests/service.go:107.33,116.18 2 1
air-cover/internal/app/subrequests/service.go:116.18,118.4 1 1
air-cover/internal/app/subrequests/service.go:118.9,120.4 1 1
air-cover/internal/app/subrequests/service.go:123.2,123.53 1 1
air-cover/internal/app/subrequests/service.go:123.53,125.3 1 1
air-cover/internal/app/subrequests/service.go:127.2,131.8 1 1
air-cover/internal/app/subrequests/service.go:134.100,135.58 1 1
air-cover/internal/app/subrequests/service.go:135.58,137.3 1 1
air-cover/internal/app/subrequests/service.go:139.2,148.17 2 1
air-cover/internal/app/subrequests/service.go:148.17,150.3 1 1
air-cover/internal/app/subrequests/service.go:151.2,151.12 1 1
air-cover/internal/app/subrequests/service.go:154.85,156.9 2 1
air-cover/internal/app/subrequests/service.go:157.25,158.30 1 1
air-cover/internal/app/subrequests/service.go:159.35,160.30 1 1
air-cover/internal/app/subrequests/service.go:161.45,162.30 1 1
air-cover/internal/app/subrequests/service.go:163.47,164.30 1 1
air-cover/internal/app/subrequests/service.go:167.2,167.22 1 1
air-cover/internal/app/subrequests/service.go:167.22,169.3 1 1
air-cover/internal/app/subrequests/service.go:170.2,171.16 2 1
air-cover/internal/app/subrequests/service.go:171.16,173.3 1 1
air-cover/internal/app/subrequests/service.go:174.2,174.38 1 1
air-cover/internal/app/subrequests/service.go:174.38,176.3 1 1
air-cover/internal/app/subrequests/service.go:177.2,177.12 1 1
air-cover/internal/app/subrequests/service.go:180.89,182.16 2 1
air-cover/internal/app/subrequests/service.go:182.16,184.3 1 1
air-cover/internal/app/subrequests/service.go:185.2,185.45 1 1
air-cover/internal/app/subrequests/service.go:185.45,187.3 1 1
air-cover/internal/app/subrequests/service.go:188.2,188.57 1 1
air-cover/internal/app/subrequests/service.go:188.57,190.3 1 1
air-cover/internal/app/subrequests/service.go:191.2,191.12 1 1
air-cover/internal/app/subrequests/service.go:194.109,195.21 1 1
air-cover/internal/app/subrequests/service.go:195.21,197.3 1 1
air-cover/internal/app/subrequests/service.go:199.2,200.16 2 1
air-cover/internal/app/subrequests/service.go:200.16,202.3 1 1
air-cover/internal/app/subrequests/service.go:204.2,204.16 1 1
air-cover/internal/app/subrequests/service.go:205.18,206.67 1 1
air-cover/internal/app/subrequests/service.go:206.67,208.4 1 1
air-cover/internal/app/subrequests/service.go:209.20,210.46 1 1
air-cover/internal/app/subrequests/service.go:210.46,212.4 1 1
air-cover/internal/app/subrequests/service.go:213.3,213.58 1 1
air-cover/internal/app/subrequests/service.go:213.58,215.4 1 1
air-cover/internal/app/subrequests/service.go:217.2,217.12 1 1
air-cover/internal/app/subrequests/service.go:220.42,221.36 1 1
air-cover/internal/app/subrequests/service.go:221.36,223.3 1 1
air-cover/internal/app/subrequests/service.go:224.2,224.36 1 1
air-cover/internal/app/subrequests/service.go:224.36,226.3 1 1
air-cover/internal/app/subrequests/service.go:227.2,227.12 1 1
air-cover/internal/app/subrequests/service.go:230.60,232.29 2 1
air-cover/internal/app/subrequests/service.go:232.29,234.17 2 1
air-cover/internal/app/subrequests/service.go:234.17,235.12 1 1
air-cover/internal/app/subrequests/service.go:237.3,237.27 1 1
air-cover/internal/app/subrequests/service.go:239.2,239.16 1 1
air-cover/internal/app/subrequests/service.go:242.59,243.43 1 1
air-cover/internal/app/subrequests/service.go:243.43,245.3 1 1
air-cover/internal/app/subrequests/service.go:246.2,246.23 1 1
air-cover/internal/app/subrequests/service.go:249.58,250.29 1 1
air-cover/internal/app/subrequests/service.go:250.29,252.17 2 1
air-cover/internal/app/subrequests/service.go:252.17,253.12 1 1
air-cover/internal/app/subrequests/service.go:255.19,257.4 1 1
air-cover/internal/app/subrequests/service.go:255.3,255.19 1 1
air-cover/internal/app/subrequests/service.go:259.2,259.14 1 1
air-cover/internal/app/subrequests/service.go:262.35,263.22 1 1
air-cover/internal/app/subrequests/service.go:263.22,265.3 1 1
air-cover/internal/app/subrequests/service.go:266.2,266.19 1 1
air-cover/internal/app/subrequests/service.go:43.60,49.2 1 1
air-cover/internal/app/subrequests/service.go:80.30,82.2 1 1
air-cover/internal/app/subrequests/service.go:84.101,85.22 1 1
air-cover/internal/app/subrequests/service.go:85.22,87.3 1 1
air-cover/internal/app/subrequests/service.go:88.2,89.16 2 1
air-cover/internal/app/subrequests/service.go:89.16,91.3 1 1
air-cover/internal/app/subrequests/service.go:93.2,93.40 1 1
air-cover/internal/app/subrequests/service.go:93.40,95.3 1 1
air-cover/internal/app/subrequests/service.go:97.2,98.16 2 1
air-cover/internal/app/subrequests/service.go:98.16,100.3 1 1
air-cover/internal/cmd/doc.go:17.47,25.3 4 1
air-cover/internal/cmd/doc.go:28.13,30.2 1 1
air-cover/internal/cmd/migrate.go:25.47,27.3 1 1
air-cover/internal/cmd/migrate.go:33.47,35.3 1 1
air-cover/internal/cmd/migrate.go:41.47,43.3 1 1
air-cover/internal/cmd/migrate.go:49.47,51.3 1 1
air-cover/internal/cmd/migrate.go:54.52,56.16 2 1
air-cover/internal/cmd/migrate.go:56.16,59.3 2 1
air-cover/internal/cmd/migrate.go:61.2,64.16 3 1
air-cover/internal/cmd/migrate.go:64.16,67.3 2 1
air-cover/internal/cmd/migrate.go:68.2,70.58 2 1
air-cover/internal/cmd/migrate.go:70.58,73.3 2 1
air-cover/internal/cmd/migrate.go:75.2,75.65 1 1
air-cover/internal/cmd/migrate.go:78.13,84.2 5 1
air-cover/internal/cmd/root.go:22.16,23.42 1 1
air-cover/internal/cmd/root.go:23.42,26.3 2 1
air-cover/internal/cmd/root.go:29.13,33.2 2 1
air-cover/internal/cmd/root.go:35.19,36.19 1 1
air-cover/internal/cmd/root.go:36.19,38.3 1 1
air-cover/internal/cmd/root.go:38.8,45.3 5 1
air-cover/internal/cmd/root.go:47.2,49.45 2 1
air-cover/internal/cmd/root.go:49.45,51.3 1 1
air-cover/internal/cmd/server.go:101.67,103.4 1 1
air-cover/internal/cmd/server.go:104.70,104.109 1 1
air-cover/internal/cmd/server.go:108.86,110.4 1 1
air-cover/internal/cmd/server.go:111.124,113.4 1 1
air-cover/internal/cmd/server.go:114.54,116.4 1 1
air-cover/internal/cmd/server.go:117.46,119.4 1 1
air-cover/internal/cmd/server.go:120.85,122.4 1 1
air-cover/internal/cmd/server.go:123.72,125.4 1 1
air-cover/internal/cmd/server.go:130.80,132.16 2 1
air-cover/internal/cmd/server.go:132.16,135.3 2 1
air-cover/internal/cmd/server.go:139.2,153.29 9 1
air-cover/internal/cmd/server.go:153.29,157.3 3 1
air-cover/internal/cmd/server.go:160.2,160.29 1 1
air-cover/internal/cmd/server.go:160.29,167.3 6 1
air-cover/internal/cmd/server.go:170.2,170.29 1 1
air-cover/internal/cmd/server.go:170.29,177.3 6 1
air-cover/internal/cmd/server.go:179.2,179.10 1 1
air-cover/internal/cmd/server.go:186.47,187.61 1 1
air-cover/internal/cmd/server.go:187.61,190.4 2 1
air-cover/internal/cmd/server.go:194.59,196.16 2 1
air-cover/internal/cmd/server.go:196.16,198.3 1 1
air-cover/internal/cmd/server.go:200.2,203.16 3 1
air-cover/internal/cmd/server.go:203.16,205.3 1 1
air-cover/internal/cmd/server.go:206.2,208.27 2 1
air-cover/internal/cmd/server.go:208.27,211.37 3 1
air-cover/internal/cmd/server.go:211.37,214.18 3 1
air-cover/internal/cmd/server.go:214.18,216.5 1 1
air-cover/internal/cmd/server.go:217.24,219.4 1 1
air-cover/internal/cmd/server.go:217.9,217.24 1 1
air-cover/internal/cmd/server.go:222.2,226.91 5 1
air-cover/internal/cmd/server.go:226.91,227.13 1 1
air-cover/internal/cmd/server.go:227.13,230.51 3 1
air-cover/internal/cmd/server.go:230.51,232.5 1 1
air-cover/internal/cmd/server.go:235.2,250.64 6 1
air-cover/internal/cmd/server.go:250.64,252.3 1 1
air-cover/internal/cmd/server.go:253.2,253.12 1 1
air-cover/internal/cmd/server.go:256.76,261.12 4 1
air-cover/internal/cmd/server.go:261.12,263.3 1 1
air-cover/internal/cmd/server.go:265.2,265.9 1 1
air-cover/internal/cmd/server.go:266.26,267.58 1 1
air-cover/internal/cmd/server.go:267.58,269.4 1 1
air-cover/internal/cmd/server.go:270.3,270.13 1 1
air-cover/internal/cmd/server.go:271.20,272.9 1 1
air-cover/internal/cmd/server.go:275.2,278.65 3 1
air-cover/internal/cmd/server.go:278.65,280.3 1 1
air-cover/internal/cmd/server.go:282.2,282.9 1 1
air-cover/internal/cmd/server.go:283.26,284.58 1 1
air-cover/internal/cmd/server.go:284.58,286.4 1 1
air-cover/internal/cmd/server.go:287.3,287.13 1 1
air-cover/internal/cmd/server.go:288.28,289.27 1 1
air-cover/internal/cmd/server.go:293.13,300.2 4 1
air-cover/internal/cmd/server.go:35.51,37.3 1 1
air-cover/internal/cmd/server.go:96.37,101.67 1 1
air-cover/internal/config/config.go:29.48,31.40 1 1
air-cover/internal/config/config.go:31.40,34.3 1 1
air-cover/internal/config/config.go:36.2,45.21 9 1
air-cover/internal/config/config.go:45.21,46.52 1 1
air-cover/internal/config/config.go:46.52,48.4 1 1
air-cover/internal/config/config.go:52.19,54.3 1 1
air-cover/internal/config/config.go:52.2,52.19 1 1
air-cover/internal/config/config.go:56.19,58.3 1 1
air-cover/internal/config/config.go:56.2,56.19 1 1
air-cover/internal/config/config.go:60.16,62.54 1 1
air-cover/internal/config/config.go:60.2,60.16 1 1
air-cover/internal/config/config.go:62.54,64.4 1 1
air-cover/internal/config/config.go:67.3,67.34 1 1
air-cover/internal/config/config.go:67.34,69.4 1 1
air-cover/internal/config/config.go:70.3,70.36 1 1
air-cover/internal/config/config.go:70.36,72.4 1 1
air-cover/internal/config/config.go:75.2,76.45 2 1
air-cover/internal/config/config.go:76.45,78.3 1 1
air-cover/internal/config/config.go:80.2,80.17 1 1
air-cover/internal/db/db.go:22.42,24.16 2 1
air-cover/internal/db/db.go:24.16,26.3 1 1
air-cover/internal/db/db.go:28.2,28.34 1 1
air-cover/internal/db/db.go:28.34,30.3 1 1
air-cover/internal/db/db.go:32.2,32.49 1 1
air-cover/internal/db/db.go:32.49,34.3 1 1
air-cover/internal/db/db.go:36.2,36.16 1 1
air-cover/internal/db/db.go:39.53,41.51 2 1
air-cover/internal/db/db.go:41.51,43.3 1 1
air-cover/internal/db/db.go:45.2,46.17 2 1
air-cover/internal/db/db.go:47.12,48.35 1 1
air-cover/internal/db/db.go:49.14,50.37 1 1
air-cover/internal/db/db.go:51.15,52.38 1 1
air-cover/internal/db/db.go:53.16,54.39 1 1
air-cover/internal/db/db.go:55.10,56.62 1 1
air-cover/internal/db/db.go:59.16,61.3 1 1
air-cover/internal/db/db.go:59.2,59.16 1 1
air-cover/internal/db/db.go:63.2,63.12 1 1
air-cover/internal/db/repository.go:101.16,102.36 1 1
air-cover/internal/db/repository.go:102.36,104.4 1 1
air-cover/internal/db/repository.go:105.3,105.18 1 1
air-cover/internal/db/repository.go:107.2,107.36 1 1
air-cover/internal/db/repository.go:107.36,109.3 1 1
air-cover/internal/db/repository.go:110.2,110.16 1 1
air-cover/internal/db/repository.go:113.84,116.2 2 1
air-cover/internal/db/repository.go:118.89,123.16 2 1
air-cover/internal/db/repository.go:123.16,125.3 1 1
air-cover/internal/db/repository.go:126.2,127.16 2 1
air-cover/internal/db/repository.go:127.16,129.3 1 1
air-cover/internal/db/repository.go:130.2,131.12 2 1
air-cover/internal/db/repository.go:133.89,141.16 2 1
air-cover/internal/db/repository.go:141.16,143.3 1 1
air-cover/internal/db/repository.go:144.2,147.18 3 1
air-cover/internal/db/repository.go:147.18,153.17 3 1
air-cover/internal/db/repository.go:153.17,155.4 1 1
air-cover/internal/db/repository.go:156.3,156.41 1 1
air-cover/internal/db/repository.go:158.2,158.34 1 1
air-cover/internal/db/repository.go:158.34,160.3 1 1
air-cover/internal/db/repository.go:161.2,161.25 1 1
air-cover/internal/db/repository.go:164.97,173.16 3 1
air-cover/internal/db/repository.go:173.16,174.36 1 1
air-cover/internal/db/repository.go:174.36,176.4 1 1
air-cover/internal/db/repository.go:177.3,177.18 1 1
air-cover/internal/db/repository.go:179.2,179.17 1 1
air-cover/internal/db/repository.go:182.74,184.16 2 1
air-cover/internal/db/repository.go:184.16,186.3 1 1
air-cover/internal/db/repository.go:187.2,188.16 2 1
air-cover/internal/db/repository.go:188.16,190.3 1 1
air-cover/internal/db/repository.go:191.15,193.3 1 1
air-cover/internal/db/repository.go:191.2,191.15 1 1
air-cover/internal/db/repository.go:194.2,194.12 1 1
air-cover/internal/db/repository.go:197.84,201.16 2 1
air-cover/internal/db/repository.go:201.16,203.3 1 1
air-cover/internal/db/repository.go:204.2,205.16 2 1
air-cover/internal/db/repository.go:205.16,207.3 1 1
air-cover/internal/db/repository.go:208.15,209.57 1 1
air-cover/internal/db/repository.go:208.2,208.15 1 1
air-cover/internal/db/repository.go:209.57,211.4 1 1
air-cover/internal/db/repository.go:21.44,23.2 1 1
air-cover/internal/db/repository.go:212.3,212.21 1 1
air-cover/internal/db/repository.go:214.2,214.12 1 1
air-cover/internal/db/repository.go:217.74,221.16 2 1
air-cover/internal/db/repository.go:221.16,223.3 1 1
air-cover/internal/db/repository.go:224.2,225.16 2 1
air-cover/internal/db/repository.go:225.16,227.3 1 1
air-cover/internal/db/repository.go:228.15,230.3 1 1
air-cover/internal/db/repository.go:228.2,228.15 1 1
air-cover/internal/db/repository.go:231.2,231.12 1 1
air-cover/internal/db/repository.go:234.77,236.16 2 1
air-cover/internal/db/repository.go:236.16,238.3 1 1
air-cover/internal/db/repository.go:239.2,242.18 3 1
air-cover/internal/db/repository.go:242.18,244.104 2 1
air-cover/internal/db/repository.go:244.104,246.4 1 1
air-cover/internal/db/repository.go:247.3,247.31 1 1
air-cover/internal/db/repository.go:249.2,249.34 1 1
air-cover/internal/db/repository.go:249.34,251.3 1 1
air-cover/internal/db/repository.go:25.35,27.2 1 1
air-cover/internal/db/repository.go:252.2,252.19 1 1
air-cover/internal/db/repository.go:255.99,258.17 3 1
air-cover/internal/db/repository.go:258.17,261.3 2 1
air-cover/internal/db/repository.go:262.2,262.22 1 1
air-cover/internal/db/repository.go:262.22,265.3 2 1
air-cover/internal/db/repository.go:267.2,267.20 1 1
air-cover/internal/db/repository.go:267.20,269.3 1 1
air-cover/internal/db/repository.go:272.2,277.16 5 1
air-cover/internal/db/repository.go:277.16,279.3 1 1
air-cover/internal/db/repository.go:280.2,281.16 2 1
air-cover/internal/db/repository.go:281.16,283.3 1 1
air-cover/internal/db/repository.go:284.15,286.3 1 1
air-cover/internal/db/repository.go:284.2,284.15 1 1
air-cover/internal/db/repository.go:287.2,287.12 1 1
air-cover/internal/db/repository.go:29.94,33.16 3 1
air-cover/internal/db/repository.go:290.78,291.22 1 1
air-cover/internal/db/repository.go:291.22,293.3 1 1
air-cover/internal/db/repository.go:295.2,296.16 2 1
air-cover/internal/db/repository.go:296.16,298.3 1 1
air-cover/internal/db/repository.go:299.15,301.3 1 1
air-cover/internal/db/repository.go:299.2,299.15 1 1
air-cover/internal/db/repository.go:303.2,304.16 2 1
air-cover/internal/db/repository.go:304.16,306.3 1 1
air-cover/internal/db/repository.go:307.2,309.31 2 1
air-cover/internal/db/repository.go:309.31,311.17 2 1
air-cover/internal/db/repository.go:311.17,313.4 1 1
air-cover/internal/db/repository.go:316.2,316.20 1 1
air-cover/internal/db/repository.go:33.16,34.36 1 1
air-cover/internal/db/repository.go:34.36,36.4 1 1
air-cover/internal/db/repository.go:37.3,37.18 1 1
air-cover/internal/db/repository.go:39.2,39.19 1 1
air-cover/internal/db/repository.go:42.85,46.16 3 1
air-cover/internal/db/repository.go:46.16,47.36 1 1
air-cover/internal/db/repository.go:47.36,49.4 1 1
air-cover/internal/db/repository.go:50.3,50.18 1 1
air-cover/internal/db/repository.go:52.2,52.19 1 1
air-cover/internal/db/repository.go:55.103,57.16 2 1
air-cover/internal/db/repository.go:57.16,59.3 1 1
air-cover/internal/db/repository.go:60.2,61.16 2 1
air-cover/internal/db/repository.go:61.16,63.3 1 1
air-cover/internal/db/repository.go:64.2,64.36 1 1
air-cover/internal/db/repository.go:67.116,71.2 2 1
air-cover/internal/db/repository.go:73.101,81.16 3 1
air-cover/internal/db/repository.go:81.16,82.36 1 1
air-cover/internal/db/repository.go:82.36,84.4 1 1
air-cover/internal/db/repository.go:85.3,85.18 1 1
air-cover/internal/db/repository.go:88.2,88.17 1 1
air-cover/internal/db/repository.go:91.128,95.2 2 1
air-cover/internal/db/repository.go:97.107,101.16 3 1
air-cover/internal/email/sender.go:101.2,101.25 1 1
air-cover/internal/email/sender.go:19.72,22.2 2 1
air-cover/internal/email/sender.go:32.83,34.3 1 1
air-cover/internal/email/sender.go:37.73,38.20 1 1
air-cover/internal/email/sender.go:38.20,41.3 2 1
air-cover/internal/email/sender.go:44.2,66.16 3 1
air-cover/internal/email/sender.go:66.16,68.3 1 1
air-cover/internal/email/sender.go:70.2,71.16 2 1
air-cover/internal/email/sender.go:71.16,73.3 1 1
air-cover/internal/email/sender.go:74.2,78.16 4 1
air-cover/internal/email/sender.go:78.16,80.3 1 1
air-cover/internal/email/sender.go:81.2,83.28 2 1
air-cover/internal/email/sender.go:83.28,85.3 1 1
air-cover/internal/email/sender.go:87.2,88.12 2 1
air-cover/internal/email/sender.go:91.54,92.41 1 1
air-cover/internal/email/sender.go:92.41,100.3 1 1
air-cover/internal/logger/logger.go:16.64,18.2 1 1
air-cover/internal/logger/logger.go:21.49,24.16 3 1
air-cover/internal/logger/logger.go:24.16,32.3 6 1
air-cover/internal/logger/logger.go:32.8,34.3 1 1
air-cover/internal/logger/logger.go:37.2,38.16 2 1
air-cover/internal/logger/logger.go:38.16,41.3 1 1
air-cover/internal/logger/logger.go:44.2,46.26 2 1
air-cover/internal/models/models.go:30.41,31.28 1 1
air-cover/internal/models/models.go:31.28,33.3 1 1
air-cover/internal/models/models.go:34.2,34.17 1 1
air-cover/internal/policy/policy.go:12.80,14.2 1 1
air-cover/internal/policy/policy.go:16.82,18.2 1 1
air-cover/internal/policy/policy.go:20.75,22.2 1 1
air-cover/internal/policy/policy.go:8.82,10.2 1 1
air-cover/internal/presenter/presenter.go:13.102,15.2 1 1
air-cover/internal/presenter/presenter.go:17.72,19.26 2 1
air-cover/internal/presenter/presenter.go:19.26,28.3 1 1
air-cover/internal/presenter/presenter.go:29.2,29.14 1 1
air-cover/internal/presenter/presenter.go:32.74,34.29 2 1
air-cover/internal/presenter/presenter.go:34.29,51.3 2 1
air-cover/internal/presenter/presenter.go:52.2,52.14 1 1
air-cover/internal/presenter/presenter.go:55.52,56.26 1 1
air-cover/internal/presenter/presenter.go:56.26,58.3 1 1
air-cover/internal/presenter/presenter.go:59.2,64.31 6 1
air-cover/internal/spinitron/catalog.go:101.48,105.20 3 1
air-cover/internal/spinitron/catalog.go:105.20,107.3 1 1
air-cover/internal/spinitron/catalog.go:109.2,110.61 2 1
air-cover/internal/spinitron/catalog.go:110.61,113.3 2 1
air-cover/internal/spinitron/catalog.go:114.2,114.20 1 1
air-cover/internal/spinitron/catalog.go:117.54,121.23 3 1
air-cover/internal/spinitron/catalog.go:121.23,123.3 1 1
air-cover/internal/spinitron/catalog.go:125.2,126.67 2 1
air-cover/internal/spinitron/catalog.go:126.67,129.3 2 1
air-cover/internal/spinitron/catalog.go:130.2,130.23 1 1
air-cover/internal/spinitron/catalog.go:133.34,137.15 4 1
air-cover/internal/spinitron/catalog.go:137.15,137.44 1 1
air-cover/internal/spinitron/catalog.go:138.16,142.3 3 1
air-cover/internal/spinitron/catalog.go:138.2,138.16 1 1
air-cover/internal/spinitron/catalog.go:145.37,149.15 4 1
air-cover/internal/spinitron/catalog.go:149.15,149.47 1 1
air-cover/internal/spinitron/catalog.go:150.16,154.3 3 1
air-cover/internal/spinitron/catalog.go:150.2,150.16 1 1
air-cover/internal/spinitron/catalog.go:157.44,163.2 5 1
air-cover/internal/spinitron/catalog.go:165.53,171.2 5 1
air-cover/internal/spinitron/catalog.go:173.94,177.49 3 1
air-cover/internal/spinitron/catalog.go:177.49,178.33 1 1
air-cover/internal/spinitron/catalog.go:178.33,180.4 1 1
air-cover/internal/spinitron/catalog.go:182.3,183.17 2 1
air-cover/internal/spinitron/catalog.go:183.17,185.4 1 1
air-cover/internal/spinitron/catalog.go:186.3,188.32 2 1
air-cover/internal/spinitron/catalog.go:188.32,189.9 1 1
air-cover/internal/spinitron/catalog.go:191.3,191.29 1 1
air-cover/internal/spinitron/catalog.go:193.2,193.19 1 1
air-cover/internal/spinitron/catalog.go:196.100,200.49 3 1
air-cover/internal/spinitron/catalog.go:200.49,201.33 1 1
air-cover/internal/spinitron/catalog.go:201.33,203.4 1 1
air-cover/internal/spinitron/catalog.go:205.3,206.17 2 1
air-cover/internal/spinitron/catalog.go:206.17,208.4 1 1
air-cover/internal/spinitron/catalog.go:209.3,211.35 2 1
air-cover/internal/spinitron/catalog.go:211.35,212.9 1 1
air-cover/internal/spinitron/catalog.go:214.3,214.32 1 1
air-cover/internal/spinitron/catalog.go:216.2,216.22 1 1
air-cover/internal/spinitron/catalog.go:219.97,220.27 1 1
air-cover/internal/spinitron/catalog.go:220.27,221.22 1 1
air-cover/internal/spinitron/catalog.go:221.23,221.24 0 1
air-cover/internal/spinitron/catalog.go:223.2,223.51 1 1
air-cover/internal/spinitron/catalog.go:226.35,227.22 1 1
air-cover/internal/spinitron/catalog.go:227.22,229.3 1 1
air-cover/internal/spinitron/catalog.go:230.2,230.19 1 1
air-cover/internal/spinitron/catalog.go:233.38,234.18 1 1
air-cover/internal/spinitron/catalog.go:234.18,236.3 1 1
air-cover/internal/spinitron/catalog.go:237.2,239.15 3 1
air-cover/internal/spinitron/catalog.go:242.50,243.21 1 1
air-cover/internal/spinitron/catalog.go:243.21,245.3 1 1
air-cover/internal/spinitron/catalog.go:246.2,248.15 3 1
air-cover/internal/spinitron/catalog.go:41.45,48.2 1 1
air-cover/internal/spinitron/catalog.go:50.55,51.44 1 1
air-cover/internal/spinitron/catalog.go:51.44,53.3 1 1
air-cover/internal/spinitron/catalog.go:54.2,54.47 1 1
air-cover/internal/spinitron/catalog.go:54.47,56.3 1 1
air-cover/internal/spinitron/catalog.go:57.2,57.12 1 1
air-cover/internal/spinitron/catalog.go:60.66,61.37 1 1
air-cover/internal/spinitron/catalog.go:61.37,63.3 1 1
air-cover/internal/spinitron/catalog.go:65.2,65.38 1 1
air-cover/internal/spinitron/catalog.go:65.38,67.3 1 1
air-cover/internal/spinitron/catalog.go:69.2,70.16 2 1
air-cover/internal/spinitron/catalog.go:70.16,72.3 1 1
air-cover/internal/spinitron/catalog.go:73.2,74.31 2 1
air-cover/internal/spinitron/catalog.go:77.72,78.37 1 1
air-cover/internal/spinitron/catalog.go:78.37,80.3 1 1
air-cover/internal/spinitron/catalog.go:82.2,82.44 1 1
air-cover/internal/spinitron/catalog.go:82.44,84.3 1 1
air-cover/internal/spinitron/catalog.go:86.2,87.16 2 1
air-cover/internal/spinitron/catalog.go:87.16,89.3 1 1
air-cover/internal/spinitron/catalog.go:90.2,91.37 2 1
air-cover/internal/spinitron/catalog.go:94.36,95.33 1 1
air-cover/internal/spinitron/catalog.go:95.33,97.3 1 1
air-cover/internal/spinitron/catalog.go:98.2,98.12 1 1
air-cover/internal/spinitron/client.go:103.2,103.41 1 1
air-cover/internal/spinitron/client.go:106.104,109.16 3 1
air-cover/internal/spinitron/client.go:109.16,111.3 1 1
air-cover/internal/spinitron/client.go:112.2,115.16 3 1
air-cover/internal/spinitron/client.go:115.16,117.3 1 1
air-cover/internal/spinitron/client.go:119.2,119.20 1 1
air-cover/internal/spinitron/client.go:119.20,121.3 1 1
air-cover/internal/spinitron/client.go:123.2,124.16 2 1
air-cover/internal/spinitron/client.go:124.16,126.3 1 1
air-cover/internal/spinitron/client.go:127.2,130.16 3 1
air-cover/internal/spinitron/client.go:130.16,132.3 1 1
air-cover/internal/spinitron/client.go:134.2,134.86 1 1
air-cover/internal/spinitron/client.go:134.86,136.3 1 1
air-cover/internal/spinitron/client.go:138.2,138.31 1 1
air-cover/internal/spinitron/client.go:141.74,143.55 2 1
air-cover/internal/spinitron/client.go:143.55,145.3 1 1
air-cover/internal/spinitron/client.go:147.2,148.9 2 1
air-cover/internal/spinitron/client.go:148.9,150.3 1 1
air-cover/internal/spinitron/client.go:151.2,151.24 1 1
air-cover/internal/spinitron/client.go:151.24,153.3 1 1
air-cover/internal/spinitron/client.go:155.2,156.60 2 1
air-cover/internal/spinitron/client.go:156.60,158.3 1 1
air-cover/internal/spinitron/client.go:160.2,161.32 2 1
air-cover/internal/spinitron/client.go:161.32,163.15 2 1
air-cover/internal/spinitron/client.go:163.15,164.12 1 1
air-cover/internal/spinitron/client.go:167.3,171.5 2 1
air-cover/internal/spinitron/client.go:174.2,177.8 1 1
air-cover/internal/spinitron/client.go:180.80,182.55 2 1
air-cover/internal/spinitron/client.go:182.55,184.3 1 1
air-cover/internal/spinitron/client.go:186.2,187.9 2 1
air-cover/internal/spinitron/client.go:187.9,189.3 1 1
air-cover/internal/spinitron/client.go:190.2,190.24 1 1
air-cover/internal/spinitron/client.go:190.24,192.3 1 1
air-cover/internal/spinitron/client.go:194.2,195.60 2 1
air-cover/internal/spinitron/client.go:195.60,197.3 1 1
air-cover/internal/spinitron/client.go:199.2,200.32 2 1
air-cover/internal/spinitron/client.go:200.32,202.18 2 1
air-cover/internal/spinitron/client.go:202.18,203.12 1 1
air-cover/internal/spinitron/client.go:205.3,206.17 2 1
air-cover/internal/spinitron/client.go:206.17,207.12 1 1
air-cover/internal/spinitron/client.go:210.3,213.40 3 1
air-cover/internal/spinitron/client.go:213.40,214.38 1 1
air-cover/internal/spinitron/client.go:214.38,216.5 1 1
air-cover/internal/spinitron/client.go:219.3,223.5 1 1
air-cover/internal/spinitron/client.go:226.2,229.8 1 1
air-cover/internal/spinitron/client.go:232.42,233.29 1 1
air-cover/internal/spinitron/client.go:234.14,235.15 1 1
air-cover/internal/spinitron/client.go:236.15,237.34 1 1
air-cover/internal/spinitron/client.go:238.19,239.24 1 1
air-cover/internal/spinitron/client.go:240.10,241.12 1 1
air-cover/internal/spinitron/client.go:245.57,246.64 1 1
air-cover/internal/spinitron/client.go:246.64,247.31 1 1
air-cover/internal/spinitron/client.go:247.31,248.52 1 1
air-cover/internal/spinitron/client.go:248.52,250.5 1 1
air-cover/internal/spinitron/client.go:254.2,254.45 1 1
air-cover/internal/spinitron/client.go:254.45,256.3 1 1
air-cover/internal/spinitron/client.go:257.2,257.23 1 1
air-cover/internal/spinitron/client.go:260.81,261.52 1 1
air-cover/internal/spinitron/client.go:261.52,262.34 1 1
air-cover/internal/spinitron/client.go:262.34,263.52 1 1
air-cover/internal/spinitron/client.go:263.52,265.5 1 1
air-cover/internal/spinitron/client.go:269.2,269.50 1 1
air-cover/internal/spinitron/client.go:269.50,270.34 1 1
air-cover/internal/spinitron/client.go:270.34,271.52 1 1
air-cover/internal/spinitron/client.go:271.52,273.5 1 1
air-cover/internal/spinitron/client.go:277.2,277.40 1 1
air-cover/internal/spinitron/client.go:277.40,278.58 1 1
air-cover/internal/spinitron/client.go:278.58,280.4 1 1
air-cover/internal/spinitron/client.go:283.2,283.57 1 1
air-cover/internal/spinitron/client.go:286.54,288.51 2 1
air-cover/internal/spinitron/client.go:288.51,290.3 1 1
air-cover/internal/spinitron/client.go:292.2,292.52 1 1
air-cover/internal/spinitron/client.go:292.52,293.33 1 1
air-cover/internal/spinitron/client.go:293.33,294.54 1 1
air-cover/internal/spinitron/client.go:294.54,296.5 1 1
air-cover/internal/spinitron/client.go:300.2,300.12 1 1
air-cover/internal/spinitron/client.go:303.51,305.54 2 1
air-cover/internal/spinitron/client.go:305.54,307.3 1 1
air-cover/internal/spinitron/client.go:308.2,308.33 1 1
air-cover/internal/spinitron/client.go:311.46,312.27 1 1
air-cover/internal/spinitron/client.go:313.11,314.13 1 1
air-cover/internal/spinitron/client.go:315.15,317.15 2 1
air-cover/internal/spinitron/client.go:317.15,319.4 1 1
air-cover/internal/spinitron/client.go:320.14,321.41 1 1
air-cover/internal/spinitron/client.go:321.41,323.4 1 1
air-cover/internal/spinitron/client.go:324.30,325.32 1 1
air-cover/internal/spinitron/client.go:325.32,326.50 1 1
air-cover/internal/spinitron/client.go:326.50,328.5 1 1
air-cover/internal/spinitron/client.go:330.3,330.68 1 1
air-cover/internal/spinitron/client.go:330.68,331.31 1 1
air-cover/internal/spinitron/client.go:331.31,332.52 1 1
air-cover/internal/spinitron/client.go:332.52,334.6 1 1
air-cover/internal/spinitron/client.go:337.21,338.26 1 1
air-cover/internal/spinitron/client.go:338.26,339.50 1 1
air-cover/internal/spinitron/client.go:339.50,341.5 1 1
air-cover/internal/spinitron/client.go:345.2,345.12 1 1
air-cover/internal/spinitron/client.go:348.46,350.15 2 1
air-cover/internal/spinitron/client.go:350.15,352.3 1 1
air-cover/internal/spinitron/client.go:354.2,354.60 1 1
air-cover/internal/spinitron/client.go:354.60,356.3 1 1
air-cover/internal/spinitron/client.go:358.2,359.16 2 1
air-cover/internal/spinitron/client.go:359.16,361.3 1 1
air-cover/internal/spinitron/client.go:362.2,363.19 2 1
air-cover/internal/spinitron/client.go:363.19,365.3 1 1
air-cover/internal/spinitron/client.go:366.2,367.29 2 1
air-cover/internal/spinitron/client.go:367.29,369.3 1 1
air-cover/internal/spinitron/client.go:370.2,370.19 1 1
air-cover/internal/spinitron/client.go:373.58,374.22 1 1
air-cover/internal/spinitron/client.go:374.22,376.3 1 1
air-cover/internal/spinitron/client.go:378.2,379.29 2 1
air-cover/internal/spinitron/client.go:379.29,381.47 2 1
air-cover/internal/spinitron/client.go:381.47,382.12 1 1
air-cover/internal/spinitron/client.go:384.3,386.34 3 1
air-cover/internal/spinitron/client.go:386.34,387.12 1 1
air-cover/internal/spinitron/client.go:390.3,390.62 1 1
air-cover/internal/spinitron/client.go:390.62,392.4 1 1
air-cover/internal/spinitron/client.go:395.2,395.12 1 1
air-cover/internal/spinitron/client.go:53.48,55.19 2 1
air-cover/internal/spinitron/client.go:55.19,57.3 1 1
air-cover/internal/spinitron/client.go:59.2,64.3 1 1
air-cover/internal/spinitron/client.go:67.81,68.14 1 1
air-cover/internal/spinitron/client.go:68.14,70.3 1 1
air-cover/internal/spinitron/client.go:72.2,76.22 5 1
air-cover/internal/spinitron/client.go:76.22,78.3 1 1
air-cover/internal/spinitron/client.go:79.2,82.16 3 1
air-cover/internal/spinitron/client.go:82.16,84.3 1 1
air-cover/internal/spinitron/client.go:86.2,86.38 1 1
air-cover/internal/spinitron/client.go:89.87,90.14 1 1
air-cover/internal/spinitron/client.go:90.14,92.3 1 1
air-cover/internal/spinitron/client.go:94.2,99.16 5 1
air-cover/internal/spinitron/client.go:99.16,101.3 1 1
air-cover/internal/ui/admin_templ.go:100.35,102.7 1 0
air-cover/internal/ui/admin_templ.go:103.6,105.35 3 1
air-cover/internal/ui/admin_templ.go:105.35,107.7 1 0
air-cover/internal/ui/admin_templ.go:108.6,109.35 2 1
air-cover/internal/ui/admin_templ.go:109.35,111.7 1 0
air-cover/internal/ui/admin_templ.go:112.6,113.35 2 1
air-cover/internal/ui/admin_templ.go:113.35,115.7 1 0
air-cover/internal/ui/admin_templ.go:116.6,118.35 3 1
air-cover/internal/ui/admin_templ.go:118.35,120.7 1 0
air-cover/internal/ui/admin_templ.go:121.6,122.35 2 1
air-cover/internal/ui/admin_templ.go:122.35,124.7 1 0
air-cover/internal/ui/admin_templ.go:125.6,126.35 2 1
air-cover/internal/ui/admin_templ.go:126.35,128.7 1 0
air-cover/internal/ui/admin_templ.go:129.24,132.36 3 1
air-cover/internal/ui/admin_templ.go:129.6,129.24 1 1
air-cover/internal/ui/admin_templ.go:13.60,14.131 1 1
air-cover/internal/ui/admin_templ.go:132.36,134.8 1 0
air-cover/internal/ui/admin_templ.go:135.7,136.36 2 1
air-cover/internal/ui/admin_templ.go:136.36,138.8 1 0
air-cover/internal/ui/admin_templ.go:139.7,141.36 3 1
air-cover/internal/ui/admin_templ.go:14.131,16.71 2 1
air-cover/internal/ui/admin_templ.go:141.36,143.8 1 0
air-cover/internal/ui/admin_templ.go:144.7,145.36 2 1
air-cover/internal/ui/admin_templ.go:145.36,147.8 1 0
air-cover/internal/ui/admin_templ.go:148.7,149.36 2 1
air-cover/internal/ui/admin_templ.go:149.36,151.8 1 0
air-cover/internal/ui/admin_templ.go:152.7,154.36 3 1
air-cover/internal/ui/admin_templ.go:154.36,156.8 1 0
air-cover/internal/ui/admin_templ.go:157.7,158.36 2 1
air-cover/internal/ui/admin_templ.go:158.36,160.8 1 0
air-cover/internal/ui/admin_templ.go:16.71,18.4 1 0
air-cover/internal/ui/admin_templ.go:161.7,162.36 2 1
air-cover/internal/ui/admin_templ.go:162.36,164.8 1 0
air-cover/internal/ui/admin_templ.go:166.6,167.35 2 1
air-cover/internal/ui/admin_templ.go:167.35,169.7 1 0
air-cover/internal/ui/admin_templ.go:170.28,172.36 2 1
air-cover/internal/ui/admin_templ.go:170.6,170.28 1 1
air-cover/internal/ui/admin_templ.go:172.36,174.8 1 0
air-cover/internal/ui/admin_templ.go:175.7,177.36 3 1
air-cover/internal/ui/admin_templ.go:177.36,179.8 1 0
air-cover/internal/ui/admin_templ.go:180.7,181.36 2 1
air-cover/internal/ui/admin_templ.go:181.36,183.8 1 0
air-cover/internal/ui/admin_templ.go:184.7,185.36 2 1
air-cover/internal/ui/admin_templ.go:185.36,187.8 1 0
air-cover/internal/ui/admin_templ.go:188.7,190.36 3 1
air-cover/internal/ui/admin_templ.go:19.3,20.31 2 1
air-cover/internal/ui/admin_templ.go:190.36,192.8 1 0
air-cover/internal/ui/admin_templ.go:193.7,194.36 2 1
air-cover/internal/ui/admin_templ.go:194.36,196.8 1 0
air-cover/internal/ui/admin_templ.go:197.7,198.36 2 1
air-cover/internal/ui/admin_templ.go:198.36,200.8 1 0
air-cover/internal/ui/admin_templ.go:20.31,21.17 1 1
air-cover/internal/ui/admin_templ.go:201.7,203.36 3 1
air-cover/internal/ui/admin_templ.go:203.36,205.8 1 0
air-cover/internal/ui/admin_templ.go:206.7,207.36 2 1
air-cover/internal/ui/admin_templ.go:207.36,209.8 1 0
air-cover/internal/ui/admin_templ.go:21.17,23.34 2 1
air-cover/internal/ui/admin_templ.go:210.7,212.36 3 1
air-cover/internal/ui/admin_templ.go:212.36,214.8 1 0
air-cover/internal/ui/admin_templ.go:215.7,216.36 2 1
air-cover/internal/ui/admin_templ.go:216.36,218.8 1 0
air-cover/internal/ui/admin_templ.go:219.7,220.36 2 1
air-cover/internal/ui/admin_templ.go:220.36,222.8 1 0
air-cover/internal/ui/admin_templ.go:223.25,225.37 2 1
air-cover/internal/ui/admin_templ.go:223.7,223.25 1 1
air-cover/internal/ui/admin_templ.go:225.37,227.9 1 0
air-cover/internal/ui/admin_templ.go:228.13,230.37 2 1
air-cover/internal/ui/admin_templ.go:23.34,25.6 1 1
air-cover/internal/ui/admin_templ.go:230.37,232.9 1 0
air-cover/internal/ui/admin_templ.go:234.7,235.36 2 1
air-cover/internal/ui/admin_templ.go:235.36,237.8 1 0
air-cover/internal/ui/admin_templ.go:238.25,240.37 2 1
air-cover/internal/ui/admin_templ.go:238.7,238.25 1 1
air-cover/internal/ui/admin_templ.go:240.37,242.9 1 0
air-cover/internal/ui/admin_templ.go:243.8,245.37 3 1
air-cover/internal/ui/admin_templ.go:245.37,247.9 1 0
air-cover/internal/ui/admin_templ.go:248.8,249.37 2 1
air-cover/internal/ui/admin_templ.go:249.37,251.9 1 0
air-cover/internal/ui/admin_templ.go:252.8,253.37 2 1
air-cover/internal/ui/admin_templ.go:253.37,255.9 1 0
air-cover/internal/ui/admin_templ.go:256.32,258.38 2 0
air-cover/internal/ui/admin_templ.go:256.8,256.32 1 1
air-cover/internal/ui/admin_templ.go:258.38,260.10 1 0
air-cover/internal/ui/admin_templ.go:261.14,263.38 2 1
air-cover/internal/ui/admin_templ.go:263.38,265.10 1 0
air-cover/internal/ui/admin_templ.go:267.8,268.37 2 1
air-cover/internal/ui/admin_templ.go:268.37,270.9 1 0
air-cover/internal/ui/admin_templ.go:271.32,274.38 3 0
air-cover/internal/ui/admin_templ.go:271.8,271.32 1 1
air-cover/internal/ui/admin_templ.go:274.38,276.10 1 0
air-cover/internal/ui/admin_templ.go:277.9,278.38 2 0
air-cover/internal/ui/admin_templ.go:278.38,280.10 1 0
air-cover/internal/ui/admin_templ.go:28.3,30.33 3 1
air-cover/internal/ui/admin_templ.go:281.14,284.38 3 1
air-cover/internal/ui/admin_templ.go:284.38,286.10 1 0
air-cover/internal/ui/admin_templ.go:287.9,288.38 2 1
air-cover/internal/ui/admin_templ.go:288.38,290.10 1 0
air-cover/internal/ui/admin_templ.go:292.8,293.37 2 1
air-cover/internal/ui/admin_templ.go:293.37,295.9 1 0
air-cover/internal/ui/admin_templ.go:298.6,299.35 2 1
air-cover/internal/ui/admin_templ.go:299.35,301.7 1 0
air-cover/internal/ui/admin_templ.go:30.33,32.4 1 0
air-cover/internal/ui/admin_templ.go:303.5,304.34 2 1
air-cover/internal/ui/admin_templ.go:304.34,306.6 1 0
air-cover/internal/ui/admin_templ.go:308.4,309.33 2 1
air-cover/internal/ui/admin_templ.go:309.33,311.5 1 0
air-cover/internal/ui/admin_templ.go:312.4,312.14 1 1
air-cover/internal/ui/admin_templ.go:314.3,315.32 2 1
air-cover/internal/ui/admin_templ.go:315.32,317.4 1 0
air-cover/internal/ui/admin_templ.go:318.3,318.13 1 1
air-cover/internal/ui/admin_templ.go:33.3,34.148 2 1
air-cover/internal/ui/admin_templ.go:34.148,37.32 3 1
air-cover/internal/ui/admin_templ.go:37.32,38.18 1 0
air-cover/internal/ui/admin_templ.go:38.18,40.35 2 0
air-cover/internal/ui/admin_templ.go:40.35,42.7 1 0
air-cover/internal/ui/admin_templ.go:45.4,47.33 3 1
air-cover/internal/ui/admin_templ.go:47.33,49.5 1 0
air-cover/internal/ui/admin_templ.go:50.4,51.33 2 1
air-cover/internal/ui/admin_templ.go:51.33,53.5 1 0
air-cover/internal/ui/admin_templ.go:54.4,55.33 2 1
air-cover/internal/ui/admin_templ.go:55.33,57.5 1 0
air-cover/internal/ui/admin_templ.go:58.4,59.33 2 1
air-cover/internal/ui/admin_templ.go:59.33,61.5 1 0
air-cover/internal/ui/admin_templ.go:62.149,65.33 3 1
air-cover/internal/ui/admin_templ.go:62.4,62.149 1 1
air-cover/internal/ui/admin_templ.go:65.33,66.19 1 0
air-cover/internal/ui/admin_templ.go:66.19,68.36 2 0
air-cover/internal/ui/admin_templ.go:68.36,70.8 1 0
air-cover/internal/ui/admin_templ.go:73.5,75.34 3 1
air-cover/internal/ui/admin_templ.go:75.34,77.6 1 0
air-cover/internal/ui/admin_templ.go:78.5,78.15 1 1
air-cover/internal/ui/admin_templ.go:80.4,81.33 2 1
air-cover/internal/ui/admin_templ.go:81.33,83.5 1 0
air-cover/internal/ui/admin_templ.go:84.4,85.33 2 1
air-cover/internal/ui/admin_templ.go:85.33,87.5 1 0
air-cover/internal/ui/admin_templ.go:88.23,90.34 2 1
air-cover/internal/ui/admin_templ.go:88.4,88.23 1 1
air-cover/internal/ui/admin_templ.go:90.34,92.6 1 0
air-cover/internal/ui/admin_templ.go:93.10,95.34 2 1
air-cover/internal/ui/admin_templ.go:95.34,97.6 1 0
air-cover/internal/ui/admin_templ.go:98.32,100.35 2 1
air-cover/internal/ui/admin_templ.go:98.5,98.32 1 1
air-cover/internal/ui/authenticated_templ.go:101.23,103.34 2 1
air-cover/internal/ui/authenticated_templ.go:101.4,101.23 1 1
air-cover/internal/ui/authenticated_templ.go:103.34,105.6 1 0
air-cover/internal/ui/authenticated_templ.go:106.10,108.34 2 1
air-cover/internal/ui/authenticated_templ.go:108.34,110.6 1 0
air-cover/internal/ui/authenticated_templ.go:111.32,113.35 2 1
air-cover/internal/ui/authenticated_templ.go:111.5,111.32 1 1
air-cover/internal/ui/authenticated_templ.go:113.35,115.7 1 0
air-cover/internal/ui/authenticated_templ.go:116.6,118.35 3 1
air-cover/internal/ui/authenticated_templ.go:118.35,120.7 1 0
air-cover/internal/ui/authenticated_templ.go:121.6,122.35 2 1
air-cover/internal/ui/authenticated_templ.go:122.35,124.7 1 0
air-cover/internal/ui/authenticated_templ.go:125.6,126.35 2 1
air-cover/internal/ui/authenticated_templ.go:126.35,128.7 1 0
air-cover/internal/ui/authenticated_templ.go:129.26,132.36 3 1
air-cover/internal/ui/authenticated_templ.go:129.6,129.26 1 1
air-cover/internal/ui/authenticated_templ.go:132.36,134.8 1 0
air-cover/internal/ui/authenticated_templ.go:135.7,136.36 2 1
air-cover/internal/ui/authenticated_templ.go:136.36,138.8 1 0
air-cover/internal/ui/authenticated_templ.go:139.12,142.36 3 1
air-cover/internal/ui/authenticated_templ.go:142.36,144.8 1 0
air-cover/internal/ui/authenticated_templ.go:145.7,146.36 2 1
air-cover/internal/ui/authenticated_templ.go:146.36,148.8 1 0
air-cover/internal/ui/authenticated_templ.go:150.6,151.35 2 1
air-cover/internal/ui/authenticated_templ.go:151.35,153.7 1 0
air-cover/internal/ui/authenticated_templ.go:156.4,157.33 2 1
air-cover/internal/ui/authenticated_templ.go:157.33,159.5 1 0
air-cover/internal/ui/authenticated_templ.go:16.138,17.131 1 1
air-cover/internal/ui/authenticated_templ.go:160.4,162.33 3 1
air-cover/internal/ui/authenticated_templ.go:162.33,164.5 1 0
air-cover/internal/ui/authenticated_templ.go:165.4,166.33 2 1
air-cover/internal/ui/authenticated_templ.go:166.33,168.5 1 0
air-cover/internal/ui/authenticated_templ.go:169.4,170.33 2 1
air-cover/internal/ui/authenticated_templ.go:17.131,19.71 2 1
air-cover/internal/ui/authenticated_templ.go:170.33,172.5 1 0
air-cover/internal/ui/authenticated_templ.go:173.26,175.34 2 1
air-cover/internal/ui/authenticated_templ.go:173.4,173.26 1 1
air-cover/internal/ui/authenticated_templ.go:175.34,177.6 1 0
air-cover/internal/ui/authenticated_templ.go:178.10,180.34 2 1
air-cover/internal/ui/authenticated_templ.go:180.34,182.6 1 0
air-cover/internal/ui/authenticated_templ.go:184.4,185.33 2 1
air-cover/internal/ui/authenticated_templ.go:185.33,187.5 1 0
air-cover/internal/ui/authenticated_templ.go:188.21,190.34 2 1
air-cover/internal/ui/authenticated_templ.go:188.4,188.21 1 1
air-cover/internal/ui/authenticated_templ.go:19.71,21.4 1 0
air-cover/internal/ui/authenticated_templ.go:190.34,192.6 1 0
air-cover/internal/ui/authenticated_templ.go:193.5,194.34 2 1
air-cover/internal/ui/authenticated_templ.go:194.34,196.6 1 0
air-cover/internal/ui/authenticated_templ.go:197.5,198.34 2 1
air-cover/internal/ui/authenticated_templ.go:198.34,200.6 1 0
air-cover/internal/ui/authenticated_templ.go:202.4,203.33 2 1
air-cover/internal/ui/authenticated_templ.go:203.33,205.5 1 0
air-cover/internal/ui/authenticated_templ.go:206.4,206.14 1 1
air-cover/internal/ui/authenticated_templ.go:208.3,209.32 2 1
air-cover/internal/ui/authenticated_templ.go:209.32,211.4 1 0
air-cover/internal/ui/authenticated_templ.go:212.3,212.13 1 1
air-cover/internal/ui/authenticated_templ.go:216.68,217.131 1 1
air-cover/internal/ui/authenticated_templ.go:217.131,219.71 2 1
air-cover/internal/ui/authenticated_templ.go:219.71,221.4 1 0
air-cover/internal/ui/authenticated_templ.go:22.3,23.31 2 1
air-cover/internal/ui/authenticated_templ.go:222.3,223.31 2 1
air-cover/internal/ui/authenticated_templ.go:223.31,224.17 1 1
air-cover/internal/ui/authenticated_templ.go:224.17,226.34 2 1
air-cover/internal/ui/authenticated_templ.go:226.34,228.6 1 1
air-cover/internal/ui/authenticated_templ.go:23.31,24.17 1 1
air-cover/internal/ui/authenticated_templ.go:231.3,233.33 3 1
air-cover/internal/ui/authenticated_templ.go:233.33,235.4 1 0
air-cover/internal/ui/authenticated_templ.go:236.3,238.32 3 1
air-cover/internal/ui/authenticated_templ.go:238.32,240.4 1 0
air-cover/internal/ui/authenticated_templ.go:24.17,26.34 2 1
air-cover/internal/ui/authenticated_templ.go:241.3,241.35 1 1
air-cover/internal/ui/authenticated_templ.go:241.35,243.33 2 1
air-cover/internal/ui/authenticated_templ.go:243.33,245.5 1 0
air-cover/internal/ui/authenticated_templ.go:246.4,248.33 3 1
air-cover/internal/ui/authenticated_templ.go:248.33,250.5 1 0
air-cover/internal/ui/authenticated_templ.go:251.4,252.33 2 1
air-cover/internal/ui/authenticated_templ.go:252.33,254.5 1 0
air-cover/internal/ui/authenticated_templ.go:255.4,257.33 3 1
air-cover/internal/ui/authenticated_templ.go:257.33,259.5 1 0
air-cover/internal/ui/authenticated_templ.go:26.34,28.6 1 1
air-cover/internal/ui/authenticated_templ.go:260.4,261.33 2 1
air-cover/internal/ui/authenticated_templ.go:261.33,263.5 1 0
air-cover/internal/ui/authenticated_templ.go:264.4,265.33 2 1
air-cover/internal/ui/authenticated_templ.go:265.33,267.5 1 0
air-cover/internal/ui/authenticated_templ.go:268.4,270.33 3 1
air-cover/internal/ui/authenticated_templ.go:270.33,272.5 1 0
air-cover/internal/ui/authenticated_templ.go:273.4,274.33 2 1
air-cover/internal/ui/authenticated_templ.go:274.33,276.5 1 0
air-cover/internal/ui/authenticated_templ.go:277.4,278.33 2 1
air-cover/internal/ui/authenticated_templ.go:278.33,280.5 1 0
air-cover/internal/ui/authenticated_templ.go:281.4,283.33 3 1
air-cover/internal/ui/authenticated_templ.go:283.33,285.5 1 0
air-cover/internal/ui/authenticated_templ.go:286.4,287.33 2 1
air-cover/internal/ui/authenticated_templ.go:287.33,289.5 1 0
air-cover/internal/ui/authenticated_templ.go:290.4,291.33 2 1
air-cover/internal/ui/authenticated_templ.go:291.33,293.5 1 0
air-cover/internal/ui/authenticated_templ.go:294.4,296.33 3 1
air-cover/internal/ui/authenticated_templ.go:296.33,298.5 1 0
air-cover/internal/ui/authenticated_templ.go:299.4,300.33 2 1
air-cover/internal/ui/authenticated_templ.go:300.33,302.5 1 0
air-cover/internal/ui/authenticated_templ.go:303.4,304.33 2 1
air-cover/internal/ui/authenticated_templ.go:304.33,306.5 1 0
air-cover/internal/ui/authenticated_templ.go:307.4,309.33 3 1
air-cover/internal/ui/authenticated_templ.go:309.33,311.5 1 0
air-cover/internal/ui/authenticated_templ.go:31.3,33.33 3 1
air-cover/internal/ui/authenticated_templ.go:312.4,313.33 2 1
air-cover/internal/ui/authenticated_templ.go:313.33,315.5 1 0
air-cover/internal/ui/authenticated_templ.go:316.4,317.33 2 1
air-cover/internal/ui/authenticated_templ.go:317.33,319.5 1 0
air-cover/internal/ui/authenticated_templ.go:320.21,323.34 2 1
air-cover/internal/ui/authenticated_templ.go:320.4,320.21 1 1
air-cover/internal/ui/authenticated_templ.go:323.34,325.6 1 0
air-cover/internal/ui/authenticated_templ.go:326.5,327.34 2 1
air-cover/internal/ui/authenticated_templ.go:327.34,329.6 1 0
air-cover/internal/ui/authenticated_templ.go:33.33,35.4 1 0
air-cover/internal/ui/authenticated_templ.go:330.5,333.34 3 1
air-cover/internal/ui/authenticated_templ.go:333.34,335.6 1 0
air-cover/internal/ui/authenticated_templ.go:336.5,337.34 2 1
air-cover/internal/ui/authenticated_templ.go:337.34,339.6 1 0
air-cover/internal/ui/authenticated_templ.go:341.19,345.34 2 1
air-cover/internal/ui/authenticated_templ.go:341.4,341.19 1 1
air-cover/internal/ui/authenticated_templ.go:345.34,347.6 1 0
air-cover/internal/ui/authenticated_templ.go:348.5,349.34 2 1
air-cover/internal/ui/authenticated_templ.go:349.34,351.6 1 0
air-cover/internal/ui/authenticated_templ.go:352.5,356.34 3 1
air-cover/internal/ui/authenticated_templ.go:356.34,358.6 1 0
air-cover/internal/ui/authenticated_templ.go:359.5,360.34 2 1
air-cover/internal/ui/authenticated_templ.go:36.3,37.148 2 1
air-cover/internal/ui/authenticated_templ.go:360.34,362.6 1 0
air-cover/internal/ui/authenticated_templ.go:364.21,368.34 2 1
air-cover/internal/ui/authenticated_templ.go:364.4,364.21 1 1
air-cover/internal/ui/authenticated_templ.go:368.34,370.6 1 0
air-cover/internal/ui/authenticated_templ.go:37.148,40.32 3 1
air-cover/internal/ui/authenticated_templ.go:371.5,372.34 2 1
air-cover/internal/ui/authenticated_templ.go:372.34,374.6 1 0
air-cover/internal/ui/authenticated_templ.go:375.5,379.34 3 1
air-cover/internal/ui/authenticated_templ.go:379.34,381.6 1 0
air-cover/internal/ui/authenticated_templ.go:382.5,383.34 2 1
air-cover/internal/ui/authenticated_templ.go:383.34,385.6 1 0
air-cover/internal/ui/authenticated_templ.go:387.4,388.33 2 1
air-cover/internal/ui/authenticated_templ.go:388.33,390.5 1 0
air-cover/internal/ui/authenticated_templ.go:391.4,393.33 3 1
air-cover/internal/ui/authenticated_templ.go:393.33,395.5 1 0
air-cover/internal/ui/authenticated_templ.go:396.4,397.33 2 1
air-cover/internal/ui/authenticated_templ.go:397.33,399.5 1 0
air-cover/internal/ui/authenticated_templ.go:40.32,41.18 1 0
air-cover/internal/ui/authenticated_templ.go:400.4,402.33 3 1
air-cover/internal/ui/authenticated_templ.go:402.33,404.5 1 0
air-cover/internal/ui/authenticated_templ.go:405.4,406.33 2 1
air-cover/internal/ui/authenticated_templ.go:406.33,408.5 1 0
air-cover/internal/ui/authenticated_templ.go:409.4,410.33 2 1
air-cover/internal/ui/authenticated_templ.go:41.18,43.35 2 0
air-cover/internal/ui/authenticated_templ.go:410.33,412.5 1 0
air-cover/internal/ui/authenticated_templ.go:413.4,415.33 3 1
air-cover/internal/ui/authenticated_templ.go:415.33,417.5 1 0
air-cover/internal/ui/authenticated_templ.go:418.4,419.33 2 1
air-cover/internal/ui/authenticated_templ.go:419.33,421.5 1 0
air-cover/internal/ui/authenticated_templ.go:422.4,423.33 2 1
air-cover/internal/ui/authenticated_templ.go:423.33,425.5 1 0
air-cover/internal/ui/authenticated_templ.go:426.28,429.34 3 1
air-cover/internal/ui/authenticated_templ.go:426.4,426.28 1 1
air-cover/internal/ui/authenticated_templ.go:429.34,431.6 1 0
air-cover/internal/ui/authenticated_templ.go:43.35,45.7 1 0
air-cover/internal/ui/authenticated_templ.go:432.5,433.34 2 1
air-cover/internal/ui/authenticated_templ.go:433.34,435.6 1 0
air-cover/internal/ui/authenticated_templ.go:436.10,438.34 2 1
air-cover/internal/ui/authenticated_templ.go:438.34,440.6 1 0
air-cover/internal/ui/authenticated_templ.go:442.4,443.33 2 1
air-cover/internal/ui/authenticated_templ.go:443.33,445.5 1 0
air-cover/internal/ui/authenticated_templ.go:447.3,448.32 2 1
air-cover/internal/ui/authenticated_templ.go:448.32,450.4 1 0
air-cover/internal/ui/authenticated_templ.go:451.3,451.13 1 1
air-cover/internal/ui/authenticated_templ.go:48.4,50.33 3 1
air-cover/internal/ui/authenticated_templ.go:50.33,52.5 1 0
air-cover/internal/ui/authenticated_templ.go:53.4,54.33 2 1
air-cover/internal/ui/authenticated_templ.go:54.33,56.5 1 0
air-cover/internal/ui/authenticated_templ.go:57.4,58.33 2 1
air-cover/internal/ui/authenticated_templ.go:58.33,60.5 1 0
air-cover/internal/ui/authenticated_templ.go:61.4,62.33 2 1
air-cover/internal/ui/authenticated_templ.go:62.33,64.5 1 0
air-cover/internal/ui/authenticated_templ.go:65.149,68.33 3 1
air-cover/internal/ui/authenticated_templ.go:65.4,65.149 1 1
air-cover/internal/ui/authenticated_templ.go:68.33,69.19 1 0
air-cover/internal/ui/authenticated_templ.go:69.19,71.36 2 0
air-cover/internal/ui/authenticated_templ.go:71.36,73.8 1 0
air-cover/internal/ui/authenticated_templ.go:76.5,77.16 2 1
air-cover/internal/ui/authenticated_templ.go:77.16,79.35 2 1
air-cover/internal/ui/authenticated_templ.go:79.35,81.7 1 0
air-cover/internal/ui/authenticated_templ.go:83.5,84.34 2 1
air-cover/internal/ui/authenticated_templ.go:84.34,86.6 1 0
air-cover/internal/ui/authenticated_templ.go:87.5,88.34 2 1
air-cover/internal/ui/authenticated_templ.go:88.34,90.6 1 0
air-cover/internal/ui/authenticated_templ.go:91.5,91.15 1 1
air-cover/internal/ui/authenticated_templ.go:93.4,94.33 2 1
air-cover/internal/ui/authenticated_templ.go:94.33,96.5 1 0
air-cover/internal/ui/authenticated_templ.go:97.4,98.33 2 1
air-cover/internal/ui/authenticated_templ.go:98.33,100.5 1 0
air-cover/internal/ui/layout_templ.go:100.32,102.4 1 0
air-cover/internal/ui/layout_templ.go:103.3,104.32 2 1
air-cover/internal/ui/layout_templ.go:104.32,106.4 1 0
air-cover/internal/ui/layout_templ.go:107.3,107.13 1 1
air-cover/internal/ui/layout_templ.go:11.43,12.131 1 1
air-cover/internal/ui/layout_templ.go:111.45,112.131 1 1
air-cover/internal/ui/layout_templ.go:112.131,114.71 2 1
air-cover/internal/ui/layout_templ.go:114.71,116.4 1 0
air-cover/internal/ui/layout_templ.go:117.3,118.31 2 1
air-cover/internal/ui/layout_templ.go:118.31,119.17 1 1
air-cover/internal/ui/layout_templ.go:119.17,121.34 2 1
air-cover/internal/ui/layout_templ.go:12.131,14.71 2 1
air-cover/internal/ui/layout_templ.go:121.34,123.6 1 1
air-cover/internal/ui/layout_templ.go:126.3,128.33 3 1
air-cover/internal/ui/layout_templ.go:128.33,130.4 1 0
air-cover/internal/ui/layout_templ.go:131.3,133.32 3 1
air-cover/internal/ui/layout_templ.go:133.32,135.4 1 0
air-cover/internal/ui/layout_templ.go:136.3,138.32 3 1
air-cover/internal/ui/layout_templ.go:138.32,140.4 1 0
air-cover/internal/ui/layout_templ.go:14.71,16.4 1 0
air-cover/internal/ui/layout_templ.go:141.3,142.32 2 1
air-cover/internal/ui/layout_templ.go:142.32,144.4 1 0
air-cover/internal/ui/layout_templ.go:145.3,146.32 2 1
air-cover/internal/ui/layout_templ.go:146.32,148.4 1 0
air-cover/internal/ui/layout_templ.go:149.3,149.13 1 1
air-cover/internal/ui/layout_templ.go:153.35,154.131 1 1
air-cover/internal/ui/layout_templ.go:154.131,156.71 2 1
air-cover/internal/ui/layout_templ.go:156.71,158.4 1 0
air-cover/internal/ui/layout_templ.go:159.3,160.31 2 1
air-cover/internal/ui/layout_templ.go:160.31,161.17 1 1
air-cover/internal/ui/layout_templ.go:161.17,163.34 2 1
air-cover/internal/ui/layout_templ.go:163.34,165.6 1 1
air-cover/internal/ui/layout_templ.go:168.3,170.33 3 1
air-cover/internal/ui/layout_templ.go:17.3,18.31 2 1
air-cover/internal/ui/layout_templ.go:170.33,172.4 1 0
air-cover/internal/ui/layout_templ.go:173.3,175.32 3 1
air-cover/internal/ui/layout_templ.go:175.32,177.4 1 0
air-cover/internal/ui/layout_templ.go:178.3,178.13 1 1
air-cover/internal/ui/layout_templ.go:18.31,19.17 1 1
air-cover/internal/ui/layout_templ.go:182.36,183.131 1 1
air-cover/internal/ui/layout_templ.go:183.131,185.71 2 1
air-cover/internal/ui/layout_templ.go:185.71,187.4 1 0
air-cover/internal/ui/layout_templ.go:188.3,189.31 2 1
air-cover/internal/ui/layout_templ.go:189.31,190.17 1 1
air-cover/internal/ui/layout_templ.go:19.17,21.34 2 1
air-cover/internal/ui/layout_templ.go:190.17,192.34 2 1
air-cover/internal/ui/layout_templ.go:192.34,194.6 1 1
air-cover/internal/ui/layout_templ.go:197.3,199.33 3 1
air-cover/internal/ui/layout_templ.go:199.33,201.4 1 0
air-cover/internal/ui/layout_templ.go:202.3,204.32 3 1
air-cover/internal/ui/layout_templ.go:204.32,206.4 1 0
air-cover/internal/ui/layout_templ.go:207.3,207.13 1 1
air-cover/internal/ui/layout_templ.go:21.34,23.6 1 1
air-cover/internal/ui/layout_templ.go:26.3,28.33 3 1
air-cover/internal/ui/layout_templ.go:28.33,30.4 1 0
air-cover/internal/ui/layout_templ.go:31.3,33.32 3 1
air-cover/internal/ui/layout_templ.go:33.32,35.4 1 0
air-cover/internal/ui/layout_templ.go:36.3,38.32 3 1
air-cover/internal/ui/layout_templ.go:38.32,40.4 1 0
air-cover/internal/ui/layout_templ.go:41.3,42.32 2 1
air-cover/internal/ui/layout_templ.go:42.32,44.4 1 0
air-cover/internal/ui/layout_templ.go:45.3,46.32 2 1
air-cover/internal/ui/layout_templ.go:46.32,48.4 1 0
air-cover/internal/ui/layout_templ.go:49.3,50.32 2 1
air-cover/internal/ui/layout_templ.go:50.32,52.4 1 0
air-cover/internal/ui/layout_templ.go:53.3,54.32 2 1
air-cover/internal/ui/layout_templ.go:54.32,56.4 1 0
air-cover/internal/ui/layout_templ.go:57.3,57.13 1 1
air-cover/internal/ui/layout_templ.go:61.47,62.131 1 1
air-cover/internal/ui/layout_templ.go:62.131,64.71 2 1
air-cover/internal/ui/layout_templ.go:64.71,66.4 1 0
air-cover/internal/ui/layout_templ.go:67.3,68.31 2 1
air-cover/internal/ui/layout_templ.go:68.31,69.17 1 1
air-cover/internal/ui/layout_templ.go:69.17,71.34 2 1
air-cover/internal/ui/layout_templ.go:71.34,73.6 1 1
air-cover/internal/ui/layout_templ.go:76.3,78.33 3 1
air-cover/internal/ui/layout_templ.go:78.33,80.4 1 0
air-cover/internal/ui/layout_templ.go:81.3,83.32 3 1
air-cover/internal/ui/layout_templ.go:83.32,85.4 1 0
air-cover/internal/ui/layout_templ.go:86.3,88.32 3 1
air-cover/internal/ui/layout_templ.go:88.32,90.4 1 0
air-cover/internal/ui/layout_templ.go:91.3,92.32 2 1
air-cover/internal/ui/layout_templ.go:92.32,94.4 1 0
air-cover/internal/ui/layout_templ.go:95.3,96.32 2 1
air-cover/internal/ui/layout_templ.go:96.32,98.4 1 0
air-cover/internal/ui/layout_templ.go:99.3,100.32 2 1
air-cover/internal/ui/unauthenticated_templ.go:11.54,12.131 1 1
air-cover/internal/ui/unauthenticated_templ.go:12.131,14.71 2 1
air-cover/internal/ui/unauthenticated_templ.go:14.71,16.4 1 0
air-cover/internal/ui/unauthenticated_templ.go:17.3,18.31 2 1
air-cover/internal/ui/unauthenticated_templ.go:18.31,19.17 1 1
air-cover/internal/ui/unauthenticated_templ.go:19.17,21.34 2 1
air-cover/internal/ui/unauthenticated_templ.go:21.34,23.6 1 1
air-cover/internal/ui/unauthenticated_templ.go:26.3,28.33 3 1
air-cover/internal/ui/unauthenticated_templ.go:28.33,30.4 1 0
air-cover/internal/ui/unauthenticated_templ.go:31.3,32.148 2 1
air-cover/internal/ui/unauthenticated_templ.go:32.148,35.32 3 1
air-cover/internal/ui/unauthenticated_templ.go:35.32,36.18 1 0
air-cover/internal/ui/unauthenticated_templ.go:36.18,38.35 2 0
air-cover/internal/ui/unauthenticated_templ.go:38.35,40.7 1 0
air-cover/internal/ui/unauthenticated_templ.go:43.4,45.33 3 1
air-cover/internal/ui/unauthenticated_templ.go:45.33,47.5 1 0
air-cover/internal/ui/unauthenticated_templ.go:48.17,50.34 2 1
air-cover/internal/ui/unauthenticated_templ.go:48.4,48.17 1 1
air-cover/internal/ui/unauthenticated_templ.go:50.34,52.6 1 0
air-cover/internal/ui/unauthenticated_templ.go:54.4,55.33 2 1
air-cover/internal/ui/unauthenticated_templ.go:55.33,57.5 1 0
air-cover/internal/ui/unauthenticated_templ.go:58.4,58.14 1 1
air-cover/internal/ui/unauthenticated_templ.go:60.3,61.32 2 1
air-cover/internal/ui/unauthenticated_templ.go:61.32,63.4 1 0
air-cover/internal/ui/unauthenticated_templ.go:64.3,64.13 1 1
